
Showing logs for build [32mentando-k8s-entando-k8s-dbjob-p-7qxc4-2[0m stage [32mfrom-build-pack[0m and container [32mstep-credential-initializer-vw6x4[0m
{"level":"warn","ts":1610525109.2060971,"logger":"fallback-logger","caller":"logging/config.go:69","msg":"Fetch GitHub commit ID from kodata failed: \"ref: refs/heads/0.8.0-**-support-backwards-incompats\" is not a valid GitHub commit ID"}
{"level":"info","ts":1610525109.213894,"logger":"fallback-logger","caller":"creds-init/main.go:40","msg":"Credentials initialized."}

Showing logs for build [32mentando-k8s-entando-k8s-dbjob-p-7qxc4-2[0m stage [32mfrom-build-pack[0m and container [32mstep-working-dir-initializer-kmm47[0m
{"level":"warn","ts":1610525112.040837,"logger":"fallback-logger","caller":"logging/config.go:69","msg":"Fetch GitHub commit ID from kodata failed: open /var/run/ko/HEAD: no such file or directory"}
{"level":"info","ts":1610525112.058619,"logger":"fallback-logger","caller":"bash/main.go:64","msg":"Successfully e**cuted command \"sh -c mkdir -p /workspace/source\"; output "}

Showing logs for build [32mentando-k8s-entando-k8s-dbjob-p-7qxc4-2[0m stage [32mfrom-build-pack[0m and container [32mstep-place-tools[0m

Showing logs for build [32mentando-k8s-entando-k8s-dbjob-p-7qxc4-2[0m stage [32mfrom-build-pack[0m and container [32mstep-git-source-entando-k8s-entando-k8s-dbjob-p-c5cd8[0m
{"level":"warn","ts":1610525153.0256658,"logger":"fallback-logger","caller":"logging/config.go:69","msg":"Fetch GitHub commit ID from kodata failed: \"ref: refs/heads/0.8.0-**-support-backwards-incompats\" is not a valid GitHub commit ID"}
{"level":"info","ts":1610525154.6946185,"logger":"fallback-logger","caller":"git/git.go:103","msg":"Successfully cloned https://github.com/entando-k8s/entando-k8s-dbjob.git @ master in path /workspace/source"}

Showing logs for build [32mentando-k8s-entando-k8s-dbjob-p-7qxc4-2[0m stage [32mfrom-build-pack[0m and container [32mstep-git-merge[0m
Using SHAs from PULL_REFS=master:c2bb3d849d697a6e49f724bcf4a1013059cece18,5:6959895175cba660f8f490cd1d4dd6c36b3cea4f
DEBUG: ran git fetch --unshallow origin 6959895175cba660f8f490cd1d4dd6c36b3cea4f: c2bb3d849d697a6e49f724bcf4a1013059cece18: in 
DEBUG: ran git checkout master in 
DEBUG: ran git reset --hard c2bb3d849d697a6e49f724bcf4a1013059cece18 in 
DEBUG: ran clean --force -d . in 
DEBUG: ran git merge 6959895175cba660f8f490cd1d4dd6c36b3cea4f in 
Merged SHA 6959895175cba660f8f490cd1d4dd6c36b3cea4f with commit message 'ENG-1737 Checkstyle' into base branch master
Merged SHA 6956a5864a735fdfa2b613c8589a50563e206049 with commit message 'ENG-1737 now testing existing credentials before attempting to reset password' into base branch master

Showing logs for build [32mentando-k8s-entando-k8s-dbjob-p-7qxc4-2[0m stage [32mfrom-build-pack[0m and container [32mstep-build-set-version[0m
Picked up _JAVA_OPTIONS: -XX:+UnlockExperimentalVMOptions -Dsun.zip.disableMemoryMapping=**** -XX:+UseParallelGC -XX:MinHeapFreeRatio=5 -XX:MaxHeapFreeRatio=10 -XX:GCTimeRatio=4 -XX:AdaptiveSizePolicyWeight=90 -Xms10m -Xmx8000m
[INFO] Scanning for projects...
[INFO] 
[INFO] -------------------< org.entando:entando-k8s-dbjob >--------------------
[INFO] Building Entando K8S Database Job 6.1.0-SNAPSHOT
[INFO] --------------------------------[ jar ]---------------------------------
[INFO] 
[INFO] --- versions-maven-plugin:2.8.1:set (default-cli) @ entando-k8s-dbjob ---
[INFO] Local aggregation ****: /workspace/source
[INFO] Processing change of org.entando:entando-k8s-dbjob:6.1.0-SNAPSHOT -> 0.0.0-SNAPSHOT-PR-5-2
[INFO] Processing org.entando:entando-k8s-dbjob
[INFO]     Updating project org.entando:entando-k8s-dbjob
[INFO]         from version 6.1.0-SNAPSHOT to 0.0.0-SNAPSHOT-PR-5-2
[INFO] 
[INFO] ------------------------------------------------------------------------
[INFO] BUILD SUCCESS
[INFO] ------------------------------------------------------------------------
[INFO] Total time:  10.261 s
[INFO] Finished at: 2021-01-13T08:06:10Z
[INFO] ------------------------------------------------------------------------

Showing logs for build [32mentando-k8s-entando-k8s-dbjob-p-7qxc4-2[0m stage [32mfrom-build-pack[0m and container [32mstep-build-fix-git-for-sonar[0m
M	pom.xml
Switched to a new branch 'PR-5'
Deleted branch master (was 6959895).
From https://github.com/entando-k8s/entando-k8s-dbjob
 * [new branch]      master     -> master

Showing logs for build [32mentando-k8s-entando-k8s-dbjob-p-7qxc4-2[0m stage [32mfrom-build-pack[0m and container [32mstep-build-mvn-verify-pr[0m
  % Total    % Received % Xferd  Average Speed   Time    Time     Time  Current
                                 Dload  Upload   Total   Spent    Left  Speed
  0     0    0     0    0     0      0      0 --:--:-- --:--:-- --:--:--     0100  1838  100  1630  100   208   2474    315 --:--:-- --:--:-- --:--:--  2492
{
  "url": "https://api.github.com/repos/entando-k8s/entando-k8s-dbjob/statuses/6959895175cba660f8f490cd1d4dd6c36b3cea4f",
  "avatar_url": "https://avatars2.githubusercontent.com/u/57885396?v=4",
  "id": 11841708399,
  "node_id": "MDEzOlN0YXR1c0NvbnRleHQxMTg0MTcwODM5OQ==",
  "state": "pending",
  "description": "Pre-deployment tests pending!",
  "target_url": "https://entando-k8s.github.io/devops-results/entando-k8s-dbjob/PR-5/surefire-report.html",
  "context": "Pre-deployment tests",
  "created_at": "2021-01-13T08:06:12Z",
  "updated_at": "2021-01-13T08:06:12Z",
  "creator": {
    "login": "**********",
    "id": 57885396,
    "node_id": "MDQ6VXNlcjU3ODg1Mzk2",
    "avatar_url": "https://avatars2.githubusercontent.com/u/57885396?v=4",
    "gravatar_id": "",
    "url": "https://api.github.com/users/entando-**",
    "html_url": "https://github.com/**********",
    "followers_url": "https://api.github.com/users/**********/followers",
    "following_url": "https://api.github.com/users/**********/following{/other_user}",
    "gists_url": "https://api.github.com/users/**********/gists{/gist_id}",
    "starred_url": "https://api.github.com/users/**********/starred{/owner}{/repo}",
    "subscriptions_url": "https://api.github.com/users/**********/subscriptions",
    "organizations_url": "https://api.github.com/users/**********/orgs",
    "repos_url": "https://api.github.com/users/**********/repos",
    "events_url": "https://api.github.com/users/**********/events{/privacy}",
    "received_events_url": "https://api.github.com/users/**********/received_events",
    "type": "User",
    "site_*****": false
  }
}
  % Total    % Received % Xferd  Average Speed   Time    Time     Time  Current
                                 Dload  Upload   Total   Spent    Left  Speed
{
  "url": "https://api.github.com/repos/entando-k8s/entando-k8s-dbjob/statuses/6959895175cba660f8f490cd1d4dd6c36b3cea4f",
  "avatar_url": "https://avatars2.githubusercontent.com/u/57885396?v=4",
  "id": 11841708479,
  "node_id": "MDEzOlN0YXR1c0NvbnRleHQxMTg0MTcwODQ3OQ==",
  "state": "pending",
  "description": "Post-deployment tests pending!",
  "target_url": "https://entando-k8s.github.io/devops-results/entando-k8s-dbjob/PR-5/failsafe-report.html",
  "context": "Post-deployment tests",
  "created_at": "2021-01-13T08:06:13Z",
  "updated_at": "2021-01-13T08:06:13Z",
  "creator": {
    "login": "entando-**",
    "id": 57885396,
    "node_id": "MDQ6VXNlcjU3ODg1Mzk2",
    "avatar_url": "https://avatars2.githubusercontent.com/u/57885396?v=4",
    "gravatar_id": "",
    "url": "https://api.github.com/users/**********",
    "html_url": "https://github.com/entando-**",
    "followers_url": "https://api.github.com/users/**********/followers",
    "following_url": "https://api.github.com/users/**********/following{/other_user}",
    "gists_url": "https://api.github.com/users/**********/gists{/gist_id}",
    "starred_url": "https://api.github.com/users/entando-**/starred{/owner}{/repo}",
    "subscriptions_url": "https://api.github.com/users/**********/subscriptions",
    "organizations_url": "https://api.github.com/users/**********/orgs",
    "repos_url": "https://api.github.com/users/**********/repos",
    "events_url": "https://api.github.com/users/**********/events{/privacy}",
    "received_events_url": "https://api.github.com/users/**********/received_events",
    "type": "User",
    "site_*****": false
  }
}
  0     0    0     0    0     0      0      0 --:--:-- --:--:-- --:--:--     0  0     0    0     0    0     0      0      0 --:--:-- --:--:-- --:--:--     0100  1842  100  1632  100   210   2564    329 --:--:-- --:--:-- --:--:--  2562
  % Total    % Received % Xferd  Average Speed   Time    Time     Time  Current
                                 Dload  Upload   Total   Spent    Left  Speed
  0     0    0     0    0     0      0      0 --:--:-- --:--:-- --:--:--     0 10  1788    0     0  100   183      0    291 --:--:-- --:--:-- --:--:--   290100  1788  100  1605  100   183   2551    290 --:--:-- --:--:-- --:--:--  2551
{
  "url": "https://api.github.com/repos/entando-k8s/entando-k8s-dbjob/statuses/6959895175cba660f8f490cd1d4dd6c36b3cea4f",
  "avatar_url": "https://avatars2.githubusercontent.com/u/57885396?v=4",
  "id": 11841708572,
  "node_id": "MDEzOlN0YXR1c0NvbnRleHQxMTg0MTcwODU3Mg==",
  "state": "pending",
  "description": "Checkstyle pending!",
  "target_url": "https://entando-k8s.github.io/devops-results/entando-k8s-dbjob/PR-5/checkstyle.html",
  "context": "Checkstyle",
  "created_at": "2021-01-13T08:06:13Z",
  "updated_at": "2021-01-13T08:06:13Z",
  "creator": {
    "login": "entando-**",
    "id": 57885396,
    "node_id": "MDQ6VXNlcjU3ODg1Mzk2",
    "avatar_url": "https://avatars2.githubusercontent.com/u/57885396?v=4",
    "gravatar_id": "",
    "url": "https://api.github.com/users/**********",
    "html_url": "https://github.com/**********",
    "followers_url": "https://api.github.com/users/**********/followers",
    "following_url": "https://api.github.com/users/**********/following{/other_user}",
    "gists_url": "https://api.github.com/users/**********/gists{/gist_id}",
    "starred_url": "https://api.github.com/users/entando-**/starred{/owner}{/repo}",
    "subscriptions_url": "https://api.github.com/users/entando-**/subscriptions",
    "organizations_url": "https://api.github.com/users/**********/orgs",
    "repos_url": "https://api.github.com/users/entando-**/repos",
    "events_url": "https://api.github.com/users/**********/events{/privacy}",
    "received_events_url": "https://api.github.com/users/**********/received_events",
    "type": "User",
    "site_*****": false
  }
}
  % Total    % Received % Xferd  Average Speed   Time    Time     Time  Current
                                 Dload  Upload   Total   Spent    Left  Speed
  0     0    0     0    0     0      0      0 --:--:-- --:--:-- --:--:--     0 10  1810    0     0  100   194      0    202 --:--:-- --:--:-- --:--:--   202100  1810  100  1616  100   194   1683    202 --:--:-- --:--:-- --:--:--  1683
{
  "url": "https://api.github.com/repos/entando-k8s/entando-k8s-dbjob/statuses/6959895175cba660f8f490cd1d4dd6c36b3cea4f",
  "avatar_url": "https://avatars2.githubusercontent.com/u/57885396?v=4",
  "id": 11841708695,
  "node_id": "MDEzOlN0YXR1c0NvbnRleHQxMTg0MTcwODY5NQ==",
  "state": "pending",
  "description": "OWASP CVE pending!",
  "target_url": "https://entando-k8s.github.io/devops-results/entando-k8s-dbjob/PR-5/dependency-check-report.html",
  "context": "OWASP CVE",
  "created_at": "2021-01-13T08:06:14Z",
  "updated_at": "2021-01-13T08:06:14Z",
  "creator": {
    "login": "**********",
    "id": 57885396,
    "node_id": "MDQ6VXNlcjU3ODg1Mzk2",
    "avatar_url": "https://avatars2.githubusercontent.com/u/57885396?v=4",
    "gravatar_id": "",
    "url": "https://api.github.com/users/**********",
    "html_url": "https://github.com/**********",
    "followers_url": "https://api.github.com/users/**********/followers",
    "following_url": "https://api.github.com/users/**********/following{/other_user}",
    "gists_url": "https://api.github.com/users/entando-**/gists{/gist_id}",
    "starred_url": "https://api.github.com/users/**********/starred{/owner}{/repo}",
    "subscriptions_url": "https://api.github.com/users/**********/subscriptions",
    "organizations_url": "https://api.github.com/users/**********/orgs",
    "repos_url": "https://api.github.com/users/**********/repos",
    "events_url": "https://api.github.com/users/**********/events{/privacy}",
    "received_events_url": "https://api.github.com/users/**********/received_events",
    "type": "User",
    "site_*****": false
  }
}
Picked up _JAVA_OPTIONS: -XX:+UnlockExperimentalVMOptions -Dsun.zip.disableMemoryMapping=**** -XX:+UseParallelGC -XX:MinHeapFreeRatio=5 -XX:MaxHeapFreeRatio=10 -XX:GCTimeRatio=4 -XX:AdaptiveSizePolicyWeight=90 -Xms10m -Xmx8000m
[INFO] Scanning for projects...
[INFO] 
[INFO] -------------------< org.entando:entando-k8s-dbjob >--------------------
[INFO] Building Entando K8S Database Job 0.0.0-SNAPSHOT-PR-5-2
[INFO] --------------------------------[ jar ]---------------------------------
[INFO] 
[INFO] --- maven-checkstyle-plugin:3.1.1:check (validate) @ entando-k8s-dbjob ---
[INFO] Starting audit...
Audit done.
[INFO] You have 0 Checkstyle violations.
[INFO] 
[INFO] --- maven-checkstyle-plugin:3.1.1:checkstyle (validate) @ entando-k8s-dbjob ---
[INFO] Starting audit...
Audit done.
[INFO] 
[INFO] --- jacoco-maven-plugin:0.8.5:prepare-agent (prepare-agent) @ entando-k8s-dbjob ---
[INFO] argLine set to -javaagent:/home/jenkins/.mvnrepository/org/jacoco/org.jacoco.agent/0.8.5/org.jacoco.agent-0.8.5-runtime.jar=destfile=/workspace/source/target/jacoco.e**c
[INFO] 
[INFO] --- maven-resources-plugin:2.6:resources (default-resources) @ entando-k8s-dbjob ---
[INFO] Using 'UTF-8' encoding to copy filtered resources.
[INFO] Copying 1 resource
[INFO] 
[INFO] --- maven-compiler-plugin:3.8.1:compile (default-compile) @ entando-k8s-dbjob ---
[INFO] Changes detected - recompiling the module!
[INFO] Compiling 4 source files to /workspace/source/target/classes
[INFO] 
[INFO] --- maven-resources-plugin:2.6:testResources (default-testResources) @ entando-k8s-dbjob ---
[INFO] Using 'UTF-8' encoding to copy filtered resources.
[INFO] skip non existing resourceDirectory /workspace/source/src/test/resources
[INFO] 
[INFO] --- maven-compiler-plugin:3.8.1:testCompile (default-testCompile) @ entando-k8s-dbjob ---
[INFO] Changes detected - recompiling the module!
[INFO] Compiling 7 source files to /workspace/source/target/test-classes
[WARNING] /workspace/source/src/test/java/org/entando/k8s/db/job/SmokeIntegratedTest.java:[146,24] unchecked call to waitOn(io.fabric8.kubernetes.client.dsl.PodResource<io.fabric8.kubernetes.api.model.Pod,io.fabric8.kubernetes.api.model.DoneablePod>) as a member of the raw type org.entando.kubernetes.controller.integrationtest.podwaiters.AbstractPodWaiter
[WARNING] /workspace/source/src/test/java/org/entando/k8s/db/job/SmokeIntegratedTest.java:[173,24] unchecked call to waitOn(io.fabric8.kubernetes.client.dsl.PodResource<io.fabric8.kubernetes.api.model.Pod,io.fabric8.kubernetes.api.model.DoneablePod>) as a member of the raw type org.entando.kubernetes.controller.integrationtest.podwaiters.AbstractPodWaiter
[INFO] /workspace/source/src/test/java/org/entando/k8s/db/job/CreatePostgresqlSchemaTest.java: /workspace/source/src/test/java/org/entando/k8s/db/job/CreatePostgresqlSchemaTest.java uses or overrides a deprecated API.
[INFO] /workspace/source/src/test/java/org/entando/k8s/db/job/CreatePostgresqlSchemaTest.java: Recompile with -Xlint:deprecation for details.
[INFO] 
[INFO] --- maven-surefire-plugin:3.0.0-M1:test (default-test) @ entando-k8s-dbjob ---
[INFO] 
[INFO] -------------------------------------------------------
[INFO]  T E S T S
[INFO] -------------------------------------------------------
[INFO] Running org.entando.k8s.db.job.CreateMysqlSchemaTest
[ERROR] Tests run: 5, Failures: 0, Errors: 5, Skipped: 0, Time elapsed: 15.914 s <<< FAILURE! - in org.entando.k8s.db.job.CreateMysqlSchemaTest
[ERROR] testSingleAccess  Time elapsed: 3.851 s  <<< ERROR!
com.mysql.cj.jdbc.exceptions.CommunicationsException: 
Communications link failure

The last packet sent successfully to the server was 0 milliseconds ago. The driver has not received any packets from the server.
	at org.entando.k8s.db.job.CreateMysqlSchemaTest.testSingleAccess(CreateMysqlSchemaTest.java:143)
Caused by: com.mysql.cj.exceptions.CJCommunicationsException: 
Communications link failure

The last packet sent successfully to the server was 0 milliseconds ago. The driver has not received any packets from the server.
	at org.entando.k8s.db.job.CreateMysqlSchemaTest.testSingleAccess(CreateMysqlSchemaTest.java:143)
Caused by: java.net.NoRouteToHostException: No route to host (Host unreachable)
	at org.entando.k8s.db.job.CreateMysqlSchemaTest.testSingleAccess(CreateMysqlSchemaTest.java:143)

[ERROR] testSimpleCreate  Time elapsed: 3.015 s  <<< ERROR!
com.mysql.cj.jdbc.exceptions.CommunicationsException: 
Communications link failure

The last packet sent successfully to the server was 0 milliseconds ago. The driver has not received any packets from the server.
	at org.entando.k8s.db.job.CreateMysqlSchemaTest.testSimpleCreate(CreateMysqlSchemaTest.java:33)
Caused by: com.mysql.cj.exceptions.CJCommunicationsException: 
Communications link failure

The last packet sent successfully to the server was 0 milliseconds ago. The driver has not received any packets from the server.
	at org.entando.k8s.db.job.CreateMysqlSchemaTest.testSimpleCreate(CreateMysqlSchemaTest.java:33)
Caused by: java.net.NoRouteToHostException: No route to host (Host unreachable)
	at org.entando.k8s.db.job.CreateMysqlSchemaTest.testSimpleCreate(CreateMysqlSchemaTest.java:33)

[ERROR] testIdempotent  Time elapsed: 3.004 s  <<< ERROR!
com.mysql.cj.jdbc.exceptions.CommunicationsException: 
Communications link failure

The last packet sent successfully to the server was 0 milliseconds ago. The driver has not received any packets from the server.
	at org.entando.k8s.db.job.CreateMysqlSchemaTest.testIdempotent(CreateMysqlSchemaTest.java:55)
Caused by: com.mysql.cj.exceptions.CJCommunicationsException: 
Communications link failure

The last packet sent successfully to the server was 0 milliseconds ago. The driver has not received any packets from the server.
	at org.entando.k8s.db.job.CreateMysqlSchemaTest.testIdempotent(CreateMysqlSchemaTest.java:55)
Caused by: java.net.NoRouteToHostException: No route to host (Host unreachable)
	at org.entando.k8s.db.job.CreateMysqlSchemaTest.testIdempotent(CreateMysqlSchemaTest.java:55)

[ERROR] testDatasource  Time elapsed: 3.007 s  <<< ERROR!
com.mysql.cj.jdbc.exceptions.CommunicationsException: 
Communications link failure

The last packet sent successfully to the server was 0 milliseconds ago. The driver has not received any packets from the server.
	at org.entando.k8s.db.job.CreateMysqlSchemaTest.testDatasource(CreateMysqlSchemaTest.java:98)
Caused by: com.mysql.cj.exceptions.CJCommunicationsException: 
Communications link failure

The last packet sent successfully to the server was 0 milliseconds ago. The driver has not received any packets from the server.
	at org.entando.k8s.db.job.CreateMysqlSchemaTest.testDatasource(CreateMysqlSchemaTest.java:98)
Caused by: java.net.NoRouteToHostException: No route to host (Host unreachable)
	at org.entando.k8s.db.job.CreateMysqlSchemaTest.testDatasource(CreateMysqlSchemaTest.java:98)

[ERROR] testForcePasswordReset  Time elapsed: 3.001 s  <<< ERROR!
com.mysql.cj.jdbc.exceptions.CommunicationsException: 
Communications link failure

The last packet sent successfully to the server was 0 milliseconds ago. The driver has not received any packets from the server.
	at org.entando.k8s.db.job.CreateMysqlSchemaTest.testForcePasswordReset(CreateMysqlSchemaTest.java:69)
Caused by: com.mysql.cj.exceptions.CJCommunicationsException: 
Communications link failure

The last packet sent successfully to the server was 0 milliseconds ago. The driver has not received any packets from the server.
	at org.entando.k8s.db.job.CreateMysqlSchemaTest.testForcePasswordReset(CreateMysqlSchemaTest.java:69)
Caused by: java.net.NoRouteToHostException: No route to host (Host unreachable)
	at org.entando.k8s.db.job.CreateMysqlSchemaTest.testForcePasswordReset(CreateMysqlSchemaTest.java:69)

[INFO] Running org.entando.k8s.db.job.CreateOracle12SchemaTest
[ERROR] Tests run: 5, Failures: 0, Errors: 5, Skipped: 0, Time elapsed: 15.402 s <<< FAILURE! - in org.entando.k8s.db.job.CreateOracle12SchemaTest
[ERROR] simpleCreate  Time elapsed: 3.394 s  <<< ERROR!
java.sql.SQLRecoverableException: IO Error: The Network Adapter could not establish the connection
Caused by: ******.net.ns.NetException: The Network Adapter could not establish the connection
Caused by: java.io.IOException: No route to host, socket connect lapse 3022 ms. /172.30.95.20 1521 0 1 ****
Caused by: java.net.NoRouteToHostException: No route to host

[ERROR] testIdempotent  Time elapsed: 2.981 s  <<< ERROR!
java.sql.SQLRecoverableException: IO Error: The Network Adapter could not establish the connection
Caused by: ******.net.ns.NetException: The Network Adapter could not establish the connection
Caused by: java.io.IOException: No route to host, socket connect lapse 2966 ms. /172.30.95.20 1521 0 1 ****
Caused by: java.net.NoRouteToHostException: No route to host

[ERROR] singleAccess  Time elapsed: 3.002 s  <<< ERROR!
java.sql.SQLRecoverableException: IO Error: The Network Adapter could not establish the connection
Caused by: ******.net.ns.NetException: The Network Adapter could not establish the connection
Caused by: java.io.IOException: No route to host, socket connect lapse 2997 ms. /172.30.95.20 1521 0 1 ****
Caused by: java.net.NoRouteToHostException: No route to host

[ERROR] testDatasource  Time elapsed: 3.003 s  <<< ERROR!
java.sql.SQLRecoverableException: IO Error: The Network Adapter could not establish the connection
Caused by: ******.net.ns.NetException: The Network Adapter could not establish the connection
Caused by: java.io.IOException: No route to host, socket connect lapse 2986 ms. /172.30.95.20 1521 0 1 ****
Caused by: java.net.NoRouteToHostException: No route to host

[ERROR] testForcePasswordReset  Time elapsed: 3.011 s  <<< ERROR!
java.sql.SQLRecoverableException: IO Error: The Network Adapter could not establish the connection
Caused by: ******.net.ns.NetException: The Network Adapter could not establish the connection
Caused by: java.io.IOException: No route to host, socket connect lapse 3000 ms. /172.30.95.20 1521 0 1 ****
Caused by: java.net.NoRouteToHostException: No route to host

[INFO] Running org.entando.k8s.db.job.CreatePostgresqlSchemaTest
[ERROR] Tests run: 5, Failures: 0, Errors: 5, Skipped: 0, Time elapsed: 15.047 s <<< FAILURE! - in org.entando.k8s.db.job.CreatePostgresqlSchemaTest
[ERROR] testSingleAccess  Time elapsed: 3.032 s  <<< ERROR!
org.********ql.util.PSQLException: The connection attempt failed.
	at org.entando.k8s.db.job.CreatePostgresqlSchemaTest.testSingleAccess(CreatePostgresqlSchemaTest.java:145)
Caused by: java.net.NoRouteToHostException: No route to host (Host unreachable)
	at org.entando.k8s.db.job.CreatePostgresqlSchemaTest.testSingleAccess(CreatePostgresqlSchemaTest.java:145)

[ERROR] testSimpleCreate  Time elapsed: 2.997 s  <<< ERROR!
org.********ql.util.PSQLException: The connection attempt failed.
	at org.entando.k8s.db.job.CreatePostgresqlSchemaTest.testSimpleCreate(CreatePostgresqlSchemaTest.java:31)
Caused by: java.net.NoRouteToHostException: No route to host (Host unreachable)
	at org.entando.k8s.db.job.CreatePostgresqlSchemaTest.testSimpleCreate(CreatePostgresqlSchemaTest.java:31)

[ERROR] testIdempotent  Time elapsed: 3.004 s  <<< ERROR!
org.********ql.util.PSQLException: The connection attempt failed.
	at org.entando.k8s.db.job.CreatePostgresqlSchemaTest.testIdempotent(CreatePostgresqlSchemaTest.java:112)
Caused by: java.net.NoRouteToHostException: No route to host (Host unreachable)
	at org.entando.k8s.db.job.CreatePostgresqlSchemaTest.testIdempotent(CreatePostgresqlSchemaTest.java:112)

[ERROR] testDatasource  Time elapsed: 3.006 s  <<< ERROR!
org.********ql.util.PSQLException: The connection attempt failed.
	at org.entando.k8s.db.job.CreatePostgresqlSchemaTest.testDatasource(CreatePostgresqlSchemaTest.java:64)
Caused by: java.net.NoRouteToHostException: No route to host (Host unreachable)
	at org.entando.k8s.db.job.CreatePostgresqlSchemaTest.testDatasource(CreatePostgresqlSchemaTest.java:64)

[ERROR] testForcePasswordReset  Time elapsed: 3.005 s  <<< ERROR!
org.********ql.util.PSQLException: The connection attempt failed.
	at org.entando.k8s.db.job.CreatePostgresqlSchemaTest.testForcePasswordReset(CreatePostgresqlSchemaTest.java:126)
Caused by: java.net.NoRouteToHostException: No route to host (Host unreachable)
	at org.entando.k8s.db.job.CreatePostgresqlSchemaTest.testForcePasswordReset(CreatePostgresqlSchemaTest.java:126)

[INFO] Running org.entando.k8s.db.job.CreateOracle11SchemaTest
[ERROR] Tests run: 5, Failures: 0, Errors: 5, Skipped: 0, Time elapsed: 15.026 s <<< FAILURE! - in org.entando.k8s.db.job.CreateOracle11SchemaTest
[ERROR] simpleCreate  Time elapsed: 2.999 s  <<< ERROR!
java.sql.SQLRecoverableException: IO Error: The Network Adapter could not establish the connection
Caused by: ******.net.ns.NetException: The Network Adapter could not establish the connection
Caused by: java.io.IOException: No route to host, socket connect lapse 3012 ms. /172.30.205.182 1521 0 1 ****
Caused by: java.net.NoRouteToHostException: No route to host

[ERROR] testIdempotent  Time elapsed: 3.003 s  <<< ERROR!
java.sql.SQLRecoverableException: IO Error: The Network Adapter could not establish the connection
Caused by: ******.net.ns.NetException: The Network Adapter could not establish the connection
Caused by: java.io.IOException: No route to host, socket connect lapse 2997 ms. /172.30.205.182 1521 0 1 ****
Caused by: java.net.NoRouteToHostException: No route to host

[ERROR] singleAccess  Time elapsed: 3.009 s  <<< ERROR!
java.sql.SQLRecoverableException: IO Error: The Network Adapter could not establish the connection
Caused by: ******.net.ns.NetException: The Network Adapter could not establish the connection
Caused by: java.io.IOException: No route to host, socket connect lapse 3003 ms. /172.30.205.182 1521 0 1 ****
Caused by: java.net.NoRouteToHostException: No route to host

[ERROR] testDatasource  Time elapsed: 3.002 s  <<< ERROR!
java.sql.SQLRecoverableException: IO Error: The Network Adapter could not establish the connection
Caused by: ******.net.ns.NetException: The Network Adapter could not establish the connection
Caused by: java.io.IOException: No route to host, socket connect lapse 2996 ms. /172.30.205.182 1521 0 1 ****
Caused by: java.net.NoRouteToHostException: No route to host

[ERROR] testForcePasswordReset  Time elapsed: 3.008 s  <<< ERROR!
java.sql.SQLRecoverableException: IO Error: The Network Adapter could not establish the connection
Caused by: ******.net.ns.NetException: The Network Adapter could not establish the connection
Caused by: java.io.IOException: No route to host, socket connect lapse 3002 ms. /172.30.205.182 1521 0 1 ****
Caused by: java.net.NoRouteToHostException: No route to host

[INFO] 
[INFO] Results:
[INFO] 
[ERROR] Errors: 
[ERROR]   CreateMysqlSchemaTest.testDatasource:98 Â» Communications Communications link f...
[ERROR]   CreateMysqlSchemaTest.testForcePasswordReset:69 Â» Communications Communication...
[ERROR]   CreateMysqlSchemaTest.testIdempotent:55 Â» Communications Communications link f...
[ERROR]   CreateMysqlSchemaTest.testSimpleCreate:33 Â» Communications Communications link...
[ERROR]   CreateMysqlSchemaTest.testSingleAccess:143 Â» Communications Communications lin...
[ERROR]   CreateOracle11SchemaTest>CreateOracleSchemaTestBase.simpleCreate:28 Â» SQLRecoverable
[ERROR]   CreateOracle11SchemaTest>CreateOracleSchemaTestBase.singleAccess:95 Â» SQLRecoverable
[ERROR]   CreateOracle11SchemaTest>CreateOracleSchemaTestBase.testDatasource:67 Â» SQLRecoverable
[ERROR]   CreateOracle11SchemaTest>CreateOracleSchemaTestBase.testForcePasswordReset:48 Â» SQLRecoverable
[ERROR]   CreateOracle11SchemaTest>CreateOracleSchemaTestBase.testIdempotent:127 Â» SQLRecoverable
[ERROR]   CreateOracle12SchemaTest>CreateOracleSchemaTestBase.simpleCreate:28 Â» SQLRecoverable
[ERROR]   CreateOracle12SchemaTest>CreateOracleSchemaTestBase.singleAccess:95 Â» SQLRecoverable
[ERROR]   CreateOracle12SchemaTest>CreateOracleSchemaTestBase.testDatasource:67 Â» SQLRecoverable
[ERROR]   CreateOracle12SchemaTest>CreateOracleSchemaTestBase.testForcePasswordReset:48 Â» SQLRecoverable
[ERROR]   CreateOracle12SchemaTest>CreateOracleSchemaTestBase.testIdempotent:127 Â» SQLRecoverable
[ERROR]   CreatePostgresqlSchemaTest.testDatasource:64 Â» PSQL The connection attempt fai...
[ERROR]   CreatePostgresqlSchemaTest.testForcePasswordReset:126 Â» PSQL The connection at...
[ERROR]   CreatePostgresqlSchemaTest.testIdempotent:112 Â» PSQL The connection attempt fa...
[ERROR]   CreatePostgresqlSchemaTest.testSimpleCreate:31 Â» PSQL The connection attempt f...
[ERROR]   CreatePostgresqlSchemaTest.testSingleAccess:145 Â» PSQL The connection attempt ...
[INFO] 
[ERROR] Tests run: 20, Failures: 0, Errors: 20, Skipped: 0
[INFO] 
[ERROR] There are test failures.

Please refer to /workspace/source/target/surefire-reports for the individual test results.
Please refer to dump files (if any exist) [date].dump, [date]-***Run[N].dump and [date].dumpstream.
[INFO] 
[INFO] --- maven-jar-plugin:3.2.0:jar (default-jar) @ entando-k8s-dbjob ---
[INFO] Building jar: /workspace/source/target/entando-k8s-dbjob-0.0.0-SNAPSHOT-PR-5-2.jar
[INFO] 
[INFO] --- maven-jar-plugin:3.2.0:test-jar (build-test-jar) @ entando-k8s-dbjob ---
[INFO] Building jar: /workspace/source/target/entando-k8s-dbjob-0.0.0-SNAPSHOT-PR-5-2-tests.jar
[INFO] 
[INFO] --- maven-javadoc-plugin:3.2.0:jar (attach-javadocs) @ entando-k8s-dbjob ---
[INFO] No previous run data found, generating javadoc.
[INFO] 
Loading source files for package org.entando.k8s.db.job...
Constructing Javadoc information...
Standard Doclet version 11.0.6
Building tree for all the packages and classes...
Generating /workspace/source/target/apidocs/org/entando/k8s/db/job/CreateSchemaCommand.html...
Generating /workspace/source/target/apidocs/org/entando/k8s/db/job/DatabaseAdminConfig.html...
Generating /workspace/source/target/apidocs/org/entando/k8s/db/job/DatabaseDialect.html...
Generating /workspace/source/target/apidocs/org/entando/k8s/db/job/PropertiesBasedDatabaseAdminConfig.html...
Generating /workspace/source/target/apidocs/org/entando/k8s/db/job/package-summary.html...
Generating /workspace/source/target/apidocs/org/entando/k8s/db/job/package-tree.html...
Generating /workspace/source/target/apidocs/constant-values.html...
Generating /workspace/source/target/apidocs/org/entando/k8s/db/job/class-use/DatabaseDialect.html...
Generating /workspace/source/target/apidocs/org/entando/k8s/db/job/class-use/CreateSchemaCommand.html...
Generating /workspace/source/target/apidocs/org/entando/k8s/db/job/class-use/PropertiesBasedDatabaseAdminConfig.html...
Generating /workspace/source/target/apidocs/org/entando/k8s/db/job/class-use/DatabaseAdminConfig.html...
Generating /workspace/source/target/apidocs/org/entando/k8s/db/job/package-use.html...
Building index for all the packages and classes...
Generating /workspace/source/target/apidocs/overview-tree.html...
Generating /workspace/source/target/apidocs/index-all.html...
Building index for all classes...
Generating /workspace/source/target/apidocs/allclasses-index.html...
Generating /workspace/source/target/apidocs/allpackages-index.html...
Generating /workspace/source/target/apidocs/deprecated-list.html...
Building index for all classes...
Generating /workspace/source/target/apidocs/allclasses.html...
Generating /workspace/source/target/apidocs/allclasses.html...
Generating /workspace/source/target/apidocs/index.html...
Generating /workspace/source/target/apidocs/help-doc.html...
[INFO] Building jar: /workspace/source/target/entando-k8s-dbjob-0.0.0-SNAPSHOT-PR-5-2-javadoc.jar
[INFO] 
[INFO] --- quarkus-maven-plugin:1.2.0.Final:build (default) @ entando-k8s-dbjob ---
[INFO] [org.jboss.threads] JBoss Threads version 3.0.0.Final
[INFO] [io.quarkus.deployment.pkg.steps.JarResultBuildStep] Building thin jar: /workspace/source/target/entando-k8s-dbjob-0.0.0-SNAPSHOT-PR-5-2-runner.jar
[INFO] [io.quarkus.deployment.QuarkusAugmentor] Quarkus augmentation completed in 1869ms
[INFO] 
[INFO] --- maven-surefire-report-plugin:3.0.0-M4:failsafe-report-only (integration-tests) @ entando-k8s-dbjob ---
[INFO] 
[INFO] --- dependency-check-maven:6.0.3:aggregate (default) @ entando-k8s-dbjob ---
[INFO] Checking for updates
[INFO] Download Started for NVD CVE - Modified
[INFO] Download Complete for NVD CVE - Modified  (725 ms)
[INFO] Processing Started for NVD CVE - Modified
WARNING: An illegal reflective access operation has occurred
WARNING: Illegal reflective access by com.fasterxml.jackson.module.afterburner.util.MyClassLoader (file:/home/jenkins/.mvnrepository/com/fasterxml/jackson/module/jackson-module-afterburner/2.11.3/jackson-module-afterburner-2.11.3.jar) to method java.lang.ClassLoader.findLoadedClass(java.lang.String)
WARNING: Please consider reporting this to the maintainers of com.fasterxml.jackson.module.afterburner.util.MyClassLoader
WARNING: Use --illegal-access=warn to enable warnings of further illegal reflective access operations
WARNING: All illegal access operations will be denied in a future release
[INFO] Processing Complete for NVD CVE - Modified  (8608 ms)
[INFO] Begin database maintenance
[INFO] Cleaned up 28 orphaned NVD records
[INFO] End database maintenance (1024 ms)
[INFO] Check for updates complete (10923 ms)
[INFO] 

Dependency-Check is an open source tool performing a best effort analysis of 3rd party dependencies; false positives and false negatives may exist in the analysis performed by the tool. Use of the tool and the reporting provided constitutes acceptance for use in an AS IS condition, and there are NO warranties, implied or otherwise, with regard to the analysis or its use. Any use of the tool and the reporting provided is at the userâ€™s risk. In no event shall the copyright holder or OWASP be held liable for any damages whatsoever arising out of or in connection with the use of this tool, the analysis performed, or the resulting report.


[INFO] Analysis Started
[INFO] Finished Archive Analyzer (0 seconds)
[INFO] Finished File Name Analyzer (0 seconds)
[INFO] Finished Jar Analyzer (0 seconds)
[INFO] Finished Dependency Merging Analyzer (0 seconds)
[INFO] Finished Version Filter Analyzer (0 seconds)
[INFO] Finished Hint Analyzer (0 seconds)
[INFO] Created CPE Index (4 seconds)
[INFO] Finished CPE Analyzer (6 seconds)
[INFO] Finished False Positive Analyzer (0 seconds)
[INFO] Finished NVD CVE Analyzer (0 seconds)
[INFO] Finished Sonatype OSS Index Analyzer (1 seconds)
[INFO] Finished Vulnerability Suppression Analyzer (0 seconds)
[INFO] Finished Dependency Bundling Analyzer (0 seconds)
[INFO] Analysis Complete (9 seconds)
[INFO] 
[INFO] --- jacoco-maven-plugin:0.8.5:report (report) @ entando-k8s-dbjob ---
[INFO] Loading e**cution data file /workspace/source/target/jacoco.e**c
[INFO] Analyzed bundle 'Entando K8S Database Job' with 6 classes
[INFO] 
[INFO] --- maven-surefire-report-plugin:3.0.0-M4:report-only (unit-tests) @ entando-k8s-dbjob ---
[WARNING] Unable to locate Test Source XRef to link to - DISABLED
[INFO] 
[INFO] --- maven-install-plugin:2.4:install (default-install) @ entando-k8s-dbjob ---
[INFO] Installing /workspace/source/target/entando-k8s-dbjob-0.0.0-SNAPSHOT-PR-5-2.jar to /home/jenkins/.mvnrepository/org/entando/entando-k8s-dbjob/0.0.0-SNAPSHOT-PR-5-2/entando-k8s-dbjob-0.0.0-SNAPSHOT-PR-5-2.jar
[INFO] Installing /workspace/source/pom.xml to /home/jenkins/.mvnrepository/org/entando/entando-k8s-dbjob/0.0.0-SNAPSHOT-PR-5-2/entando-k8s-dbjob-0.0.0-SNAPSHOT-PR-5-2.pom
[INFO] Installing /workspace/source/target/entando-k8s-dbjob-0.0.0-SNAPSHOT-PR-5-2-tests.jar to /home/jenkins/.mvnrepository/org/entando/entando-k8s-dbjob/0.0.0-SNAPSHOT-PR-5-2/entando-k8s-dbjob-0.0.0-SNAPSHOT-PR-5-2-tests.jar
[INFO] Installing /workspace/source/target/entando-k8s-dbjob-0.0.0-SNAPSHOT-PR-5-2-javadoc.jar to /home/jenkins/.mvnrepository/org/entando/entando-k8s-dbjob/0.0.0-SNAPSHOT-PR-5-2/entando-k8s-dbjob-0.0.0-SNAPSHOT-PR-5-2-javadoc.jar
[INFO] 
[INFO] -------------------< org.entando:entando-k8s-dbjob >--------------------
[INFO] Building Entando K8S Database Job 0.0.0-SNAPSHOT-PR-5-2
[INFO] --------------------------------[ jar ]---------------------------------
[INFO] 
[INFO] --- sonar-maven-plugin:3.7.0.1746:sonar (default-cli) @ entando-k8s-dbjob ---
[INFO] User cache: /****/.sonar/cache
[INFO] SonarQube version: 8.5.0
[INFO] Default locale: "en_US", source code encoding: "UTF-8"
[INFO] Load global settings
[INFO] Load global settings (done) | time=206ms
[INFO] Server id: 1BD809FA-AWHW8ct9-T_TB3XqouNu
[INFO] User cache: /****/.sonar/cache
[INFO] Load/download plugins
[INFO] Load plugins index
[INFO] Load plugins index (done) | time=78ms
[INFO] Load/download plugins (done) | time=23659ms
[INFO] Loaded core extensions: developer-scanner
[INFO] JavaScript/TypeScript frontend is enabled
[INFO] Load project settings for component key: 'entando-k8s_entando-k8s-dbjob'
[INFO] Load project settings for component key: 'entando-k8s_entando-k8s-dbjob' (done) | time=34ms
[INFO] Process project properties
[INFO] E**cute project builders
[INFO] E**cute project builders (done) | time=3ms
[INFO] Project key: entando-k8s_entando-k8s-dbjob
[INFO] Base dir: /workspace/source
[INFO] Working dir: /workspace/source/target/sonar
[INFO] Load project branches
[INFO] Load project branches (done) | time=29ms
[INFO] Check ALM binding of project 'entando-k8s_entando-k8s-dbjob'
[INFO] Detected project binding: NOT_BOUND
[INFO] Check ALM binding of project 'entando-k8s_entando-k8s-dbjob' (done) | time=23ms
[INFO] Load project pull requests
[INFO] Load project pull requests (done) | time=39ms
[INFO] Load branch configuration
[INFO] Load branch configuration (done) | time=3ms
[INFO] Load quality profiles
[INFO] Load quality profiles (done) | time=64ms
[INFO] Load active rules
[INFO] Load active rules (done) | time=1466ms
[INFO] Organization key: entando-k8s
[INFO] Pull request 5 for merge into master from PR-5
[INFO] SCM collecting changed files in the branch
[WARNING] Exception caught during e**cution of command '[/usr/local/git/bin/git, config, --******, --edit]' in '/usr/local/git/bin', return code '128', error message 'fatal: Invalid path '/usr/local/git/etc': No such file or directory
'
[INFO] SCM collecting changed files in the branch (done) | time=321ms
[INFO] Indexing files...
[INFO] Project configuration:
[INFO] 12 files inde**d
[INFO] 0 files ignored because of scm ignore settings
[INFO] Quality profile for java: Sonar way
[INFO] Quality profile for xml: Sonar way
[INFO] ------------- Run sensors on module Entando K8S Database Job
[INFO] JavaScript/TypeScript frontend is enabled
[INFO] Load metrics repository
[INFO] Load metrics repository (done) | time=33ms
[INFO] Sensor JavaSquidSensor [java]
[INFO] Configured Java source version (sonar.java.source): 8
[INFO] JavaClasspath initialization
[INFO] JavaClasspath initialization (done) | time=13ms
[INFO] JavaTestClasspath initialization
[INFO] JavaTestClasspath initialization (done) | time=3ms
[INFO] Java Main Files AST scan
[INFO] 4 source files to be analyzed
[INFO] 4/4 source files have been analyzed
[INFO] Java Main Files AST scan (done) | time=2895ms
[INFO] Java Test Files AST scan
[INFO] 7 source files to be analyzed
[INFO] Java Test Files AST scan (done) | time=1332ms
[INFO] 7/7 source files have been analyzed
[INFO] Java Generated Files AST scan
[INFO] 0 source files to be analyzed
[INFO] Java Generated Files AST scan (done) | time=1ms
[INFO] 0/0 source files have been analyzed
[INFO] Sensor JavaSquidSensor [java] (done) | time=4722ms
[INFO] Sensor SonarCSS Rules [cssfamily]
[INFO] No CSS, PHP, HTML or VueJS files are found in the project. CSS analysis is skipped.
[INFO] Sensor SonarCSS Rules [cssfamily] (done) | time=1ms
[INFO] Sensor C# Properties [csharp]
[INFO] Sensor C# Properties [csharp] (done) | time=1ms
[INFO] Sensor Import of Checkstyle issues [java]
[INFO] Importing /workspace/source/target/checkstyle-result.xml
[INFO] Sensor Import of Checkstyle issues [java] (done) | time=122ms
[INFO] Sensor SurefireSensor [java]
[INFO] parsing [/workspace/source/target/surefire-reports]
[INFO] Sensor SurefireSensor [java] (done) | time=56ms
[INFO] Sensor JavaXmlSensor [java]
[INFO] 1 source files to be analyzed
[INFO] Sensor JavaXmlSensor [java] (done) | time=275ms
[INFO] Sensor HTML [web]
[INFO] Sensor HTML [web] (done) | time=6ms
[INFO] Sensor XML Sensor [xml]
[INFO] 1 source files to be analyzed
[INFO] 1/1 source files have been analyzed
[INFO] Sensor XML Sensor [xml] (done) | time=226ms
[INFO] Sensor VB.NET Properties [vbnet]
[INFO] Sensor VB.NET Properties [vbnet] (done) | time=1ms
[INFO] 1/1 source files have been analyzed
[INFO] Sensor JaCoCo XML Report Importer [jacoco]
[INFO] Importing 1 report(s). Turn your logs in debug mode in order to see the exhaustive list.
[INFO] Sensor JaCoCo XML Report Importer [jacoco] (done) | time=35ms
[INFO] Sensor ThymeLeaf template sensor [securityjavafrontend]
[INFO] Sensor ThymeLeaf template sensor [securityjavafrontend] (done) | time=3ms
[INFO] Sensor JavaSecuritySensor [security]
[INFO] Reading type hierarchy from: /workspace/source/target/sonar/ucfg2/java
[INFO] Read 31 type definitions
[INFO] Reading UCFGs from: /workspace/source/target/sonar/ucfg2/java
[INFO] 08:09:02.621269 Building Runtime Type propagation graph
[INFO] 08:09:02.63651 Running Tarjan on 259 nodes
[INFO] 08:09:02.640156 Tarjan found 259 components
[INFO] 08:09:02.645194 Variable type analysis: done
[INFO] 08:09:02.650152 Building Runtime Type propagation graph
[INFO] 08:09:02.655931 Running Tarjan on 259 nodes
[INFO] 08:09:02.6571 Tarjan found 259 components
[INFO] 08:09:02.658486 Variable type analysis: done
[INFO] Analyzing 44 ucfgs to detect vulnerabilities.
[INFO] All rules entrypoints : 0 Retained UCFGs : 0
[INFO] rule: S5131, entrypoints: 0
[INFO] rule: S5131 done
[INFO] rule: S3649, entrypoints: 0
[INFO] rule: S3649 done
[INFO] rule: S2076, entrypoints: 0
[INFO] rule: S2076 done
[INFO] rule: S2091, entrypoints: 0
[INFO] rule: S2091 done
[INFO] rule: S2078, entrypoints: 0
[INFO] rule: S2078 done
[INFO] rule: S2631, entrypoints: 0
[INFO] rule: S2631 done
[INFO] rule: S5135, entrypoints: 0
[INFO] rule: S5135 done
[INFO] rule: S2083, entrypoints: 0
[INFO] rule: S2083 done
[INFO] rule: S5167, entrypoints: 0
[INFO] rule: S5167 done
[INFO] rule: S5144, entrypoints: 0
[INFO] rule: S5144 done
[INFO] rule: S5145, entrypoints: 0
[INFO] rule: S5145 done
[INFO] rule: S5146, entrypoints: 0
[INFO] rule: S5146 done
[INFO] rule: S5334, entrypoints: 0
[INFO] rule: S5334 done
[INFO] Sensor JavaSecuritySensor [security] (done) | time=557ms
[INFO] Sensor CSharpSecuritySensor [security]
[INFO] Reading type hierarchy from: /workspace/source/target/ucfg_cs2
[INFO] Read 0 type definitions
[INFO] Reading UCFGs from: /workspace/source/target/ucfg_cs2
[INFO] No UCFGs have been included for analysis.
[INFO] Sensor CSharpSecuritySensor [security] (done) | time=2ms
[INFO] Sensor PhpSecuritySensor [security]
[INFO] Reading type hierarchy from: /workspace/source/target/sonar/ucfg2/php
[INFO] Read 0 type definitions
[INFO] Reading UCFGs from: /workspace/source/target/sonar/ucfg2/php
[INFO] No UCFGs have been included for analysis.
[INFO] Sensor PhpSecuritySensor [security] (done) | time=1ms
[INFO] Sensor PythonSecuritySensor [security]
[INFO] Reading type hierarchy from: /workspace/source/target/sonar/ucfg2/python
[INFO] Read 0 type definitions
[INFO] Reading UCFGs from: /workspace/source/target/sonar/ucfg2/python
[INFO] No UCFGs have been included for analysis.
[INFO] Sensor PythonSecuritySensor [security] (done) | time=2ms
[INFO] Sensor JsSecuritySensor [security]
[INFO] Reading type hierarchy from: /workspace/source/target/sonar/ucfg2/js
[INFO] Read 0 type definitions
[INFO] Reading UCFGs from: /workspace/source/target/sonar/ucfg2/js
[INFO] No UCFGs have been included for analysis.
[INFO] Sensor JsSecuritySensor [security] (done) | time=1ms
[INFO] ------------- Run sensors on project
[INFO] Sensor Zero Coverage Sensor
[INFO] Sensor Zero Coverage Sensor (done) | time=1ms
[INFO] Sensor Java CPD Block Inde**r
[INFO] Sensor Java CPD Block Inde**r (done) | time=43ms
[INFO] SCM Publisher SCM provider for this project is: git
[INFO] SCM Publisher 9 source files to be analyzed
[INFO] SCM Publisher 8/9 source files have been analyzed (done) | time=246ms
[WARNING] Missing blame information for the following files:
[WARNING]   * pom.xml
[WARNING] This may lead to missing/broken features in SonarCloud
[INFO] CPD E**cutor Calculating CPD for 4 files
[INFO] CPD E**cutor CPD calculation finished (done) | time=22ms
[INFO] SCM writing changed lines
[INFO] SCM writing changed lines (done) | time=91ms
[INFO] Analysis report generated in 1076ms, dir size=264 KB
[INFO] Analysis report compressed in 32ms, zip size=73 KB
[INFO] Analysis report uploaded in 95ms
[INFO] ANALYSIS SUCCESSFUL, you can find the results at: https://sonarcloud.io/dashboard?id=entando-k8s_entando-k8s-dbjob&pullRequest=5
[INFO] Note that you will be able to access the updated dashboard once the server has processed the submitted analysis report
[INFO] More about the report processing at https://sonarcloud.io/api/ce/task?id=AXb6yoMHJRW51xNFolnm
[INFO] Analysis total time: 15.010 s
[INFO] ------------------------------------------------------------------------
[INFO] BUILD SUCCESS
[INFO] ------------------------------------------------------------------------
[INFO] Total time:  02:47 min
[INFO] Finished at: 2021-01-13T08:09:04Z
[INFO] ------------------------------------------------------------------------
Picked up _JAVA_OPTIONS: -XX:+UnlockExperimentalVMOptions -Dsun.zip.disableMemoryMapping=**** -XX:+UseParallelGC -XX:MinHeapFreeRatio=5 -XX:MaxHeapFreeRatio=10 -XX:GCTimeRatio=4 -XX:AdaptiveSizePolicyWeight=90 -Xms10m -Xmx8000m
[INFO] Scanning for projects...
[INFO] 
[INFO] -------------------< org.entando:entando-k8s-dbjob >--------------------
[INFO] Building Entando K8S Database Job 0.0.0-SNAPSHOT-PR-5-2
[INFO] --------------------------------[ jar ]---------------------------------
[INFO] 
[INFO] --- maven-site-plugin:3.9.0:site (default-site) @ entando-k8s-dbjob ---
[INFO] configuring report plugin org.apache.maven.plugins:maven-project-info-reports-plugin:3.0.0
[INFO] 9 reports configured for maven-project-info-reports-plugin:3.0.0: dependency-info, distribution-management, index, ci-management, issue-management, licenses, plugins, scm, summary
[INFO] Rendering site with default locale English (en)
[WARNING] Unable to find a URL to the parent project. The parent menu will NOT be added.
[INFO] Relativizing decoration links with respect to localized project URL: https://central.entando.com
[INFO] Rendering content with org.apache.maven.skins:maven-default-skin:jar:1.3 skin.
[INFO] Generating "Dependency Information" report --- maven-project-info-reports-plugin:3.0.0:dependency-info
[INFO] Generating "About" report         --- maven-project-info-reports-plugin:3.0.0:index
[INFO] Generating "Issue Management" report --- maven-project-info-reports-plugin:3.0.0:issue-management
[INFO] Generating "Licenses" report      --- maven-project-info-reports-plugin:3.0.0:licenses
[INFO] Generating "Plugins" report       --- maven-project-info-reports-plugin:3.0.0:plugins
[INFO] Generating "Source Code Management" report --- maven-project-info-reports-plugin:3.0.0:scm
[INFO] Generating "Summary" report       --- maven-project-info-reports-plugin:3.0.0:summary
[INFO] ------------------------------------------------------------------------
[INFO] BUILD SUCCESS
[INFO] ------------------------------------------------------------------------
[INFO] Total time:  23.694 s
[INFO] Finished at: 2021-01-13T08:09:30Z
[INFO] ------------------------------------------------------------------------
shallow cloning https://github.com/entando-k8s/devops-results.git branch gh-pages
ran git init in /tmp/jenkins-x-collect216608835
ran git add remote origin https://github.com/entando-k8s/devops-results.git in /tmp/jenkins-x-collect216608835
ran git fetch origin --depth=1 gh-pages in dir /tmp/jenkins-x-collect216608835
Publishing https://raw.githubusercontent.com/entando-k8s/devops-results/gh-pages/entando-k8s-dbjob/PR-5/checkstyle.html
Publishing https://raw.githubusercontent.com/entando-k8s/devops-results/gh-pages/entando-k8s-dbjob/PR-5/checkstyle.rss
Publishing https://raw.githubusercontent.com/entando-k8s/devops-results/gh-pages/entando-k8s-dbjob/PR-5/css/maven-base.css
Publishing https://raw.githubusercontent.com/entando-k8s/devops-results/gh-pages/entando-k8s-dbjob/PR-5/css/maven-theme.css
Publishing https://raw.githubusercontent.com/entando-k8s/devops-results/gh-pages/entando-k8s-dbjob/PR-5/css/print.css
Publishing https://raw.githubusercontent.com/entando-k8s/devops-results/gh-pages/entando-k8s-dbjob/PR-5/css/site.css
Publishing https://raw.githubusercontent.com/entando-k8s/devops-results/gh-pages/entando-k8s-dbjob/PR-5/dependency-check-junit.xml
Publishing https://raw.githubusercontent.com/entando-k8s/devops-results/gh-pages/entando-k8s-dbjob/PR-5/dependency-check-report.html
Publishing https://raw.githubusercontent.com/entando-k8s/devops-results/gh-pages/entando-k8s-dbjob/PR-5/dependency-check-report.xml
Publishing https://raw.githubusercontent.com/entando-k8s/devops-results/gh-pages/entando-k8s-dbjob/PR-5/dependency-info.html
Publishing https://raw.githubusercontent.com/entando-k8s/devops-results/gh-pages/entando-k8s-dbjob/PR-5/images/collapsed.gif
Publishing https://raw.githubusercontent.com/entando-k8s/devops-results/gh-pages/entando-k8s-dbjob/PR-5/images/expanded.gif
Publishing https://raw.githubusercontent.com/entando-k8s/devops-results/gh-pages/entando-k8s-dbjob/PR-5/images/external.png
Publishing https://raw.githubusercontent.com/entando-k8s/devops-results/gh-pages/entando-k8s-dbjob/PR-5/images/icon_error_sml.gif
Publishing https://raw.githubusercontent.com/entando-k8s/devops-results/gh-pages/entando-k8s-dbjob/PR-5/images/icon_info_sml.gif
Publishing https://raw.githubusercontent.com/entando-k8s/devops-results/gh-pages/entando-k8s-dbjob/PR-5/images/icon_success_sml.gif
Publishing https://raw.githubusercontent.com/entando-k8s/devops-results/gh-pages/entando-k8s-dbjob/PR-5/images/icon_warning_sml.gif
Publishing https://raw.githubusercontent.com/entando-k8s/devops-results/gh-pages/entando-k8s-dbjob/PR-5/images/logos/build-by-maven-black.png
Publishing https://raw.githubusercontent.com/entando-k8s/devops-results/gh-pages/entando-k8s-dbjob/PR-5/images/logos/build-by-maven-white.png
Publishing https://raw.githubusercontent.com/entando-k8s/devops-results/gh-pages/entando-k8s-dbjob/PR-5/images/logos/maven-feather.png
Publishing https://raw.githubusercontent.com/entando-k8s/devops-results/gh-pages/entando-k8s-dbjob/PR-5/images/newwindow.png
Publishing https://raw.githubusercontent.com/entando-k8s/devops-results/gh-pages/entando-k8s-dbjob/PR-5/images/rss.png
Publishing https://raw.githubusercontent.com/entando-k8s/devops-results/gh-pages/entando-k8s-dbjob/PR-5/index.html
Publishing https://raw.githubusercontent.com/entando-k8s/devops-results/gh-pages/entando-k8s-dbjob/PR-5/issue-management.html
Publishing https://raw.githubusercontent.com/entando-k8s/devops-results/gh-pages/entando-k8s-dbjob/PR-5/jacoco/index.html
Publishing https://raw.githubusercontent.com/entando-k8s/devops-results/gh-pages/entando-k8s-dbjob/PR-5/jacoco/jacoco-resources/branchfc.gif
Publishing https://raw.githubusercontent.com/entando-k8s/devops-results/gh-pages/entando-k8s-dbjob/PR-5/jacoco/jacoco-resources/branchnc.gif
Publishing https://raw.githubusercontent.com/entando-k8s/devops-results/gh-pages/entando-k8s-dbjob/PR-5/jacoco/jacoco-resources/branchpc.gif
Publishing https://raw.githubusercontent.com/entando-k8s/devops-results/gh-pages/entando-k8s-dbjob/PR-5/jacoco/jacoco-resources/bundle.gif
Publishing https://raw.githubusercontent.com/entando-k8s/devops-results/gh-pages/entando-k8s-dbjob/PR-5/jacoco/jacoco-resources/class.gif
Publishing https://raw.githubusercontent.com/entando-k8s/devops-results/gh-pages/entando-k8s-dbjob/PR-5/jacoco/jacoco-resources/down.gif
Publishing https://raw.githubusercontent.com/entando-k8s/devops-results/gh-pages/entando-k8s-dbjob/PR-5/jacoco/jacoco-resources/greenbar.gif
Publishing https://raw.githubusercontent.com/entando-k8s/devops-results/gh-pages/entando-k8s-dbjob/PR-5/jacoco/jacoco-resources/group.gif
Publishing https://raw.githubusercontent.com/entando-k8s/devops-results/gh-pages/entando-k8s-dbjob/PR-5/jacoco/jacoco-resources/method.gif
Publishing https://raw.githubusercontent.com/entando-k8s/devops-results/gh-pages/entando-k8s-dbjob/PR-5/jacoco/jacoco-resources/package.gif
Publishing https://raw.githubusercontent.com/entando-k8s/devops-results/gh-pages/entando-k8s-dbjob/PR-5/jacoco/jacoco-resources/prettify.css
Publishing https://raw.githubusercontent.com/entando-k8s/devops-results/gh-pages/entando-k8s-dbjob/PR-5/jacoco/jacoco-resources/prettify.js
Publishing https://raw.githubusercontent.com/entando-k8s/devops-results/gh-pages/entando-k8s-dbjob/PR-5/jacoco/jacoco-resources/redbar.gif
Publishing https://raw.githubusercontent.com/entando-k8s/devops-results/gh-pages/entando-k8s-dbjob/PR-5/jacoco/jacoco-resources/report.css
Publishing https://raw.githubusercontent.com/entando-k8s/devops-results/gh-pages/entando-k8s-dbjob/PR-5/jacoco/jacoco-resources/report.gif
Publishing https://raw.githubusercontent.com/entando-k8s/devops-results/gh-pages/entando-k8s-dbjob/PR-5/jacoco/jacoco-resources/session.gif
Publishing https://raw.githubusercontent.com/entando-k8s/devops-results/gh-pages/entando-k8s-dbjob/PR-5/jacoco/jacoco-resources/sort.gif
Publishing https://raw.githubusercontent.com/entando-k8s/devops-results/gh-pages/entando-k8s-dbjob/PR-5/jacoco/jacoco-resources/sort.js
Publishing https://raw.githubusercontent.com/entando-k8s/devops-results/gh-pages/entando-k8s-dbjob/PR-5/jacoco/jacoco-resources/source.gif
Publishing https://raw.githubusercontent.com/entando-k8s/devops-results/gh-pages/entando-k8s-dbjob/PR-5/jacoco/jacoco-resources/up.gif
Publishing https://raw.githubusercontent.com/entando-k8s/devops-results/gh-pages/entando-k8s-dbjob/PR-5/jacoco/jacoco-sessions.html
Publishing https://raw.githubusercontent.com/entando-k8s/devops-results/gh-pages/entando-k8s-dbjob/PR-5/jacoco/jacoco.csv
Publishing https://raw.githubusercontent.com/entando-k8s/devops-results/gh-pages/entando-k8s-dbjob/PR-5/jacoco/jacoco.xml
Publishing https://raw.githubusercontent.com/entando-k8s/devops-results/gh-pages/entando-k8s-dbjob/PR-5/jacoco/org.entando.k8s.db.job/CreateSchemaCommand.html
Publishing https://raw.githubusercontent.com/entando-k8s/devops-results/gh-pages/entando-k8s-dbjob/PR-5/jacoco/org.entando.k8s.db.job/CreateSchemaCommand.java.html
Publishing https://raw.githubusercontent.com/entando-k8s/devops-results/gh-pages/entando-k8s-dbjob/PR-5/jacoco/org.entando.k8s.db.job/DatabaseDialect$1.html
Publishing https://raw.githubusercontent.com/entando-k8s/devops-results/gh-pages/entando-k8s-dbjob/PR-5/jacoco/org.entando.k8s.db.job/DatabaseDialect$2.html
Publishing https://raw.githubusercontent.com/entando-k8s/devops-results/gh-pages/entando-k8s-dbjob/PR-5/jacoco/org.entando.k8s.db.job/DatabaseDialect$3.html
Publishing https://raw.githubusercontent.com/entando-k8s/devops-results/gh-pages/entando-k8s-dbjob/PR-5/jacoco/org.entando.k8s.db.job/DatabaseDialect.html
Publishing https://raw.githubusercontent.com/entando-k8s/devops-results/gh-pages/entando-k8s-dbjob/PR-5/jacoco/org.entando.k8s.db.job/DatabaseDialect.java.html
Publishing https://raw.githubusercontent.com/entando-k8s/devops-results/gh-pages/entando-k8s-dbjob/PR-5/jacoco/org.entando.k8s.db.job/PropertiesBasedDatabaseAdminConfig.html
Publishing https://raw.githubusercontent.com/entando-k8s/devops-results/gh-pages/entando-k8s-dbjob/PR-5/jacoco/org.entando.k8s.db.job/PropertiesBasedDatabaseAdminConfig.java.html
Publishing https://raw.githubusercontent.com/entando-k8s/devops-results/gh-pages/entando-k8s-dbjob/PR-5/jacoco/org.entando.k8s.db.job/index.html
Publishing https://raw.githubusercontent.com/entando-k8s/devops-results/gh-pages/entando-k8s-dbjob/PR-5/jacoco/org.entando.k8s.db.job/index.source.html
Publishing https://raw.githubusercontent.com/entando-k8s/devops-results/gh-pages/entando-k8s-dbjob/PR-5/licenses.html
Publishing https://raw.githubusercontent.com/entando-k8s/devops-results/gh-pages/entando-k8s-dbjob/PR-5/plugins.html
Publishing https://raw.githubusercontent.com/entando-k8s/devops-results/gh-pages/entando-k8s-dbjob/PR-5/project-info.html
Publishing https://raw.githubusercontent.com/entando-k8s/devops-results/gh-pages/entando-k8s-dbjob/PR-5/scm.html
Publishing https://raw.githubusercontent.com/entando-k8s/devops-results/gh-pages/entando-k8s-dbjob/PR-5/summary.html
Publishing https://raw.githubusercontent.com/entando-k8s/devops-results/gh-pages/entando-k8s-dbjob/PR-5/surefire-report.html
stashed: https://raw.githubusercontent.com/entando-k8s/devops-results/gh-pages/entando-k8s-dbjob/PR-5/checkstyle.html
stashed: https://raw.githubusercontent.com/entando-k8s/devops-results/gh-pages/entando-k8s-dbjob/PR-5/checkstyle.rss
stashed: https://raw.githubusercontent.com/entando-k8s/devops-results/gh-pages/entando-k8s-dbjob/PR-5/css/maven-base.css
stashed: https://raw.githubusercontent.com/entando-k8s/devops-results/gh-pages/entando-k8s-dbjob/PR-5/css/maven-theme.css
stashed: https://raw.githubusercontent.com/entando-k8s/devops-results/gh-pages/entando-k8s-dbjob/PR-5/css/print.css
stashed: https://raw.githubusercontent.com/entando-k8s/devops-results/gh-pages/entando-k8s-dbjob/PR-5/css/site.css
stashed: https://raw.githubusercontent.com/entando-k8s/devops-results/gh-pages/entando-k8s-dbjob/PR-5/dependency-check-junit.xml
stashed: https://raw.githubusercontent.com/entando-k8s/devops-results/gh-pages/entando-k8s-dbjob/PR-5/dependency-check-report.html
stashed: https://raw.githubusercontent.com/entando-k8s/devops-results/gh-pages/entando-k8s-dbjob/PR-5/dependency-check-report.xml
stashed: https://raw.githubusercontent.com/entando-k8s/devops-results/gh-pages/entando-k8s-dbjob/PR-5/dependency-info.html
stashed: https://raw.githubusercontent.com/entando-k8s/devops-results/gh-pages/entando-k8s-dbjob/PR-5/images/collapsed.gif
stashed: https://raw.githubusercontent.com/entando-k8s/devops-results/gh-pages/entando-k8s-dbjob/PR-5/images/expanded.gif
stashed: https://raw.githubusercontent.com/entando-k8s/devops-results/gh-pages/entando-k8s-dbjob/PR-5/images/external.png
stashed: https://raw.githubusercontent.com/entando-k8s/devops-results/gh-pages/entando-k8s-dbjob/PR-5/images/icon_error_sml.gif
stashed: https://raw.githubusercontent.com/entando-k8s/devops-results/gh-pages/entando-k8s-dbjob/PR-5/images/icon_info_sml.gif
stashed: https://raw.githubusercontent.com/entando-k8s/devops-results/gh-pages/entando-k8s-dbjob/PR-5/images/icon_success_sml.gif
stashed: https://raw.githubusercontent.com/entando-k8s/devops-results/gh-pages/entando-k8s-dbjob/PR-5/images/icon_warning_sml.gif
stashed: https://raw.githubusercontent.com/entando-k8s/devops-results/gh-pages/entando-k8s-dbjob/PR-5/images/logos/build-by-maven-black.png
stashed: https://raw.githubusercontent.com/entando-k8s/devops-results/gh-pages/entando-k8s-dbjob/PR-5/images/logos/build-by-maven-white.png
stashed: https://raw.githubusercontent.com/entando-k8s/devops-results/gh-pages/entando-k8s-dbjob/PR-5/images/logos/maven-feather.png
stashed: https://raw.githubusercontent.com/entando-k8s/devops-results/gh-pages/entando-k8s-dbjob/PR-5/images/newwindow.png
stashed: https://raw.githubusercontent.com/entando-k8s/devops-results/gh-pages/entando-k8s-dbjob/PR-5/images/rss.png
stashed: https://raw.githubusercontent.com/entando-k8s/devops-results/gh-pages/entando-k8s-dbjob/PR-5/index.html
stashed: https://raw.githubusercontent.com/entando-k8s/devops-results/gh-pages/entando-k8s-dbjob/PR-5/issue-management.html
stashed: https://raw.githubusercontent.com/entando-k8s/devops-results/gh-pages/entando-k8s-dbjob/PR-5/jacoco/index.html
stashed: https://raw.githubusercontent.com/entando-k8s/devops-results/gh-pages/entando-k8s-dbjob/PR-5/jacoco/jacoco-resources/branchfc.gif
stashed: https://raw.githubusercontent.com/entando-k8s/devops-results/gh-pages/entando-k8s-dbjob/PR-5/jacoco/jacoco-resources/branchnc.gif
stashed: https://raw.githubusercontent.com/entando-k8s/devops-results/gh-pages/entando-k8s-dbjob/PR-5/jacoco/jacoco-resources/branchpc.gif
stashed: https://raw.githubusercontent.com/entando-k8s/devops-results/gh-pages/entando-k8s-dbjob/PR-5/jacoco/jacoco-resources/bundle.gif
stashed: https://raw.githubusercontent.com/entando-k8s/devops-results/gh-pages/entando-k8s-dbjob/PR-5/jacoco/jacoco-resources/class.gif
stashed: https://raw.githubusercontent.com/entando-k8s/devops-results/gh-pages/entando-k8s-dbjob/PR-5/jacoco/jacoco-resources/down.gif
stashed: https://raw.githubusercontent.com/entando-k8s/devops-results/gh-pages/entando-k8s-dbjob/PR-5/jacoco/jacoco-resources/greenbar.gif
stashed: https://raw.githubusercontent.com/entando-k8s/devops-results/gh-pages/entando-k8s-dbjob/PR-5/jacoco/jacoco-resources/group.gif
stashed: https://raw.githubusercontent.com/entando-k8s/devops-results/gh-pages/entando-k8s-dbjob/PR-5/jacoco/jacoco-resources/method.gif
stashed: https://raw.githubusercontent.com/entando-k8s/devops-results/gh-pages/entando-k8s-dbjob/PR-5/jacoco/jacoco-resources/package.gif
stashed: https://raw.githubusercontent.com/entando-k8s/devops-results/gh-pages/entando-k8s-dbjob/PR-5/jacoco/jacoco-resources/prettify.css
stashed: https://raw.githubusercontent.com/entando-k8s/devops-results/gh-pages/entando-k8s-dbjob/PR-5/jacoco/jacoco-resources/prettify.js
stashed: https://raw.githubusercontent.com/entando-k8s/devops-results/gh-pages/entando-k8s-dbjob/PR-5/jacoco/jacoco-resources/redbar.gif
stashed: https://raw.githubusercontent.com/entando-k8s/devops-results/gh-pages/entando-k8s-dbjob/PR-5/jacoco/jacoco-resources/report.css
stashed: https://raw.githubusercontent.com/entando-k8s/devops-results/gh-pages/entando-k8s-dbjob/PR-5/jacoco/jacoco-resources/report.gif
stashed: https://raw.githubusercontent.com/entando-k8s/devops-results/gh-pages/entando-k8s-dbjob/PR-5/jacoco/jacoco-resources/session.gif
stashed: https://raw.githubusercontent.com/entando-k8s/devops-results/gh-pages/entando-k8s-dbjob/PR-5/jacoco/jacoco-resources/sort.gif
stashed: https://raw.githubusercontent.com/entando-k8s/devops-results/gh-pages/entando-k8s-dbjob/PR-5/jacoco/jacoco-resources/sort.js
stashed: https://raw.githubusercontent.com/entando-k8s/devops-results/gh-pages/entando-k8s-dbjob/PR-5/jacoco/jacoco-resources/source.gif
stashed: https://raw.githubusercontent.com/entando-k8s/devops-results/gh-pages/entando-k8s-dbjob/PR-5/jacoco/jacoco-resources/up.gif
stashed: https://raw.githubusercontent.com/entando-k8s/devops-results/gh-pages/entando-k8s-dbjob/PR-5/jacoco/jacoco-sessions.html
stashed: https://raw.githubusercontent.com/entando-k8s/devops-results/gh-pages/entando-k8s-dbjob/PR-5/jacoco/jacoco.csv
stashed: https://raw.githubusercontent.com/entando-k8s/devops-results/gh-pages/entando-k8s-dbjob/PR-5/jacoco/jacoco.xml
stashed: https://raw.githubusercontent.com/entando-k8s/devops-results/gh-pages/entando-k8s-dbjob/PR-5/jacoco/org.entando.k8s.db.job/CreateSchemaCommand.html
stashed: https://raw.githubusercontent.com/entando-k8s/devops-results/gh-pages/entando-k8s-dbjob/PR-5/jacoco/org.entando.k8s.db.job/CreateSchemaCommand.java.html
stashed: https://raw.githubusercontent.com/entando-k8s/devops-results/gh-pages/entando-k8s-dbjob/PR-5/jacoco/org.entando.k8s.db.job/DatabaseDialect$1.html
stashed: https://raw.githubusercontent.com/entando-k8s/devops-results/gh-pages/entando-k8s-dbjob/PR-5/jacoco/org.entando.k8s.db.job/DatabaseDialect$2.html
stashed: https://raw.githubusercontent.com/entando-k8s/devops-results/gh-pages/entando-k8s-dbjob/PR-5/jacoco/org.entando.k8s.db.job/DatabaseDialect$3.html
stashed: https://raw.githubusercontent.com/entando-k8s/devops-results/gh-pages/entando-k8s-dbjob/PR-5/jacoco/org.entando.k8s.db.job/DatabaseDialect.html
stashed: https://raw.githubusercontent.com/entando-k8s/devops-results/gh-pages/entando-k8s-dbjob/PR-5/jacoco/org.entando.k8s.db.job/DatabaseDialect.java.html
stashed: https://raw.githubusercontent.com/entando-k8s/devops-results/gh-pages/entando-k8s-dbjob/PR-5/jacoco/org.entando.k8s.db.job/PropertiesBasedDatabaseAdminConfig.html
stashed: https://raw.githubusercontent.com/entando-k8s/devops-results/gh-pages/entando-k8s-dbjob/PR-5/jacoco/org.entando.k8s.db.job/PropertiesBasedDatabaseAdminConfig.java.html
stashed: https://raw.githubusercontent.com/entando-k8s/devops-results/gh-pages/entando-k8s-dbjob/PR-5/jacoco/org.entando.k8s.db.job/index.html
stashed: https://raw.githubusercontent.com/entando-k8s/devops-results/gh-pages/entando-k8s-dbjob/PR-5/jacoco/org.entando.k8s.db.job/index.source.html
stashed: https://raw.githubusercontent.com/entando-k8s/devops-results/gh-pages/entando-k8s-dbjob/PR-5/licenses.html
stashed: https://raw.githubusercontent.com/entando-k8s/devops-results/gh-pages/entando-k8s-dbjob/PR-5/plugins.html
stashed: https://raw.githubusercontent.com/entando-k8s/devops-results/gh-pages/entando-k8s-dbjob/PR-5/project-info.html
stashed: https://raw.githubusercontent.com/entando-k8s/devops-results/gh-pages/entando-k8s-dbjob/PR-5/scm.html
stashed: https://raw.githubusercontent.com/entando-k8s/devops-results/gh-pages/entando-k8s-dbjob/PR-5/summary.html
stashed: https://raw.githubusercontent.com/entando-k8s/devops-results/gh-pages/entando-k8s-dbjob/PR-5/surefire-report.html
error: etcdserver: request is too large
Pre-deployment tests failed for entando-k8s-dbjob-PR-5.
  % Total    % Received % Xferd  Average Speed   Time    Time     Time  Current
                                 Dload  Upload   Total   Spent    Left  Speed
  0     0    0     0    0     0      0      0 --:--:-- --:--:-- --:--:--     0 11  1838    0     0  100   208      0    330 --:--:-- --:--:-- --:--:--   330100  1838  100  1630  100   208   2585    329 --:--:-- --:--:-- --:--:--  2583
{
  "url": "https://api.github.com/repos/entando-k8s/entando-k8s-dbjob/statuses/6959895175cba660f8f490cd1d4dd6c36b3cea4f",
  "avatar_url": "https://avatars2.githubusercontent.com/u/57885396?v=4",
  "id": 11841742298,
  "node_id": "MDEzOlN0YXR1c0NvbnRleHQxMTg0MTc0MjI5OA==",
  "state": "failure",
  "description": "Pre-deployment tests failure!",
  "target_url": "https://entando-k8s.github.io/devops-results/entando-k8s-dbjob/PR-5/surefire-report.html",
  "context": "Pre-deployment tests",
  "created_at": "2021-01-13T08:10:26Z",
  "updated_at": "2021-01-13T08:10:26Z",
  "creator": {
    "login": "entando-**",
    "id": 57885396,
    "node_id": "MDQ6VXNlcjU3ODg1Mzk2",
    "avatar_url": "https://avatars2.githubusercontent.com/u/57885396?v=4",
    "gravatar_id": "",
    "url": "https://api.github.com/users/**********",
    "html_url": "https://github.com/**********",
    "followers_url": "https://api.github.com/users/**********/followers",
    "following_url": "https://api.github.com/users/entando-**/following{/other_user}",
    "gists_url": "https://api.github.com/users/**********/gists{/gist_id}",
    "starred_url": "https://api.github.com/users/**********/starred{/owner}{/repo}",
    "subscriptions_url": "https://api.github.com/users/**********/subscriptions",
    "organizations_url": "https://api.github.com/users/**********/orgs",
    "repos_url": "https://api.github.com/users/**********/repos",
    "events_url": "https://api.github.com/users/**********/events{/privacy}",
    "received_events_url": "https://api.github.com/users/entando-**/received_events",
    "type": "User",
    "site_*****": false
  }
}
  % Total    % Received % Xferd  Average Speed   Time    Time     Time  Current
                                 Dload  Upload   Total   Spent    Left  Speed
  0     0    0     0    0     0      0      0 --:--:-- --:--:-- --:--:--     0 10  1788    0     0  100   183      0    266 --:--:-- --:--:-- --:--:--   266100  1788  100  1605  100   183   2340    266 --:--:-- --:--:-- --:--:--  2339
{
  "url": "https://api.github.com/repos/entando-k8s/entando-k8s-dbjob/statuses/6959895175cba660f8f490cd1d4dd6c36b3cea4f",
  "avatar_url": "https://avatars2.githubusercontent.com/u/57885396?v=4",
  "id": 11841742376,
  "node_id": "MDEzOlN0YXR1c0NvbnRleHQxMTg0MTc0MjM3Ng==",
  "state": "success",
  "description": "Checkstyle success!",
  "target_url": "https://entando-k8s.github.io/devops-results/entando-k8s-dbjob/PR-5/checkstyle.html",
  "context": "Checkstyle",
  "created_at": "2021-01-13T08:10:27Z",
  "updated_at": "2021-01-13T08:10:27Z",
  "creator": {
    "login": "**********",
    "id": 57885396,
    "node_id": "MDQ6VXNlcjU3ODg1Mzk2",
    "avatar_url": "https://avatars2.githubusercontent.com/u/57885396?v=4",
    "gravatar_id": "",
    "url": "https://api.github.com/users/entando-**",
    "html_url": "https://github.com/**********",
    "followers_url": "https://api.github.com/users/**********/followers",
    "following_url": "https://api.github.com/users/**********/following{/other_user}",
    "gists_url": "https://api.github.com/users/**********/gists{/gist_id}",
    "starred_url": "https://api.github.com/users/**********/starred{/owner}{/repo}",
    "subscriptions_url": "https://api.github.com/users/entando-**/subscriptions",
    "organizations_url": "https://api.github.com/users/**********/orgs",
    "repos_url": "https://api.github.com/users/**********/repos",
    "events_url": "https://api.github.com/users/**********/events{/privacy}",
    "received_events_url": "https://api.github.com/users/**********/received_events",
    "type": "User",
    "site_*****": false
  }
}
  % Total    % Received % Xferd  Average Speed   Time    Time     Time  Current
                                 Dload  Upload   Total   Spent    Left  Speed
  0     0    0     0    0     0      0      0 --:--:-- --:--:-- --:--:--     0100  1810  100  1616  100   194   1916    230 --:--:-- --:--:-- --:--:--  1916
{
  "url": "https://api.github.com/repos/entando-k8s/entando-k8s-dbjob/statuses/6959895175cba660f8f490cd1d4dd6c36b3cea4f",
  "avatar_url": "https://avatars2.githubusercontent.com/u/57885396?v=4",
  "id": 11841742471,
  "node_id": "MDEzOlN0YXR1c0NvbnRleHQxMTg0MTc0MjQ3MQ==",
  "state": "success",
  "description": "OWASP CVE success!",
  "target_url": "https://entando-k8s.github.io/devops-results/entando-k8s-dbjob/PR-5/dependency-check-report.html",
  "context": "OWASP CVE",
  "created_at": "2021-01-13T08:10:28Z",
  "updated_at": "2021-01-13T08:10:28Z",
  "creator": {
    "login": "entando-**",
    "id": 57885396,
    "node_id": "MDQ6VXNlcjU3ODg1Mzk2",
    "avatar_url": "https://avatars2.githubusercontent.com/u/57885396?v=4",
    "gravatar_id": "",
    "url": "https://api.github.com/users/entando-**",
    "html_url": "https://github.com/entando-**",
    "followers_url": "https://api.github.com/users/**********/followers",
    "following_url": "https://api.github.com/users/**********/following{/other_user}",
    "gists_url": "https://api.github.com/users/entando-**/gists{/gist_id}",
    "starred_url": "https://api.github.com/users/**********/starred{/owner}{/repo}",
    "subscriptions_url": "https://api.github.com/users/**********/subscriptions",
    "organizations_url": "https://api.github.com/users/**********/orgs",
    "repos_url": "https://api.github.com/users/**********/repos",
    "events_url": "https://api.github.com/users/entando-**/events{/privacy}",
    "received_events_url": "https://api.github.com/users/**********/received_events",
    "type": "User",
    "site_*****": false
  }
}
The following checks failed for entando-k8s-dbjob-PR-5:
Pre-deployment tests
[31m
Pipeline failed on stage 'from-build-pack' : container 'step-build-mvn-verify-pr'. The execution of the pipeline has stopped.[0m
