
Showing logs for build [32mentando-k8s-entando-k8s-control-rwrxg-1[0m stage [32mfrom-build-pack[0m and container [32mstep-credential-initializer-xphnj[0m
{"level":"warn","ts":1610324975.6200368,"logger":"fallback-logger","caller":"logging/config.go:69","msg":"Fetch GitHub commit ID from kodata failed: \"ref: refs/heads/0.8.0-**-support-backwards-incompats\" is not a valid GitHub commit ID"}
{"level":"info","ts":1610324975.6260443,"logger":"fallback-logger","caller":"creds-init/main.go:40","msg":"Credentials initialized."}

Showing logs for build [32mentando-k8s-entando-k8s-control-rwrxg-1[0m stage [32mfrom-build-pack[0m and container [32mstep-working-dir-initializer-7g8rz[0m
{"level":"warn","ts":1610324980.8154943,"logger":"fallback-logger","caller":"logging/config.go:69","msg":"Fetch GitHub commit ID from kodata failed: open /var/run/ko/HEAD: no such file or directory"}
{"level":"info","ts":1610324980.8269596,"logger":"fallback-logger","caller":"bash/main.go:64","msg":"Successfully e**cuted command \"sh -c mkdir -p /workspace/source\"; output "}

Showing logs for build [32mentando-k8s-entando-k8s-control-rwrxg-1[0m stage [32mfrom-build-pack[0m and container [32mstep-place-tools[0m

Showing logs for build [32mentando-k8s-entando-k8s-control-rwrxg-1[0m stage [32mfrom-build-pack[0m and container [32mstep-git-source-entando-k8s-entando-k8s-control-kmddb[0m
{"level":"warn","ts":1610325013.9126453,"logger":"fallback-logger","caller":"logging/config.go:69","msg":"Fetch GitHub commit ID from kodata failed: \"ref: refs/heads/0.8.0-**-support-backwards-incompats\" is not a valid GitHub commit ID"}
{"level":"info","ts":1610325015.3198645,"logger":"fallback-logger","caller":"git/git.go:103","msg":"Successfully cloned https://github.com/entando-k8s/entando-k8s-controller-coordinator.git @ master in path /workspace/source"}

Showing logs for build [32mentando-k8s-entando-k8s-control-rwrxg-1[0m stage [32mfrom-build-pack[0m and container [32mstep-git-merge[0m
Using SHAs from PULL_REFS=master:56488f4031dfb222efcff6b9234f5953ead00ca9,64:4bead099362e91ff92fb8b5690b15871a53aed10
DEBUG: ran git fetch --unshallow origin 4bead099362e91ff92fb8b5690b15871a53aed10: 56488f4031dfb222efcff6b9234f5953ead00ca9: in 
DEBUG: ran git checkout master in 
DEBUG: ran git reset --hard 56488f4031dfb222efcff6b9234f5953ead00ca9 in 
DEBUG: ran clean --force -d . in 
DEBUG: ran git merge 4bead099362e91ff92fb8b5690b15871a53aed10 in 
Merged SHA 4bead099362e91ff92fb8b5690b15871a53aed10 with commit message 'Revert entando-k8s-plugin-controller to 6.2.8 due to integration test errors' into base branch master

Showing logs for build [32mentando-k8s-entando-k8s-control-rwrxg-1[0m stage [32mfrom-build-pack[0m and container [32mstep-build-set-version[0m
Picked up _JAVA_OPTIONS: -XX:+UnlockExperimentalVMOptions -Dsun.zip.disableMemoryMapping=**** -XX:+UseParallelGC -XX:MinHeapFreeRatio=5 -XX:MaxHeapFreeRatio=10 -XX:GCTimeRatio=4 -XX:AdaptiveSizePolicyWeight=90 -Xms1000m -Xmx12000m
[INFO] Scanning for projects...
[INFO] 
[INFO] -----------< org.entando:entando-k8s-controller-coordinator >-----------
[INFO] Building Entando K8S Controller Coordinator 6.2.0-SNAPSHOT
[INFO] --------------------------------[ jar ]---------------------------------
[INFO] 
[INFO] --- versions-maven-plugin:2.8.1:set (default-cli) @ entando-k8s-controller-coordinator ---
[INFO] Local aggregation ****: /workspace/source
[INFO] Processing change of org.entando:entando-k8s-controller-coordinator:6.2.0-SNAPSHOT -> 0.0.0-SNAPSHOT-PR-64-1
[INFO] Processing org.entando:entando-k8s-controller-coordinator
[INFO]     Updating project org.entando:entando-k8s-controller-coordinator
[INFO]         from version 6.2.0-SNAPSHOT to 0.0.0-SNAPSHOT-PR-64-1
[INFO] 
[INFO] ------------------------------------------------------------------------
[INFO] BUILD SUCCESS
[INFO] ------------------------------------------------------------------------
[INFO] Total time:  10.488 s
[INFO] Finished at: 2021-01-11T00:30:30Z
[INFO] ------------------------------------------------------------------------

Showing logs for build [32mentando-k8s-entando-k8s-control-rwrxg-1[0m stage [32mfrom-build-pack[0m and container [32mstep-build-fix-git-for-sonar[0m
M	pom.xml
Switched to a new branch 'PR-64'
Deleted branch master (was 4bead09).
From https://github.com/entando-k8s/entando-k8s-controller-coordinator
 * [new branch]      master                  -> master
 * [new tag]         Entando6.2.1-pre-test01 -> Entando6.2.1-pre-test01

Showing logs for build [32mentando-k8s-entando-k8s-control-rwrxg-1[0m stage [32mfrom-build-pack[0m and container [32mstep-build-mvn-verify-pr[0m
  % Total    % Received % Xferd  Average Speed   Time    Time     Time  Current
                                 Dload  Upload   Total   Spent    Left  Speed
  0     0    0     0    0     0      0      0 --:--:-- --:--:-- --:--:--     0  0     0    0     0    0     0      0      0 --:--:-- --:--:-- --:--:--     0100  1891  100  1665  100   226   2213    300 --:--:-- --:--:-- --:--:--  2220
{
  "url": "https://api.github.com/repos/entando-k8s/entando-k8s-controller-coordinator/statuses/4bead099362e91ff92fb8b5690b15871a53aed10",
  "avatar_url": "https://avatars2.githubusercontent.com/u/57885396?v=4",
  "id": 11814189948,
  "node_id": "MDEzOlN0YXR1c0NvbnRleHQxMTgxNDE4OTk0OA==",
  "state": "pending",
  "description": "Pre-deployment tests pending!",
  "target_url": "https://entando-k8s.github.io/devops-results/entando-k8s-controller-coordinator/PR-64/surefire-report.html",
  "context": "Pre-deployment tests",
  "created_at": "2021-01-11T00:30:33Z",
  "updated_at": "2021-01-11T00:30:33Z",
  "creator": {
    "login": "**********",
    "id": 57885396,
    "node_id": "MDQ6VXNlcjU3ODg1Mzk2",
    "avatar_url": "https://avatars2.githubusercontent.com/u/57885396?v=4",
    "gravatar_id": "",
    "url": "https://api.github.com/users/**********",
    "html_url": "https://github.com/**********",
    "followers_url": "https://api.github.com/users/**********/followers",
    "following_url": "https://api.github.com/users/**********/following{/other_user}",
    "gists_url": "https://api.github.com/users/**********/gists{/gist_id}",
    "starred_url": "https://api.github.com/users/**********/starred{/owner}{/repo}",
    "subscriptions_url": "https://api.github.com/users/**********/subscriptions",
    "organizations_url": "https://api.github.com/users/**********/orgs",
    "repos_url": "https://api.github.com/users/**********/repos",
    "events_url": "https://api.github.com/users/**********/events{/privacy}",
    "received_events_url": "https://api.github.com/users/**********/received_events",
    "type": "User",
    "site_*****": false
  }
}
  % Total    % Received % Xferd  Average Speed   Time    Time     Time  Current
                                 Dload  Upload   Total   Spent    Left  Speed
{
  "url": "https://api.github.com/repos/entando-k8s/entando-k8s-controller-coordinator/statuses/4bead099362e91ff92fb8b5690b15871a53aed10",
  "avatar_url": "https://avatars2.githubusercontent.com/u/57885396?v=4",
  "id": 11814189985,
  "node_id": "MDEzOlN0YXR1c0NvbnRleHQxMTgxNDE4OTk4NQ==",
  "state": "pending",
  "description": "Post-deployment tests pending!",
  "target_url": "https://entando-k8s.github.io/devops-results/entando-k8s-controller-coordinator/PR-64/failsafe-report.html",
  "context": "Post-deployment tests",
  0     0    0     0    0     0      0      0 --:--:-- --:--:-- --:--:--     0 12  1895    0     0  100   228      0    333 --:--:-- --:--:-- --:--:--   334100  1895  100  1667  100   228   2437    333 --:--:-- --:--:-- --:--:--  2447
  "created_at": "2021-01-11T00:30:34Z",
  "updated_at": "2021-01-11T00:30:34Z",
  "creator": {
    "login": "**********",
    "id": 57885396,
    "node_id": "MDQ6VXNlcjU3ODg1Mzk2",
    "avatar_url": "https://avatars2.githubusercontent.com/u/57885396?v=4",
    "gravatar_id": "",
    "url": "https://api.github.com/users/entando-**",
    "html_url": "https://github.com/entando-**",
    "followers_url": "https://api.github.com/users/entando-**/followers",
    "following_url": "https://api.github.com/users/**********/following{/other_user}",
    "gists_url": "https://api.github.com/users/**********/gists{/gist_id}",
    "starred_url": "https://api.github.com/users/**********/starred{/owner}{/repo}",
    "subscriptions_url": "https://api.github.com/users/entando-**/subscriptions",
    "organizations_url": "https://api.github.com/users/**********/orgs",
    "repos_url": "https://api.github.com/users/entando-**/repos",
    "events_url": "https://api.github.com/users/entando-**/events{/privacy}",
    "received_events_url": "https://api.github.com/users/**********/received_events",
    "type": "User",
    "site_*****": false
  }
}
Picked up _JAVA_OPTIONS: -XX:+UnlockExperimentalVMOptions -Dsun.zip.disableMemoryMapping=**** -XX:+UseParallelGC -XX:MinHeapFreeRatio=5 -XX:MaxHeapFreeRatio=10 -XX:GCTimeRatio=4 -XX:AdaptiveSizePolicyWeight=90 -Xms1000m -Xmx12000m
[INFO] Scanning for projects...
[INFO] 
[INFO] -----------< org.entando:entando-k8s-controller-coordinator >-----------
[INFO] Building Entando K8S Controller Coordinator 0.0.0-SNAPSHOT-PR-64-1
[INFO] --------------------------------[ jar ]---------------------------------
[INFO] 
[INFO] --- maven-checkstyle-plugin:3.1.1:check (validate) @ entando-k8s-controller-coordinator ---
[INFO] Starting audit...
Audit done.
[INFO] You have 0 Checkstyle violations.
[INFO] 
[INFO] --- maven-checkstyle-plugin:3.1.1:checkstyle (validate) @ entando-k8s-controller-coordinator ---
[INFO] Starting audit...
Audit done.
[INFO] 
[INFO] --- jacoco-maven-plugin:0.8.5:prepare-agent (prepare-agent) @ entando-k8s-controller-coordinator ---
[INFO] argLine set to -javaagent:/home/jenkins/.mvnrepository/org/jacoco/org.jacoco.agent/0.8.5/org.jacoco.agent-0.8.5-runtime.jar=destfile=/workspace/source/target/jacoco.e**c
[INFO] 
[INFO] --- maven-resources-plugin:2.6:resources (default-resources) @ entando-k8s-controller-coordinator ---
[INFO] Using 'UTF-8' encoding to copy filtered resources.
[INFO] Copying 3 resources
[INFO] 
[INFO] --- maven-compiler-plugin:3.8.1:compile (default-compile) @ entando-k8s-controller-coordinator ---
[INFO] Changes detected - recompiling the module!
[INFO] Compiling 4 source files to /workspace/source/target/classes
[INFO] 
[INFO] --- maven-resources-plugin:2.6:testResources (default-testResources) @ entando-k8s-controller-coordinator ---
[INFO] Using 'UTF-8' encoding to copy filtered resources.
[INFO] Copying 6 resources
[INFO] 
[INFO] --- maven-compiler-plugin:3.8.1:testCompile (default-testCompile) @ entando-k8s-controller-coordinator ---
[INFO] Changes detected - recompiling the module!
[INFO] Compiling 7 source files to /workspace/source/target/test-classes
[INFO] 
[INFO] --- maven-surefire-plugin:3.0.0-M1:test (default-test) @ entando-k8s-controller-coordinator ---
[INFO] 
[INFO] -------------------------------------------------------
[INFO]  T E S T S
[INFO] -------------------------------------------------------
[INFO] Running org.entando.kubernetes.controller.coordinator.inprocesstests.EntandoOperatorMatcherTest
Jan 11, 2021 12:30:55 AM org.entando.kubernetes.controller.coordinator.EntandoOperatorMatcher matchesThisOperator
WARNING: Operator ID mismatch. Ignoring resource EntandoApp:null/null
Jan 11, 2021 12:30:56 AM org.entando.kubernetes.controller.coordinator.EntandoOperatorMatcher matchesThisOperator
WARNING: Operator version mismatch. Ignoring resource EntandoApp:null/null
Jan 11, 2021 12:30:56 AM org.entando.kubernetes.controller.coordinator.EntandoOperatorMatcher matchesThisOperator
WARNING: Operator ID mismatch. Ignoring resource EntandoApp:null/null
Jan 11, 2021 12:30:56 AM org.entando.kubernetes.controller.coordinator.EntandoOperatorMatcher matchesThisOperator
WARNING: Operator ID mismatch. Ignoring resource EntandoApp:null/null
[INFO] Tests run: 7, Failures: 0, Errors: 0, Skipped: 0, Time elapsed: 0.143 s - in org.entando.kubernetes.controller.coordinator.inprocesstests.EntandoOperatorMatcherTest
[INFO] Running org.entando.kubernetes.controller.coordinator.inprocesstests.ControllerCoordinatorEdgeConditionsTest
Jan 11, 2021 12:30:57 AM okhttp3.mockwebserver.MockWebServer$2 e**cute
INFO: MockWebServer[38739] starting to accept connections
Jan 11, 2021 12:30:58 AM okhttp3.mockwebserver.MockWebServer$3 processOneRequest
INFO: MockWebServer[38739] received request: GET /api/v1/namespaces/entando-k8s-controller-coordinator-carcpr64 HTTP/1.1 and responded: HTTP/1.1 404 Client Error
Jan 11, 2021 12:30:58 AM okhttp3.mockwebserver.MockWebServer$3 processOneRequest
INFO: MockWebServer[38739] received request: POST /api/v1/namespaces HTTP/1.1 and responded: HTTP/1.1 202 OK
Jan 11, 2021 12:30:58 AM okhttp3.mockwebserver.MockWebServer$3 processOneRequest
INFO: MockWebServer[38739] received request: GET /apis/apiextensions.k8s.io/v1beta1/customresourcedefinitions/entandokeycloakservers.entando.org HTTP/1.1 and responded: HTTP/1.1 404 Client Error
Jan 11, 2021 12:30:58 AM okhttp3.mockwebserver.MockWebServer$3 processOneRequest
INFO: MockWebServer[38739] received request: POST /apis/apiextensions.k8s.io/v1beta1/customresourcedefinitions HTTP/1.1 and responded: HTTP/1.1 202 OK
Jan 11, 2021 12:30:58 AM okhttp3.mockwebserver.MockWebServer$3 processOneRequest
INFO: MockWebServer[38739] received request: GET /api/v1/namespaces/entando-k8s-controller-coordinator-carcpr64 HTTP/1.1 and responded: HTTP/1.1 200 OK
Jan 11, 2021 12:30:58 AM okhttp3.mockwebserver.MockWebServer$3 processOneRequest
INFO: MockWebServer[38739] received request: GET /apis/entando.org/v1/namespaces/entando-k8s-controller-coordinator-carcpr64/entandokeycloakservers HTTP/1.1 and responded: HTTP/1.1 200 OK
Jan 11, 2021 12:30:58 AM okhttp3.mockwebserver.MockWebServer$3 processOneRequest
INFO: MockWebServer[38739] received request: GET /api/v1/namespaces/entando-k8s-controller-coordinator-carcpr64 HTTP/1.1 and responded: HTTP/1.1 200 OK
Jan 11, 2021 12:30:58 AM okhttp3.mockwebserver.MockWebServer$3 processOneRequest
INFO: MockWebServer[38739] received request: GET /apis/entando.org/v1/namespaces/entando-k8s-controller-coordinator-carcpr64/entandokeycloakservers HTTP/1.1 and responded: HTTP/1.1 200 OK
Jan 11, 2021 12:30:59 AM okhttp3.mockwebserver.MockWebServer$3 processOneRequest
INFO: MockWebServer[38739] received request: GET /apis/entando.org/v1/namespaces/entando-k8s-controller-coordinator-carcpr64/entandokeycloakservers HTTP/1.1 and responded: HTTP/1.1 200 OK
Jan 11, 2021 12:30:59 AM okhttp3.mockwebserver.MockWebServer$3 processOneRequest
INFO: MockWebServer[38739] received request: GET /apis/entando.org/v1/namespaces/entando-k8s-controller-coordinator-carcpr64/entandokeycloakservers?watch=**** HTTP/1.1 and responded: HTTP/1.1 200 OK
Jan 11, 2021 12:30:59 AM okhttp3.mockwebserver.MockWebServer$3 processOneRequest
INFO: MockWebServer[38739] received request: GET /apis/entando.org/v1/namespaces/entando-k8s-controller-coordinator-carcpr64/entandokeycloakservers?watch=**** HTTP/1.1 and responded: HTTP/1.1 200 OK
Jan 11, 2021 12:30:59 AM okhttp3.mockwebserver.MockWebServer$3 processOneRequest
INFO: MockWebServer[38739] received request: GET /apis/apiextensions.k8s.io/v1beta1/customresourcedefinitions/entandoclusterinfrastructures.entando.org HTTP/1.1 and responded: HTTP/1.1 404 Client Error
Jan 11, 2021 12:30:59 AM io.fabric8.kubernetes.client.dsl.internal.WatchHTTPManager$1 onResponse
INFO: Watch terminated unexpectedly. reason: \n not found: limit=46 content=7b2261706956657273696f6e223a227631222c226b696e64223a224c69737422â€¦
Jan 11, 2021 12:30:59 AM okhttp3.mockwebserver.MockWebServer$3 processOneRequest
INFO: MockWebServer[38739] received request: POST /apis/apiextensions.k8s.io/v1beta1/customresourcedefinitions HTTP/1.1 and responded: HTTP/1.1 202 OK
Jan 11, 2021 12:30:59 AM okhttp3.mockwebserver.MockWebServer$3 processOneRequest
INFO: MockWebServer[38739] received request: GET /api/v1/namespaces/entando-k8s-controller-coordinator-carcpr64 HTTP/1.1 and responded: HTTP/1.1 200 OK
Jan 11, 2021 12:30:59 AM okhttp3.mockwebserver.MockWebServer$3 processOneRequest
INFO: MockWebServer[38739] received request: GET /apis/entando.org/v1/namespaces/entando-k8s-controller-coordinator-carcpr64/entandoclusterinfrastructures HTTP/1.1 and responded: HTTP/1.1 200 OK
Jan 11, 2021 12:30:59 AM okhttp3.mockwebserver.MockWebServer$3 processOneRequest
INFO: MockWebServer[38739] received request: GET /api/v1/namespaces/entando-k8s-controller-coordinator-carcpr64 HTTP/1.1 and responded: HTTP/1.1 200 OK
Jan 11, 2021 12:30:59 AM okhttp3.mockwebserver.MockWebServer$3 processOneRequest
INFO: MockWebServer[38739] received request: GET /apis/entando.org/v1/namespaces/entando-k8s-controller-coordinator-carcpr64/entandoclusterinfrastructures HTTP/1.1 and responded: HTTP/1.1 200 OK
Jan 11, 2021 12:30:59 AM okhttp3.mockwebserver.MockWebServer$3 processOneRequest
INFO: MockWebServer[38739] received request: GET /apis/entando.org/v1/namespaces/entando-k8s-controller-coordinator-carcpr64/entandoclusterinfrastructures HTTP/1.1 and responded: HTTP/1.1 200 OK
Jan 11, 2021 12:30:59 AM okhttp3.mockwebserver.MockWebServer$3 processOneRequest
INFO: MockWebServer[38739] received request: GET /apis/entando.org/v1/namespaces/entando-k8s-controller-coordinator-carcpr64/entandoclusterinfrastructures?watch=**** HTTP/1.1 and responded: HTTP/1.1 200 OK
Jan 11, 2021 12:30:59 AM okhttp3.mockwebserver.MockWebServer$3 processOneRequest
INFO: MockWebServer[38739] received request: GET /apis/entando.org/v1/namespaces/entando-k8s-controller-coordinator-carcpr64/entandoclusterinfrastructures?watch=**** HTTP/1.1 and responded: HTTP/1.1 200 OK
Jan 11, 2021 12:30:59 AM okhttp3.mockwebserver.MockWebServer$3 processOneRequest
INFO: MockWebServer[38739] received request: GET /apis/apiextensions.k8s.io/v1beta1/customresourcedefinitions/entandoapps.entando.org HTTP/1.1 and responded: HTTP/1.1 404 Client Error
Jan 11, 2021 12:30:59 AM io.fabric8.kubernetes.client.dsl.internal.WatchHTTPManager$1 onResponse
INFO: Watch terminated unexpectedly. reason: \n not found: limit=46 content=7b2261706956657273696f6e223a227631222c226b696e64223a224c69737422â€¦
Jan 11, 2021 12:30:59 AM okhttp3.mockwebserver.MockWebServer$3 processOneRequest
INFO: MockWebServer[38739] received request: POST /apis/apiextensions.k8s.io/v1beta1/customresourcedefinitions HTTP/1.1 and responded: HTTP/1.1 202 OK
Jan 11, 2021 12:31:00 AM okhttp3.mockwebserver.MockWebServer$3 processOneRequest
INFO: MockWebServer[38739] received request: GET /api/v1/namespaces/entando-k8s-controller-coordinator-carcpr64 HTTP/1.1 and responded: HTTP/1.1 200 OK
Jan 11, 2021 12:31:00 AM okhttp3.mockwebserver.MockWebServer$3 processOneRequest
INFO: MockWebServer[38739] received request: GET /apis/entando.org/v1/namespaces/entando-k8s-controller-coordinator-carcpr64/entandoapps HTTP/1.1 and responded: HTTP/1.1 200 OK
Jan 11, 2021 12:31:00 AM okhttp3.mockwebserver.MockWebServer$3 processOneRequest
INFO: MockWebServer[38739] received request: GET /api/v1/namespaces/entando-k8s-controller-coordinator-carcpr64 HTTP/1.1 and responded: HTTP/1.1 200 OK
Jan 11, 2021 12:31:00 AM okhttp3.mockwebserver.MockWebServer$3 processOneRequest
INFO: MockWebServer[38739] received request: GET /apis/entando.org/v1/namespaces/entando-k8s-controller-coordinator-carcpr64/entandoapps HTTP/1.1 and responded: HTTP/1.1 200 OK
Jan 11, 2021 12:31:00 AM io.fabric8.kubernetes.client.dsl.internal.WatchHTTPManager$1 onResponse
INFO: Watch terminated unexpectedly. reason: \n not found: limit=46 content=7b2261706956657273696f6e223a227631222c226b696e64223a224c69737422â€¦
Jan 11, 2021 12:31:00 AM okhttp3.mockwebserver.MockWebServer$3 processOneRequest
INFO: MockWebServer[38739] received request: GET /apis/entando.org/v1/namespaces/entando-k8s-controller-coordinator-carcpr64/entandokeycloakservers?watch=**** HTTP/1.1 and responded: HTTP/1.1 200 OK
Jan 11, 2021 12:31:00 AM okhttp3.mockwebserver.MockWebServer$3 processOneRequest
INFO: MockWebServer[38739] received request: GET /apis/entando.org/v1/namespaces/entando-k8s-controller-coordinator-carcpr64/entandoapps HTTP/1.1 and responded: HTTP/1.1 200 OK
Jan 11, 2021 12:31:00 AM okhttp3.mockwebserver.MockWebServer$3 processOneRequest
INFO: MockWebServer[38739] received request: GET /apis/entando.org/v1/namespaces/entando-k8s-controller-coordinator-carcpr64/entandoapps?watch=**** HTTP/1.1 and responded: HTTP/1.1 200 OK
Jan 11, 2021 12:31:00 AM okhttp3.mockwebserver.MockWebServer$3 processOneRequest
INFO: MockWebServer[38739] received request: GET /apis/entando.org/v1/namespaces/entando-k8s-controller-coordinator-carcpr64/entandoapps?watch=**** HTTP/1.1 and responded: HTTP/1.1 200 OK
Jan 11, 2021 12:31:00 AM okhttp3.mockwebserver.MockWebServer$3 processOneRequest
INFO: MockWebServer[38739] received request: GET /apis/apiextensions.k8s.io/v1beta1/customresourcedefinitions/entandoplugins.entando.org HTTP/1.1 and responded: HTTP/1.1 404 Client Error
Jan 11, 2021 12:31:00 AM io.fabric8.kubernetes.client.dsl.internal.WatchHTTPManager$1 onResponse
INFO: Watch terminated unexpectedly. reason: \n not found: limit=46 content=7b2261706956657273696f6e223a227631222c226b696e64223a224c69737422â€¦
Jan 11, 2021 12:31:00 AM okhttp3.mockwebserver.MockWebServer$3 processOneRequest
INFO: MockWebServer[38739] received request: POST /apis/apiextensions.k8s.io/v1beta1/customresourcedefinitions HTTP/1.1 and responded: HTTP/1.1 202 OK
Jan 11, 2021 12:31:00 AM okhttp3.mockwebserver.MockWebServer$3 processOneRequest
INFO: MockWebServer[38739] received request: GET /api/v1/namespaces/entando-k8s-controller-coordinator-carcpr64 HTTP/1.1 and responded: HTTP/1.1 200 OK
Jan 11, 2021 12:31:00 AM okhttp3.mockwebserver.MockWebServer$3 processOneRequest
INFO: MockWebServer[38739] received request: GET /apis/entando.org/v1/namespaces/entando-k8s-controller-coordinator-carcpr64/entandoplugins HTTP/1.1 and responded: HTTP/1.1 200 OK
Jan 11, 2021 12:31:00 AM okhttp3.mockwebserver.MockWebServer$3 processOneRequest
INFO: MockWebServer[38739] received request: GET /api/v1/namespaces/entando-k8s-controller-coordinator-carcpr64 HTTP/1.1 and responded: HTTP/1.1 200 OK
Jan 11, 2021 12:31:00 AM okhttp3.mockwebserver.MockWebServer$3 processOneRequest
INFO: MockWebServer[38739] received request: GET /apis/entando.org/v1/namespaces/entando-k8s-controller-coordinator-carcpr64/entandoplugins HTTP/1.1 and responded: HTTP/1.1 200 OK
Jan 11, 2021 12:31:00 AM okhttp3.mockwebserver.MockWebServer$3 processOneRequest
INFO: MockWebServer[38739] received request: GET /apis/entando.org/v1/namespaces/entando-k8s-controller-coordinator-carcpr64/entandoclusterinfrastructures?watch=**** HTTP/1.1 and responded: HTTP/1.1 200 OK
Jan 11, 2021 12:31:00 AM io.fabric8.kubernetes.client.dsl.internal.WatchHTTPManager$1 onResponse
INFO: Watch terminated unexpectedly. reason: \n not found: limit=46 content=7b2261706956657273696f6e223a227631222c226b696e64223a224c69737422â€¦
Jan 11, 2021 12:31:00 AM okhttp3.mockwebserver.MockWebServer$3 processOneRequest
INFO: MockWebServer[38739] received request: GET /apis/entando.org/v1/namespaces/entando-k8s-controller-coordinator-carcpr64/entandoplugins HTTP/1.1 and responded: HTTP/1.1 200 OK
Jan 11, 2021 12:31:01 AM okhttp3.mockwebserver.MockWebServer$3 processOneRequest
INFO: MockWebServer[38739] received request: GET /apis/entando.org/v1/namespaces/entando-k8s-controller-coordinator-carcpr64/entandoplugins?watch=**** HTTP/1.1 and responded: HTTP/1.1 200 OK
Jan 11, 2021 12:31:01 AM okhttp3.mockwebserver.MockWebServer$3 processOneRequest
INFO: MockWebServer[38739] received request: GET /apis/entando.org/v1/namespaces/entando-k8s-controller-coordinator-carcpr64/entandoplugins?watch=**** HTTP/1.1 and responded: HTTP/1.1 200 OK
Jan 11, 2021 12:31:01 AM okhttp3.mockwebserver.MockWebServer$3 processOneRequest
INFO: MockWebServer[38739] received request: GET /apis/apiextensions.k8s.io/v1beta1/customresourcedefinitions/entandoapppluginlinks.entando.org HTTP/1.1 and responded: HTTP/1.1 404 Client Error
Jan 11, 2021 12:31:01 AM io.fabric8.kubernetes.client.dsl.internal.WatchHTTPManager$1 onResponse
INFO: Watch terminated unexpectedly. reason: \n not found: limit=46 content=7b2261706956657273696f6e223a227631222c226b696e64223a224c69737422â€¦
Jan 11, 2021 12:31:01 AM okhttp3.mockwebserver.MockWebServer$3 processOneRequest
INFO: MockWebServer[38739] received request: POST /apis/apiextensions.k8s.io/v1beta1/customresourcedefinitions HTTP/1.1 and responded: HTTP/1.1 202 OK
Jan 11, 2021 12:31:01 AM okhttp3.mockwebserver.MockWebServer$3 processOneRequest
INFO: MockWebServer[38739] received request: GET /api/v1/namespaces/entando-k8s-controller-coordinator-carcpr64 HTTP/1.1 and responded: HTTP/1.1 200 OK
Jan 11, 2021 12:31:01 AM okhttp3.mockwebserver.MockWebServer$3 processOneRequest
INFO: MockWebServer[38739] received request: GET /apis/entando.org/v1/namespaces/entando-k8s-controller-coordinator-carcpr64/entandoapppluginlinks HTTP/1.1 and responded: HTTP/1.1 200 OK
Jan 11, 2021 12:31:01 AM okhttp3.mockwebserver.MockWebServer$3 processOneRequest
INFO: MockWebServer[38739] received request: GET /api/v1/namespaces/entando-k8s-controller-coordinator-carcpr64 HTTP/1.1 and responded: HTTP/1.1 200 OK
Jan 11, 2021 12:31:01 AM okhttp3.mockwebserver.MockWebServer$3 processOneRequest
INFO: MockWebServer[38739] received request: GET /apis/entando.org/v1/namespaces/entando-k8s-controller-coordinator-carcpr64/entandoapppluginlinks HTTP/1.1 and responded: HTTP/1.1 200 OK
Jan 11, 2021 12:31:01 AM okhttp3.mockwebserver.MockWebServer$3 processOneRequest
INFO: MockWebServer[38739] received request: GET /apis/entando.org/v1/namespaces/entando-k8s-controller-coordinator-carcpr64/entandoapps?watch=**** HTTP/1.1 and responded: HTTP/1.1 200 OK
Jan 11, 2021 12:31:01 AM io.fabric8.kubernetes.client.dsl.internal.WatchHTTPManager$1 onResponse
INFO: Watch terminated unexpectedly. reason: \n not found: limit=46 content=7b2261706956657273696f6e223a227631222c226b696e64223a224c69737422â€¦
Jan 11, 2021 12:31:01 AM okhttp3.mockwebserver.MockWebServer$3 processOneRequest
INFO: MockWebServer[38739] received request: GET /apis/entando.org/v1/namespaces/entando-k8s-controller-coordinator-carcpr64/entandoapppluginlinks HTTP/1.1 and responded: HTTP/1.1 200 OK
Jan 11, 2021 12:31:01 AM okhttp3.mockwebserver.MockWebServer$3 processOneRequest
INFO: MockWebServer[38739] received request: GET /apis/entando.org/v1/namespaces/entando-k8s-controller-coordinator-carcpr64/entandoapppluginlinks?watch=**** HTTP/1.1 and responded: HTTP/1.1 200 OK
Jan 11, 2021 12:31:01 AM okhttp3.mockwebserver.MockWebServer$3 processOneRequest
INFO: MockWebServer[38739] received request: GET /apis/apiextensions.k8s.io/v1beta1/customresourcedefinitions/entandocompositeapps.entando.org HTTP/1.1 and responded: HTTP/1.1 404 Client Error
Jan 11, 2021 12:31:01 AM okhttp3.mockwebserver.MockWebServer$3 processOneRequest
INFO: MockWebServer[38739] received request: GET /apis/entando.org/v1/namespaces/entando-k8s-controller-coordinator-carcpr64/entandoapppluginlinks?watch=**** HTTP/1.1 and responded: HTTP/1.1 200 OK
Jan 11, 2021 12:31:01 AM io.fabric8.kubernetes.client.dsl.internal.WatchHTTPManager$1 onResponse
INFO: Watch terminated unexpectedly. reason: \n not found: limit=46 content=7b2261706956657273696f6e223a227631222c226b696e64223a224c69737422â€¦
Jan 11, 2021 12:31:01 AM okhttp3.mockwebserver.MockWebServer$3 processOneRequest
INFO: MockWebServer[38739] received request: POST /apis/apiextensions.k8s.io/v1beta1/customresourcedefinitions HTTP/1.1 and responded: HTTP/1.1 202 OK
Jan 11, 2021 12:31:01 AM okhttp3.mockwebserver.MockWebServer$3 processOneRequest
INFO: MockWebServer[38739] received request: GET /api/v1/namespaces/entando-k8s-controller-coordinator-carcpr64 HTTP/1.1 and responded: HTTP/1.1 200 OK
Jan 11, 2021 12:31:01 AM okhttp3.mockwebserver.MockWebServer$3 processOneRequest
INFO: MockWebServer[38739] received request: GET /apis/entando.org/v1/namespaces/entando-k8s-controller-coordinator-carcpr64/entandocompositeapps HTTP/1.1 and responded: HTTP/1.1 200 OK
Jan 11, 2021 12:31:02 AM okhttp3.mockwebserver.MockWebServer$3 processOneRequest
INFO: MockWebServer[38739] received request: GET /api/v1/namespaces/entando-k8s-controller-coordinator-carcpr64 HTTP/1.1 and responded: HTTP/1.1 200 OK
Jan 11, 2021 12:31:02 AM okhttp3.mockwebserver.MockWebServer$3 processOneRequest
INFO: MockWebServer[38739] received request: GET /apis/entando.org/v1/namespaces/entando-k8s-controller-coordinator-carcpr64/entandocompositeapps HTTP/1.1 and responded: HTTP/1.1 200 OK
Jan 11, 2021 12:31:02 AM okhttp3.mockwebserver.MockWebServer$3 processOneRequest
INFO: MockWebServer[38739] received request: GET /apis/entando.org/v1/namespaces/entando-k8s-controller-coordinator-carcpr64/entandocompositeapps HTTP/1.1 and responded: HTTP/1.1 200 OK
Jan 11, 2021 12:31:02 AM okhttp3.mockwebserver.MockWebServer$3 processOneRequest
INFO: MockWebServer[38739] received request: GET /apis/entando.org/v1/namespaces/entando-k8s-controller-coordinator-carcpr64/entandoplugins?watch=**** HTTP/1.1 and responded: HTTP/1.1 200 OK
Jan 11, 2021 12:31:02 AM io.fabric8.kubernetes.client.dsl.internal.WatchHTTPManager$1 onResponse
INFO: Watch terminated unexpectedly. reason: \n not found: limit=46 content=7b2261706956657273696f6e223a227631222c226b696e64223a224c69737422â€¦
Jan 11, 2021 12:31:02 AM okhttp3.mockwebserver.MockWebServer$3 processOneRequest
INFO: MockWebServer[38739] received request: GET /apis/entando.org/v1/namespaces/entando-k8s-controller-coordinator-carcpr64/entandocompositeapps?watch=**** HTTP/1.1 and responded: HTTP/1.1 200 OK
Jan 11, 2021 12:31:02 AM okhttp3.mockwebserver.MockWebServer$3 processOneRequest
INFO: MockWebServer[38739] received request: GET /apis/entando.org/v1/namespaces/entando-k8s-controller-coordinator-carcpr64/entandokeycloakservers?watch=**** HTTP/1.1 and responded: HTTP/1.1 200 OK
Jan 11, 2021 12:31:02 AM io.fabric8.kubernetes.client.dsl.internal.WatchHTTPManager$1 onResponse
INFO: Watch terminated unexpectedly. reason: \n not found: limit=46 content=7b2261706956657273696f6e223a227631222c226b696e64223a224c69737422â€¦
Jan 11, 2021 12:31:02 AM okhttp3.mockwebserver.MockWebServer$3 processOneRequest
INFO: MockWebServer[38739] received request: GET /apis/apiextensions.k8s.io/v1beta1/customresourcedefinitions/entandodatabaseservices.entando.org HTTP/1.1 and responded: HTTP/1.1 404 Client Error
Jan 11, 2021 12:31:02 AM okhttp3.mockwebserver.MockWebServer$3 processOneRequest
INFO: MockWebServer[38739] received request: GET /apis/entando.org/v1/namespaces/entando-k8s-controller-coordinator-carcpr64/entandocompositeapps?watch=**** HTTP/1.1 and responded: HTTP/1.1 200 OK
Jan 11, 2021 12:31:02 AM io.fabric8.kubernetes.client.dsl.internal.WatchHTTPManager$1 onResponse
INFO: Watch terminated unexpectedly. reason: \n not found: limit=46 content=7b2261706956657273696f6e223a227631222c226b696e64223a224c69737422â€¦
Jan 11, 2021 12:31:02 AM okhttp3.mockwebserver.MockWebServer$3 processOneRequest
INFO: MockWebServer[38739] received request: POST /apis/apiextensions.k8s.io/v1beta1/customresourcedefinitions HTTP/1.1 and responded: HTTP/1.1 202 OK
Jan 11, 2021 12:31:02 AM okhttp3.mockwebserver.MockWebServer$3 processOneRequest
INFO: MockWebServer[38739] received request: GET /api/v1/namespaces/entando-k8s-controller-coordinator-carcpr64 HTTP/1.1 and responded: HTTP/1.1 200 OK
Jan 11, 2021 12:31:02 AM okhttp3.mockwebserver.MockWebServer$3 processOneRequest
INFO: MockWebServer[38739] received request: GET /apis/entando.org/v1/namespaces/entando-k8s-controller-coordinator-carcpr64/entandodatabaseservices HTTP/1.1 and responded: HTTP/1.1 200 OK
Jan 11, 2021 12:31:02 AM okhttp3.mockwebserver.MockWebServer$3 processOneRequest
INFO: MockWebServer[38739] received request: GET /api/v1/namespaces/entando-k8s-controller-coordinator-carcpr64 HTTP/1.1 and responded: HTTP/1.1 200 OK
Jan 11, 2021 12:31:02 AM okhttp3.mockwebserver.MockWebServer$3 processOneRequest
INFO: MockWebServer[38739] received request: GET /apis/entando.org/v1/namespaces/entando-k8s-controller-coordinator-carcpr64/entandoapppluginlinks?watch=**** HTTP/1.1 and responded: HTTP/1.1 200 OK
Jan 11, 2021 12:31:02 AM io.fabric8.kubernetes.client.dsl.internal.WatchHTTPManager$1 onResponse
INFO: Watch terminated unexpectedly. reason: \n not found: limit=46 content=7b2261706956657273696f6e223a227631222c226b696e64223a224c69737422â€¦
Jan 11, 2021 12:31:02 AM okhttp3.mockwebserver.MockWebServer$3 processOneRequest
INFO: MockWebServer[38739] received request: GET /apis/entando.org/v1/namespaces/entando-k8s-controller-coordinator-carcpr64/entandodatabaseservices HTTP/1.1 and responded: HTTP/1.1 200 OK
Jan 11, 2021 12:31:02 AM okhttp3.mockwebserver.MockWebServer$3 processOneRequest
INFO: MockWebServer[38739] received request: GET /apis/entando.org/v1/namespaces/entando-k8s-controller-coordinator-carcpr64/entandodatabaseservices HTTP/1.1 and responded: HTTP/1.1 200 OK
Jan 11, 2021 12:31:02 AM okhttp3.mockwebserver.MockWebServer$3 processOneRequest
INFO: MockWebServer[38739] received request: GET /apis/entando.org/v1/namespaces/entando-k8s-controller-coordinator-carcpr64/entandoclusterinfrastructures?watch=**** HTTP/1.1 and responded: HTTP/1.1 200 OK
Jan 11, 2021 12:31:02 AM io.fabric8.kubernetes.client.dsl.internal.WatchHTTPManager$1 onResponse
INFO: Watch terminated unexpectedly. reason: \n not found: limit=46 content=7b2261706956657273696f6e223a227631222c226b696e64223a224c69737422â€¦
Jan 11, 2021 12:31:03 AM okhttp3.mockwebserver.MockWebServer$3 processOneRequest
INFO: MockWebServer[38739] received request: GET /apis/entando.org/v1/namespaces/entando-k8s-controller-coordinator-carcpr64/entandodatabaseservices?watch=**** HTTP/1.1 and responded: HTTP/1.1 200 OK
Jan 11, 2021 12:31:03 AM okhttp3.mockwebserver.MockWebServer$3 processOneRequest
INFO: MockWebServer[38739] received request: GET /apis/entando.org/v1/namespaces/entando-k8s-controller-coordinator-carcpr64/entandodatabaseservices?watch=**** HTTP/1.1 and responded: HTTP/1.1 200 OK
Jan 11, 2021 12:31:03 AM io.fabric8.kubernetes.client.dsl.internal.WatchHTTPManager$1 onResponse
INFO: Watch terminated unexpectedly. reason: \n not found: limit=46 content=7b2261706956657273696f6e223a227631222c226b696e64223a224c69737422â€¦
Jan 11, 2021 12:31:03 AM okhttp3.mockwebserver.MockWebServer$3 processOneRequest
INFO: MockWebServer[38739] received request: POST /api/v1/namespaces/entando/configmaps HTTP/1.1 and responded: HTTP/1.1 202 OK
Jan 11, 2021 12:31:03 AM okhttp3.mockwebserver.MockWebServer$3 processOneRequest
INFO: MockWebServer[38739] received request: GET /api/v1/namespaces/entando-k8s-controller-coordinator-carcpr64 HTTP/1.1 and responded: HTTP/1.1 200 OK
Jan 11, 2021 12:31:03 AM okhttp3.mockwebserver.MockWebServer$3 processOneRequest
INFO: MockWebServer[38739] received request: GET /apis/entando.org/v1/namespaces/entando-k8s-controller-coordinator-carcpr64/entandokeycloakservers HTTP/1.1 and responded: HTTP/1.1 200 OK
Jan 11, 2021 12:31:03 AM okhttp3.mockwebserver.MockWebServer$3 processOneRequest
INFO: MockWebServer[38739] received request: GET /api/v1/namespaces/entando-k8s-controller-coordinator-carcpr64 HTTP/1.1 and responded: HTTP/1.1 200 OK
Jan 11, 2021 12:31:03 AM okhttp3.mockwebserver.MockWebServer$3 processOneRequest
INFO: MockWebServer[38739] received request: GET /apis/entando.org/v1/namespaces/entando-k8s-controller-coordinator-carcpr64/entandokeycloakservers HTTP/1.1 and responded: HTTP/1.1 200 OK
Jan 11, 2021 12:31:03 AM okhttp3.mockwebserver.MockWebServer$3 processOneRequest
INFO: MockWebServer[38739] received request: GET /apis/entando.org/v1/namespaces/entando-k8s-controller-coordinator-carcpr64/entandocompositeapps?watch=**** HTTP/1.1 and responded: HTTP/1.1 200 OK
Jan 11, 2021 12:31:03 AM io.fabric8.kubernetes.client.dsl.internal.WatchHTTPManager$1 onResponse
INFO: Watch terminated unexpectedly. reason: \n not found: limit=46 content=7b2261706956657273696f6e223a227631222c226b696e64223a224c69737422â€¦
Jan 11, 2021 12:31:03 AM okhttp3.mockwebserver.MockWebServer$3 processOneRequest
INFO: MockWebServer[38739] received request: POST /apis/entando.org/v1/namespaces/entando-k8s-controller-coordinator-carcpr64/entandokeycloakservers HTTP/1.1 and responded: HTTP/1.1 202 OK
Jan 11, 2021 12:31:03 AM okhttp3.mockwebserver.MockWebServer$3 processOneRequest
INFO: MockWebServer[38739] received request: GET /apis/entando.org/v1/namespaces/entando-k8s-controller-coordinator-carcpr64/entandoapps?watch=**** HTTP/1.1 and responded: HTTP/1.1 200 OK
Jan 11, 2021 12:31:03 AM io.fabric8.kubernetes.client.dsl.internal.WatchHTTPManager$1 onResponse
INFO: Watch terminated unexpectedly. reason: \n not found: limit=46 content=7b2261706956657273696f6e223a227631222c226b696e64223a224c69737422â€¦
Jan 11, 2021 12:31:03 AM org.entando.kubernetes.controller.coordinator.EntandoResourceObserver logAction
INFO: Received ADDED for resource EntandoKeycloakServer entando-k8s-controller-coordinator-carcpr64/test-keycloak
Jan 11, 2021 12:31:03 AM okhttp3.mockwebserver.MockWebServer$3 processOneRequest
INFO: MockWebServer[38739] received request: GET /api/v1/namespaces/entando/configmaps/entando-docker-image-info-v6.1 HTTP/1.1 and responded: HTTP/1.1 200 OK
Jan 11, 2021 12:31:03 AM okhttp3.mockwebserver.MockWebServer$3 processOneRequest
INFO: MockWebServer[38739] received request: GET /api/v1/namespaces/entando-k8s-controller-coordinator-carcpr64/pods?labelSelector=EntandoResourceNamespace%3Dentando-k8s-controller-coordinator-carcpr64%2CEntandoResourceKind%3DEntandoKeycloakServer%2CEntandoKeycloakServer%3Dtest-keycloak HTTP/1.1 and responded: HTTP/1.1 200 OK
Jan 11, 2021 12:31:03 AM okhttp3.mockwebserver.MockWebServer$3 processOneRequest
INFO: MockWebServer[38739] received request: GET /api/v1/namespaces/entando-k8s-controller-coordinator-carcpr64/pods?labelSelector=EntandoResourceKind%3DEntandoKeycloakServer HTTP/1.1 and responded: HTTP/1.1 200 OK
Jan 11, 2021 12:31:04 AM okhttp3.mockwebserver.MockWebServer$3 processOneRequest
INFO: MockWebServer[38739] received request: GET /api/v1/namespaces/entando-k8s-controller-coordinator-carcpr64/pods?labelSelector=EntandoResourceNamespace%3Dentando-k8s-controller-coordinator-carcpr64%2CEntandoResourceKind%3DEntandoKeycloakServer%2CEntandoKeycloakServer%3Dtest-keycloak&watch=**** HTTP/1.1 and responded: HTTP/1.1 200 OK
Jan 11, 2021 12:31:04 AM okhttp3.mockwebserver.MockWebServer$3 processOneRequest
INFO: MockWebServer[38739] received request: GET /api/v1/namespaces/entando-k8s-controller-coordinator-carcpr64/pods?labelSelector=EntandoResourceNamespace%3Dentando-k8s-controller-coordinator-carcpr64%2CEntandoResourceKind%3DEntandoKeycloakServer%2CEntandoKeycloakServer%3Dtest-keycloak&watch=**** HTTP/1.1 and responded: HTTP/1.1 200 OK
Jan 11, 2021 12:31:04 AM okhttp3.mockwebserver.MockWebServer$3 processOneRequest
INFO: MockWebServer[38739] received request: GET /api/v1/namespaces/entando-k8s-controller-coordinator-carcpr64/pods?labelSelector=EntandoResourceNamespace%3Dentando-k8s-controller-coordinator-carcpr64%2CEntandoResourceKind%3DEntandoKeycloakServer%2CEntandoKeycloakServer%3Dtest-keycloak HTTP/1.1 and responded: HTTP/1.1 200 OK
Jan 11, 2021 12:31:04 AM io.fabric8.kubernetes.client.dsl.internal.WatchHTTPManager$1 onResponse
INFO: Watch terminated unexpectedly. reason: \n not found: limit=46 content=7b2261706956657273696f6e223a227631222c226b696e64223a224c69737422â€¦
Jan 11, 2021 12:31:04 AM okhttp3.mockwebserver.MockWebServer$3 processOneRequest
INFO: MockWebServer[38739] received request: GET /api/v1/namespaces/entando-k8s-controller-coordinator-carcpr64/pods?labelSelector=EntandoResourceNamespace%3Dentando-k8s-controller-coordinator-carcpr64%2CEntandoResourceKind%3DEntandoKeycloakServer%2CEntandoKeycloakServer%3Dtest-keycloak HTTP/1.1 and responded: HTTP/1.1 200 OK
Jan 11, 2021 12:31:04 AM okhttp3.mockwebserver.MockWebServer$3 processOneRequest
INFO: MockWebServer[38739] received request: GET /apis/entando.org/v1/namespaces/entando-k8s-controller-coordinator-carcpr64/entandodatabaseservices?watch=**** HTTP/1.1 and responded: HTTP/1.1 200 OK
Jan 11, 2021 12:31:04 AM okhttp3.mockwebserver.MockWebServer$3 processOneRequest
INFO: MockWebServer[38739] received request: GET /api/v1/namespaces/entando-k8s-controller-coordinator-carcpr64/pods?labelSelector=EntandoResourceKind%3DEntandoKeycloakServer HTTP/1.1 and responded: HTTP/1.1 200 OK
Jan 11, 2021 12:31:04 AM io.fabric8.kubernetes.client.dsl.internal.WatchHTTPManager$1 onResponse
INFO: Watch terminated unexpectedly. reason: \n not found: limit=46 content=7b2261706956657273696f6e223a227631222c226b696e64223a224c69737422â€¦
Jan 11, 2021 12:31:04 AM okhttp3.mockwebserver.MockWebServer$3 processOneRequest
INFO: MockWebServer[38739] received request: GET /apis/entando.org/v1/namespaces/entando-k8s-controller-coordinator-carcpr64/entandoplugins?watch=**** HTTP/1.1 and responded: HTTP/1.1 200 OK
Jan 11, 2021 12:31:04 AM io.fabric8.kubernetes.client.dsl.internal.WatchHTTPManager$1 onResponse
INFO: Watch terminated unexpectedly. reason: \n not found: limit=46 content=7b2261706956657273696f6e223a227631222c226b696e64223a224c69737422â€¦
Jan 11, 2021 12:31:04 AM okhttp3.mockwebserver.MockWebServer$3 processOneRequest
INFO: MockWebServer[38739] received request: GET /api/v1/namespaces/entando-k8s-controller-coordinator-carcpr64/pods?labelSelector=EntandoResourceKind%3DEntandoKeycloakServer HTTP/1.1 and responded: HTTP/1.1 200 OK
Jan 11, 2021 12:31:04 AM okhttp3.mockwebserver.MockWebServer$3 processOneRequest
INFO: MockWebServer[38739] received request: GET /api/v1/namespaces/entando-k8s-controller-coordinator-carcpr64/pods?labelSelector=EntandoResourceKind%3DEntandoKeycloakServer HTTP/1.1 and responded: HTTP/1.1 200 OK
Jan 11, 2021 12:31:04 AM okhttp3.mockwebserver.MockWebServer$3 processOneRequest
INFO: MockWebServer[38739] received request: GET /api/v1/namespaces/entando-k8s-controller-coordinator-carcpr64/pods?labelSelector=EntandoResourceKind%3DEntandoKeycloakServer HTTP/1.1 and responded: HTTP/1.1 200 OK
Jan 11, 2021 12:31:04 AM okhttp3.mockwebserver.MockWebServer$3 processOneRequest
INFO: MockWebServer[38739] received request: GET /api/v1/namespaces/entando-k8s-controller-coordinator-carcpr64/pods?labelSelector=EntandoResourceKind%3DEntandoKeycloakServer HTTP/1.1 and responded: HTTP/1.1 200 OK
Jan 11, 2021 12:31:04 AM io.fabric8.kubernetes.client.dsl.internal.WatchHTTPManager$1 onResponse
INFO: Watch terminated unexpectedly. reason: \n not found: limit=46 content=7b2261706956657273696f6e223a227631222c226b696e64223a224c69737422â€¦
Jan 11, 2021 12:31:04 AM okhttp3.mockwebserver.MockWebServer$3 processOneRequest
INFO: MockWebServer[38739] received request: GET /apis/entando.org/v1/namespaces/entando-k8s-controller-coordinator-carcpr64/entandoapppluginlinks?watch=**** HTTP/1.1 and responded: HTTP/1.1 200 OK
Jan 11, 2021 12:31:05 AM okhttp3.mockwebserver.MockWebServer$3 processOneRequest
INFO: MockWebServer[38739] received request: GET /api/v1/namespaces/entando-k8s-controller-coordinator-carcpr64/pods?labelSelector=EntandoResourceKind%3DEntandoKeycloakServer HTTP/1.1 and responded: HTTP/1.1 200 OK
Jan 11, 2021 12:31:05 AM okhttp3.mockwebserver.MockWebServer$3 processOneRequest
INFO: MockWebServer[38739] received request: GET /api/v1/namespaces/entando-k8s-controller-coordinator-carcpr64/pods?labelSelector=EntandoResourceKind%3DEntandoKeycloakServer HTTP/1.1 and responded: HTTP/1.1 200 OK
Jan 11, 2021 12:31:05 AM okhttp3.mockwebserver.MockWebServer$3 processOneRequest
INFO: MockWebServer[38739] received request: GET /api/v1/namespaces/entando-k8s-controller-coordinator-carcpr64/pods?labelSelector=EntandoResourceNamespace%3Dentando-k8s-controller-coordinator-carcpr64%2CEntandoResourceKind%3DEntandoKeycloakServer%2CEntandoKeycloakServer%3Dtest-keycloak&watch=**** HTTP/1.1 and responded: HTTP/1.1 200 OK
Jan 11, 2021 12:31:05 AM okhttp3.mockwebserver.MockWebServer$3 processOneRequest
INFO: MockWebServer[38739] received request: GET /api/v1/namespaces/entando-k8s-controller-coordinator-carcpr64/pods?labelSelector=EntandoResourceKind%3DEntandoKeycloakServer HTTP/1.1 and responded: HTTP/1.1 200 OK
Jan 11, 2021 12:31:05 AM io.fabric8.kubernetes.client.dsl.internal.WatchHTTPManager$1 onResponse
INFO: Watch terminated unexpectedly. reason: \n not found: limit=46 content=7b2261706956657273696f6e223a227631222c226b696e64223a224c69737422â€¦
Jan 11, 2021 12:31:05 AM io.fabric8.kubernetes.client.dsl.internal.WatchHTTPManager scheduleReconnect
WARN: Ignoring error for already closed/closing connection
Jan 11, 2021 12:31:05 AM okhttp3.mockwebserver.MockWebServer$3 processOneRequest
INFO: MockWebServer[38739] received request: GET /api/v1/namespaces/entando-k8s-controller-coordinator-carcpr64/secrets/test-keycloak-controller-ca-cert-secret HTTP/1.1 and responded: HTTP/1.1 404 Client Error
Jan 11, 2021 12:31:05 AM okhttp3.mockwebserver.MockWebServer$3 processOneRequest
INFO: MockWebServer[38739] received request: POST /api/v1/namespaces/entando-k8s-controller-coordinator-carcpr64/secrets HTTP/1.1 and responded: HTTP/1.1 202 OK
Jan 11, 2021 12:31:05 AM okhttp3.mockwebserver.MockWebServer$3 processOneRequest
INFO: MockWebServer[38739] received request: GET /api/v1/namespaces/entando-k8s-controller-coordinator-carcpr64/pods?labelSelector=EntandoResourceKind%3DEntandoKeycloakServer HTTP/1.1 and responded: HTTP/1.1 200 OK
Jan 11, 2021 12:31:05 AM okhttp3.mockwebserver.MockWebServer$3 processOneRequest
INFO: MockWebServer[38739] received request: GET /apis/entando.org/v1/namespaces/entando-k8s-controller-coordinator-carcpr64/entandocompositeapps?watch=**** HTTP/1.1 and responded: HTTP/1.1 200 OK
Jan 11, 2021 12:31:05 AM io.fabric8.kubernetes.client.dsl.internal.WatchHTTPManager$1 onResponse
INFO: Watch terminated unexpectedly. reason: \n not found: limit=46 content=7b2261706956657273696f6e223a227631222c226b696e64223a224c69737422â€¦
Jan 11, 2021 12:31:05 AM okhttp3.mockwebserver.MockWebServer$3 processOneRequest
INFO: MockWebServer[38739] received request: POST /api/v1/namespaces/entando-k8s-controller-coordinator-carcpr64/pods HTTP/1.1 and responded: HTTP/1.1 202 OK
Jan 11, 2021 12:31:05 AM okhttp3.mockwebserver.MockWebServer$3 processOneRequest
INFO: MockWebServer[38739] received request: GET /api/v1/namespaces/entando-k8s-controller-coordinator-carcpr64/pods?labelSelector=EntandoResourceKind%3DEntandoKeycloakServer HTTP/1.1 and responded: HTTP/1.1 200 OK
Jan 11, 2021 12:31:05 AM okhttp3.mockwebserver.MockWebServer$3 processOneRequest
INFO: MockWebServer[38739] received request: GET /api/v1/namespaces/entando-k8s-controller-coordinator-carcpr64 HTTP/1.1 and responded: HTTP/1.1 200 OK
Jan 11, 2021 12:31:05 AM okhttp3.mockwebserver.MockWebServer$3 processOneRequest
INFO: MockWebServer[38739] received request: GET /apis/entando.org/v1/namespaces/entando-k8s-controller-coordinator-carcpr64/entandokeycloakservers HTTP/1.1 and responded: HTTP/1.1 200 OK
Jan 11, 2021 12:31:05 AM okhttp3.mockwebserver.MockWebServer$3 processOneRequest
INFO: MockWebServer[38739] received request: GET /api/v1/namespaces/entando-k8s-controller-coordinator-carcpr64 HTTP/1.1 and responded: HTTP/1.1 200 OK
Jan 11, 2021 12:31:05 AM okhttp3.mockwebserver.MockWebServer$3 processOneRequest
INFO: MockWebServer[38739] received request: GET /apis/entando.org/v1/namespaces/entando-k8s-controller-coordinator-carcpr64/entandokeycloakservers HTTP/1.1 and responded: HTTP/1.1 200 OK
Jan 11, 2021 12:31:06 AM okhttp3.mockwebserver.MockWebServer$3 processOneRequest
INFO: MockWebServer[38739] received request: GET /apis/entando.org/v1/namespaces/entando-k8s-controller-coordinator-carcpr64/entandokeycloakservers/test-keycloak HTTP/1.1 and responded: HTTP/1.1 200 OK
Jan 11, 2021 12:31:06 AM okhttp3.mockwebserver.MockWebServer$3 processOneRequest
INFO: MockWebServer[38739] received request: GET /api/v1/namespaces/entando-k8s-controller-coordinator-carcpr64/pods?labelSelector=EntandoResourceKind%3DEntandoKeycloakServer HTTP/1.1 and responded: HTTP/1.1 200 OK
Jan 11, 2021 12:31:06 AM io.fabric8.kubernetes.client.dsl.internal.WatchHTTPManager$1 onResponse
INFO: Watch terminated unexpectedly. reason: \n not found: limit=46 content=7b2261706956657273696f6e223a227631222c226b696e64223a224c69737422â€¦
Jan 11, 2021 12:31:06 AM okhttp3.mockwebserver.MockWebServer$3 processOneRequest
INFO: MockWebServer[38739] received request: GET /apis/entando.org/v1/namespaces/entando-k8s-controller-coordinator-carcpr64/entandodatabaseservices?watch=**** HTTP/1.1 and responded: HTTP/1.1 200 OK
Jan 11, 2021 12:31:06 AM okhttp3.mockwebserver.MockWebServer$3 processOneRequest
INFO: MockWebServer[38739] received request: GET /api/v1/namespaces/entando-k8s-controller-coordinator-carcpr64/pods?labelSelector=EntandoResourceKind%3DEntandoKeycloakServer HTTP/1.1 and responded: HTTP/1.1 200 OK
Jan 11, 2021 12:31:06 AM okhttp3.mockwebserver.MockWebServer$3 processOneRequest
INFO: MockWebServer[38739] received request: GET /apis/entando.org/v1/namespaces/entando-k8s-controller-coordinator-carcpr64/entandokeycloakservers?watch=**** HTTP/1.1 and responded: HTTP/1.1 200 OK
Jan 11, 2021 12:31:06 AM io.fabric8.kubernetes.client.dsl.internal.WatchHTTPManager$1 onResponse
INFO: Watch terminated unexpectedly. reason: \n not found: limit=325 content=7b2261706956657273696f6e223a227631222c226b696e64223a224c69737422â€¦
Jan 11, 2021 12:31:06 AM okhttp3.mockwebserver.MockWebServer$3 processOneRequest
INFO: MockWebServer[38739] received request: GET /api/v1/namespaces/entando-k8s-controller-coordinator-carcpr64/pods?labelSelector=EntandoResourceKind%3DEntandoKeycloakServer HTTP/1.1 and responded: HTTP/1.1 200 OK
Jan 11, 2021 12:31:06 AM okhttp3.mockwebserver.MockWebServer$3 processOneRequest
INFO: MockWebServer[38739] received request: GET /api/v1/namespaces/entando-k8s-controller-coordinator-carcpr64/pods?labelSelector=EntandoResourceKind%3DEntandoKeycloakServer HTTP/1.1 and responded: HTTP/1.1 200 OK
Jan 11, 2021 12:31:06 AM okhttp3.mockwebserver.MockWebServer$3 processOneRequest
INFO: MockWebServer[38739] received request: GET /api/v1/namespaces/entando-k8s-controller-coordinator-carcpr64/pods?labelSelector=EntandoResourceKind%3DEntandoKeycloakServer HTTP/1.1 and responded: HTTP/1.1 200 OK
Jan 11, 2021 12:31:06 AM okhttp3.mockwebserver.MockWebServer$3 processOneRequest
INFO: MockWebServer[38739] received request: GET /api/v1/namespaces/entando-k8s-controller-coordinator-carcpr64/pods?labelSelector=EntandoResourceKind%3DEntandoKeycloakServer HTTP/1.1 and responded: HTTP/1.1 200 OK
Jan 11, 2021 12:31:07 AM okhttp3.mockwebserver.MockWebServer$3 processOneRequest
INFO: MockWebServer[38739] received request: GET /apis/entando.org/v1/namespaces/entando-k8s-controller-coordinator-carcpr64/entandoclusterinfrastructures?watch=**** HTTP/1.1 and responded: HTTP/1.1 200 OK
Jan 11, 2021 12:31:07 AM io.fabric8.kubernetes.client.dsl.internal.WatchHTTPManager$1 onResponse
INFO: Watch terminated unexpectedly. reason: \n not found: limit=46 content=7b2261706956657273696f6e223a227631222c226b696e64223a224c69737422â€¦
Jan 11, 2021 12:31:07 AM okhttp3.mockwebserver.MockWebServer$3 processOneRequest
INFO: MockWebServer[38739] received request: GET /api/v1/namespaces/entando-k8s-controller-coordinator-carcpr64/pods?labelSelector=EntandoResourceKind%3DEntandoKeycloakServer HTTP/1.1 and responded: HTTP/1.1 200 OK
Jan 11, 2021 12:31:07 AM okhttp3.mockwebserver.MockWebServer$3 processOneRequest
INFO: MockWebServer[38739] received request: GET /api/v1/namespaces/entando-k8s-controller-coordinator-carcpr64/pods?labelSelector=EntandoResourceKind%3DEntandoKeycloakServer HTTP/1.1 and responded: HTTP/1.1 200 OK
Jan 11, 2021 12:31:07 AM okhttp3.mockwebserver.MockWebServer$3 processOneRequest
INFO: MockWebServer[38739] received request: GET /api/v1/namespaces/entando-k8s-controller-coordinator-carcpr64/pods?labelSelector=EntandoResourceKind%3DEntandoKeycloakServer HTTP/1.1 and responded: HTTP/1.1 200 OK
Jan 11, 2021 12:31:07 AM okhttp3.mockwebserver.MockWebServer$3 processOneRequest
INFO: MockWebServer[38739] received request: GET /api/v1/namespaces/entando-k8s-controller-coordinator-carcpr64/pods?labelSelector=EntandoResourceKind%3DEntandoKeycloakServer HTTP/1.1 and responded: HTTP/1.1 200 OK
Jan 11, 2021 12:31:07 AM okhttp3.mockwebserver.MockWebServer$3 processOneRequest
INFO: MockWebServer[38739] received request: GET /apis/entando.org/v1/namespaces/entando-k8s-controller-coordinator-carcpr64/entandoapps?watch=**** HTTP/1.1 and responded: HTTP/1.1 200 OK
Jan 11, 2021 12:31:07 AM io.fabric8.kubernetes.client.dsl.internal.WatchHTTPManager$1 onResponse
INFO: Watch terminated unexpectedly. reason: \n not found: limit=46 content=7b2261706956657273696f6e223a227631222c226b696e64223a224c69737422â€¦
Jan 11, 2021 12:31:07 AM okhttp3.mockwebserver.MockWebServer$3 processOneRequest
INFO: MockWebServer[38739] received request: GET /api/v1/namespaces/entando-k8s-controller-coordinator-carcpr64/pods?labelSelector=EntandoResourceKind%3DEntandoKeycloakServer HTTP/1.1 and responded: HTTP/1.1 200 OK
Jan 11, 2021 12:31:07 AM okhttp3.mockwebserver.MockWebServer$3 processOneRequest
INFO: MockWebServer[38739] received request: GET /api/v1/namespaces/entando-k8s-controller-coordinator-carcpr64/pods?labelSelector=EntandoResourceKind%3DEntandoKeycloakServer HTTP/1.1 and responded: HTTP/1.1 200 OK
Jan 11, 2021 12:31:08 AM okhttp3.mockwebserver.MockWebServer$3 processOneRequest
INFO: MockWebServer[38739] received request: GET /api/v1/namespaces/entando-k8s-controller-coordinator-carcpr64/pods?labelSelector=EntandoResourceKind%3DEntandoKeycloakServer HTTP/1.1 and responded: HTTP/1.1 200 OK
Jan 11, 2021 12:31:08 AM okhttp3.mockwebserver.MockWebServer$3 processOneRequest
INFO: MockWebServer[38739] received request: GET /api/v1/namespaces/entando-k8s-controller-coordinator-carcpr64/pods?labelSelector=EntandoResourceKind%3DEntandoKeycloakServer HTTP/1.1 and responded: HTTP/1.1 200 OK
Jan 11, 2021 12:31:08 AM io.fabric8.kubernetes.client.dsl.internal.WatchHTTPManager$1 onResponse
INFO: Watch terminated unexpectedly. reason: \n not found: limit=46 content=7b2261706956657273696f6e223a227631222c226b696e64223a224c69737422â€¦
Jan 11, 2021 12:31:08 AM okhttp3.mockwebserver.MockWebServer$3 processOneRequest
INFO: MockWebServer[38739] received request: GET /apis/entando.org/v1/namespaces/entando-k8s-controller-coordinator-carcpr64/entandoplugins?watch=**** HTTP/1.1 and responded: HTTP/1.1 200 OK
Jan 11, 2021 12:31:08 AM okhttp3.mockwebserver.MockWebServer$3 processOneRequest
INFO: MockWebServer[38739] received request: GET /api/v1/namespaces/entando-k8s-controller-coordinator-carcpr64/pods?labelSelector=EntandoResourceKind%3DEntandoKeycloakServer HTTP/1.1 and responded: HTTP/1.1 200 OK
Jan 11, 2021 12:31:08 AM okhttp3.mockwebserver.MockWebServer$3 processOneRequest
INFO: MockWebServer[38739] received request: GET /api/v1/namespaces/entando-k8s-controller-coordinator-carcpr64/pods?labelSelector=EntandoResourceKind%3DEntandoKeycloakServer HTTP/1.1 and responded: HTTP/1.1 200 OK
Jan 11, 2021 12:31:08 AM okhttp3.mockwebserver.MockWebServer$3 processOneRequest
INFO: MockWebServer[38739] received request: GET /api/v1/namespaces/entando-k8s-controller-coordinator-carcpr64/pods?labelSelector=EntandoResourceKind%3DEntandoKeycloakServer HTTP/1.1 and responded: HTTP/1.1 200 OK
Jan 11, 2021 12:31:08 AM okhttp3.mockwebserver.MockWebServer$3 processOneRequest
INFO: MockWebServer[38739] received request: GET /api/v1/namespaces/entando-k8s-controller-coordinator-carcpr64/pods?labelSelector=EntandoResourceKind%3DEntandoKeycloakServer HTTP/1.1 and responded: HTTP/1.1 200 OK
Jan 11, 2021 12:31:08 AM okhttp3.mockwebserver.MockWebServer$3 processOneRequest
INFO: MockWebServer[38739] received request: GET /api/v1/namespaces/entando-k8s-controller-coordinator-carcpr64/pods?labelSelector=EntandoResourceKind%3DEntandoKeycloakServer HTTP/1.1 and responded: HTTP/1.1 200 OK
Jan 11, 2021 12:31:08 AM okhttp3.mockwebserver.MockWebServer$3 processOneRequest
INFO: MockWebServer[38739] received request: GET /apis/entando.org/v1/namespaces/entando-k8s-controller-coordinator-carcpr64/entandoapppluginlinks?watch=**** HTTP/1.1 and responded: HTTP/1.1 200 OK
Jan 11, 2021 12:31:08 AM io.fabric8.kubernetes.client.dsl.internal.WatchHTTPManager$1 onResponse
INFO: Watch terminated unexpectedly. reason: \n not found: limit=46 content=7b2261706956657273696f6e223a227631222c226b696e64223a224c69737422â€¦
Jan 11, 2021 12:31:09 AM okhttp3.mockwebserver.MockWebServer$3 processOneRequest
INFO: MockWebServer[38739] received request: GET /api/v1/namespaces/entando-k8s-controller-coordinator-carcpr64/pods?labelSelector=EntandoResourceKind%3DEntandoKeycloakServer HTTP/1.1 and responded: HTTP/1.1 200 OK
Jan 11, 2021 12:31:09 AM okhttp3.mockwebserver.MockWebServer$3 processOneRequest
INFO: MockWebServer[38739] received request: GET /api/v1/namespaces/entando-k8s-controller-coordinator-carcpr64/pods?labelSelector=EntandoResourceKind%3DEntandoKeycloakServer HTTP/1.1 and responded: HTTP/1.1 200 OK
Jan 11, 2021 12:31:09 AM okhttp3.mockwebserver.MockWebServer$3 processOneRequest
INFO: MockWebServer[38739] received request: GET /api/v1/namespaces/entando-k8s-controller-coordinator-carcpr64/pods?labelSelector=EntandoResourceKind%3DEntandoKeycloakServer HTTP/1.1 and responded: HTTP/1.1 200 OK
Jan 11, 2021 12:31:09 AM okhttp3.mockwebserver.MockWebServer$3 processOneRequest
INFO: MockWebServer[38739] received request: GET /api/v1/namespaces/entando-k8s-controller-coordinator-carcpr64/pods?labelSelector=EntandoResourceKind%3DEntandoKeycloakServer HTTP/1.1 and responded: HTTP/1.1 200 OK
Jan 11, 2021 12:31:09 AM okhttp3.mockwebserver.MockWebServer$3 processOneRequest
INFO: MockWebServer[38739] received request: GET /apis/entando.org/v1/namespaces/entando-k8s-controller-coordinator-carcpr64/entandocompositeapps?watch=**** HTTP/1.1 and responded: HTTP/1.1 200 OK
Jan 11, 2021 12:31:09 AM io.fabric8.kubernetes.client.dsl.internal.WatchHTTPManager$1 onResponse
INFO: Watch terminated unexpectedly. reason: \n not found: limit=46 content=7b2261706956657273696f6e223a227631222c226b696e64223a224c69737422â€¦
Jan 11, 2021 12:31:09 AM okhttp3.mockwebserver.MockWebServer$3 processOneRequest
INFO: MockWebServer[38739] received request: GET /api/v1/namespaces/entando-k8s-controller-coordinator-carcpr64/pods?labelSelector=EntandoResourceKind%3DEntandoKeycloakServer HTTP/1.1 and responded: HTTP/1.1 200 OK
Jan 11, 2021 12:31:09 AM okhttp3.mockwebserver.MockWebServer$3 processOneRequest
INFO: MockWebServer[38739] received request: GET /api/v1/namespaces/entando-k8s-controller-coordinator-carcpr64/pods?labelSelector=EntandoResourceKind%3DEntandoKeycloakServer HTTP/1.1 and responded: HTTP/1.1 200 OK
Jan 11, 2021 12:31:10 AM okhttp3.mockwebserver.MockWebServer$3 processOneRequest
INFO: MockWebServer[38739] received request: GET /api/v1/namespaces/entando-k8s-controller-coordinator-carcpr64/pods?labelSelector=EntandoResourceKind%3DEntandoKeycloakServer HTTP/1.1 and responded: HTTP/1.1 200 OK
Jan 11, 2021 12:31:10 AM okhttp3.mockwebserver.MockWebServer$3 processOneRequest
INFO: MockWebServer[38739] received request: GET /api/v1/namespaces/entando-k8s-controller-coordinator-carcpr64/pods?labelSelector=EntandoResourceKind%3DEntandoKeycloakServer HTTP/1.1 and responded: HTTP/1.1 200 OK
Jan 11, 2021 12:31:10 AM okhttp3.mockwebserver.MockWebServer$3 processOneRequest
INFO: MockWebServer[38739] received request: GET /api/v1/namespaces/entando-k8s-controller-coordinator-carcpr64/pods?labelSelector=EntandoResourceKind%3DEntandoKeycloakServer HTTP/1.1 and responded: HTTP/1.1 200 OK
Jan 11, 2021 12:31:10 AM okhttp3.mockwebserver.MockWebServer$3 processOneRequest
INFO: MockWebServer[38739] received request: GET /apis/entando.org/v1/namespaces/entando-k8s-controller-coordinator-carcpr64/entandodatabaseservices?watch=**** HTTP/1.1 and responded: HTTP/1.1 200 OK
Jan 11, 2021 12:31:10 AM io.fabric8.kubernetes.client.dsl.internal.WatchHTTPManager$1 onResponse
INFO: Watch terminated unexpectedly. reason: \n not found: limit=46 content=7b2261706956657273696f6e223a227631222c226b696e64223a224c69737422â€¦
Jan 11, 2021 12:31:10 AM okhttp3.mockwebserver.MockWebServer$3 processOneRequest
INFO: MockWebServer[38739] received request: GET /api/v1/namespaces/entando-k8s-controller-coordinator-carcpr64/pods?labelSelector=EntandoResourceKind%3DEntandoKeycloakServer HTTP/1.1 and responded: HTTP/1.1 200 OK
Jan 11, 2021 12:31:10 AM okhttp3.mockwebserver.MockWebServer$3 processOneRequest
INFO: MockWebServer[38739] received request: GET /api/v1/namespaces/entando-k8s-controller-coordinator-carcpr64/pods?labelSelector=EntandoResourceKind%3DEntandoKeycloakServer HTTP/1.1 and responded: HTTP/1.1 200 OK
Jan 11, 2021 12:31:10 AM okhttp3.mockwebserver.MockWebServer$3 processOneRequest
INFO: MockWebServer[38739] received request: GET /api/v1/namespaces/entando-k8s-controller-coordinator-carcpr64/pods?labelSelector=EntandoResourceKind%3DEntandoKeycloakServer HTTP/1.1 and responded: HTTP/1.1 200 OK
Jan 11, 2021 12:31:10 AM okhttp3.mockwebserver.MockWebServer$3 processOneRequest
INFO: MockWebServer[38739] received request: GET /api/v1/namespaces/entando-k8s-controller-coordinator-carcpr64/pods?labelSelector=EntandoResourceKind%3DEntandoKeycloakServer HTTP/1.1 and responded: HTTP/1.1 200 OK
Jan 11, 2021 12:31:11 AM okhttp3.mockwebserver.MockWebServer$3 processOneRequest
INFO: MockWebServer[38739] received request: GET /api/v1/namespaces/entando-k8s-controller-coordinator-carcpr64/pods?labelSelector=EntandoResourceKind%3DEntandoKeycloakServer HTTP/1.1 and responded: HTTP/1.1 200 OK
Jan 11, 2021 12:31:11 AM okhttp3.mockwebserver.MockWebServer$2 acceptConnections
INFO: MockWebServer[38739] done accepting connections: Socket closed
Jan 11, 2021 12:31:11 AM okhttp3.mockwebserver.MockWebServer$2 e**cute
INFO: MockWebServer[37596] starting to accept connections
Jan 11, 2021 12:31:11 AM okhttp3.mockwebserver.MockWebServer$3 processOneRequest
INFO: MockWebServer[37596] received request: GET /api/v1/namespaces/entando-k8s-controller-coordinator-carcpr64 HTTP/1.1 and responded: HTTP/1.1 404 Client Error
Jan 11, 2021 12:31:11 AM okhttp3.mockwebserver.MockWebServer$3 processOneRequest
INFO: MockWebServer[37596] received request: POST /api/v1/namespaces HTTP/1.1 and responded: HTTP/1.1 202 OK
Jan 11, 2021 12:31:11 AM okhttp3.mockwebserver.MockWebServer$3 processOneRequest
INFO: MockWebServer[37596] received request: POST /api/v1/namespaces/entando/configmaps HTTP/1.1 and responded: HTTP/1.1 202 OK
Jan 11, 2021 12:31:11 AM okhttp3.mockwebserver.MockWebServer$3 processOneRequest
INFO: MockWebServer[37596] received request: GET /api/v1/namespaces/entando-k8s-controller-coordinator-carcpr64 HTTP/1.1 and responded: HTTP/1.1 200 OK
Jan 11, 2021 12:31:11 AM okhttp3.mockwebserver.MockWebServer$3 processOneRequest
INFO: MockWebServer[37596] received request: GET /apis/entando.org/v1/namespaces/entando-k8s-controller-coordinator-carcpr64/entandokeycloakservers HTTP/1.1 and responded: HTTP/1.1 200 OK
Jan 11, 2021 12:31:11 AM okhttp3.mockwebserver.MockWebServer$3 processOneRequest
INFO: MockWebServer[37596] received request: GET /api/v1/namespaces/entando-k8s-controller-coordinator-carcpr64 HTTP/1.1 and responded: HTTP/1.1 200 OK
Jan 11, 2021 12:31:11 AM okhttp3.mockwebserver.MockWebServer$3 processOneRequest
INFO: MockWebServer[37596] received request: GET /apis/entando.org/v1/namespaces/entando-k8s-controller-coordinator-carcpr64/entandokeycloakservers HTTP/1.1 and responded: HTTP/1.1 200 OK
Jan 11, 2021 12:31:11 AM okhttp3.mockwebserver.MockWebServer$3 processOneRequest
INFO: MockWebServer[37596] received request: POST /apis/entando.org/v1/namespaces/entando-k8s-controller-coordinator-carcpr64/entandokeycloakservers HTTP/1.1 and responded: HTTP/1.1 202 OK
Jan 11, 2021 12:31:12 AM okhttp3.mockwebserver.MockWebServer$3 processOneRequest
INFO: MockWebServer[37596] received request: GET /api/v1/namespaces/entando-k8s-controller-coordinator-carcpr64/pods?labelSelector=EntandoResourceKind%3DEntandoKeycloakServer HTTP/1.1 and responded: HTTP/1.1 200 OK
Jan 11, 2021 12:31:12 AM okhttp3.mockwebserver.MockWebServer$3 processOneRequest
INFO: MockWebServer[37596] received request: GET /api/v1/namespaces/entando-k8s-controller-coordinator-carcpr64/pods?labelSelector=EntandoResourceKind%3DEntandoKeycloakServer HTTP/1.1 and responded: HTTP/1.1 200 OK
Jan 11, 2021 12:31:12 AM okhttp3.mockwebserver.MockWebServer$3 processOneRequest
INFO: MockWebServer[37596] received request: GET /api/v1/namespaces/entando-k8s-controller-coordinator-carcpr64/pods?labelSelector=EntandoResourceKind%3DEntandoKeycloakServer HTTP/1.1 and responded: HTTP/1.1 200 OK
Jan 11, 2021 12:31:12 AM okhttp3.mockwebserver.MockWebServer$3 processOneRequest
INFO: MockWebServer[37596] received request: GET /api/v1/namespaces/entando-k8s-controller-coordinator-carcpr64/pods?labelSelector=EntandoResourceKind%3DEntandoKeycloakServer HTTP/1.1 and responded: HTTP/1.1 200 OK
Jan 11, 2021 12:31:12 AM okhttp3.mockwebserver.MockWebServer$3 processOneRequest
INFO: MockWebServer[37596] received request: GET /api/v1/namespaces/entando-k8s-controller-coordinator-carcpr64/pods?labelSelector=EntandoResourceKind%3DEntandoKeycloakServer HTTP/1.1 and responded: HTTP/1.1 200 OK
Jan 11, 2021 12:31:12 AM okhttp3.mockwebserver.MockWebServer$3 processOneRequest
INFO: MockWebServer[37596] received request: GET /api/v1/namespaces/entando-k8s-controller-coordinator-carcpr64/pods?labelSelector=EntandoResourceKind%3DEntandoKeycloakServer HTTP/1.1 and responded: HTTP/1.1 200 OK
Jan 11, 2021 12:31:12 AM okhttp3.mockwebserver.MockWebServer$3 processOneRequest
INFO: MockWebServer[37596] received request: GET /api/v1/namespaces/entando-k8s-controller-coordinator-carcpr64/pods?labelSelector=EntandoResourceKind%3DEntandoKeycloakServer HTTP/1.1 and responded: HTTP/1.1 200 OK
Jan 11, 2021 12:31:13 AM okhttp3.mockwebserver.MockWebServer$3 processOneRequest
INFO: MockWebServer[37596] received request: GET /api/v1/namespaces/entando-k8s-controller-coordinator-carcpr64/pods?labelSelector=EntandoResourceKind%3DEntandoKeycloakServer HTTP/1.1 and responded: HTTP/1.1 200 OK
Jan 11, 2021 12:31:13 AM okhttp3.mockwebserver.MockWebServer$3 processOneRequest
INFO: MockWebServer[37596] received request: GET /api/v1/namespaces/entando-k8s-controller-coordinator-carcpr64/pods?labelSelector=EntandoResourceKind%3DEntandoKeycloakServer HTTP/1.1 and responded: HTTP/1.1 200 OK
Jan 11, 2021 12:31:13 AM okhttp3.mockwebserver.MockWebServer$3 processOneRequest
INFO: MockWebServer[37596] received request: GET /api/v1/namespaces/entando-k8s-controller-coordinator-carcpr64/pods?labelSelector=EntandoResourceKind%3DEntandoKeycloakServer HTTP/1.1 and responded: HTTP/1.1 200 OK
Jan 11, 2021 12:31:13 AM okhttp3.mockwebserver.MockWebServer$3 processOneRequest
INFO: MockWebServer[37596] received request: GET /api/v1/namespaces/entando-k8s-controller-coordinator-carcpr64/pods?labelSelector=EntandoResourceKind%3DEntandoKeycloakServer HTTP/1.1 and responded: HTTP/1.1 200 OK
Jan 11, 2021 12:31:13 AM okhttp3.mockwebserver.MockWebServer$3 processOneRequest
INFO: MockWebServer[37596] received request: GET /api/v1/namespaces/entando-k8s-controller-coordinator-carcpr64/pods?labelSelector=EntandoResourceKind%3DEntandoKeycloakServer HTTP/1.1 and responded: HTTP/1.1 200 OK
Jan 11, 2021 12:31:13 AM okhttp3.mockwebserver.MockWebServer$3 processOneRequest
INFO: MockWebServer[37596] received request: GET /api/v1/namespaces/entando-k8s-controller-coordinator-carcpr64/pods?labelSelector=EntandoResourceKind%3DEntandoKeycloakServer HTTP/1.1 and responded: HTTP/1.1 200 OK
Jan 11, 2021 12:31:13 AM okhttp3.mockwebserver.MockWebServer$3 processOneRequest
INFO: MockWebServer[37596] received request: GET /api/v1/namespaces/entando-k8s-controller-coordinator-carcpr64/pods?labelSelector=EntandoResourceKind%3DEntandoKeycloakServer HTTP/1.1 and responded: HTTP/1.1 200 OK
Jan 11, 2021 12:31:14 AM okhttp3.mockwebserver.MockWebServer$3 processOneRequest
INFO: MockWebServer[37596] received request: GET /api/v1/namespaces/entando-k8s-controller-coordinator-carcpr64/pods?labelSelector=EntandoResourceKind%3DEntandoKeycloakServer HTTP/1.1 and responded: HTTP/1.1 200 OK
Jan 11, 2021 12:31:14 AM okhttp3.mockwebserver.MockWebServer$3 processOneRequest
INFO: MockWebServer[37596] received request: GET /api/v1/namespaces/entando-k8s-controller-coordinator-carcpr64/pods?labelSelector=EntandoResourceKind%3DEntandoKeycloakServer HTTP/1.1 and responded: HTTP/1.1 200 OK
Jan 11, 2021 12:31:14 AM io.fabric8.kubernetes.client.dsl.internal.WatchHTTPManager$1 onFailure
INFO: Watch connection failed. reason: e**cutor rejected
Jan 11, 2021 12:31:14 AM okhttp3.mockwebserver.MockWebServer$3 processOneRequest
INFO: MockWebServer[37596] received request: GET /api/v1/namespaces/entando-k8s-controller-coordinator-carcpr64/pods?labelSelector=EntandoResourceKind%3DEntandoKeycloakServer HTTP/1.1 and responded: HTTP/1.1 200 OK
Jan 11, 2021 12:31:14 AM okhttp3.mockwebserver.MockWebServer$3 processOneRequest
INFO: MockWebServer[37596] received request: GET /api/v1/namespaces/entando-k8s-controller-coordinator-carcpr64/pods?labelSelector=EntandoResourceKind%3DEntandoKeycloakServer HTTP/1.1 and responded: HTTP/1.1 200 OK
Jan 11, 2021 12:31:14 AM okhttp3.mockwebserver.MockWebServer$3 processOneRequest
INFO: MockWebServer[37596] received request: GET /api/v1/namespaces/entando-k8s-controller-coordinator-carcpr64/pods?labelSelector=EntandoResourceKind%3DEntandoKeycloakServer HTTP/1.1 and responded: HTTP/1.1 200 OK
Jan 11, 2021 12:31:14 AM okhttp3.mockwebserver.MockWebServer$3 processOneRequest
INFO: MockWebServer[37596] received request: GET /api/v1/namespaces/entando-k8s-controller-coordinator-carcpr64/pods?labelSelector=EntandoResourceKind%3DEntandoKeycloakServer HTTP/1.1 and responded: HTTP/1.1 200 OK
Jan 11, 2021 12:31:15 AM okhttp3.mockwebserver.MockWebServer$3 processOneRequest
INFO: MockWebServer[37596] received request: GET /api/v1/namespaces/entando-k8s-controller-coordinator-carcpr64/pods?labelSelector=EntandoResourceKind%3DEntandoKeycloakServer HTTP/1.1 and responded: HTTP/1.1 200 OK
Jan 11, 2021 12:31:15 AM io.fabric8.kubernetes.client.dsl.internal.WatchHTTPManager$1 onFailure
INFO: Watch connection failed. reason: e**cutor rejected
Jan 11, 2021 12:31:15 AM okhttp3.mockwebserver.MockWebServer$3 processOneRequest
INFO: MockWebServer[37596] received request: GET /api/v1/namespaces/entando-k8s-controller-coordinator-carcpr64/pods?labelSelector=EntandoResourceKind%3DEntandoKeycloakServer HTTP/1.1 and responded: HTTP/1.1 200 OK
Jan 11, 2021 12:31:15 AM okhttp3.mockwebserver.MockWebServer$3 processOneRequest
INFO: MockWebServer[37596] received request: GET /api/v1/namespaces/entando-k8s-controller-coordinator-carcpr64/pods?labelSelector=EntandoResourceKind%3DEntandoKeycloakServer HTTP/1.1 and responded: HTTP/1.1 200 OK
Jan 11, 2021 12:31:15 AM okhttp3.mockwebserver.MockWebServer$3 processOneRequest
INFO: MockWebServer[37596] received request: GET /api/v1/namespaces/entando-k8s-controller-coordinator-carcpr64/pods?labelSelector=EntandoResourceKind%3DEntandoKeycloakServer HTTP/1.1 and responded: HTTP/1.1 200 OK
Jan 11, 2021 12:31:15 AM okhttp3.mockwebserver.MockWebServer$3 processOneRequest
INFO: MockWebServer[37596] received request: GET /api/v1/namespaces/entando-k8s-controller-coordinator-carcpr64/pods?labelSelector=EntandoResourceKind%3DEntandoKeycloakServer HTTP/1.1 and responded: HTTP/1.1 200 OK
Jan 11, 2021 12:31:15 AM okhttp3.mockwebserver.MockWebServer$3 processOneRequest
INFO: MockWebServer[37596] received request: GET /api/v1/namespaces/entando-k8s-controller-coordinator-carcpr64/pods?labelSelector=EntandoResourceKind%3DEntandoKeycloakServer HTTP/1.1 and responded: HTTP/1.1 200 OK
Jan 11, 2021 12:31:15 AM io.fabric8.kubernetes.client.dsl.internal.WatchHTTPManager$1 onFailure
INFO: Watch connection failed. reason: e**cutor rejected
Jan 11, 2021 12:31:15 AM okhttp3.mockwebserver.MockWebServer$3 processOneRequest
INFO: MockWebServer[37596] received request: GET /api/v1/namespaces/entando-k8s-controller-coordinator-carcpr64/pods?labelSelector=EntandoResourceKind%3DEntandoKeycloakServer HTTP/1.1 and responded: HTTP/1.1 200 OK
Jan 11, 2021 12:31:16 AM okhttp3.mockwebserver.MockWebServer$3 processOneRequest
INFO: MockWebServer[37596] received request: GET /api/v1/namespaces/entando-k8s-controller-coordinator-carcpr64/pods?labelSelector=EntandoResourceKind%3DEntandoKeycloakServer HTTP/1.1 and responded: HTTP/1.1 200 OK
Jan 11, 2021 12:31:16 AM okhttp3.mockwebserver.MockWebServer$3 processOneRequest
INFO: MockWebServer[37596] received request: GET /api/v1/namespaces/entando-k8s-controller-coordinator-carcpr64/pods?labelSelector=EntandoResourceKind%3DEntandoKeycloakServer HTTP/1.1 and responded: HTTP/1.1 200 OK
Jan 11, 2021 12:31:16 AM okhttp3.mockwebserver.MockWebServer$3 processOneRequest
INFO: MockWebServer[37596] received request: GET /api/v1/namespaces/entando-k8s-controller-coordinator-carcpr64/pods?labelSelector=EntandoResourceKind%3DEntandoKeycloakServer HTTP/1.1 and responded: HTTP/1.1 200 OK
Jan 11, 2021 12:31:16 AM io.fabric8.kubernetes.client.dsl.internal.WatchHTTPManager$1 onFailure
INFO: Watch connection failed. reason: e**cutor rejected
Jan 11, 2021 12:31:16 AM okhttp3.mockwebserver.MockWebServer$3 processOneRequest
INFO: MockWebServer[37596] received request: GET /api/v1/namespaces/entando-k8s-controller-coordinator-carcpr64/pods?labelSelector=EntandoResourceKind%3DEntandoKeycloakServer HTTP/1.1 and responded: HTTP/1.1 200 OK
Jan 11, 2021 12:31:16 AM okhttp3.mockwebserver.MockWebServer$3 processOneRequest
INFO: MockWebServer[37596] received request: GET /api/v1/namespaces/entando-k8s-controller-coordinator-carcpr64/pods?labelSelector=EntandoResourceKind%3DEntandoKeycloakServer HTTP/1.1 and responded: HTTP/1.1 200 OK
Jan 11, 2021 12:31:16 AM okhttp3.mockwebserver.MockWebServer$3 processOneRequest
INFO: MockWebServer[37596] received request: GET /api/v1/namespaces/entando-k8s-controller-coordinator-carcpr64/pods?labelSelector=EntandoResourceKind%3DEntandoKeycloakServer HTTP/1.1 and responded: HTTP/1.1 200 OK
Jan 11, 2021 12:31:16 AM okhttp3.mockwebserver.MockWebServer$3 processOneRequest
INFO: MockWebServer[37596] received request: GET /api/v1/namespaces/entando-k8s-controller-coordinator-carcpr64/pods?labelSelector=EntandoResourceKind%3DEntandoKeycloakServer HTTP/1.1 and responded: HTTP/1.1 200 OK
Jan 11, 2021 12:31:16 AM io.fabric8.kubernetes.client.dsl.internal.WatchHTTPManager$1 onFailure
INFO: Watch connection failed. reason: e**cutor rejected
Jan 11, 2021 12:31:17 AM okhttp3.mockwebserver.MockWebServer$3 processOneRequest
INFO: MockWebServer[37596] received request: GET /api/v1/namespaces/entando-k8s-controller-coordinator-carcpr64/pods?labelSelector=EntandoResourceKind%3DEntandoKeycloakServer HTTP/1.1 and responded: HTTP/1.1 200 OK
Jan 11, 2021 12:31:17 AM okhttp3.mockwebserver.MockWebServer$3 processOneRequest
INFO: MockWebServer[37596] received request: GET /api/v1/namespaces/entando-k8s-controller-coordinator-carcpr64 HTTP/1.1 and responded: HTTP/1.1 200 OK
Jan 11, 2021 12:31:17 AM okhttp3.mockwebserver.MockWebServer$3 processOneRequest
INFO: MockWebServer[37596] received request: GET /apis/entando.org/v1/namespaces/entando-k8s-controller-coordinator-carcpr64/entandokeycloakservers HTTP/1.1 and responded: HTTP/1.1 200 OK
Jan 11, 2021 12:31:17 AM okhttp3.mockwebserver.MockWebServer$3 processOneRequest
INFO: MockWebServer[37596] received request: GET /api/v1/namespaces/entando-k8s-controller-coordinator-carcpr64 HTTP/1.1 and responded: HTTP/1.1 200 OK
Jan 11, 2021 12:31:17 AM okhttp3.mockwebserver.MockWebServer$3 processOneRequest
INFO: MockWebServer[37596] received request: GET /apis/entando.org/v1/namespaces/entando-k8s-controller-coordinator-carcpr64/entandokeycloakservers HTTP/1.1 and responded: HTTP/1.1 200 OK
Jan 11, 2021 12:31:17 AM okhttp3.mockwebserver.MockWebServer$3 processOneRequest
INFO: MockWebServer[37596] received request: GET /apis/entando.org/v1/namespaces/entando-k8s-controller-coordinator-carcpr64/entandokeycloakservers HTTP/1.1 and responded: HTTP/1.1 200 OK
Jan 11, 2021 12:31:17 AM org.entando.kubernetes.controller.coordinator.EntandoResourceObserver logAction
INFO: Received ADDED for resource EntandoKeycloakServer entando-k8s-controller-coordinator-carcpr64/test-keycloak
Jan 11, 2021 12:31:17 AM okhttp3.mockwebserver.MockWebServer$3 processOneRequest
INFO: MockWebServer[37596] received request: GET /apis/entando.org/v1/namespaces/entando-k8s-controller-coordinator-carcpr64/entandokeycloakservers/test-keycloak?watch=**** HTTP/1.1 and responded: HTTP/1.1 200 OK
Jan 11, 2021 12:31:17 AM okhttp3.mockwebserver.MockWebServer$3 processOneRequest
INFO: MockWebServer[37596] received request: GET /api/v1/namespaces/entando/configmaps/entando-docker-image-info-v6.1 HTTP/1.1 and responded: HTTP/1.1 200 OK
Jan 11, 2021 12:31:17 AM io.fabric8.kubernetes.client.dsl.internal.WatchHTTPManager$1 onFailure
INFO: Watch connection failed. reason: e**cutor rejected
Jan 11, 2021 12:31:17 AM okhttp3.mockwebserver.MockWebServer$3 processOneRequest
INFO: MockWebServer[37596] received request: GET /apis/entando.org/v1/namespaces/entando-k8s-controller-coordinator-carcpr64/entandokeycloakservers/test-keycloak?watch=**** HTTP/1.1 and responded: HTTP/1.1 200 OK
Jan 11, 2021 12:31:17 AM okhttp3.mockwebserver.MockWebServer$3 processOneRequest
INFO: MockWebServer[37596] received request: GET /apis/entando.org/v1/namespaces/entando-k8s-controller-coordinator-carcpr64/entandokeycloakservers/test-keycloak HTTP/1.1 and responded: HTTP/1.1 200 OK
Jan 11, 2021 12:31:17 AM okhttp3.mockwebserver.MockWebServer$3 processOneRequest
INFO: MockWebServer[37596] received request: GET /api/v1/namespaces/entando-k8s-controller-coordinator-carcpr64 HTTP/1.1 and responded: HTTP/1.1 200 OK
Jan 11, 2021 12:31:17 AM okhttp3.mockwebserver.MockWebServer$3 processOneRequest
INFO: MockWebServer[37596] received request: GET /api/v1/namespaces/entando-k8s-controller-coordinator-carcpr64/pods?labelSelector=EntandoResourceNamespace%3Dentando-k8s-controller-coordinator-carcpr64%2CEntandoResourceKind%3DEntandoKeycloakServer%2CEntandoKeycloakServer%3Dtest-keycloak HTTP/1.1 and responded: HTTP/1.1 200 OK
Jan 11, 2021 12:31:17 AM io.fabric8.kubernetes.client.dsl.internal.WatchHTTPManager$1 onResponse
INFO: Watch terminated unexpectedly. reason: \n not found: limit=279 content=7b226b696e64223a22456e74616e646f4b6579636c6f616b536572766572222câ€¦
Jan 11, 2021 12:31:17 AM okhttp3.mockwebserver.MockWebServer$3 processOneRequest
INFO: MockWebServer[37596] received request: GET /apis/entando.org/v1/namespaces/entando-k8s-controller-coordinator-carcpr64/entandokeycloakservers HTTP/1.1 and responded: HTTP/1.1 200 OK
Jan 11, 2021 12:31:17 AM okhttp3.mockwebserver.MockWebServer$3 processOneRequest
INFO: MockWebServer[37596] received request: GET /api/v1/namespaces/entando-k8s-controller-coordinator-carcpr64/pods?labelSelector=EntandoResourceNamespace%3Dentando-k8s-controller-coordinator-carcpr64%2CEntandoResourceKind%3DEntandoKeycloakServer%2CEntandoKeycloakServer%3Dtest-keycloak&watch=**** HTTP/1.1 and responded: HTTP/1.1 200 OK
Jan 11, 2021 12:31:17 AM okhttp3.mockwebserver.MockWebServer$3 processOneRequest
INFO: MockWebServer[37596] received request: GET /api/v1/namespaces/entando-k8s-controller-coordinator-carcpr64 HTTP/1.1 and responded: HTTP/1.1 200 OK
Jan 11, 2021 12:31:17 AM okhttp3.mockwebserver.MockWebServer$3 processOneRequest
INFO: MockWebServer[37596] received request: GET /api/v1/namespaces/entando-k8s-controller-coordinator-carcpr64/pods?labelSelector=EntandoResourceNamespace%3Dentando-k8s-controller-coordinator-carcpr64%2CEntandoResourceKind%3DEntandoKeycloakServer%2CEntandoKeycloakServer%3Dtest-keycloak&watch=**** HTTP/1.1 and responded: HTTP/1.1 200 OK
Jan 11, 2021 12:31:17 AM io.fabric8.kubernetes.client.dsl.internal.WatchHTTPManager$1 onResponse
INFO: Watch terminated unexpectedly. reason: \n not found: limit=46 content=7b2261706956657273696f6e223a227631222c226b696e64223a224c69737422â€¦
Jan 11, 2021 12:31:17 AM okhttp3.mockwebserver.MockWebServer$3 processOneRequest
INFO: MockWebServer[37596] received request: GET /api/v1/namespaces/entando-k8s-controller-coordinator-carcpr64/pods?labelSelector=EntandoResourceNamespace%3Dentando-k8s-controller-coordinator-carcpr64%2CEntandoResourceKind%3DEntandoKeycloakServer%2CEntandoKeycloakServer%3Dtest-keycloak HTTP/1.1 and responded: HTTP/1.1 200 OK
Jan 11, 2021 12:31:17 AM okhttp3.mockwebserver.MockWebServer$3 processOneRequest
INFO: MockWebServer[37596] received request: GET /api/v1/namespaces/entando-k8s-controller-coordinator-carcpr64/pods?labelSelector=EntandoResourceNamespace%3Dentando-k8s-controller-coordinator-carcpr64%2CEntandoResourceKind%3DEntandoKeycloakServer%2CEntandoKeycloakServer%3Dtest-keycloak HTTP/1.1 and responded: HTTP/1.1 200 OK
Jan 11, 2021 12:31:17 AM okhttp3.mockwebserver.MockWebServer$3 processOneRequest
INFO: MockWebServer[37596] received request: GET /apis/entando.org/v1/namespaces/entando-k8s-controller-coordinator-carcpr64/entandokeycloakservers HTTP/1.1 and responded: HTTP/1.1 200 OK
Jan 11, 2021 12:31:18 AM okhttp3.mockwebserver.MockWebServer$3 processOneRequest
INFO: MockWebServer[37596] received request: GET /apis/entando.org/v1/namespaces/entando-k8s-controller-coordinator-carcpr64/entandokeycloakservers/test-keycloak HTTP/1.1 and responded: HTTP/1.1 200 OK
Jan 11, 2021 12:31:18 AM okhttp3.mockwebserver.MockWebServer$3 processOneRequest
INFO: MockWebServer[37596] received request: GET /apis/entando.org/v1/namespaces/entando-k8s-controller-coordinator-carcpr64/entandokeycloakservers/test-keycloak HTTP/1.1 and responded: HTTP/1.1 200 OK
Jan 11, 2021 12:31:18 AM okhttp3.mockwebserver.MockWebServer$3 processOneRequest
INFO: MockWebServer[37596] received request: PATCH /apis/entando.org/v1/namespaces/entando-k8s-controller-coordinator-carcpr64/entandokeycloakservers/test-keycloak HTTP/1.1 and responded: HTTP/1.1 202 OK
Jan 11, 2021 12:31:18 AM io.fabric8.kubernetes.client.dsl.internal.WatchHTTPManager$1 onFailure
INFO: Watch connection failed. reason: e**cutor rejected
Jan 11, 2021 12:31:18 AM io.fabric8.kubernetes.client.dsl.internal.WatchHTTPManager$1 onResponse
INFO: Watch terminated unexpectedly. reason: \n not found: limit=332 content=7b226b696e64223a22456e74616e646f4b6579636c6f616b536572766572222câ€¦
Jan 11, 2021 12:31:18 AM okhttp3.mockwebserver.MockWebServer$3 processOneRequest
INFO: MockWebServer[37596] received request: GET /apis/entando.org/v1/namespaces/entando-k8s-controller-coordinator-carcpr64/entandokeycloakservers/test-keycloak?watch=**** HTTP/1.1 and responded: HTTP/1.1 200 OK
Jan 11, 2021 12:31:18 AM io.fabric8.kubernetes.client.dsl.internal.WatchHTTPManager$1 onResponse
INFO: Watch terminated unexpectedly. reason: \n not found: limit=46 content=7b2261706956657273696f6e223a227631222c226b696e64223a224c69737422â€¦
Jan 11, 2021 12:31:18 AM io.fabric8.kubernetes.client.dsl.internal.WatchHTTPManager scheduleReconnect
WARN: Ignoring error for already closed/closing connection
Jan 11, 2021 12:31:18 AM okhttp3.mockwebserver.MockWebServer$3 processOneRequest
INFO: MockWebServer[37596] received request: GET /api/v1/namespaces/entando-k8s-controller-coordinator-carcpr64/pods?labelSelector=EntandoResourceNamespace%3Dentando-k8s-controller-coordinator-carcpr64%2CEntandoResourceKind%3DEntandoKeycloakServer%2CEntandoKeycloakServer%3Dtest-keycloak&watch=**** HTTP/1.1 and responded: HTTP/1.1 200 OK
Jan 11, 2021 12:31:18 AM okhttp3.mockwebserver.MockWebServer$3 processOneRequest
INFO: MockWebServer[37596] received request: GET /api/v1/namespaces/entando-k8s-controller-coordinator-carcpr64/secrets/test-keycloak-controller-ca-cert-secret HTTP/1.1 and responded: HTTP/1.1 404 Client Error
Jan 11, 2021 12:31:18 AM okhttp3.mockwebserver.MockWebServer$3 processOneRequest
INFO: MockWebServer[37596] received request: POST /api/v1/namespaces/entando-k8s-controller-coordinator-carcpr64/secrets HTTP/1.1 and responded: HTTP/1.1 202 OK
Jan 11, 2021 12:31:19 AM okhttp3.mockwebserver.MockWebServer$3 processOneRequest
INFO: MockWebServer[37596] received request: POST /api/v1/namespaces/entando-k8s-controller-coordinator-carcpr64/pods HTTP/1.1 and responded: HTTP/1.1 202 OK
Jan 11, 2021 12:31:20 AM okhttp3.mockwebserver.MockWebServer$3 processOneRequest
INFO: MockWebServer[37596] received request: GET /apis/entando.org/v1/namespaces/entando-k8s-controller-coordinator-carcpr64/entandokeycloakservers/test-keycloak?watch=**** HTTP/1.1 and responded: HTTP/1.1 200 OK
Jan 11, 2021 12:31:20 AM io.fabric8.kubernetes.client.dsl.internal.WatchHTTPManager$1 onResponse
INFO: Watch terminated unexpectedly. reason: \n not found: limit=332 content=7b226b696e64223a22456e74616e646f4b6579636c6f616b536572766572222câ€¦
Jan 11, 2021 12:31:22 AM okhttp3.mockwebserver.MockWebServer$3 processOneRequest
INFO: MockWebServer[37596] received request: GET /apis/entando.org/v1/namespaces/entando-k8s-controller-coordinator-carcpr64/entandokeycloakservers/test-keycloak HTTP/1.1 and responded: HTTP/1.1 200 OK
Jan 11, 2021 12:31:23 AM io.fabric8.kubernetes.client.dsl.internal.WatchHTTPManager close
WARN: E**cutor didn't terminate in time after shutdown in close(), killing it in: io.fabric8.kubernetes.client.dsl.internal.WatchHTTPManager@1a111243
Jan 11, 2021 12:31:23 AM okhttp3.mockwebserver.MockWebServer$3 processOneRequest
INFO: MockWebServer[37596] received request: GET /apis/entando.org/v1/namespaces/entando-k8s-controller-coordinator-carcpr64/entandokeycloakservers?watch=**** HTTP/1.1 and responded: HTTP/1.1 200 OK
Jan 11, 2021 12:31:23 AM okhttp3.mockwebserver.MockWebServer$3 processOneRequest
INFO: MockWebServer[37596] received request: GET /apis/entando.org/v1/namespaces/entando-k8s-controller-coordinator-carcpr64/entandokeycloakservers?watch=**** HTTP/1.1 and responded: HTTP/1.1 200 OK
Jan 11, 2021 12:31:23 AM io.fabric8.kubernetes.client.dsl.internal.WatchHTTPManager$1 onResponse
INFO: Watch terminated unexpectedly. reason: \n not found: limit=378 content=7b2261706956657273696f6e223a227631222c226b696e64223a224c69737422â€¦
Jan 11, 2021 12:31:23 AM okhttp3.mockwebserver.MockWebServer$3 processOneRequest
INFO: MockWebServer[37596] received request: GET /api/v1/namespaces/entando-k8s-controller-coordinator-carcpr64 HTTP/1.1 and responded: HTTP/1.1 200 OK
Jan 11, 2021 12:31:23 AM okhttp3.mockwebserver.MockWebServer$3 processOneRequest
INFO: MockWebServer[37596] received request: GET /apis/entando.org/v1/namespaces/entando-k8s-controller-coordinator-carcpr64/entandoclusterinfrastructures HTTP/1.1 and responded: HTTP/1.1 200 OK
Jan 11, 2021 12:31:24 AM okhttp3.mockwebserver.MockWebServer$3 processOneRequest
INFO: MockWebServer[37596] received request: GET /api/v1/namespaces/entando-k8s-controller-coordinator-carcpr64 HTTP/1.1 and responded: HTTP/1.1 200 OK
Jan 11, 2021 12:31:24 AM okhttp3.mockwebserver.MockWebServer$3 processOneRequest
INFO: MockWebServer[37596] received request: GET /apis/entando.org/v1/namespaces/entando-k8s-controller-coordinator-carcpr64/entandoclusterinfrastructures HTTP/1.1 and responded: HTTP/1.1 200 OK
Jan 11, 2021 12:31:24 AM okhttp3.mockwebserver.MockWebServer$3 processOneRequest
INFO: MockWebServer[37596] received request: GET /apis/entando.org/v1/namespaces/entando-k8s-controller-coordinator-carcpr64/entandoclusterinfrastructures HTTP/1.1 and responded: HTTP/1.1 200 OK
Jan 11, 2021 12:31:24 AM okhttp3.mockwebserver.MockWebServer$3 processOneRequest
INFO: MockWebServer[37596] received request: GET /apis/entando.org/v1/namespaces/entando-k8s-controller-coordinator-carcpr64/entandoclusterinfrastructures?watch=**** HTTP/1.1 and responded: HTTP/1.1 200 OK
Jan 11, 2021 12:31:24 AM okhttp3.mockwebserver.MockWebServer$3 processOneRequest
INFO: MockWebServer[37596] received request: GET /api/v1/namespaces/entando-k8s-controller-coordinator-carcpr64 HTTP/1.1 and responded: HTTP/1.1 200 OK
Jan 11, 2021 12:31:24 AM okhttp3.mockwebserver.MockWebServer$3 processOneRequest
INFO: MockWebServer[37596] received request: GET /apis/entando.org/v1/namespaces/entando-k8s-controller-coordinator-carcpr64/entandoclusterinfrastructures?watch=**** HTTP/1.1 and responded: HTTP/1.1 200 OK
Jan 11, 2021 12:31:24 AM io.fabric8.kubernetes.client.dsl.internal.WatchHTTPManager$1 onResponse
INFO: Watch terminated unexpectedly. reason: \n not found: limit=46 content=7b2261706956657273696f6e223a227631222c226b696e64223a224c69737422â€¦
Jan 11, 2021 12:31:24 AM okhttp3.mockwebserver.MockWebServer$3 processOneRequest
INFO: MockWebServer[37596] received request: GET /apis/entando.org/v1/namespaces/entando-k8s-controller-coordinator-carcpr64/entandoapps HTTP/1.1 and responded: HTTP/1.1 200 OK
Jan 11, 2021 12:31:24 AM okhttp3.mockwebserver.MockWebServer$3 processOneRequest
INFO: MockWebServer[37596] received request: GET /api/v1/namespaces/entando-k8s-controller-coordinator-carcpr64 HTTP/1.1 and responded: HTTP/1.1 200 OK
Jan 11, 2021 12:31:24 AM okhttp3.mockwebserver.MockWebServer$3 processOneRequest
INFO: MockWebServer[37596] received request: GET /apis/entando.org/v1/namespaces/entando-k8s-controller-coordinator-carcpr64/entandoapps HTTP/1.1 and responded: HTTP/1.1 200 OK
Jan 11, 2021 12:31:24 AM okhttp3.mockwebserver.MockWebServer$3 processOneRequest
INFO: MockWebServer[37596] received request: GET /apis/entando.org/v1/namespaces/entando-k8s-controller-coordinator-carcpr64/entandoapps HTTP/1.1 and responded: HTTP/1.1 200 OK
Jan 11, 2021 12:31:24 AM okhttp3.mockwebserver.MockWebServer$3 processOneRequest
INFO: MockWebServer[37596] received request: GET /apis/entando.org/v1/namespaces/entando-k8s-controller-coordinator-carcpr64/entandoapps?watch=**** HTTP/1.1 and responded: HTTP/1.1 200 OK
Jan 11, 2021 12:31:24 AM okhttp3.mockwebserver.MockWebServer$3 processOneRequest
INFO: MockWebServer[37596] received request: GET /api/v1/namespaces/entando-k8s-controller-coordinator-carcpr64 HTTP/1.1 and responded: HTTP/1.1 200 OK
Jan 11, 2021 12:31:24 AM okhttp3.mockwebserver.MockWebServer$3 processOneRequest
INFO: MockWebServer[37596] received request: GET /apis/entando.org/v1/namespaces/entando-k8s-controller-coordinator-carcpr64/entandoapps?watch=**** HTTP/1.1 and responded: HTTP/1.1 200 OK
Jan 11, 2021 12:31:24 AM io.fabric8.kubernetes.client.dsl.internal.WatchHTTPManager$1 onResponse
INFO: Watch terminated unexpectedly. reason: \n not found: limit=46 content=7b2261706956657273696f6e223a227631222c226b696e64223a224c69737422â€¦
Jan 11, 2021 12:31:24 AM okhttp3.mockwebserver.MockWebServer$3 processOneRequest
INFO: MockWebServer[37596] received request: GET /apis/entando.org/v1/namespaces/entando-k8s-controller-coordinator-carcpr64/entandoplugins HTTP/1.1 and responded: HTTP/1.1 200 OK
Jan 11, 2021 12:31:24 AM okhttp3.mockwebserver.MockWebServer$3 processOneRequest
INFO: MockWebServer[37596] received request: GET /apis/entando.org/v1/namespaces/entando-k8s-controller-coordinator-carcpr64/entandokeycloakservers?watch=**** HTTP/1.1 and responded: HTTP/1.1 200 OK
Jan 11, 2021 12:31:24 AM okhttp3.mockwebserver.MockWebServer$3 processOneRequest
INFO: MockWebServer[37596] received request: GET /api/v1/namespaces/entando-k8s-controller-coordinator-carcpr64 HTTP/1.1 and responded: HTTP/1.1 200 OK
Jan 11, 2021 12:31:24 AM io.fabric8.kubernetes.client.dsl.internal.WatchHTTPManager$1 onResponse
INFO: Watch terminated unexpectedly. reason: \n not found: limit=378 content=7b2261706956657273696f6e223a227631222c226b696e64223a224c69737422â€¦
Jan 11, 2021 12:31:25 AM okhttp3.mockwebserver.MockWebServer$3 processOneRequest
INFO: MockWebServer[37596] received request: GET /apis/entando.org/v1/namespaces/entando-k8s-controller-coordinator-carcpr64/entandoplugins HTTP/1.1 and responded: HTTP/1.1 200 OK
Jan 11, 2021 12:31:25 AM okhttp3.mockwebserver.MockWebServer$3 processOneRequest
INFO: MockWebServer[37596] received request: GET /apis/entando.org/v1/namespaces/entando-k8s-controller-coordinator-carcpr64/entandoplugins HTTP/1.1 and responded: HTTP/1.1 200 OK
Jan 11, 2021 12:31:25 AM okhttp3.mockwebserver.MockWebServer$3 processOneRequest
INFO: MockWebServer[37596] received request: GET /apis/entando.org/v1/namespaces/entando-k8s-controller-coordinator-carcpr64/entandoplugins?watch=**** HTTP/1.1 and responded: HTTP/1.1 200 OK
Jan 11, 2021 12:31:25 AM okhttp3.mockwebserver.MockWebServer$3 processOneRequest
INFO: MockWebServer[37596] received request: GET /api/v1/namespaces/entando-k8s-controller-coordinator-carcpr64 HTTP/1.1 and responded: HTTP/1.1 200 OK
Jan 11, 2021 12:31:25 AM okhttp3.mockwebserver.MockWebServer$3 processOneRequest
INFO: MockWebServer[37596] received request: GET /apis/entando.org/v1/namespaces/entando-k8s-controller-coordinator-carcpr64/entandoplugins?watch=**** HTTP/1.1 and responded: HTTP/1.1 200 OK
Jan 11, 2021 12:31:25 AM io.fabric8.kubernetes.client.dsl.internal.WatchHTTPManager$1 onResponse
INFO: Watch terminated unexpectedly. reason: \n not found: limit=46 content=7b2261706956657273696f6e223a227631222c226b696e64223a224c69737422â€¦
Jan 11, 2021 12:31:25 AM okhttp3.mockwebserver.MockWebServer$3 processOneRequest
INFO: MockWebServer[37596] received request: GET /apis/entando.org/v1/namespaces/entando-k8s-controller-coordinator-carcpr64/entandoapppluginlinks HTTP/1.1 and responded: HTTP/1.1 200 OK
Jan 11, 2021 12:31:25 AM okhttp3.mockwebserver.MockWebServer$3 processOneRequest
INFO: MockWebServer[37596] received request: GET /api/v1/namespaces/entando-k8s-controller-coordinator-carcpr64 HTTP/1.1 and responded: HTTP/1.1 200 OK
Jan 11, 2021 12:31:25 AM okhttp3.mockwebserver.MockWebServer$3 processOneRequest
INFO: MockWebServer[37596] received request: GET /apis/entando.org/v1/namespaces/entando-k8s-controller-coordinator-carcpr64/entandoclusterinfrastructures?watch=**** HTTP/1.1 and responded: HTTP/1.1 200 OK
Jan 11, 2021 12:31:25 AM io.fabric8.kubernetes.client.dsl.internal.WatchHTTPManager$1 onResponse
INFO: Watch terminated unexpectedly. reason: \n not found: limit=46 content=7b2261706956657273696f6e223a227631222c226b696e64223a224c69737422â€¦
Jan 11, 2021 12:31:25 AM okhttp3.mockwebserver.MockWebServer$3 processOneRequest
INFO: MockWebServer[37596] received request: GET /apis/entando.org/v1/namespaces/entando-k8s-controller-coordinator-carcpr64/entandoapppluginlinks HTTP/1.1 and responded: HTTP/1.1 200 OK
Jan 11, 2021 12:31:25 AM okhttp3.mockwebserver.MockWebServer$3 processOneRequest
INFO: MockWebServer[37596] received request: GET /apis/entando.org/v1/namespaces/entando-k8s-controller-coordinator-carcpr64/entandoapppluginlinks HTTP/1.1 and responded: HTTP/1.1 200 OK
Jan 11, 2021 12:31:25 AM okhttp3.mockwebserver.MockWebServer$3 processOneRequest
INFO: MockWebServer[37596] received request: GET /apis/entando.org/v1/namespaces/entando-k8s-controller-coordinator-carcpr64/entandoapppluginlinks?watch=**** HTTP/1.1 and responded: HTTP/1.1 200 OK
Jan 11, 2021 12:31:25 AM okhttp3.mockwebserver.MockWebServer$3 processOneRequest
INFO: MockWebServer[37596] received request: GET /apis/entando.org/v1/namespaces/entando-k8s-controller-coordinator-carcpr64/entandoapppluginlinks?watch=**** HTTP/1.1 and responded: HTTP/1.1 200 OK
Jan 11, 2021 12:31:25 AM okhttp3.mockwebserver.MockWebServer$3 processOneRequest
INFO: MockWebServer[37596] received request: GET /api/v1/namespaces/entando-k8s-controller-coordinator-carcpr64 HTTP/1.1 and responded: HTTP/1.1 200 OK
Jan 11, 2021 12:31:25 AM io.fabric8.kubernetes.client.dsl.internal.WatchHTTPManager$1 onResponse
INFO: Watch terminated unexpectedly. reason: \n not found: limit=46 content=7b2261706956657273696f6e223a227631222c226b696e64223a224c69737422â€¦
Jan 11, 2021 12:31:25 AM okhttp3.mockwebserver.MockWebServer$3 processOneRequest
INFO: MockWebServer[37596] received request: GET /apis/entando.org/v1/namespaces/entando-k8s-controller-coordinator-carcpr64/entandocompositeapps HTTP/1.1 and responded: HTTP/1.1 200 OK
Jan 11, 2021 12:31:25 AM okhttp3.mockwebserver.MockWebServer$3 processOneRequest
INFO: MockWebServer[37596] received request: GET /apis/entando.org/v1/namespaces/entando-k8s-controller-coordinator-carcpr64/entandoapps?watch=**** HTTP/1.1 and responded: HTTP/1.1 200 OK
Jan 11, 2021 12:31:25 AM okhttp3.mockwebserver.MockWebServer$3 processOneRequest
INFO: MockWebServer[37596] received request: GET /api/v1/namespaces/entando-k8s-controller-coordinator-carcpr64 HTTP/1.1 and responded: HTTP/1.1 200 OK
Jan 11, 2021 12:31:25 AM io.fabric8.kubernetes.client.dsl.internal.WatchHTTPManager$1 onResponse
INFO: Watch terminated unexpectedly. reason: \n not found: limit=46 content=7b2261706956657273696f6e223a227631222c226b696e64223a224c69737422â€¦
Jan 11, 2021 12:31:25 AM okhttp3.mockwebserver.MockWebServer$3 processOneRequest
INFO: MockWebServer[37596] received request: GET /apis/entando.org/v1/namespaces/entando-k8s-controller-coordinator-carcpr64/entandocompositeapps HTTP/1.1 and responded: HTTP/1.1 200 OK
Jan 11, 2021 12:31:26 AM okhttp3.mockwebserver.MockWebServer$3 processOneRequest
INFO: MockWebServer[37596] received request: GET /apis/entando.org/v1/namespaces/entando-k8s-controller-coordinator-carcpr64/entandocompositeapps HTTP/1.1 and responded: HTTP/1.1 200 OK
Jan 11, 2021 12:31:26 AM okhttp3.mockwebserver.MockWebServer$3 processOneRequest
INFO: MockWebServer[37596] received request: GET /apis/entando.org/v1/namespaces/entando-k8s-controller-coordinator-carcpr64/entandocompositeapps?watch=**** HTTP/1.1 and responded: HTTP/1.1 200 OK
Jan 11, 2021 12:31:26 AM okhttp3.mockwebserver.MockWebServer$3 processOneRequest
INFO: MockWebServer[37596] received request: GET /apis/entando.org/v1/namespaces/entando-k8s-controller-coordinator-carcpr64/entandocompositeapps?watch=**** HTTP/1.1 and responded: HTTP/1.1 200 OK
Jan 11, 2021 12:31:26 AM okhttp3.mockwebserver.MockWebServer$3 processOneRequest
INFO: MockWebServer[37596] received request: GET /api/v1/namespaces/entando-k8s-controller-coordinator-carcpr64 HTTP/1.1 and responded: HTTP/1.1 200 OK
Jan 11, 2021 12:31:26 AM io.fabric8.kubernetes.client.dsl.internal.WatchHTTPManager$1 onResponse
INFO: Watch terminated unexpectedly. reason: \n not found: limit=46 content=7b2261706956657273696f6e223a227631222c226b696e64223a224c69737422â€¦
Jan 11, 2021 12:31:26 AM okhttp3.mockwebserver.MockWebServer$3 processOneRequest
INFO: MockWebServer[37596] received request: GET /apis/entando.org/v1/namespaces/entando-k8s-controller-coordinator-carcpr64/entandodatabaseservices HTTP/1.1 and responded: HTTP/1.1 200 OK
Jan 11, 2021 12:31:26 AM okhttp3.mockwebserver.MockWebServer$3 processOneRequest
INFO: MockWebServer[37596] received request: GET /apis/entando.org/v1/namespaces/entando-k8s-controller-coordinator-carcpr64/entandoplugins?watch=**** HTTP/1.1 and responded: HTTP/1.1 200 OK
Jan 11, 2021 12:31:26 AM io.fabric8.kubernetes.client.dsl.internal.WatchHTTPManager$1 onResponse
INFO: Watch terminated unexpectedly. reason: \n not found: limit=46 content=7b2261706956657273696f6e223a227631222c226b696e64223a224c69737422â€¦
Jan 11, 2021 12:31:26 AM okhttp3.mockwebserver.MockWebServer$3 processOneRequest
INFO: MockWebServer[37596] received request: GET /api/v1/namespaces/entando-k8s-controller-coordinator-carcpr64 HTTP/1.1 and responded: HTTP/1.1 200 OK
Jan 11, 2021 12:31:26 AM okhttp3.mockwebserver.MockWebServer$3 processOneRequest
INFO: MockWebServer[37596] received request: GET /apis/entando.org/v1/namespaces/entando-k8s-controller-coordinator-carcpr64/entandodatabaseservices HTTP/1.1 and responded: HTTP/1.1 200 OK
Jan 11, 2021 12:31:26 AM okhttp3.mockwebserver.MockWebServer$3 processOneRequest
INFO: MockWebServer[37596] received request: GET /apis/entando.org/v1/namespaces/entando-k8s-controller-coordinator-carcpr64/entandodatabaseservices HTTP/1.1 and responded: HTTP/1.1 200 OK
Jan 11, 2021 12:31:26 AM okhttp3.mockwebserver.MockWebServer$3 processOneRequest
INFO: MockWebServer[37596] received request: GET /apis/entando.org/v1/namespaces/entando-k8s-controller-coordinator-carcpr64/entandodatabaseservices?watch=**** HTTP/1.1 and responded: HTTP/1.1 200 OK
Jan 11, 2021 12:31:26 AM okhttp3.mockwebserver.MockWebServer$3 processOneRequest
INFO: MockWebServer[37596] received request: GET /apis/entando.org/v1/namespaces/entando-k8s-controller-coordinator-carcpr64/entandodatabaseservices?watch=**** HTTP/1.1 and responded: HTTP/1.1 200 OK
Jan 11, 2021 12:31:26 AM io.fabric8.kubernetes.client.dsl.internal.WatchHTTPManager$1 onResponse
INFO: Watch terminated unexpectedly. reason: \n not found: limit=46 content=7b2261706956657273696f6e223a227631222c226b696e64223a224c69737422â€¦
Jan 11, 2021 12:31:26 AM okhttp3.mockwebserver.MockWebServer$3 processOneRequest
INFO: MockWebServer[37596] received request: GET /api/v1/namespaces/entando-k8s-controller-coordinator-carcpr64/pods?labelSelector=EntandoResourceKind%3DEntandoKeycloakServer HTTP/1.1 and responded: HTTP/1.1 200 OK
Jan 11, 2021 12:31:26 AM okhttp3.mockwebserver.MockWebServer$2 acceptConnections
INFO: MockWebServer[37596] done accepting connections: Socket closed
[INFO] Tests run: 2, Failures: 0, Errors: 0, Skipped: 0, Time elapsed: 30.738 s - in org.entando.kubernetes.controller.coordinator.inprocesstests.ControllerCoordinatorEdgeConditionsTest
[INFO] Running org.entando.kubernetes.controller.coordinator.inprocesstests.DeploymentPhaseWatcherTest
Jan 11, 2021 12:31:26 AM io.fabric8.kubernetes.client.dsl.internal.WatchHTTPManager$1 onFailure
INFO: Watch connection failed. reason: e**cutor rejected
Jan 11, 2021 12:31:26 AM okhttp3.mockwebserver.MockWebServer$2 e**cute
INFO: MockWebServer[47020] starting to accept connections
Jan 11, 2021 12:31:26 AM io.fabric8.kubernetes.client.dsl.internal.WatchHTTPManager$1 onFailure
INFO: Watch connection failed. reason: e**cutor rejected
Jan 11, 2021 12:31:26 AM okhttp3.mockwebserver.MockWebServer$3 processOneRequest
INFO: MockWebServer[47020] received request: GET /api/v1/namespaces/test HTTP/1.1 and responded: HTTP/1.1 404 Client Error
Jan 11, 2021 12:31:27 AM okhttp3.mockwebserver.MockWebServer$3 processOneRequest
INFO: MockWebServer[47020] received request: GET /apis/entando.org/v1/namespaces/default/entandoapps HTTP/1.1 and responded: HTTP/1.1 200 OK
Jan 11, 2021 12:31:27 AM okhttp3.mockwebserver.MockWebServer$3 processOneRequest
INFO: MockWebServer[47020] received request: GET /api/v1/namespaces/test HTTP/1.1 and responded: HTTP/1.1 404 Client Error
Jan 11, 2021 12:31:27 AM okhttp3.mockwebserver.MockWebServer$3 processOneRequest
INFO: MockWebServer[47020] received request: GET /apis/entando.org/v1/namespaces/default/entandoapps HTTP/1.1 and responded: HTTP/1.1 200 OK
Jan 11, 2021 12:31:27 AM okhttp3.mockwebserver.MockWebServer$3 processOneRequest
INFO: MockWebServer[47020] received request: POST /apis/entando.org/v1/namespaces/test/entandoapps HTTP/1.1 and responded: HTTP/1.1 202 OK
Jan 11, 2021 12:31:27 AM io.fabric8.kubernetes.client.dsl.internal.WatchHTTPManager$1 onFailure
INFO: Watch connection failed. reason: e**cutor rejected
Jan 11, 2021 12:31:27 AM okhttp3.mockwebserver.MockWebServer$3 processOneRequest
INFO: MockWebServer[47020] received request: GET /apis/entando.org/v1/namespaces/test/entandoapps/test-app?watch=**** HTTP/1.1 and responded: HTTP/1.1 200 OK
Jan 11, 2021 12:31:27 AM okhttp3.mockwebserver.MockWebServer$3 processOneRequest
INFO: MockWebServer[47020] received request: GET /apis/entando.org/v1/namespaces/test/entandoapps/test-app HTTP/1.1 and responded: HTTP/1.1 200 OK
Jan 11, 2021 12:31:27 AM okhttp3.mockwebserver.MockWebServer$3 processOneRequest
INFO: MockWebServer[47020] received request: GET /apis/entando.org/v1/namespaces/test/entandoapps/test-app?watch=**** HTTP/1.1 and responded: HTTP/1.1 200 OK
Jan 11, 2021 12:31:27 AM io.fabric8.kubernetes.client.dsl.internal.WatchHTTPManager$1 onFailure
INFO: Watch connection failed. reason: e**cutor rejected
Jan 11, 2021 12:31:27 AM io.fabric8.kubernetes.client.dsl.internal.WatchHTTPManager$1 onResponse
INFO: Watch terminated unexpectedly. reason: \n not found: limit=220 content=7b226b696e64223a22456e74616e646f417070222c2261706956657273696f6eâ€¦
Jan 11, 2021 12:31:27 AM io.fabric8.kubernetes.client.dsl.internal.WatchHTTPManager$1 onFailure
INFO: Watch connection failed. reason: e**cutor rejected
Jan 11, 2021 12:31:27 AM okhttp3.mockwebserver.MockWebServer$3 processOneRequest
INFO: MockWebServer[47020] received request: GET /apis/entando.org/v1/namespaces/test/entandoapps/test-app HTTP/1.1 and responded: HTTP/1.1 200 OK
Jan 11, 2021 12:31:27 AM okhttp3.mockwebserver.MockWebServer$3 processOneRequest
INFO: MockWebServer[47020] received request: GET /apis/entando.org/v1/namespaces/test/entandoapps/test-app HTTP/1.1 and responded: HTTP/1.1 200 OK
Jan 11, 2021 12:31:27 AM io.fabric8.kubernetes.client.dsl.internal.WatchHTTPManager$1 onFailure
INFO: Watch connection failed. reason: e**cutor rejected
Jan 11, 2021 12:31:28 AM okhttp3.mockwebserver.MockWebServer$3 processOneRequest
INFO: MockWebServer[47020] received request: PATCH /apis/entando.org/v1/namespaces/test/entandoapps/test-app HTTP/1.1 and responded: HTTP/1.1 202 OK
Jan 11, 2021 12:31:28 AM okhttp3.mockwebserver.MockWebServer$3 processOneRequest
INFO: MockWebServer[47020] received request: GET /apis/entando.org/v1/namespaces/test/entandoapps/test-app HTTP/1.1 and responded: HTTP/1.1 200 OK
Jan 11, 2021 12:31:28 AM io.fabric8.kubernetes.client.dsl.internal.WatchHTTPManager$1 onFailure
INFO: Watch connection failed. reason: e**cutor rejected
Jan 11, 2021 12:31:28 AM okhttp3.mockwebserver.MockWebServer$2 acceptConnections
INFO: MockWebServer[47020] done accepting connections: Socket closed
Jan 11, 2021 12:31:28 AM io.fabric8.kubernetes.client.dsl.internal.WatchHTTPManager$1 onFailure
INFO: Watch connection failed. reason: Failed to connect to localhost/0:0:0:0:0:0:0:1:47020
Jan 11, 2021 12:31:28 AM io.fabric8.kubernetes.client.dsl.internal.WatchHTTPManager scheduleReconnect
WARN: Ignoring error for already closed/closing connection
[INFO] Tests run: 1, Failures: 0, Errors: 0, Skipped: 0, Time elapsed: 1.697 s - in org.entando.kubernetes.controller.coordinator.inprocesstests.DeploymentPhaseWatcherTest
[INFO] Running org.entando.kubernetes.controller.coordinator.inprocesstests.ControllerCoordinatorMockedTest
Jan 11, 2021 12:31:28 AM okhttp3.mockwebserver.MockWebServer$2 e**cute
INFO: MockWebServer[50959] starting to accept connections
Jan 11, 2021 12:31:28 AM okhttp3.mockwebserver.MockWebServer$3 processOneRequest
INFO: MockWebServer[50959] received request: GET /api/v1/namespaces/entando-k8s-controller-coordinator-carcpr64 HTTP/1.1 and responded: HTTP/1.1 404 Client Error
Jan 11, 2021 12:31:28 AM okhttp3.mockwebserver.MockWebServer$3 processOneRequest
INFO: MockWebServer[50959] received request: GET /apis/entando.org/v1/namespaces/default/entandokeycloakservers HTTP/1.1 and responded: HTTP/1.1 200 OK
Jan 11, 2021 12:31:28 AM okhttp3.mockwebserver.MockWebServer$3 processOneRequest
INFO: MockWebServer[50959] received request: GET /api/v1/namespaces/entando-k8s-controller-coordinator-carcpr64 HTTP/1.1 and responded: HTTP/1.1 404 Client Error
Jan 11, 2021 12:31:28 AM io.fabric8.kubernetes.client.dsl.internal.WatchHTTPManager$1 onFailure
INFO: Watch connection failed. reason: e**cutor rejected
Jan 11, 2021 12:31:28 AM okhttp3.mockwebserver.MockWebServer$3 processOneRequest
INFO: MockWebServer[50959] received request: GET /apis/entando.org/v1/namespaces/default/entandokeycloakservers HTTP/1.1 and responded: HTTP/1.1 200 OK
Jan 11, 2021 12:31:28 AM okhttp3.mockwebserver.MockWebServer$3 processOneRequest
INFO: MockWebServer[50959] received request: GET /apis/entando.org/v1/namespaces/entando-k8s-controller-coordinator-carcpr64/entandokeycloakservers HTTP/1.1 and responded: HTTP/1.1 200 OK
Jan 11, 2021 12:31:29 AM okhttp3.mockwebserver.MockWebServer$3 processOneRequest
INFO: MockWebServer[50959] received request: GET /apis/entando.org/v1/namespaces/entando-k8s-controller-coordinator-carcpr64/entandokeycloakservers?watch=**** HTTP/1.1 and responded: HTTP/1.1 200 OK
Jan 11, 2021 12:31:29 AM okhttp3.mockwebserver.MockWebServer$3 processOneRequest
INFO: MockWebServer[50959] received request: GET /api/v1/namespaces/entando-k8s-controller-coordinator-carcpr64 HTTP/1.1 and responded: HTTP/1.1 404 Client Error
Jan 11, 2021 12:31:29 AM okhttp3.mockwebserver.MockWebServer$3 processOneRequest
INFO: MockWebServer[50959] received request: GET /apis/entando.org/v1/namespaces/entando-k8s-controller-coordinator-carcpr64/entandokeycloakservers?watch=**** HTTP/1.1 and responded: HTTP/1.1 200 OK
Jan 11, 2021 12:31:29 AM io.fabric8.kubernetes.client.dsl.internal.WatchHTTPManager$1 onResponse
INFO: Watch terminated unexpectedly. reason: \n not found: limit=46 content=7b2261706956657273696f6e223a227631222c226b696e64223a224c69737422â€¦
Jan 11, 2021 12:31:29 AM okhttp3.mockwebserver.MockWebServer$3 processOneRequest
INFO: MockWebServer[50959] received request: GET /apis/entando.org/v1/namespaces/default/entandoclusterinfrastructures HTTP/1.1 and responded: HTTP/1.1 200 OK
Jan 11, 2021 12:31:29 AM io.fabric8.kubernetes.client.dsl.internal.WatchHTTPManager$1 onFailure
INFO: Watch connection failed. reason: e**cutor rejected
Jan 11, 2021 12:31:29 AM okhttp3.mockwebserver.MockWebServer$3 processOneRequest
INFO: MockWebServer[50959] received request: GET /api/v1/namespaces/entando-k8s-controller-coordinator-carcpr64 HTTP/1.1 and responded: HTTP/1.1 404 Client Error
Jan 11, 2021 12:31:29 AM okhttp3.mockwebserver.MockWebServer$3 processOneRequest
INFO: MockWebServer[50959] received request: GET /apis/entando.org/v1/namespaces/default/entandoclusterinfrastructures HTTP/1.1 and responded: HTTP/1.1 200 OK
Jan 11, 2021 12:31:29 AM okhttp3.mockwebserver.MockWebServer$3 processOneRequest
INFO: MockWebServer[50959] received request: GET /apis/entando.org/v1/namespaces/entando-k8s-controller-coordinator-carcpr64/entandoclusterinfrastructures HTTP/1.1 and responded: HTTP/1.1 200 OK
Jan 11, 2021 12:31:29 AM okhttp3.mockwebserver.MockWebServer$3 processOneRequest
INFO: MockWebServer[50959] received request: GET /apis/entando.org/v1/namespaces/entando-k8s-controller-coordinator-carcpr64/entandoclusterinfrastructures?watch=**** HTTP/1.1 and responded: HTTP/1.1 200 OK
Jan 11, 2021 12:31:29 AM okhttp3.mockwebserver.MockWebServer$3 processOneRequest
INFO: MockWebServer[50959] received request: GET /apis/entando.org/v1/namespaces/entando-k8s-controller-coordinator-carcpr64/entandoclusterinfrastructures?watch=**** HTTP/1.1 and responded: HTTP/1.1 200 OK
Jan 11, 2021 12:31:29 AM okhttp3.mockwebserver.MockWebServer$3 processOneRequest
INFO: MockWebServer[50959] received request: GET /api/v1/namespaces/entando-k8s-controller-coordinator-carcpr64 HTTP/1.1 and responded: HTTP/1.1 404 Client Error
Jan 11, 2021 12:31:29 AM io.fabric8.kubernetes.client.dsl.internal.WatchHTTPManager$1 onResponse
INFO: Watch terminated unexpectedly. reason: \n not found: limit=46 content=7b2261706956657273696f6e223a227631222c226b696e64223a224c69737422â€¦
Jan 11, 2021 12:31:29 AM okhttp3.mockwebserver.MockWebServer$3 processOneRequest
INFO: MockWebServer[50959] received request: GET /apis/entando.org/v1/namespaces/default/entandoapps HTTP/1.1 and responded: HTTP/1.1 200 OK
Jan 11, 2021 12:31:29 AM io.fabric8.kubernetes.client.dsl.internal.WatchHTTPManager$1 onFailure
INFO: Watch connection failed. reason: e**cutor rejected
Jan 11, 2021 12:31:29 AM okhttp3.mockwebserver.MockWebServer$3 processOneRequest
INFO: MockWebServer[50959] received request: GET /api/v1/namespaces/entando-k8s-controller-coordinator-carcpr64 HTTP/1.1 and responded: HTTP/1.1 404 Client Error
Jan 11, 2021 12:31:29 AM okhttp3.mockwebserver.MockWebServer$3 processOneRequest
INFO: MockWebServer[50959] received request: GET /apis/entando.org/v1/namespaces/default/entandoapps HTTP/1.1 and responded: HTTP/1.1 200 OK
Jan 11, 2021 12:31:29 AM okhttp3.mockwebserver.MockWebServer$3 processOneRequest
INFO: MockWebServer[50959] received request: GET /apis/entando.org/v1/namespaces/entando-k8s-controller-coordinator-carcpr64/entandoapps HTTP/1.1 and responded: HTTP/1.1 200 OK
Jan 11, 2021 12:31:30 AM okhttp3.mockwebserver.MockWebServer$3 processOneRequest
INFO: MockWebServer[50959] received request: GET /apis/entando.org/v1/namespaces/entando-k8s-controller-coordinator-carcpr64/entandoapps?watch=**** HTTP/1.1 and responded: HTTP/1.1 200 OK
Jan 11, 2021 12:31:30 AM okhttp3.mockwebserver.MockWebServer$3 processOneRequest
INFO: MockWebServer[50959] received request: GET /api/v1/namespaces/entando-k8s-controller-coordinator-carcpr64 HTTP/1.1 and responded: HTTP/1.1 404 Client Error
Jan 11, 2021 12:31:30 AM okhttp3.mockwebserver.MockWebServer$3 processOneRequest
INFO: MockWebServer[50959] received request: GET /apis/entando.org/v1/namespaces/entando-k8s-controller-coordinator-carcpr64/entandoapps?watch=**** HTTP/1.1 and responded: HTTP/1.1 200 OK
Jan 11, 2021 12:31:30 AM io.fabric8.kubernetes.client.dsl.internal.WatchHTTPManager$1 onResponse
INFO: Watch terminated unexpectedly. reason: \n not found: limit=46 content=7b2261706956657273696f6e223a227631222c226b696e64223a224c69737422â€¦
Jan 11, 2021 12:31:30 AM okhttp3.mockwebserver.MockWebServer$3 processOneRequest
INFO: MockWebServer[50959] received request: GET /apis/entando.org/v1/namespaces/default/entandoplugins HTTP/1.1 and responded: HTTP/1.1 200 OK
Jan 11, 2021 12:31:30 AM okhttp3.mockwebserver.MockWebServer$3 processOneRequest
INFO: MockWebServer[50959] received request: GET /api/v1/namespaces/entando-k8s-controller-coordinator-carcpr64 HTTP/1.1 and responded: HTTP/1.1 404 Client Error
Jan 11, 2021 12:31:30 AM okhttp3.mockwebserver.MockWebServer$3 processOneRequest
INFO: MockWebServer[50959] received request: GET /apis/entando.org/v1/namespaces/entando-k8s-controller-coordinator-carcpr64/entandokeycloakservers?watch=**** HTTP/1.1 and responded: HTTP/1.1 200 OK
Jan 11, 2021 12:31:30 AM okhttp3.mockwebserver.MockWebServer$3 processOneRequest
INFO: MockWebServer[50959] received request: GET /apis/entando.org/v1/namespaces/default/entandoplugins HTTP/1.1 and responded: HTTP/1.1 200 OK
Jan 11, 2021 12:31:30 AM io.fabric8.kubernetes.client.dsl.internal.WatchHTTPManager$1 onResponse
INFO: Watch terminated unexpectedly. reason: \n not found: limit=46 content=7b2261706956657273696f6e223a227631222c226b696e64223a224c69737422â€¦
Jan 11, 2021 12:31:30 AM okhttp3.mockwebserver.MockWebServer$3 processOneRequest
INFO: MockWebServer[50959] received request: GET /apis/entando.org/v1/namespaces/entando-k8s-controller-coordinator-carcpr64/entandoplugins HTTP/1.1 and responded: HTTP/1.1 200 OK
Jan 11, 2021 12:31:30 AM io.fabric8.kubernetes.client.dsl.internal.WatchHTTPManager$1 onFailure
INFO: Watch connection failed. reason: e**cutor rejected
Jan 11, 2021 12:31:30 AM okhttp3.mockwebserver.MockWebServer$3 processOneRequest
INFO: MockWebServer[50959] received request: GET /apis/entando.org/v1/namespaces/entando-k8s-controller-coordinator-carcpr64/entandoplugins?watch=**** HTTP/1.1 and responded: HTTP/1.1 200 OK
Jan 11, 2021 12:31:30 AM okhttp3.mockwebserver.MockWebServer$3 processOneRequest
INFO: MockWebServer[50959] received request: GET /apis/entando.org/v1/namespaces/entando-k8s-controller-coordinator-carcpr64/entandoplugins?watch=**** HTTP/1.1 and responded: HTTP/1.1 200 OK
Jan 11, 2021 12:31:30 AM okhttp3.mockwebserver.MockWebServer$3 processOneRequest
INFO: MockWebServer[50959] received request: GET /api/v1/namespaces/entando-k8s-controller-coordinator-carcpr64 HTTP/1.1 and responded: HTTP/1.1 404 Client Error
Jan 11, 2021 12:31:30 AM io.fabric8.kubernetes.client.dsl.internal.WatchHTTPManager$1 onResponse
INFO: Watch terminated unexpectedly. reason: \n not found: limit=46 content=7b2261706956657273696f6e223a227631222c226b696e64223a224c69737422â€¦
Jan 11, 2021 12:31:30 AM okhttp3.mockwebserver.MockWebServer$3 processOneRequest
INFO: MockWebServer[50959] received request: GET /apis/entando.org/v1/namespaces/default/entandoapppluginlinks HTTP/1.1 and responded: HTTP/1.1 200 OK
Jan 11, 2021 12:31:30 AM okhttp3.mockwebserver.MockWebServer$3 processOneRequest
INFO: MockWebServer[50959] received request: GET /api/v1/namespaces/entando-k8s-controller-coordinator-carcpr64 HTTP/1.1 and responded: HTTP/1.1 404 Client Error
Jan 11, 2021 12:31:30 AM okhttp3.mockwebserver.MockWebServer$3 processOneRequest
INFO: MockWebServer[50959] received request: GET /apis/entando.org/v1/namespaces/entando-k8s-controller-coordinator-carcpr64/entandoclusterinfrastructures?watch=**** HTTP/1.1 and responded: HTTP/1.1 200 OK
Jan 11, 2021 12:31:30 AM io.fabric8.kubernetes.client.dsl.internal.WatchHTTPManager$1 onResponse
INFO: Watch terminated unexpectedly. reason: \n not found: limit=46 content=7b2261706956657273696f6e223a227631222c226b696e64223a224c69737422â€¦
Jan 11, 2021 12:31:30 AM okhttp3.mockwebserver.MockWebServer$3 processOneRequest
INFO: MockWebServer[50959] received request: GET /apis/entando.org/v1/namespaces/default/entandoapppluginlinks HTTP/1.1 and responded: HTTP/1.1 200 OK
Jan 11, 2021 12:31:30 AM okhttp3.mockwebserver.MockWebServer$3 processOneRequest
INFO: MockWebServer[50959] received request: GET /apis/entando.org/v1/namespaces/entando-k8s-controller-coordinator-carcpr64/entandoapppluginlinks HTTP/1.1 and responded: HTTP/1.1 200 OK
Jan 11, 2021 12:31:30 AM okhttp3.mockwebserver.MockWebServer$3 processOneRequest
INFO: MockWebServer[50959] received request: GET /apis/entando.org/v1/namespaces/entando-k8s-controller-coordinator-carcpr64/entandoapppluginlinks?watch=**** HTTP/1.1 and responded: HTTP/1.1 200 OK
Jan 11, 2021 12:31:30 AM io.fabric8.kubernetes.client.dsl.internal.WatchHTTPManager$1 onFailure
INFO: Watch connection failed. reason: e**cutor rejected
Jan 11, 2021 12:31:31 AM okhttp3.mockwebserver.MockWebServer$3 processOneRequest
INFO: MockWebServer[50959] received request: GET /api/v1/namespaces/entando-k8s-controller-coordinator-carcpr64 HTTP/1.1 and responded: HTTP/1.1 404 Client Error
Jan 11, 2021 12:31:31 AM okhttp3.mockwebserver.MockWebServer$3 processOneRequest
INFO: MockWebServer[50959] received request: GET /apis/entando.org/v1/namespaces/entando-k8s-controller-coordinator-carcpr64/entandoapppluginlinks?watch=**** HTTP/1.1 and responded: HTTP/1.1 200 OK
Jan 11, 2021 12:31:31 AM io.fabric8.kubernetes.client.dsl.internal.WatchHTTPManager$1 onResponse
INFO: Watch terminated unexpectedly. reason: \n not found: limit=46 content=7b2261706956657273696f6e223a227631222c226b696e64223a224c69737422â€¦
Jan 11, 2021 12:31:31 AM okhttp3.mockwebserver.MockWebServer$3 processOneRequest
INFO: MockWebServer[50959] received request: GET /apis/entando.org/v1/namespaces/default/entandocompositeapps HTTP/1.1 and responded: HTTP/1.1 200 OK
Jan 11, 2021 12:31:31 AM io.fabric8.kubernetes.client.dsl.internal.WatchHTTPManager$1 onFailure
INFO: Watch connection failed. reason: e**cutor rejected
Jan 11, 2021 12:31:31 AM okhttp3.mockwebserver.MockWebServer$3 processOneRequest
INFO: MockWebServer[50959] received request: GET /api/v1/namespaces/entando-k8s-controller-coordinator-carcpr64 HTTP/1.1 and responded: HTTP/1.1 404 Client Error
Jan 11, 2021 12:31:31 AM okhttp3.mockwebserver.MockWebServer$3 processOneRequest
INFO: MockWebServer[50959] received request: GET /apis/entando.org/v1/namespaces/entando-k8s-controller-coordinator-carcpr64/entandoapps?watch=**** HTTP/1.1 and responded: HTTP/1.1 200 OK
Jan 11, 2021 12:31:31 AM io.fabric8.kubernetes.client.dsl.internal.WatchHTTPManager$1 onResponse
INFO: Watch terminated unexpectedly. reason: \n not found: limit=46 content=7b2261706956657273696f6e223a227631222c226b696e64223a224c69737422â€¦
Jan 11, 2021 12:31:31 AM okhttp3.mockwebserver.MockWebServer$3 processOneRequest
INFO: MockWebServer[50959] received request: GET /apis/entando.org/v1/namespaces/default/entandocompositeapps HTTP/1.1 and responded: HTTP/1.1 200 OK
Jan 11, 2021 12:31:31 AM okhttp3.mockwebserver.MockWebServer$3 processOneRequest
INFO: MockWebServer[50959] received request: GET /apis/entando.org/v1/namespaces/entando-k8s-controller-coordinator-carcpr64/entandocompositeapps HTTP/1.1 and responded: HTTP/1.1 200 OK
Jan 11, 2021 12:31:31 AM okhttp3.mockwebserver.MockWebServer$3 processOneRequest
INFO: MockWebServer[50959] received request: GET /apis/entando.org/v1/namespaces/entando-k8s-controller-coordinator-carcpr64/entandocompositeapps?watch=**** HTTP/1.1 and responded: HTTP/1.1 200 OK
Jan 11, 2021 12:31:31 AM okhttp3.mockwebserver.MockWebServer$3 processOneRequest
INFO: MockWebServer[50959] received request: GET /api/v1/namespaces/entando-k8s-controller-coordinator-carcpr64 HTTP/1.1 and responded: HTTP/1.1 404 Client Error
Jan 11, 2021 12:31:31 AM io.fabric8.kubernetes.client.dsl.internal.WatchHTTPManager$1 onResponse
INFO: Watch terminated unexpectedly. reason: \n not found: limit=46 content=7b2261706956657273696f6e223a227631222c226b696e64223a224c69737422â€¦
Jan 11, 2021 12:31:31 AM okhttp3.mockwebserver.MockWebServer$3 processOneRequest
INFO: MockWebServer[50959] received request: GET /apis/entando.org/v1/namespaces/entando-k8s-controller-coordinator-carcpr64/entandocompositeapps?watch=**** HTTP/1.1 and responded: HTTP/1.1 200 OK
Jan 11, 2021 12:31:31 AM io.fabric8.kubernetes.client.dsl.internal.WatchHTTPManager$1 onFailure
INFO: Watch connection failed. reason: e**cutor rejected
Jan 11, 2021 12:31:31 AM okhttp3.mockwebserver.MockWebServer$3 processOneRequest
INFO: MockWebServer[50959] received request: GET /apis/entando.org/v1/namespaces/default/entandodatabaseservices HTTP/1.1 and responded: HTTP/1.1 200 OK
Jan 11, 2021 12:31:31 AM okhttp3.mockwebserver.MockWebServer$3 processOneRequest
INFO: MockWebServer[50959] received request: GET /apis/entando.org/v1/namespaces/entando-k8s-controller-coordinator-carcpr64/entandoplugins?watch=**** HTTP/1.1 and responded: HTTP/1.1 200 OK
Jan 11, 2021 12:31:31 AM io.fabric8.kubernetes.client.dsl.internal.WatchHTTPManager$1 onResponse
INFO: Watch terminated unexpectedly. reason: \n not found: limit=46 content=7b2261706956657273696f6e223a227631222c226b696e64223a224c69737422â€¦
Jan 11, 2021 12:31:31 AM okhttp3.mockwebserver.MockWebServer$3 processOneRequest
INFO: MockWebServer[50959] received request: GET /api/v1/namespaces/entando-k8s-controller-coordinator-carcpr64 HTTP/1.1 and responded: HTTP/1.1 404 Client Error
Jan 11, 2021 12:31:31 AM okhttp3.mockwebserver.MockWebServer$3 processOneRequest
INFO: MockWebServer[50959] received request: GET /apis/entando.org/v1/namespaces/default/entandodatabaseservices HTTP/1.1 and responded: HTTP/1.1 200 OK
Jan 11, 2021 12:31:31 AM io.fabric8.kubernetes.client.dsl.internal.WatchHTTPManager$1 onFailure
INFO: Watch connection failed. reason: e**cutor rejected
Jan 11, 2021 12:31:31 AM okhttp3.mockwebserver.MockWebServer$3 processOneRequest
INFO: MockWebServer[50959] received request: GET /apis/entando.org/v1/namespaces/entando-k8s-controller-coordinator-carcpr64/entandodatabaseservices HTTP/1.1 and responded: HTTP/1.1 200 OK
Jan 11, 2021 12:31:31 AM okhttp3.mockwebserver.MockWebServer$3 processOneRequest
INFO: MockWebServer[50959] received request: GET /apis/entando.org/v1/namespaces/entando-k8s-controller-coordinator-carcpr64/entandodatabaseservices?watch=**** HTTP/1.1 and responded: HTTP/1.1 200 OK
Jan 11, 2021 12:31:31 AM io.fabric8.kubernetes.client.dsl.internal.WatchHTTPManager$1 onFailure
INFO: Watch connection failed. reason: e**cutor rejected
Jan 11, 2021 12:31:31 AM okhttp3.mockwebserver.MockWebServer$3 processOneRequest
INFO: MockWebServer[50959] received request: GET /api/v1/namespaces/entando-k8s-controller-coordinator-carcpr64 HTTP/1.1 and responded: HTTP/1.1 404 Client Error
Jan 11, 2021 12:31:31 AM okhttp3.mockwebserver.MockWebServer$3 processOneRequest
INFO: MockWebServer[50959] received request: GET /apis/entando.org/v1/namespaces/entando-k8s-controller-coordinator-carcpr64/entandodatabaseservices?watch=**** HTTP/1.1 and responded: HTTP/1.1 200 OK
Jan 11, 2021 12:31:31 AM io.fabric8.kubernetes.client.dsl.internal.WatchHTTPManager$1 onResponse
INFO: Watch terminated unexpectedly. reason: \n not found: limit=46 content=7b2261706956657273696f6e223a227631222c226b696e64223a224c69737422â€¦
Jan 11, 2021 12:31:32 AM okhttp3.mockwebserver.MockWebServer$3 processOneRequest
INFO: MockWebServer[50959] received request: POST /api/v1/namespaces HTTP/1.1 and responded: HTTP/1.1 202 OK
Jan 11, 2021 12:31:32 AM okhttp3.mockwebserver.MockWebServer$3 processOneRequest
INFO: MockWebServer[50959] received request: GET /apis/entando.org/v1/namespaces/entando-k8s-controller-coordinator-carcpr64/entandoapppluginlinks?watch=**** HTTP/1.1 and responded: HTTP/1.1 200 OK
Jan 11, 2021 12:31:32 AM io.fabric8.kubernetes.client.dsl.internal.WatchHTTPManager$1 onResponse
INFO: Watch terminated unexpectedly. reason: \n not found: limit=46 content=7b2261706956657273696f6e223a227631222c226b696e64223a224c69737422â€¦
Jan 11, 2021 12:31:32 AM okhttp3.mockwebserver.MockWebServer$3 processOneRequest
INFO: MockWebServer[50959] received request: GET /api/v1/namespaces/entando/configmaps/entando-docker-image-info-v6.1 HTTP/1.1 and responded: HTTP/1.1 404 Client Error
Jan 11, 2021 12:31:32 AM okhttp3.mockwebserver.MockWebServer$3 processOneRequest
INFO: MockWebServer[50959] received request: POST /api/v1/namespaces/entando/configmaps HTTP/1.1 and responded: HTTP/1.1 202 OK
Jan 11, 2021 12:31:32 AM okhttp3.mockwebserver.MockWebServer$3 processOneRequest
INFO: MockWebServer[50959] received request: GET /api/v1/namespaces/entando-k8s-controller-coordinator-carcpr64 HTTP/1.1 and responded: HTTP/1.1 200 OK
Jan 11, 2021 12:31:32 AM io.fabric8.kubernetes.client.dsl.internal.WatchHTTPManager$1 onFailure
INFO: Watch connection failed. reason: e**cutor rejected
Jan 11, 2021 12:31:32 AM okhttp3.mockwebserver.MockWebServer$3 processOneRequest
INFO: MockWebServer[50959] received request: GET /apis/entando.org/v1/namespaces/entando-k8s-controller-coordinator-carcpr64/entandokeycloakservers?watch=**** HTTP/1.1 and responded: HTTP/1.1 200 OK
Jan 11, 2021 12:31:32 AM io.fabric8.kubernetes.client.dsl.internal.WatchHTTPManager$1 onResponse
INFO: Watch terminated unexpectedly. reason: \n not found: limit=46 content=7b2261706956657273696f6e223a227631222c226b696e64223a224c69737422â€¦
Jan 11, 2021 12:31:32 AM io.fabric8.kubernetes.client.dsl.internal.WatchHTTPManager$1 onFailure
INFO: Watch connection failed. reason: e**cutor rejected
Jan 11, 2021 12:31:32 AM okhttp3.mockwebserver.MockWebServer$3 processOneRequest
INFO: MockWebServer[50959] received request: GET /apis/entando.org/v1/namespaces/entando-k8s-controller-coordinator-carcpr64/entandokeycloakservers HTTP/1.1 and responded: HTTP/1.1 200 OK
Jan 11, 2021 12:31:32 AM okhttp3.mockwebserver.MockWebServer$3 processOneRequest
INFO: MockWebServer[50959] received request: GET /api/v1/namespaces/entando-k8s-controller-coordinator-carcpr64 HTTP/1.1 and responded: HTTP/1.1 200 OK
Jan 11, 2021 12:31:32 AM okhttp3.mockwebserver.MockWebServer$3 processOneRequest
INFO: MockWebServer[50959] received request: GET /apis/entando.org/v1/namespaces/entando-k8s-controller-coordinator-carcpr64/entandocompositeapps?watch=**** HTTP/1.1 and responded: HTTP/1.1 200 OK
Jan 11, 2021 12:31:32 AM io.fabric8.kubernetes.client.dsl.internal.WatchHTTPManager$1 onResponse
INFO: Watch terminated unexpectedly. reason: \n not found: limit=46 content=7b2261706956657273696f6e223a227631222c226b696e64223a224c69737422â€¦
Jan 11, 2021 12:31:32 AM okhttp3.mockwebserver.MockWebServer$3 processOneRequest
INFO: MockWebServer[50959] received request: GET /apis/entando.org/v1/namespaces/entando-k8s-controller-coordinator-carcpr64/entandokeycloakservers HTTP/1.1 and responded: HTTP/1.1 200 OK
Jan 11, 2021 12:31:32 AM okhttp3.mockwebserver.MockWebServer$3 processOneRequest
INFO: MockWebServer[50959] received request: POST /apis/entando.org/v1/namespaces/entando-k8s-controller-coordinator-carcpr64/entandokeycloakservers HTTP/1.1 and responded: HTTP/1.1 202 OK
Jan 11, 2021 12:31:32 AM org.entando.kubernetes.controller.coordinator.EntandoResourceObserver logAction
INFO: Received ADDED for resource EntandoKeycloakServer entando-k8s-controller-coordinator-carcpr64/test-keycloak
Jan 11, 2021 12:31:32 AM okhttp3.mockwebserver.MockWebServer$3 processOneRequest
INFO: MockWebServer[50959] received request: GET /api/v1/namespaces/entando/configmaps/entando-docker-image-info-v6.1 HTTP/1.1 and responded: HTTP/1.1 200 OK
Jan 11, 2021 12:31:32 AM okhttp3.mockwebserver.MockWebServer$3 processOneRequest
INFO: MockWebServer[50959] received request: GET /apis/entando.org/v1/namespaces/entando-k8s-controller-coordinator-carcpr64/entandoclusterinfrastructures?watch=**** HTTP/1.1 and responded: HTTP/1.1 200 OK
Jan 11, 2021 12:31:32 AM io.fabric8.kubernetes.client.dsl.internal.WatchHTTPManager$1 onResponse
INFO: Watch terminated unexpectedly. reason: \n not found: limit=46 content=7b2261706956657273696f6e223a227631222c226b696e64223a224c69737422â€¦
Jan 11, 2021 12:31:32 AM okhttp3.mockwebserver.MockWebServer$3 processOneRequest
INFO: MockWebServer[50959] received request: GET /api/v1/namespaces/entando-k8s-controller-coordinator-carcpr64/pods?labelSelector=EntandoResourceNamespace%3Dentando-k8s-controller-coordinator-carcpr64%2CEntandoResourceKind%3DEntandoKeycloakServer%2CEntandoKeycloakServer%3Dtest-keycloak HTTP/1.1 and responded: HTTP/1.1 200 OK
Jan 11, 2021 12:31:32 AM okhttp3.mockwebserver.MockWebServer$3 processOneRequest
INFO: MockWebServer[50959] received request: GET /api/v1/namespaces/entando-k8s-controller-coordinator-carcpr64/pods?labelSelector=EntandoResourceKind%3DEntandoKeycloakServer HTTP/1.1 and responded: HTTP/1.1 200 OK
Jan 11, 2021 12:31:32 AM io.fabric8.kubernetes.client.dsl.internal.WatchHTTPManager$1 onFailure
INFO: Watch connection failed. reason: e**cutor rejected
Jan 11, 2021 12:31:32 AM okhttp3.mockwebserver.MockWebServer$3 processOneRequest
INFO: MockWebServer[50959] received request: GET /api/v1/namespaces/entando-k8s-controller-coordinator-carcpr64/pods?labelSelector=EntandoResourceNamespace%3Dentando-k8s-controller-coordinator-carcpr64%2CEntandoResourceKind%3DEntandoKeycloakServer%2CEntandoKeycloakServer%3Dtest-keycloak&watch=**** HTTP/1.1 and responded: HTTP/1.1 200 OK
Jan 11, 2021 12:31:32 AM io.fabric8.kubernetes.client.dsl.internal.WatchHTTPManager$1 onFailure
INFO: Watch connection failed. reason: e**cutor rejected
Jan 11, 2021 12:31:32 AM okhttp3.mockwebserver.MockWebServer$3 processOneRequest
INFO: MockWebServer[50959] received request: GET /api/v1/namespaces/entando-k8s-controller-coordinator-carcpr64/pods?labelSelector=EntandoResourceNamespace%3Dentando-k8s-controller-coordinator-carcpr64%2CEntandoResourceKind%3DEntandoKeycloakServer%2CEntandoKeycloakServer%3Dtest-keycloak&watch=**** HTTP/1.1 and responded: HTTP/1.1 200 OK
Jan 11, 2021 12:31:32 AM okhttp3.mockwebserver.MockWebServer$3 processOneRequest
INFO: MockWebServer[50959] received request: GET /api/v1/namespaces/entando-k8s-controller-coordinator-carcpr64/pods?labelSelector=EntandoResourceNamespace%3Dentando-k8s-controller-coordinator-carcpr64%2CEntandoResourceKind%3DEntandoKeycloakServer%2CEntandoKeycloakServer%3Dtest-keycloak HTTP/1.1 and responded: HTTP/1.1 200 OK
Jan 11, 2021 12:31:32 AM io.fabric8.kubernetes.client.dsl.internal.WatchHTTPManager$1 onResponse
INFO: Watch terminated unexpectedly. reason: \n not found: limit=46 content=7b2261706956657273696f6e223a227631222c226b696e64223a224c69737422â€¦
Jan 11, 2021 12:31:32 AM okhttp3.mockwebserver.MockWebServer$3 processOneRequest
INFO: MockWebServer[50959] received request: GET /apis/entando.org/v1/namespaces/entando-k8s-controller-coordinator-carcpr64/entandodatabaseservices?watch=**** HTTP/1.1 and responded: HTTP/1.1 200 OK
Jan 11, 2021 12:31:33 AM io.fabric8.kubernetes.client.dsl.internal.WatchHTTPManager$1 onResponse
INFO: Watch terminated unexpectedly. reason: \n not found: limit=46 content=7b2261706956657273696f6e223a227631222c226b696e64223a224c69737422â€¦
Jan 11, 2021 12:31:33 AM okhttp3.mockwebserver.MockWebServer$3 processOneRequest
INFO: MockWebServer[50959] received request: GET /api/v1/namespaces/entando-k8s-controller-coordinator-carcpr64/pods?labelSelector=EntandoResourceKind%3DEntandoKeycloakServer HTTP/1.1 and responded: HTTP/1.1 200 OK
Jan 11, 2021 12:31:33 AM okhttp3.mockwebserver.MockWebServer$3 processOneRequest
INFO: MockWebServer[50959] received request: GET /api/v1/namespaces/entando-k8s-controller-coordinator-carcpr64/pods?labelSelector=EntandoResourceNamespace%3Dentando-k8s-controller-coordinator-carcpr64%2CEntandoResourceKind%3DEntandoKeycloakServer%2CEntandoKeycloakServer%3Dtest-keycloak HTTP/1.1 and responded: HTTP/1.1 200 OK
Jan 11, 2021 12:31:33 AM okhttp3.mockwebserver.MockWebServer$3 processOneRequest
INFO: MockWebServer[50959] received request: GET /api/v1/namespaces/entando-k8s-controller-coordinator-carcpr64/pods?labelSelector=EntandoResourceKind%3DEntandoKeycloakServer HTTP/1.1 and responded: HTTP/1.1 200 OK
Jan 11, 2021 12:31:33 AM okhttp3.mockwebserver.MockWebServer$3 processOneRequest
INFO: MockWebServer[50959] received request: GET /apis/entando.org/v1/namespaces/entando-k8s-controller-coordinator-carcpr64/entandoapps?watch=**** HTTP/1.1 and responded: HTTP/1.1 200 OK
Jan 11, 2021 12:31:33 AM io.fabric8.kubernetes.client.dsl.internal.WatchHTTPManager$1 onResponse
INFO: Watch terminated unexpectedly. reason: \n not found: limit=46 content=7b2261706956657273696f6e223a227631222c226b696e64223a224c69737422â€¦
Jan 11, 2021 12:31:33 AM io.fabric8.kubernetes.client.dsl.internal.WatchHTTPManager$1 onFailure
INFO: Watch connection failed. reason: e**cutor rejected
Jan 11, 2021 12:31:33 AM okhttp3.mockwebserver.MockWebServer$3 processOneRequest
INFO: MockWebServer[50959] received request: GET /api/v1/namespaces/entando-k8s-controller-coordinator-carcpr64/pods?labelSelector=EntandoResourceKind%3DEntandoKeycloakServer HTTP/1.1 and responded: HTTP/1.1 200 OK
Jan 11, 2021 12:31:33 AM okhttp3.mockwebserver.MockWebServer$3 processOneRequest
INFO: MockWebServer[50959] received request: GET /api/v1/namespaces/entando-k8s-controller-coordinator-carcpr64/pods?labelSelector=EntandoResourceKind%3DEntandoKeycloakServer HTTP/1.1 and responded: HTTP/1.1 200 OK
Jan 11, 2021 12:31:33 AM okhttp3.mockwebserver.MockWebServer$3 processOneRequest
INFO: MockWebServer[50959] received request: GET /apis/entando.org/v1/namespaces/entando-k8s-controller-coordinator-carcpr64/entandoplugins?watch=**** HTTP/1.1 and responded: HTTP/1.1 200 OK
Jan 11, 2021 12:31:33 AM io.fabric8.kubernetes.client.dsl.internal.WatchHTTPManager$1 onResponse
INFO: Watch terminated unexpectedly. reason: \n not found: limit=46 content=7b2261706956657273696f6e223a227631222c226b696e64223a224c69737422â€¦
Jan 11, 2021 12:31:33 AM io.fabric8.kubernetes.client.dsl.internal.WatchHTTPManager$1 onFailure
INFO: Watch connection failed. reason: e**cutor rejected
Jan 11, 2021 12:31:33 AM okhttp3.mockwebserver.MockWebServer$3 processOneRequest
INFO: MockWebServer[50959] received request: GET /api/v1/namespaces/entando-k8s-controller-coordinator-carcpr64/pods?labelSelector=EntandoResourceKind%3DEntandoKeycloakServer HTTP/1.1 and responded: HTTP/1.1 200 OK
Jan 11, 2021 12:31:33 AM io.fabric8.kubernetes.client.dsl.internal.WatchHTTPManager$1 onFailure
INFO: Watch connection failed. reason: e**cutor rejected
Jan 11, 2021 12:31:33 AM okhttp3.mockwebserver.MockWebServer$3 processOneRequest
INFO: MockWebServer[50959] received request: GET /api/v1/namespaces/entando-k8s-controller-coordinator-carcpr64/pods?labelSelector=EntandoResourceKind%3DEntandoKeycloakServer HTTP/1.1 and responded: HTTP/1.1 200 OK
Jan 11, 2021 12:31:33 AM okhttp3.mockwebserver.MockWebServer$3 processOneRequest
INFO: MockWebServer[50959] received request: GET /api/v1/namespaces/entando-k8s-controller-coordinator-carcpr64/pods?labelSelector=EntandoResourceKind%3DEntandoKeycloakServer HTTP/1.1 and responded: HTTP/1.1 200 OK
Jan 11, 2021 12:31:34 AM okhttp3.mockwebserver.MockWebServer$3 processOneRequest
INFO: MockWebServer[50959] received request: GET /api/v1/namespaces/entando-k8s-controller-coordinator-carcpr64/pods?labelSelector=EntandoResourceNamespace%3Dentando-k8s-controller-coordinator-carcpr64%2CEntandoResourceKind%3DEntandoKeycloakServer%2CEntandoKeycloakServer%3Dtest-keycloak&watch=**** HTTP/1.1 and responded: HTTP/1.1 200 OK
Jan 11, 2021 12:31:34 AM io.fabric8.kubernetes.client.dsl.internal.WatchHTTPManager$1 onResponse
INFO: Watch terminated unexpectedly. reason: \n not found: limit=46 content=7b2261706956657273696f6e223a227631222c226b696e64223a224c69737422â€¦
Jan 11, 2021 12:31:34 AM io.fabric8.kubernetes.client.dsl.internal.WatchHTTPManager scheduleReconnect
WARN: Ignoring error for already closed/closing connection
Jan 11, 2021 12:31:34 AM okhttp3.mockwebserver.MockWebServer$3 processOneRequest
INFO: MockWebServer[50959] received request: GET /api/v1/namespaces/entando-k8s-controller-coordinator-carcpr64/secrets/test-keycloak-controller-ca-cert-secret HTTP/1.1 and responded: HTTP/1.1 404 Client Error
Jan 11, 2021 12:31:34 AM okhttp3.mockwebserver.MockWebServer$3 processOneRequest
INFO: MockWebServer[50959] received request: GET /api/v1/namespaces/entando-k8s-controller-coordinator-carcpr64/pods?labelSelector=EntandoResourceKind%3DEntandoKeycloakServer HTTP/1.1 and responded: HTTP/1.1 200 OK
Jan 11, 2021 12:31:34 AM okhttp3.mockwebserver.MockWebServer$3 processOneRequest
INFO: MockWebServer[50959] received request: POST /api/v1/namespaces/entando-k8s-controller-coordinator-carcpr64/secrets HTTP/1.1 and responded: HTTP/1.1 202 OK
Jan 11, 2021 12:31:34 AM okhttp3.mockwebserver.MockWebServer$3 processOneRequest
INFO: MockWebServer[50959] received request: GET /apis/entando.org/v1/namespaces/entando-k8s-controller-coordinator-carcpr64/entandoapppluginlinks?watch=**** HTTP/1.1 and responded: HTTP/1.1 200 OK
Jan 11, 2021 12:31:34 AM io.fabric8.kubernetes.client.dsl.internal.WatchHTTPManager$1 onResponse
INFO: Watch terminated unexpectedly. reason: \n not found: limit=46 content=7b2261706956657273696f6e223a227631222c226b696e64223a224c69737422â€¦
Jan 11, 2021 12:31:34 AM okhttp3.mockwebserver.MockWebServer$3 processOneRequest
INFO: MockWebServer[50959] received request: POST /api/v1/namespaces/entando-k8s-controller-coordinator-carcpr64/pods HTTP/1.1 and responded: HTTP/1.1 202 OK
Jan 11, 2021 12:31:34 AM okhttp3.mockwebserver.MockWebServer$3 processOneRequest
INFO: MockWebServer[50959] received request: GET /api/v1/namespaces/entando-k8s-controller-coordinator-carcpr64/pods?labelSelector=EntandoResourceKind%3DEntandoKeycloakServer HTTP/1.1 and responded: HTTP/1.1 200 OK
Jan 11, 2021 12:31:34 AM okhttp3.mockwebserver.MockWebServer$3 processOneRequest
INFO: MockWebServer[50959] received request: GET /api/v1/namespaces/entando-k8s-controller-coordinator-carcpr64/pods?labelSelector=EntandoResourceKind%3DEntandoKeycloakServer HTTP/1.1 and responded: HTTP/1.1 200 OK
Jan 11, 2021 12:31:34 AM okhttp3.mockwebserver.MockWebServer$2 acceptConnections
INFO: MockWebServer[50959] done accepting connections: Socket closed
[INFO] Tests run: 1, Failures: 0, Errors: 0, Skipped: 0, Time elapsed: 5.807 s - in org.entando.kubernetes.controller.coordinator.inprocesstests.ControllerCoordinatorMockedTest
[INFO] 
[INFO] Results:
[INFO] 
[INFO] Tests run: 11, Failures: 0, Errors: 0, Skipped: 0
[INFO] 
[INFO] 
[INFO] --- maven-jar-plugin:3.2.0:jar (default-jar) @ entando-k8s-controller-coordinator ---
[INFO] Building jar: /workspace/source/target/entando-k8s-controller-coordinator-0.0.0-SNAPSHOT-PR-64-1.jar
[INFO] 
[INFO] --- maven-jar-plugin:3.2.0:test-jar (build-test-jar) @ entando-k8s-controller-coordinator ---
[INFO] Building jar: /workspace/source/target/entando-k8s-controller-coordinator-0.0.0-SNAPSHOT-PR-64-1-tests.jar
[INFO] 
[INFO] --- maven-javadoc-plugin:3.2.0:jar (attach-javadocs) @ entando-k8s-controller-coordinator ---
[INFO] No previous run data found, generating javadoc.
[INFO] 
Loading source files for package org.entando.kubernetes.controller.coordinator...
Constructing Javadoc information...
Standard Doclet version 11.0.6
Building tree for all the packages and classes...
Generating /workspace/source/target/apidocs/org/entando/kubernetes/controller/coordinator/EntandoControllerCoordinator.html...
Generating /workspace/source/target/apidocs/org/entando/kubernetes/controller/coordinator/EntandoDeploymentPhaseWatcher.html...
Generating /workspace/source/target/apidocs/org/entando/kubernetes/controller/coordinator/EntandoOperatorMatcher.html...
Generating /workspace/source/target/apidocs/org/entando/kubernetes/controller/coordinator/EntandoResourceObserver.html...
Generating /workspace/source/target/apidocs/org/entando/kubernetes/controller/coordinator/package-summary.html...
Generating /workspace/source/target/apidocs/org/entando/kubernetes/controller/coordinator/package-tree.html...
Generating /workspace/source/target/apidocs/constant-values.html...
Generating /workspace/source/target/apidocs/org/entando/kubernetes/controller/coordinator/class-use/EntandoControllerCoordinator.html...
Generating /workspace/source/target/apidocs/org/entando/kubernetes/controller/coordinator/class-use/EntandoOperatorMatcher.html...
Generating /workspace/source/target/apidocs/org/entando/kubernetes/controller/coordinator/class-use/EntandoResourceObserver.html...
Generating /workspace/source/target/apidocs/org/entando/kubernetes/controller/coordinator/class-use/EntandoDeploymentPhaseWatcher.html...
Generating /workspace/source/target/apidocs/org/entando/kubernetes/controller/coordinator/package-use.html...
Building index for all the packages and classes...
Generating /workspace/source/target/apidocs/overview-tree.html...
Generating /workspace/source/target/apidocs/index-all.html...
Building index for all classes...
Generating /workspace/source/target/apidocs/allclasses-index.html...
Generating /workspace/source/target/apidocs/allpackages-index.html...
Generating /workspace/source/target/apidocs/deprecated-list.html...
Building index for all classes...
Generating /workspace/source/target/apidocs/allclasses.html...
Generating /workspace/source/target/apidocs/allclasses.html...
Generating /workspace/source/target/apidocs/index.html...
Generating /workspace/source/target/apidocs/help-doc.html...
[INFO] Building jar: /workspace/source/target/entando-k8s-controller-coordinator-0.0.0-SNAPSHOT-PR-64-1-javadoc.jar
[INFO] 
[INFO] --- quarkus-maven-plugin:1.2.0.Final:build (default) @ entando-k8s-controller-coordinator ---
[INFO] [org.jboss.threads] JBoss Threads version 3.0.0.Final
[WARNING] [io.quarkus.kubernetes.client.deployment.KubernetesClientProcessor] Watcher 'org.entando.kubernetes.controller.coordinator.EntandoResourceObserver' will most likely not work correctly in native mode. Consider specifying the generic type of 'io.fabric8.kubernetes.client.Watcher' that this class handles. See https://quarkus.io/guides/kubernetes-client#note-on-implementing-the-watcher-interface for more details
[WARNING] [io.quarkus.kubernetes.client.deployment.KubernetesClientProcessor] Watcher 'org.entando.kubernetes.controller.coordinator.EntandoDeploymentPhaseWatcher' will most likely not work correctly in native mode. Consider specifying the generic type of 'io.fabric8.kubernetes.client.Watcher' that this class handles. See https://quarkus.io/guides/kubernetes-client#note-on-implementing-the-watcher-interface for more details
[INFO] [io.quarkus.deployment.pkg.steps.JarResultBuildStep] Building thin jar: /workspace/source/target/entando-k8s-controller-coordinator-0.0.0-SNAPSHOT-PR-64-1-runner.jar
[INFO] [io.quarkus.deployment.QuarkusAugmentor] Quarkus augmentation completed in 1838ms
[INFO] 
[INFO] --- maven-surefire-report-plugin:3.0.0-M4:failsafe-report-only (integration-tests) @ entando-k8s-controller-coordinator ---
[INFO] 
[INFO] --- dependency-check-maven:6.0.3:aggregate (default) @ entando-k8s-controller-coordinator ---
[INFO] Skipping National Vulnerability Database Report
[INFO] 
[INFO] --- jacoco-maven-plugin:0.8.5:report (report) @ entando-k8s-controller-coordinator ---
[INFO] Loading e**cution data file /workspace/source/target/jacoco.e**c
[INFO] Analyzed bundle 'Entando K8S Controller Coordinator' with 4 classes
[INFO] 
[INFO] --- maven-surefire-report-plugin:3.0.0-M4:report-only (unit-tests) @ entando-k8s-controller-coordinator ---
[WARNING] Unable to locate Test Source XRef to link to - DISABLED
[INFO] 
[INFO] --- maven-install-plugin:2.4:install (default-install) @ entando-k8s-controller-coordinator ---
[INFO] Installing /workspace/source/target/entando-k8s-controller-coordinator-0.0.0-SNAPSHOT-PR-64-1.jar to /home/jenkins/.mvnrepository/org/entando/entando-k8s-controller-coordinator/0.0.0-SNAPSHOT-PR-64-1/entando-k8s-controller-coordinator-0.0.0-SNAPSHOT-PR-64-1.jar
[INFO] Installing /workspace/source/pom.xml to /home/jenkins/.mvnrepository/org/entando/entando-k8s-controller-coordinator/0.0.0-SNAPSHOT-PR-64-1/entando-k8s-controller-coordinator-0.0.0-SNAPSHOT-PR-64-1.pom
[INFO] Installing /workspace/source/target/entando-k8s-controller-coordinator-0.0.0-SNAPSHOT-PR-64-1-tests.jar to /home/jenkins/.mvnrepository/org/entando/entando-k8s-controller-coordinator/0.0.0-SNAPSHOT-PR-64-1/entando-k8s-controller-coordinator-0.0.0-SNAPSHOT-PR-64-1-tests.jar
[INFO] Installing /workspace/source/target/entando-k8s-controller-coordinator-0.0.0-SNAPSHOT-PR-64-1-javadoc.jar to /home/jenkins/.mvnrepository/org/entando/entando-k8s-controller-coordinator/0.0.0-SNAPSHOT-PR-64-1/entando-k8s-controller-coordinator-0.0.0-SNAPSHOT-PR-64-1-javadoc.jar
[INFO] 
[INFO] -----------< org.entando:entando-k8s-controller-coordinator >-----------
[INFO] Building Entando K8S Controller Coordinator 0.0.0-SNAPSHOT-PR-64-1
[INFO] --------------------------------[ jar ]---------------------------------
[INFO] 
[INFO] --- sonar-maven-plugin:3.7.0.1746:sonar (default-cli) @ entando-k8s-controller-coordinator ---
[INFO] User cache: /****/.sonar/cache
[INFO] SonarQube version: 8.5.0
[INFO] Default locale: "en_US", source code encoding: "UTF-8"
[INFO] Load global settings
[INFO] Load global settings (done) | time=214ms
[INFO] Server id: 1BD809FA-AWHW8ct9-T_TB3XqouNu
[INFO] User cache: /****/.sonar/cache
[INFO] Load/download plugins
[INFO] Load plugins index
[INFO] Load plugins index (done) | time=69ms
[INFO] Load/download plugins (done) | time=23266ms
[INFO] Loaded core extensions: developer-scanner
[INFO] JavaScript/TypeScript frontend is enabled
[INFO] Load project settings for component key: 'entando-k8s_entando-k8s-controller-coordinator'
[INFO] Load project settings for component key: 'entando-k8s_entando-k8s-controller-coordinator' (done) | time=26ms
[INFO] Process project properties
[INFO] E**cute project builders
[INFO] E**cute project builders (done) | time=1ms
[INFO] Project key: entando-k8s_entando-k8s-controller-coordinator
[INFO] Base dir: /workspace/source
[INFO] Working dir: /workspace/source/target/sonar
[INFO] Load project branches
[INFO] Load project branches (done) | time=30ms
[INFO] Check ALM binding of project 'entando-k8s_entando-k8s-controller-coordinator'
[INFO] Detected project binding: BOUND
[INFO] Check ALM binding of project 'entando-k8s_entando-k8s-controller-coordinator' (done) | time=24ms
[INFO] Load project pull requests
[INFO] Load project pull requests (done) | time=36ms
[INFO] Load branch configuration
[INFO] Load branch configuration (done) | time=506ms
[INFO] Load quality profiles
[INFO] Load quality profiles (done) | time=75ms
[INFO] Load active rules
[INFO] Load active rules (done) | time=1156ms
[INFO] Organization key: entando-k8s
[INFO] Pull request 64 for merge into master from rel_6.3.0_2
[INFO] SCM collecting changed files in the branch
[WARNING] Exception caught during e**cution of command '[/usr/local/git/bin/git, config, --******, --edit]' in '/usr/local/git/bin', return code '128', error message 'fatal: Invalid path '/usr/local/git/etc': No such file or directory
'
[INFO] SCM collecting changed files in the branch (done) | time=742ms
[INFO] Indexing files...
[INFO] Project configuration:
[INFO] 12 files inde**d
[INFO] 0 files ignored because of scm ignore settings
[INFO] Quality profile for java: Sonar way
[INFO] Quality profile for xml: Sonar way
[INFO] ------------- Run sensors on module Entando K8S Controller Coordinator
[INFO] JavaScript/TypeScript frontend is enabled
[INFO] Load metrics repository
[INFO] Load metrics repository (done) | time=30ms
[INFO] Sensor JavaSquidSensor [java]
[INFO] Configured Java source version (sonar.java.source): 8
[INFO] JavaClasspath initialization
[INFO] JavaClasspath initialization (done) | time=16ms
[INFO] JavaTestClasspath initialization
[INFO] JavaTestClasspath initialization (done) | time=2ms
[INFO] Java Main Files AST scan
[INFO] 4 source files to be analyzed
[INFO] 4/4 source files have been analyzed
[INFO] Java Main Files AST scan (done) | time=3243ms
[INFO] Java Test Files AST scan
[INFO] 7 source files to be analyzed
[INFO] Java Test Files AST scan (done) | time=670ms
[INFO] 7/7 source files have been analyzed
[INFO] Java Generated Files AST scan
[INFO] 0 source files to be analyzed
[INFO] 0/0 source files have been analyzed
[INFO] Java Generated Files AST scan (done) | time=1ms
[INFO] Sensor JavaSquidSensor [java] (done) | time=4354ms
[INFO] Sensor SonarCSS Rules [cssfamily]
[INFO] No CSS, PHP, HTML or VueJS files are found in the project. CSS analysis is skipped.
[INFO] Sensor SonarCSS Rules [cssfamily] (done) | time=1ms
[INFO] Sensor C# Properties [csharp]
[INFO] Sensor C# Properties [csharp] (done) | time=1ms
[INFO] Sensor Import of Checkstyle issues [java]
[INFO] Importing /workspace/source/target/checkstyle-result.xml
[INFO] Sensor Import of Checkstyle issues [java] (done) | time=95ms
[INFO] Sensor SurefireSensor [java]
[INFO] parsing [/workspace/source/target/surefire-reports]
[INFO] Sensor SurefireSensor [java] (done) | time=49ms
[INFO] Sensor JavaXmlSensor [java]
[INFO] 1 source files to be analyzed
[INFO] Sensor JavaXmlSensor [java] (done) | time=210ms
[INFO] 1/1 source files have been analyzed
[INFO] Sensor HTML [web]
[INFO] Sensor HTML [web] (done) | time=4ms
[INFO] Sensor XML Sensor [xml]
[INFO] 1 source files to be analyzed
[INFO] Sensor XML Sensor [xml] (done) | time=168ms
[INFO] 1/1 source files have been analyzed
[INFO] Sensor VB.NET Properties [vbnet]
[INFO] Sensor VB.NET Properties [vbnet] (done) | time=1ms
[INFO] Sensor JaCoCo XML Report Importer [jacoco]
[INFO] Importing 1 report(s). Turn your logs in debug mode in order to see the exhaustive list.
[INFO] Sensor JaCoCo XML Report Importer [jacoco] (done) | time=25ms
[INFO] Sensor ThymeLeaf template sensor [securityjavafrontend]
[INFO] Sensor ThymeLeaf template sensor [securityjavafrontend] (done) | time=3ms
[INFO] Sensor JavaSecuritySensor [security]
[INFO] Reading type hierarchy from: /workspace/source/target/sonar/ucfg2/java
[INFO] Read 100 type definitions
[INFO] Reading UCFGs from: /workspace/source/target/sonar/ucfg2/java
[INFO] 00:32:24.301893 Building Runtime Type propagation graph
[INFO] 00:32:24.313185 Running Tarjan on 85 nodes
[INFO] 00:32:24.315585 Tarjan found 85 components
[INFO] 00:32:24.318457 Variable type analysis: done
[INFO] 00:32:24.322508 Building Runtime Type propagation graph
[INFO] 00:32:24.326682 Running Tarjan on 85 nodes
[INFO] 00:32:24.327283 Tarjan found 85 components
[INFO] 00:32:24.327807 Variable type analysis: done
[INFO] Analyzing 28 ucfgs to detect vulnerabilities.
[INFO] All rules entrypoints : 0 Retained UCFGs : 0
[INFO] rule: S5131, entrypoints: 0
[INFO] rule: S5131 done
[INFO] rule: S3649, entrypoints: 0
[INFO] rule: S3649 done
[INFO] rule: S2076, entrypoints: 0
[INFO] rule: S2076 done
[INFO] rule: S2091, entrypoints: 0
[INFO] rule: S2091 done
[INFO] rule: S2078, entrypoints: 0
[INFO] rule: S2078 done
[INFO] rule: S2631, entrypoints: 0
[INFO] rule: S2631 done
[INFO] rule: S5135, entrypoints: 0
[INFO] rule: S5135 done
[INFO] rule: S2083, entrypoints: 0
[INFO] rule: S2083 done
[INFO] rule: S5167, entrypoints: 0
[INFO] rule: S5167 done
[INFO] rule: S5144, entrypoints: 0
[INFO] rule: S5144 done
[INFO] rule: S5145, entrypoints: 0
[INFO] rule: S5145 done
[INFO] rule: S5146, entrypoints: 0
[INFO] rule: S5146 done
[INFO] rule: S5334, entrypoints: 0
[INFO] rule: S5334 done
[INFO] Sensor JavaSecuritySensor [security] (done) | time=459ms
[INFO] Sensor CSharpSecuritySensor [security]
[INFO] Reading type hierarchy from: /workspace/source/target/ucfg_cs2
[INFO] Read 0 type definitions
[INFO] Reading UCFGs from: /workspace/source/target/ucfg_cs2
[INFO] No UCFGs have been included for analysis.
[INFO] Sensor CSharpSecuritySensor [security] (done) | time=1ms
[INFO] Sensor PhpSecuritySensor [security]
[INFO] Reading type hierarchy from: /workspace/source/target/sonar/ucfg2/php
[INFO] Read 0 type definitions
[INFO] Reading UCFGs from: /workspace/source/target/sonar/ucfg2/php
[INFO] No UCFGs have been included for analysis.
[INFO] Sensor PhpSecuritySensor [security] (done) | time=1ms
[INFO] Sensor PythonSecuritySensor [security]
[INFO] Reading type hierarchy from: /workspace/source/target/sonar/ucfg2/python
[INFO] Read 0 type definitions
[INFO] Reading UCFGs from: /workspace/source/target/sonar/ucfg2/python
[INFO] No UCFGs have been included for analysis.
[INFO] Sensor PythonSecuritySensor [security] (done) | time=0ms
[INFO] Sensor JsSecuritySensor [security]
[INFO] Reading type hierarchy from: /workspace/source/target/sonar/ucfg2/js
[INFO] Read 0 type definitions
[INFO] Reading UCFGs from: /workspace/source/target/sonar/ucfg2/js
[INFO] No UCFGs have been included for analysis.
[INFO] Sensor JsSecuritySensor [security] (done) | time=1ms
[INFO] ------------- Run sensors on project
[INFO] Sensor Zero Coverage Sensor
[INFO] Sensor Zero Coverage Sensor (done) | time=1ms
[INFO] Sensor Java CPD Block Inde**r
[INFO] Sensor Java CPD Block Inde**r (done) | time=43ms
[INFO] SCM Publisher SCM provider for this project is: git
[INFO] SCM Publisher 1 source file to be analyzed
[INFO] SCM Publisher 1/1 source file have been analyzed (done) | time=128ms
[INFO] CPD E**cutor Calculating CPD for 4 files
[INFO] CPD E**cutor CPD calculation finished (done) | time=16ms
[INFO] SCM writing changed lines
[INFO] SCM writing changed lines (done) | time=40ms
[INFO] Analysis report generated in 205ms, dir size=196 KB
[INFO] Analysis report compressed in 22ms, zip size=46 KB
[INFO] Analysis report uploaded in 142ms
[INFO] ANALYSIS SUCCESSFUL, you can find the results at: https://sonarcloud.io/dashboard?id=entando-k8s_entando-k8s-controller-coordinator&pullRequest=64
[INFO] Note that you will be able to access the updated dashboard once the server has processed the submitted analysis report
[INFO] More about the report processing at https://sonarcloud.io/api/ce/task?id=AXbu27YGSIYXPDHJukGA
[INFO] Analysis total time: 11.971 s
[INFO] ------------------------------------------------------------------------
[INFO] BUILD SUCCESS
[INFO] ------------------------------------------------------------------------
[INFO] Total time:  01:48 min
[INFO] Finished at: 2021-01-11T00:32:25Z
[INFO] ------------------------------------------------------------------------
Picked up _JAVA_OPTIONS: -XX:+UnlockExperimentalVMOptions -Dsun.zip.disableMemoryMapping=**** -XX:+UseParallelGC -XX:MinHeapFreeRatio=5 -XX:MaxHeapFreeRatio=10 -XX:GCTimeRatio=4 -XX:AdaptiveSizePolicyWeight=90 -Xms1000m -Xmx12000m
[INFO] Scanning for projects...
[INFO] 
[INFO] -----------< org.entando:entando-k8s-controller-coordinator >-----------
[INFO] Building Entando K8S Controller Coordinator 0.0.0-SNAPSHOT-PR-64-1
[INFO] --------------------------------[ jar ]---------------------------------
[INFO] 
[INFO] --- maven-site-plugin:3.9.0:site (default-site) @ entando-k8s-controller-coordinator ---
[INFO] configuring report plugin org.apache.maven.plugins:maven-project-info-reports-plugin:3.0.0
[INFO] 9 reports configured for maven-project-info-reports-plugin:3.0.0: dependency-info, distribution-management, index, ci-management, issue-management, licenses, plugins, scm, summary
[INFO] Rendering site with default locale English (en)
[WARNING] Unable to find a URL to the parent project. The parent menu will NOT be added.
[INFO] Relativizing decoration links with respect to localized project URL: https://central.entando.com
[INFO] Rendering content with org.apache.maven.skins:maven-default-skin:jar:1.3 skin.
[INFO] Generating "Dependency Information" report --- maven-project-info-reports-plugin:3.0.0:dependency-info
[INFO] Generating "About" report         --- maven-project-info-reports-plugin:3.0.0:index
[INFO] Generating "Issue Management" report --- maven-project-info-reports-plugin:3.0.0:issue-management
[INFO] Generating "Licenses" report      --- maven-project-info-reports-plugin:3.0.0:licenses
[INFO] Generating "Plugins" report       --- maven-project-info-reports-plugin:3.0.0:plugins
[INFO] Generating "Source Code Management" report --- maven-project-info-reports-plugin:3.0.0:scm
[INFO] Generating "Summary" report       --- maven-project-info-reports-plugin:3.0.0:summary
[INFO] ------------------------------------------------------------------------
[INFO] BUILD SUCCESS
[INFO] ------------------------------------------------------------------------
[INFO] Total time:  8.594 s
[INFO] Finished at: 2021-01-11T00:32:35Z
[INFO] ------------------------------------------------------------------------
shallow cloning https://github.com/entando-k8s/devops-results.git branch gh-pages
ran git init in /tmp/jenkins-x-collect954539000
ran git add remote origin https://github.com/entando-k8s/devops-results.git in /tmp/jenkins-x-collect954539000
ran git fetch origin --depth=1 gh-pages in dir /tmp/jenkins-x-collect954539000
Publishing https://raw.githubusercontent.com/entando-k8s/devops-results/gh-pages/entando-k8s-controller-coordinator/PR-64/checkstyle.html
Publishing https://raw.githubusercontent.com/entando-k8s/devops-results/gh-pages/entando-k8s-controller-coordinator/PR-64/checkstyle.rss
Publishing https://raw.githubusercontent.com/entando-k8s/devops-results/gh-pages/entando-k8s-controller-coordinator/PR-64/css/maven-base.css
Publishing https://raw.githubusercontent.com/entando-k8s/devops-results/gh-pages/entando-k8s-controller-coordinator/PR-64/css/maven-theme.css
Publishing https://raw.githubusercontent.com/entando-k8s/devops-results/gh-pages/entando-k8s-controller-coordinator/PR-64/css/print.css
Publishing https://raw.githubusercontent.com/entando-k8s/devops-results/gh-pages/entando-k8s-controller-coordinator/PR-64/css/site.css
Publishing https://raw.githubusercontent.com/entando-k8s/devops-results/gh-pages/entando-k8s-controller-coordinator/PR-64/dependency-info.html
Publishing https://raw.githubusercontent.com/entando-k8s/devops-results/gh-pages/entando-k8s-controller-coordinator/PR-64/images/collapsed.gif
Publishing https://raw.githubusercontent.com/entando-k8s/devops-results/gh-pages/entando-k8s-controller-coordinator/PR-64/images/expanded.gif
Publishing https://raw.githubusercontent.com/entando-k8s/devops-results/gh-pages/entando-k8s-controller-coordinator/PR-64/images/external.png
Publishing https://raw.githubusercontent.com/entando-k8s/devops-results/gh-pages/entando-k8s-controller-coordinator/PR-64/images/icon_error_sml.gif
Publishing https://raw.githubusercontent.com/entando-k8s/devops-results/gh-pages/entando-k8s-controller-coordinator/PR-64/images/icon_info_sml.gif
Publishing https://raw.githubusercontent.com/entando-k8s/devops-results/gh-pages/entando-k8s-controller-coordinator/PR-64/images/icon_success_sml.gif
Publishing https://raw.githubusercontent.com/entando-k8s/devops-results/gh-pages/entando-k8s-controller-coordinator/PR-64/images/icon_warning_sml.gif
Publishing https://raw.githubusercontent.com/entando-k8s/devops-results/gh-pages/entando-k8s-controller-coordinator/PR-64/images/logos/build-by-maven-black.png
Publishing https://raw.githubusercontent.com/entando-k8s/devops-results/gh-pages/entando-k8s-controller-coordinator/PR-64/images/logos/build-by-maven-white.png
Publishing https://raw.githubusercontent.com/entando-k8s/devops-results/gh-pages/entando-k8s-controller-coordinator/PR-64/images/logos/maven-feather.png
Publishing https://raw.githubusercontent.com/entando-k8s/devops-results/gh-pages/entando-k8s-controller-coordinator/PR-64/images/newwindow.png
Publishing https://raw.githubusercontent.com/entando-k8s/devops-results/gh-pages/entando-k8s-controller-coordinator/PR-64/images/rss.png
Publishing https://raw.githubusercontent.com/entando-k8s/devops-results/gh-pages/entando-k8s-controller-coordinator/PR-64/index.html
Publishing https://raw.githubusercontent.com/entando-k8s/devops-results/gh-pages/entando-k8s-controller-coordinator/PR-64/issue-management.html
Publishing https://raw.githubusercontent.com/entando-k8s/devops-results/gh-pages/entando-k8s-controller-coordinator/PR-64/jacoco/index.html
Publishing https://raw.githubusercontent.com/entando-k8s/devops-results/gh-pages/entando-k8s-controller-coordinator/PR-64/jacoco/jacoco-resources/branchfc.gif
Publishing https://raw.githubusercontent.com/entando-k8s/devops-results/gh-pages/entando-k8s-controller-coordinator/PR-64/jacoco/jacoco-resources/branchnc.gif
Publishing https://raw.githubusercontent.com/entando-k8s/devops-results/gh-pages/entando-k8s-controller-coordinator/PR-64/jacoco/jacoco-resources/branchpc.gif
Publishing https://raw.githubusercontent.com/entando-k8s/devops-results/gh-pages/entando-k8s-controller-coordinator/PR-64/jacoco/jacoco-resources/bundle.gif
Publishing https://raw.githubusercontent.com/entando-k8s/devops-results/gh-pages/entando-k8s-controller-coordinator/PR-64/jacoco/jacoco-resources/class.gif
Publishing https://raw.githubusercontent.com/entando-k8s/devops-results/gh-pages/entando-k8s-controller-coordinator/PR-64/jacoco/jacoco-resources/down.gif
Publishing https://raw.githubusercontent.com/entando-k8s/devops-results/gh-pages/entando-k8s-controller-coordinator/PR-64/jacoco/jacoco-resources/greenbar.gif
Publishing https://raw.githubusercontent.com/entando-k8s/devops-results/gh-pages/entando-k8s-controller-coordinator/PR-64/jacoco/jacoco-resources/group.gif
Publishing https://raw.githubusercontent.com/entando-k8s/devops-results/gh-pages/entando-k8s-controller-coordinator/PR-64/jacoco/jacoco-resources/method.gif
Publishing https://raw.githubusercontent.com/entando-k8s/devops-results/gh-pages/entando-k8s-controller-coordinator/PR-64/jacoco/jacoco-resources/package.gif
Publishing https://raw.githubusercontent.com/entando-k8s/devops-results/gh-pages/entando-k8s-controller-coordinator/PR-64/jacoco/jacoco-resources/prettify.css
Publishing https://raw.githubusercontent.com/entando-k8s/devops-results/gh-pages/entando-k8s-controller-coordinator/PR-64/jacoco/jacoco-resources/prettify.js
Publishing https://raw.githubusercontent.com/entando-k8s/devops-results/gh-pages/entando-k8s-controller-coordinator/PR-64/jacoco/jacoco-resources/redbar.gif
Publishing https://raw.githubusercontent.com/entando-k8s/devops-results/gh-pages/entando-k8s-controller-coordinator/PR-64/jacoco/jacoco-resources/report.css
Publishing https://raw.githubusercontent.com/entando-k8s/devops-results/gh-pages/entando-k8s-controller-coordinator/PR-64/jacoco/jacoco-resources/report.gif
Publishing https://raw.githubusercontent.com/entando-k8s/devops-results/gh-pages/entando-k8s-controller-coordinator/PR-64/jacoco/jacoco-resources/session.gif
Publishing https://raw.githubusercontent.com/entando-k8s/devops-results/gh-pages/entando-k8s-controller-coordinator/PR-64/jacoco/jacoco-resources/sort.gif
Publishing https://raw.githubusercontent.com/entando-k8s/devops-results/gh-pages/entando-k8s-controller-coordinator/PR-64/jacoco/jacoco-resources/sort.js
Publishing https://raw.githubusercontent.com/entando-k8s/devops-results/gh-pages/entando-k8s-controller-coordinator/PR-64/jacoco/jacoco-resources/source.gif
Publishing https://raw.githubusercontent.com/entando-k8s/devops-results/gh-pages/entando-k8s-controller-coordinator/PR-64/jacoco/jacoco-resources/up.gif
Publishing https://raw.githubusercontent.com/entando-k8s/devops-results/gh-pages/entando-k8s-controller-coordinator/PR-64/jacoco/jacoco-sessions.html
Publishing https://raw.githubusercontent.com/entando-k8s/devops-results/gh-pages/entando-k8s-controller-coordinator/PR-64/jacoco/jacoco.csv
Publishing https://raw.githubusercontent.com/entando-k8s/devops-results/gh-pages/entando-k8s-controller-coordinator/PR-64/jacoco/jacoco.xml
Publishing https://raw.githubusercontent.com/entando-k8s/devops-results/gh-pages/entando-k8s-controller-coordinator/PR-64/jacoco/org.entando.kubernetes.controller.coordinator/EntandoControllerCoordinator.html
Publishing https://raw.githubusercontent.com/entando-k8s/devops-results/gh-pages/entando-k8s-controller-coordinator/PR-64/jacoco/org.entando.kubernetes.controller.coordinator/EntandoControllerCoordinator.java.html
Publishing https://raw.githubusercontent.com/entando-k8s/devops-results/gh-pages/entando-k8s-controller-coordinator/PR-64/jacoco/org.entando.kubernetes.controller.coordinator/EntandoDeploymentPhaseWatcher.html
Publishing https://raw.githubusercontent.com/entando-k8s/devops-results/gh-pages/entando-k8s-controller-coordinator/PR-64/jacoco/org.entando.kubernetes.controller.coordinator/EntandoDeploymentPhaseWatcher.java.html
Publishing https://raw.githubusercontent.com/entando-k8s/devops-results/gh-pages/entando-k8s-controller-coordinator/PR-64/jacoco/org.entando.kubernetes.controller.coordinator/EntandoOperatorMatcher.html
Publishing https://raw.githubusercontent.com/entando-k8s/devops-results/gh-pages/entando-k8s-controller-coordinator/PR-64/jacoco/org.entando.kubernetes.controller.coordinator/EntandoOperatorMatcher.java.html
Publishing https://raw.githubusercontent.com/entando-k8s/devops-results/gh-pages/entando-k8s-controller-coordinator/PR-64/jacoco/org.entando.kubernetes.controller.coordinator/EntandoResourceObserver.html
Publishing https://raw.githubusercontent.com/entando-k8s/devops-results/gh-pages/entando-k8s-controller-coordinator/PR-64/jacoco/org.entando.kubernetes.controller.coordinator/EntandoResourceObserver.java.html
Publishing https://raw.githubusercontent.com/entando-k8s/devops-results/gh-pages/entando-k8s-controller-coordinator/PR-64/jacoco/org.entando.kubernetes.controller.coordinator/index.html
Publishing https://raw.githubusercontent.com/entando-k8s/devops-results/gh-pages/entando-k8s-controller-coordinator/PR-64/jacoco/org.entando.kubernetes.controller.coordinator/index.source.html
Publishing https://raw.githubusercontent.com/entando-k8s/devops-results/gh-pages/entando-k8s-controller-coordinator/PR-64/licenses.html
Publishing https://raw.githubusercontent.com/entando-k8s/devops-results/gh-pages/entando-k8s-controller-coordinator/PR-64/plugins.html
Publishing https://raw.githubusercontent.com/entando-k8s/devops-results/gh-pages/entando-k8s-controller-coordinator/PR-64/project-info.html
Publishing https://raw.githubusercontent.com/entando-k8s/devops-results/gh-pages/entando-k8s-controller-coordinator/PR-64/scm.html
Publishing https://raw.githubusercontent.com/entando-k8s/devops-results/gh-pages/entando-k8s-controller-coordinator/PR-64/summary.html
Publishing https://raw.githubusercontent.com/entando-k8s/devops-results/gh-pages/entando-k8s-controller-coordinator/PR-64/surefire-report.html
stashed: https://raw.githubusercontent.com/entando-k8s/devops-results/gh-pages/entando-k8s-controller-coordinator/PR-64/checkstyle.html
stashed: https://raw.githubusercontent.com/entando-k8s/devops-results/gh-pages/entando-k8s-controller-coordinator/PR-64/checkstyle.rss
stashed: https://raw.githubusercontent.com/entando-k8s/devops-results/gh-pages/entando-k8s-controller-coordinator/PR-64/css/maven-base.css
stashed: https://raw.githubusercontent.com/entando-k8s/devops-results/gh-pages/entando-k8s-controller-coordinator/PR-64/css/maven-theme.css
stashed: https://raw.githubusercontent.com/entando-k8s/devops-results/gh-pages/entando-k8s-controller-coordinator/PR-64/css/print.css
stashed: https://raw.githubusercontent.com/entando-k8s/devops-results/gh-pages/entando-k8s-controller-coordinator/PR-64/css/site.css
stashed: https://raw.githubusercontent.com/entando-k8s/devops-results/gh-pages/entando-k8s-controller-coordinator/PR-64/dependency-info.html
stashed: https://raw.githubusercontent.com/entando-k8s/devops-results/gh-pages/entando-k8s-controller-coordinator/PR-64/images/collapsed.gif
stashed: https://raw.githubusercontent.com/entando-k8s/devops-results/gh-pages/entando-k8s-controller-coordinator/PR-64/images/expanded.gif
stashed: https://raw.githubusercontent.com/entando-k8s/devops-results/gh-pages/entando-k8s-controller-coordinator/PR-64/images/external.png
stashed: https://raw.githubusercontent.com/entando-k8s/devops-results/gh-pages/entando-k8s-controller-coordinator/PR-64/images/icon_error_sml.gif
stashed: https://raw.githubusercontent.com/entando-k8s/devops-results/gh-pages/entando-k8s-controller-coordinator/PR-64/images/icon_info_sml.gif
stashed: https://raw.githubusercontent.com/entando-k8s/devops-results/gh-pages/entando-k8s-controller-coordinator/PR-64/images/icon_success_sml.gif
stashed: https://raw.githubusercontent.com/entando-k8s/devops-results/gh-pages/entando-k8s-controller-coordinator/PR-64/images/icon_warning_sml.gif
stashed: https://raw.githubusercontent.com/entando-k8s/devops-results/gh-pages/entando-k8s-controller-coordinator/PR-64/images/logos/build-by-maven-black.png
stashed: https://raw.githubusercontent.com/entando-k8s/devops-results/gh-pages/entando-k8s-controller-coordinator/PR-64/images/logos/build-by-maven-white.png
stashed: https://raw.githubusercontent.com/entando-k8s/devops-results/gh-pages/entando-k8s-controller-coordinator/PR-64/images/logos/maven-feather.png
stashed: https://raw.githubusercontent.com/entando-k8s/devops-results/gh-pages/entando-k8s-controller-coordinator/PR-64/images/newwindow.png
stashed: https://raw.githubusercontent.com/entando-k8s/devops-results/gh-pages/entando-k8s-controller-coordinator/PR-64/images/rss.png
stashed: https://raw.githubusercontent.com/entando-k8s/devops-results/gh-pages/entando-k8s-controller-coordinator/PR-64/index.html
stashed: https://raw.githubusercontent.com/entando-k8s/devops-results/gh-pages/entando-k8s-controller-coordinator/PR-64/issue-management.html
stashed: https://raw.githubusercontent.com/entando-k8s/devops-results/gh-pages/entando-k8s-controller-coordinator/PR-64/jacoco/index.html
stashed: https://raw.githubusercontent.com/entando-k8s/devops-results/gh-pages/entando-k8s-controller-coordinator/PR-64/jacoco/jacoco-resources/branchfc.gif
stashed: https://raw.githubusercontent.com/entando-k8s/devops-results/gh-pages/entando-k8s-controller-coordinator/PR-64/jacoco/jacoco-resources/branchnc.gif
stashed: https://raw.githubusercontent.com/entando-k8s/devops-results/gh-pages/entando-k8s-controller-coordinator/PR-64/jacoco/jacoco-resources/branchpc.gif
stashed: https://raw.githubusercontent.com/entando-k8s/devops-results/gh-pages/entando-k8s-controller-coordinator/PR-64/jacoco/jacoco-resources/bundle.gif
stashed: https://raw.githubusercontent.com/entando-k8s/devops-results/gh-pages/entando-k8s-controller-coordinator/PR-64/jacoco/jacoco-resources/class.gif
stashed: https://raw.githubusercontent.com/entando-k8s/devops-results/gh-pages/entando-k8s-controller-coordinator/PR-64/jacoco/jacoco-resources/down.gif
stashed: https://raw.githubusercontent.com/entando-k8s/devops-results/gh-pages/entando-k8s-controller-coordinator/PR-64/jacoco/jacoco-resources/greenbar.gif
stashed: https://raw.githubusercontent.com/entando-k8s/devops-results/gh-pages/entando-k8s-controller-coordinator/PR-64/jacoco/jacoco-resources/group.gif
stashed: https://raw.githubusercontent.com/entando-k8s/devops-results/gh-pages/entando-k8s-controller-coordinator/PR-64/jacoco/jacoco-resources/method.gif
stashed: https://raw.githubusercontent.com/entando-k8s/devops-results/gh-pages/entando-k8s-controller-coordinator/PR-64/jacoco/jacoco-resources/package.gif
stashed: https://raw.githubusercontent.com/entando-k8s/devops-results/gh-pages/entando-k8s-controller-coordinator/PR-64/jacoco/jacoco-resources/prettify.css
stashed: https://raw.githubusercontent.com/entando-k8s/devops-results/gh-pages/entando-k8s-controller-coordinator/PR-64/jacoco/jacoco-resources/prettify.js
stashed: https://raw.githubusercontent.com/entando-k8s/devops-results/gh-pages/entando-k8s-controller-coordinator/PR-64/jacoco/jacoco-resources/redbar.gif
stashed: https://raw.githubusercontent.com/entando-k8s/devops-results/gh-pages/entando-k8s-controller-coordinator/PR-64/jacoco/jacoco-resources/report.css
stashed: https://raw.githubusercontent.com/entando-k8s/devops-results/gh-pages/entando-k8s-controller-coordinator/PR-64/jacoco/jacoco-resources/report.gif
stashed: https://raw.githubusercontent.com/entando-k8s/devops-results/gh-pages/entando-k8s-controller-coordinator/PR-64/jacoco/jacoco-resources/session.gif
stashed: https://raw.githubusercontent.com/entando-k8s/devops-results/gh-pages/entando-k8s-controller-coordinator/PR-64/jacoco/jacoco-resources/sort.gif
stashed: https://raw.githubusercontent.com/entando-k8s/devops-results/gh-pages/entando-k8s-controller-coordinator/PR-64/jacoco/jacoco-resources/sort.js
stashed: https://raw.githubusercontent.com/entando-k8s/devops-results/gh-pages/entando-k8s-controller-coordinator/PR-64/jacoco/jacoco-resources/source.gif
stashed: https://raw.githubusercontent.com/entando-k8s/devops-results/gh-pages/entando-k8s-controller-coordinator/PR-64/jacoco/jacoco-resources/up.gif
stashed: https://raw.githubusercontent.com/entando-k8s/devops-results/gh-pages/entando-k8s-controller-coordinator/PR-64/jacoco/jacoco-sessions.html
stashed: https://raw.githubusercontent.com/entando-k8s/devops-results/gh-pages/entando-k8s-controller-coordinator/PR-64/jacoco/jacoco.csv
stashed: https://raw.githubusercontent.com/entando-k8s/devops-results/gh-pages/entando-k8s-controller-coordinator/PR-64/jacoco/jacoco.xml
stashed: https://raw.githubusercontent.com/entando-k8s/devops-results/gh-pages/entando-k8s-controller-coordinator/PR-64/jacoco/org.entando.kubernetes.controller.coordinator/EntandoControllerCoordinator.html
stashed: https://raw.githubusercontent.com/entando-k8s/devops-results/gh-pages/entando-k8s-controller-coordinator/PR-64/jacoco/org.entando.kubernetes.controller.coordinator/EntandoControllerCoordinator.java.html
stashed: https://raw.githubusercontent.com/entando-k8s/devops-results/gh-pages/entando-k8s-controller-coordinator/PR-64/jacoco/org.entando.kubernetes.controller.coordinator/EntandoDeploymentPhaseWatcher.html
stashed: https://raw.githubusercontent.com/entando-k8s/devops-results/gh-pages/entando-k8s-controller-coordinator/PR-64/jacoco/org.entando.kubernetes.controller.coordinator/EntandoDeploymentPhaseWatcher.java.html
stashed: https://raw.githubusercontent.com/entando-k8s/devops-results/gh-pages/entando-k8s-controller-coordinator/PR-64/jacoco/org.entando.kubernetes.controller.coordinator/EntandoOperatorMatcher.html
stashed: https://raw.githubusercontent.com/entando-k8s/devops-results/gh-pages/entando-k8s-controller-coordinator/PR-64/jacoco/org.entando.kubernetes.controller.coordinator/EntandoOperatorMatcher.java.html
stashed: https://raw.githubusercontent.com/entando-k8s/devops-results/gh-pages/entando-k8s-controller-coordinator/PR-64/jacoco/org.entando.kubernetes.controller.coordinator/EntandoResourceObserver.html
stashed: https://raw.githubusercontent.com/entando-k8s/devops-results/gh-pages/entando-k8s-controller-coordinator/PR-64/jacoco/org.entando.kubernetes.controller.coordinator/EntandoResourceObserver.java.html
stashed: https://raw.githubusercontent.com/entando-k8s/devops-results/gh-pages/entando-k8s-controller-coordinator/PR-64/jacoco/org.entando.kubernetes.controller.coordinator/index.html
stashed: https://raw.githubusercontent.com/entando-k8s/devops-results/gh-pages/entando-k8s-controller-coordinator/PR-64/jacoco/org.entando.kubernetes.controller.coordinator/index.source.html
stashed: https://raw.githubusercontent.com/entando-k8s/devops-results/gh-pages/entando-k8s-controller-coordinator/PR-64/licenses.html
stashed: https://raw.githubusercontent.com/entando-k8s/devops-results/gh-pages/entando-k8s-controller-coordinator/PR-64/plugins.html
stashed: https://raw.githubusercontent.com/entando-k8s/devops-results/gh-pages/entando-k8s-controller-coordinator/PR-64/project-info.html
stashed: https://raw.githubusercontent.com/entando-k8s/devops-results/gh-pages/entando-k8s-controller-coordinator/PR-64/scm.html
stashed: https://raw.githubusercontent.com/entando-k8s/devops-results/gh-pages/entando-k8s-controller-coordinator/PR-64/summary.html
stashed: https://raw.githubusercontent.com/entando-k8s/devops-results/gh-pages/entando-k8s-controller-coordinator/PR-64/surefire-report.html
error: etcdserver: request is too large
  % Total    % Received % Xferd  Average Speed   Time    Time     Time  Current
                                 Dload  Upload   Total   Spent    Left  Speed
  0     0    0     0    0     0      0      0 --:--:-- --:--:-- --:--:--     0  0     0    0     0    0     0      0      0 --:--:-- --:--:-- --:--:--     0100  1891  100  1665  100   226   2527    343 --:--:-- --:--:-- --:--:--  2545
{
  "url": "https://api.github.com/repos/entando-k8s/entando-k8s-controller-coordinator/statuses/4bead099362e91ff92fb8b5690b15871a53aed10",
  "avatar_url": "https://avatars2.githubusercontent.com/u/57885396?v=4",
  "id": 11814198303,
  "node_id": "MDEzOlN0YXR1c0NvbnRleHQxMTgxNDE5ODMwMw==",
  "state": "success",
  "description": "Pre-deployment tests success!",
  "target_url": "https://entando-k8s.github.io/devops-results/entando-k8s-controller-coordinator/PR-64/surefire-report.html",
  "context": "Pre-deployment tests",
  "created_at": "2021-01-11T00:33:31Z",
  "updated_at": "2021-01-11T00:33:31Z",
  "creator": {
    "login": "**********",
    "id": 57885396,
    "node_id": "MDQ6VXNlcjU3ODg1Mzk2",
    "avatar_url": "https://avatars2.githubusercontent.com/u/57885396?v=4",
    "gravatar_id": "",
    "url": "https://api.github.com/users/entando-**",
    "html_url": "https://github.com/entando-**",
    "followers_url": "https://api.github.com/users/**********/followers",
    "following_url": "https://api.github.com/users/entando-**/following{/other_user}",
    "gists_url": "https://api.github.com/users/entando-**/gists{/gist_id}",
    "starred_url": "https://api.github.com/users/**********/starred{/owner}{/repo}",
    "subscriptions_url": "https://api.github.com/users/**********/subscriptions",
    "organizations_url": "https://api.github.com/users/**********/orgs",
    "repos_url": "https://api.github.com/users/**********/repos",
    "events_url": "https://api.github.com/users/**********/events{/privacy}",
    "received_events_url": "https://api.github.com/users/entando-**/received_events",
    "type": "User",
    "site_*****": false
  }
}
  % Total    % Received % Xferd  Average Speed   Time    Time     Time  Current
                                 Dload  Upload   Total   Spent    Left  Speed
  0     0    0     0    0     0      0      0 --:--:-- --:--:-- --:--:--     0 10  1841    0     0  100   201      0    324 --:--:-- --:--:-- --:--:--   327100  1841  100  1640  100   201   2634    322 --:--:-- --:--:-- --:--:--  2658
{
  "url": "https://api.github.com/repos/entando-k8s/entando-k8s-controller-coordinator/statuses/4bead099362e91ff92fb8b5690b15871a53aed10",
  "avatar_url": "https://avatars2.githubusercontent.com/u/57885396?v=4",
  "id": 11814198326,
  "node_id": "MDEzOlN0YXR1c0NvbnRleHQxMTgxNDE5ODMyNg==",
  "state": "success",
  "description": "Checkstyle success!",
  "target_url": "https://entando-k8s.github.io/devops-results/entando-k8s-controller-coordinator/PR-64/checkstyle.html",
  "context": "Checkstyle",
  "created_at": "2021-01-11T00:33:32Z",
  "updated_at": "2021-01-11T00:33:32Z",
  "creator": {
    "login": "**********",
    "id": 57885396,
    "node_id": "MDQ6VXNlcjU3ODg1Mzk2",
    "avatar_url": "https://avatars2.githubusercontent.com/u/57885396?v=4",
    "gravatar_id": "",
    "url": "https://api.github.com/users/entando-**",
    "html_url": "https://github.com/**********",
    "followers_url": "https://api.github.com/users/entando-**/followers",
    "following_url": "https://api.github.com/users/entando-**/following{/other_user}",
    "gists_url": "https://api.github.com/users/entando-**/gists{/gist_id}",
    "starred_url": "https://api.github.com/users/**********/starred{/owner}{/repo}",
    "subscriptions_url": "https://api.github.com/users/entando-**/subscriptions",
    "organizations_url": "https://api.github.com/users/entando-**/orgs",
    "repos_url": "https://api.github.com/users/**********/repos",
    "events_url": "https://api.github.com/users/entando-**/events{/privacy}",
    "received_events_url": "https://api.github.com/users/**********/received_events",
    "type": "User",
    "site_*****": false
  }
}
Congratulations! No build failures found for entando-k8s-controller-coordinator-PR-64.

Showing logs for build [32mentando-k8s-entando-k8s-control-rwrxg-1[0m stage [32mfrom-build-pack[0m and container [32mstep-build-container-build[0m
Generating tags...
 - entando/entando-k8s-controller-coordinator -> docker.io/entando/entando-k8s-controller-coordinator:0.0.0-SNAPSHOT-PR-64-1
Checking cache...
 - entando/entando-k8s-controller-coordinator: Not found. Building
Building [entando/entando-k8s-controller-coordinator]...
Sending build context to Docker daemon  552.4kBSending build context to Docker daemon  8.243MBSending build context to Docker daemon  13.21MBSending build context to Docker daemon  21.01MBSending build context to Docker daemon  31.47MBSending build context to Docker daemon  39.21MB
Step 1/6 : FROM fabric8/java-alpine-openjdk8-jre
 ---> 6383f0513235
Step 2/6 : ENV JAVA_OPTIONS "-Dquarkus.http.host=0.0.0.0 -Djava.util.logging.manager=org.jboss.logmanager.LogManager"
 ---> Using cache
 ---> 781f0699f0f0
Step 3/6 : ENV AB_ENABLED jmx_exporter
 ---> Using cache
 ---> 3d03a75b86f8
Step 4/6 : COPY target/lib/* /deployments/lib/
 ---> Using cache
 ---> 403571009696
Step 5/6 : COPY target/*-runner.jar /deployments/app.jar
 ---> 952df8a3b9f0
Step 6/6 : ENTRYPOINT /deployments/run-java.sh
 ---> Running in 196b262a1836
 ---> 5b12b9bf955e
Successfully built 5b12b9bf955e
The push refers to a repository [docker.io/entando/entando-k8s-controller-coordinator]
748348684f64: Preparing
ead0e0f326d2: Preparing
a37d6baa8a5e: Preparing
4246c252be29: Preparing
bbc6d89e45a1: Preparing
6a8968c88953: Preparing
c11f0dd7f64f: Preparing
081a861c7ecd: Preparing
df5b415aa3df: Preparing
77cae8ab23bf: Preparing
df5b415aa3df: Waiting
081a861c7ecd: Waiting
c11f0dd7f64f: Waiting
6a8968c88953: Waiting
77cae8ab23bf: Waiting
4246c252be29: Layer already exists
ead0e0f326d2: Layer already exists
a37d6baa8a5e: Layer already exists
bbc6d89e45a1: Layer already exists
6a8968c88953: Layer already exists
df5b415aa3df: Layer already exists
c11f0dd7f64f: Layer already exists
081a861c7ecd: Layer already exists
77cae8ab23bf: Layer already exists
748348684f64: Pushed
0.0.0-SNAPSHOT-PR-64-1: digest: sha256:6b281320dc5579080d9ee45e88a2abd8dadb8da3f8e8fbb1770b2cbe70145b71 size: 2410
There is a new version (1.17.2) of Skaffold available. Download it at https://storage.googleapis.com/skaffold/releases/latest/skaffold-linux-amd64


Showing logs for build [32mentando-k8s-entando-k8s-control-rwrxg-1[0m stage [32mfrom-build-pack[0m and container [32mstep-postbuild-post-build[0m
no CVE provider running in the current ** namespace so skip adding image to be analysed

Showing logs for build [32mentando-k8s-entando-k8s-control-rwrxg-1[0m stage [32mfrom-build-pack[0m and container [32mstep-promote-make-preview[0m
Creating /builder/home/.helm 
Creating /builder/home/.helm/repository 
Creating /builder/home/.helm/repository/cache 
Creating /builder/home/.helm/repository/local 
Creating /builder/home/.helm/plugins 
Creating /builder/home/.helm/starters 
Creating /builder/home/.helm/cache/archive 
Creating /builder/home/.helm/repository/repositories.yaml 
Adding stable repo with URL: https://charts.helm.sh/stable 
Adding local repo with URL: http://127.0.0.1:8879/charts 
$HELM_HOME has been configured at /builder/home/.helm.
Not installing Tiller due to 'client-only' flag having been set
sed -i -e "s/version:.*/version: 0.0.0-SNAPSHOT-PR-64-1/" Chart.yaml
sed -i -e "s/version:.*/version: 0.0.0-SNAPSHOT-PR-64-1/" ../*/Chart.yaml
sed -i -e "s|repository:.*|repository: docker.io\/entando\/entando-k8s-controller-coordinator|" values.yaml
sed -i -e "s/tag:.*/tag: 0.0.0-SNAPSHOT-PR-64-1/" values.yaml
sed -i -e "s/ENTANDO_DOCKER_REGISTRY_OVERRIDE:.*/ENTANDO_DOCKER_REGISTRY_OVERRIDE: docker.io/" values.yaml
echo "  version: 0.0.0-SNAPSHOT-PR-64-1" >> requirements.yaml
** step helm build
WARNING: No $CHART_REPOSITORY defined so using the default value of: http://jenkins-x-chartmuseum:8080
Adding missing Helm repo: storage.googleapis.com https://storage.googleapis.com/chartmuseum.jenkins-x.io
Successfully added Helm repository storage.googleapis.com.
Adding missing Helm repo: jenkins-x-chartmuseum http://jenkins-x-chartmuseum:8080
Successfully added Helm repository jenkins-x-chartmuseum.
WARNING: No $CHART_REPOSITORY defined so using the default value of: http://jenkins-x-chartmuseum:8080

Showing logs for build [32mentando-k8s-entando-k8s-control-rwrxg-1[0m stage [32mfrom-build-pack[0m and container [32mstep-promote-jx-preview[0m
Creating a preview
Found commit author match for: w-caffiero-entando with email address: w.caffiero@entando.com
Created environment entando-k8s-controller-coordinator-carcpr64
Namespace entando-k8s-controller-coordinator-carcpr64 created 
expose:
  Annotations:
    helm.sh/hook: post-install,post-upgrade
    helm.sh/hook-delete-policy: hook-succeeded
  config:
    domain: *************
    exposer: Ingress
    http: "****"
preview:
  image:
    repository: docker.io/entando/entando-k8s-controller-coordinator
    tag: 0.0.0-SNAPSHOT-PR-64-1

WARNING: Could not find the service URL in namespace entando-k8s-controller-coordinator-carcpr64 for names : Timed out after 1m0s, last error: %!s(<nil>)
Updating PipelineActivities entando-k8s-entando-k8s-controller-coordinator-pr-64-1 which has status Running
WARNING: Failed to find the service entando-k8s-controller-coordinator : failed to find service entando-k8s-controller-coordinator in namespace entando-k8s-controller-coordinator-carcpr64: services "entando-k8s-controller-coordinator" not found

Showing logs for build [32mentando-k8s-entando-k8s-control-rwrxg-1[0m stage [32mfrom-build-pack[0m and container [32mstep-promote-run-post-deployment-tests[0m
Picked up _JAVA_OPTIONS: -XX:+UnlockExperimentalVMOptions -Dsun.zip.disableMemoryMapping=**** -XX:+UseParallelGC -XX:MinHeapFreeRatio=5 -XX:MaxHeapFreeRatio=10 -XX:GCTimeRatio=4 -XX:AdaptiveSizePolicyWeight=90 -Xms1000m -Xmx12000m
[INFO] Scanning for projects...
[INFO] 
[INFO] -----------< org.entando:entando-k8s-controller-coordinator >-----------
[INFO] Building Entando K8S Controller Coordinator 0.0.0-SNAPSHOT-PR-64-1
[INFO] --------------------------------[ jar ]---------------------------------
[INFO] 
[INFO] --- maven-resources-plugin:2.6:resources (default-resources) @ entando-k8s-controller-coordinator ---
[INFO] Using 'UTF-8' encoding to copy filtered resources.
[INFO] Copying 3 resources
[INFO] 
[INFO] --- maven-compiler-plugin:3.8.1:compile (default-compile) @ entando-k8s-controller-coordinator ---
[INFO] Nothing to compile - all classes are up to date
[INFO] 
[INFO] --- maven-resources-plugin:2.6:testResources (default-testResources) @ entando-k8s-controller-coordinator ---
[INFO] Using 'UTF-8' encoding to copy filtered resources.
[INFO] Copying 6 resources
[INFO] 
[INFO] --- maven-compiler-plugin:3.8.1:testCompile (default-testCompile) @ entando-k8s-controller-coordinator ---
[INFO] Nothing to compile - all classes are up to date
[INFO] 
[INFO] --- maven-surefire-plugin:3.0.0-M1:test (default-test) @ entando-k8s-controller-coordinator ---
[INFO] Tests are skipped.
[INFO] 
[INFO] --- maven-jar-plugin:3.2.0:jar (default-jar) @ entando-k8s-controller-coordinator ---
[INFO] 
[INFO] --- maven-jar-plugin:3.2.0:test-jar (build-test-jar) @ entando-k8s-controller-coordinator ---
[INFO] 
[INFO] --- maven-failsafe-plugin:3.0.0-M4:integration-test (run-tests) @ entando-k8s-controller-coordinator ---
[INFO] 
[INFO] -------------------------------------------------------
[INFO]  T E S T S
[INFO] -------------------------------------------------------
[INFO] Running org.entando.kubernetes.controller.coordinator.interprocesstests.ControllerCoordinatorIntegratedTest
Jan 11, 2021 12:35:44 AM org.entando.kubernetes.controller.integrationtest.support.DeletionWaiter lambda$deleteSingleItem$2
WARNING: Deleting pods  entando-k8s-controller-coordinator-carcpr64/test-keycloak-deployer-n6siwo5t0f
[ERROR] Tests run: 2, Failures: 0, Errors: 1, Skipped: 0, Time elapsed: 200.975 s <<< FAILURE! - in org.entando.kubernetes.controller.coordinator.interprocesstests.ControllerCoordinatorIntegratedTest
[ERROR] org.entando.kubernetes.controller.coordinator.interprocesstests.ControllerCoordinatorIntegratedTest.testE**cuteCompositeAppControllerPod  Time elapsed: 192.227 s  <<< ERROR!
org.awaitility.core.ConditionTimeoutException: Condition with lambda expression in org.entando.kubernetes.controller.coordinator.interprocesstests.ControllerCoordinatorIntegratedTest that uses io.fabric8.kubernetes.client.dsl.Resource was not fulfilled within 3 minutes.
	at org.entando.kubernetes.controller.coordinator.interprocesstests.ControllerCoordinatorIntegratedTest.testE**cuteCompositeAppControllerPod(ControllerCoordinatorIntegratedTest.java:167)
Caused by: java.util.NoSuchElementException: No value present
	at org.entando.kubernetes.controller.coordinator.interprocesstests.ControllerCoordinatorIntegratedTest.lambda$testE**cuteCompositeAppControllerPod$3(ControllerCoordinatorIntegratedTest.java:168)

[INFO] 
[INFO] Results:
[INFO] 
[ERROR] Errors: 
[ERROR]   ControllerCoordinatorIntegratedTest.testE**cuteCompositeAppControllerPod:167 Â» ConditionTimeout
[INFO] 
[ERROR] Tests run: 2, Failures: 0, Errors: 1, Skipped: 0
[INFO] 
[INFO] 
[INFO] --- maven-surefire-report-plugin:3.0.0-M4:failsafe-report-only (integration-tests) @ entando-k8s-controller-coordinator ---
[WARNING] Unable to locate Test Source XRef to link to - DISABLED
[INFO] 
[INFO] --- maven-surefire-report-plugin:3.0.0-M4:report-only (unit-tests) @ entando-k8s-controller-coordinator ---
[WARNING] Unable to locate Test Source XRef to link to - DISABLED
[INFO] 
[INFO] --- maven-failsafe-plugin:3.0.0-M4:verify (run-tests) @ entando-k8s-controller-coordinator ---
[ERROR] There are test failures.

Please refer to /workspace/source/target/failsafe-reports for the individual test results.
Please refer to dump files (if any exist) [date].dump, [date]-***Run[N].dump and [date].dumpstream.
[INFO] 
[INFO] --- maven-site-plugin:3.9.0:site (default-site) @ entando-k8s-controller-coordinator ---
[INFO] configuring report plugin org.apache.maven.plugins:maven-project-info-reports-plugin:3.0.0
[INFO] 9 reports configured for maven-project-info-reports-plugin:3.0.0: dependency-info, distribution-management, index, ci-management, issue-management, licenses, plugins, scm, summary
[INFO] Rendering site with default locale English (en)
[WARNING] Unable to find a URL to the parent project. The parent menu will NOT be added.
[INFO] Relativizing decoration links with respect to localized project URL: https://central.entando.com
[INFO] Rendering content with org.apache.maven.skins:maven-default-skin:jar:1.3 skin.
[INFO] Generating "Dependency Information" report --- maven-project-info-reports-plugin:3.0.0:dependency-info
[INFO] Generating "About" report         --- maven-project-info-reports-plugin:3.0.0:index
[INFO] Generating "Issue Management" report --- maven-project-info-reports-plugin:3.0.0:issue-management
[INFO] Generating "Licenses" report      --- maven-project-info-reports-plugin:3.0.0:licenses
[INFO] Generating "Plugins" report       --- maven-project-info-reports-plugin:3.0.0:plugins
[INFO] Generating "Source Code Management" report --- maven-project-info-reports-plugin:3.0.0:scm
[INFO] Generating "Summary" report       --- maven-project-info-reports-plugin:3.0.0:summary
[INFO] ------------------------------------------------------------------------
[INFO] BUILD SUCCESS
[INFO] ------------------------------------------------------------------------
[INFO] Total time:  03:31 min
[INFO] Finished at: 2021-01-11T00:38:59Z
[INFO] ------------------------------------------------------------------------
shallow cloning https://github.com/entando-k8s/devops-results.git branch gh-pages
ran git init in /tmp/jenkins-x-collect259450754
ran git add remote origin https://github.com/entando-k8s/devops-results.git in /tmp/jenkins-x-collect259450754
ran git fetch origin --depth=1 gh-pages in dir /tmp/jenkins-x-collect259450754
Publishing https://raw.githubusercontent.com/entando-k8s/devops-results/gh-pages/entando-k8s-controller-coordinator/PR-64/failsafe-report.html
stashed: https://raw.githubusercontent.com/entando-k8s/devops-results/gh-pages/entando-k8s-controller-coordinator/PR-64/failsafe-report.html
error: etcdserver: request is too large
Post-deployment tests failed for entando-k8s-controller-coordinator-PR-64.
  % Total    % Received % Xferd  Average Speed   Time    Time     Time  Current
                                 Dload  Upload   Total   Spent    Left  Speed
  0     0    0     0    0     0      0      0 --:--:-- --:--:-- --:--:--     0 12  1895    0     0  100   228      0    303 --:--:-- --:--:-- --:--:--   303100  1895  100  1667  100   228   2217    303 --:--:-- --:--:-- --:--:--  2216
{
  "url": "https://api.github.com/repos/entando-k8s/entando-k8s-controller-coordinator/statuses/4bead099362e91ff92fb8b5690b15871a53aed10",
  "avatar_url": "https://avatars2.githubusercontent.com/u/57885396?v=4",
  "id": 11814215971,
  "node_id": "MDEzOlN0YXR1c0NvbnRleHQxMTgxNDIxNTk3MQ==",
  "state": "failure",
  "description": "Post-deployment tests failure!",
  "target_url": "https://entando-k8s.github.io/devops-results/entando-k8s-controller-coordinator/PR-64/failsafe-report.html",
  "context": "Post-deployment tests",
  "created_at": "2021-01-11T00:40:16Z",
  "updated_at": "2021-01-11T00:40:16Z",
  "creator": {
    "login": "**********",
    "id": 57885396,
    "node_id": "MDQ6VXNlcjU3ODg1Mzk2",
    "avatar_url": "https://avatars2.githubusercontent.com/u/57885396?v=4",
    "gravatar_id": "",
    "url": "https://api.github.com/users/entando-**",
    "html_url": "https://github.com/**********",
    "followers_url": "https://api.github.com/users/**********/followers",
    "following_url": "https://api.github.com/users/entando-**/following{/other_user}",
    "gists_url": "https://api.github.com/users/**********/gists{/gist_id}",
    "starred_url": "https://api.github.com/users/entando-**/starred{/owner}{/repo}",
    "subscriptions_url": "https://api.github.com/users/**********/subscriptions",
    "organizations_url": "https://api.github.com/users/entando-**/orgs",
    "repos_url": "https://api.github.com/users/**********/repos",
    "events_url": "https://api.github.com/users/entando-**/events{/privacy}",
    "received_events_url": "https://api.github.com/users/**********/received_events",
    "type": "User",
    "site_*****": false
  }
}
[31m
Pipeline failed on stage 'from-build-pack' : container 'step-promote-run-post-deployment-tests'. The execution of the pipeline has stopped.[0m
