
Showing logs for build [32mentando-k8s-entando-k8s-app-con-btcdg-1[0m stage [32mfrom-build-pack[0m and container [32mstep-credential-initializer-z6nps[0m
{"level":"warn","ts":1606140738.6973143,"logger":"fallback-logger","caller":"logging/config.go:69","msg":"Fetch GitHub commit ID from kodata failed: \"ref: refs/heads/0.8.0-**-support-backwards-incompats\" is not a valid GitHub commit ID"}
{"level":"info","ts":1606140738.7037127,"logger":"fallback-logger","caller":"creds-init/main.go:40","msg":"Credentials initialized."}

Showing logs for build [32mentando-k8s-entando-k8s-app-con-btcdg-1[0m stage [32mfrom-build-pack[0m and container [32mstep-working-dir-initializer-c7tpd[0m
{"level":"warn","ts":1606140741.8718872,"logger":"fallback-logger","caller":"logging/config.go:69","msg":"Fetch GitHub commit ID from kodata failed: open /var/run/ko/HEAD: no such file or directory"}
{"level":"info","ts":1606140741.8838277,"logger":"fallback-logger","caller":"bash/main.go:64","msg":"Successfully e**cuted command \"sh -c mkdir -p /workspace/source\"; output "}

Showing logs for build [32mentando-k8s-entando-k8s-app-con-btcdg-1[0m stage [32mfrom-build-pack[0m and container [32mstep-place-tools[0m

Showing logs for build [32mentando-k8s-entando-k8s-app-con-btcdg-1[0m stage [32mfrom-build-pack[0m and container [32mstep-git-source-entando-k8s-entando-k8s-app-con-pqccf[0m
{"level":"warn","ts":1606140776.5063846,"logger":"fallback-logger","caller":"logging/config.go:69","msg":"Fetch GitHub commit ID from kodata failed: \"ref: refs/heads/0.8.0-**-support-backwards-incompats\" is not a valid GitHub commit ID"}
{"level":"info","ts":1606140778.0562098,"logger":"fallback-logger","caller":"git/git.go:103","msg":"Successfully cloned https://github.com/entando-k8s/entando-k8s-app-controller.git @ master in path /workspace/source"}

Showing logs for build [32mentando-k8s-entando-k8s-app-con-btcdg-1[0m stage [32mfrom-build-pack[0m and container [32mstep-git-merge[0m
Using SHAs from PULL_REFS=master:a17815515defbab7468d9ba030cede3be620d8e9,24:f1a6dd591efde83615f81ea397bf75079d775976
DEBUG: ran git fetch --unshallow origin f1a6dd591efde83615f81ea397bf75079d775976: a17815515defbab7468d9ba030cede3be620d8e9: in 
DEBUG: ran git checkout master in 
DEBUG: ran git reset --hard a17815515defbab7468d9ba030cede3be620d8e9 in 
DEBUG: ran clean --force -d . in 
DEBUG: ran git merge f1a6dd591efde83615f81ea397bf75079d775976 in 
Merged SHA f1a6dd591efde83615f81ea397bf75079d775976 with commit message 'ENG-1533 component manager now connects to service' into base branch master

Showing logs for build [32mentando-k8s-entando-k8s-app-con-btcdg-1[0m stage [32mfrom-build-pack[0m and container [32mstep-build-set-version[0m
Picked up _JAVA_OPTIONS: -XX:+UnlockExperimentalVMOptions -Dsun.zip.disableMemoryMapping=true -XX:+UseParallelGC -XX:MinHeapFreeRatio=5 -XX:MaxHeapFreeRatio=10 -XX:GCTimeRatio=4 -XX:AdaptiveSizePolicyWeight=90 -Xms1000m -Xmx12000m
[INFO] Scanning for projects...
[WARNING] 
[WARNING] Some problems were encountered while building the effective model for org.entando:entando-k8s-app-controller:jar:6.2.0-SNAPSHOT
[WARNING] 'dependencyManagement.dependencies.dependency.(groupId:artifactId:type:classifier)' must be unique: org.yaml:snakeyaml:jar -> version 1.27 vs ${snakeyaml.version} @ org.entando:entando-quarkus-parent:6.2.8, /home/jenkins/.mvnrepository/org/entando/entando-quarkus-parent/6.2.8/entando-quarkus-parent-6.2.8.pom, line 283, column 25
[WARNING] 
[WARNING] It is highly recommended to fix these problems because they threaten the stability of your build.
[WARNING] 
[WARNING] For this reason, future Maven versions might no longer support building such malformed projects.
[WARNING] 
[INFO] 
[INFO] ---------------< org.entando:entando-k8s-app-controller >---------------
[INFO] Building Entando K8S Controller for Entando App Deployments 6.2.0-SNAPSHOT
[INFO] --------------------------------[ jar ]---------------------------------
[INFO] 
[INFO] --- versions-maven-plugin:2.8.1:set (default-cli) @ entando-k8s-app-controller ---
[INFO] Local aggregation ****: /workspace/source
[INFO] Processing change of org.entando:entando-k8s-app-controller:6.2.0-SNAPSHOT -> 0.0.0-SNAPSHOT-PR-24-1
[INFO] Processing org.entando:entando-k8s-app-controller
[INFO]     Updating project org.entando:entando-k8s-app-controller
[INFO]         from version 6.2.0-SNAPSHOT to 0.0.0-SNAPSHOT-PR-24-1
[INFO] 
[INFO] ------------------------------------------------------------------------
[INFO] BUILD SUCCESS
[INFO] ------------------------------------------------------------------------
[INFO] Total time:  12.602 s
[INFO] Finished at: 2020-11-23T14:13:15Z
[INFO] ------------------------------------------------------------------------

Showing logs for build [32mentando-k8s-entando-k8s-app-con-btcdg-1[0m stage [32mfrom-build-pack[0m and container [32mstep-build-fix-git-for-sonar[0m
Switched to a new branch 'PR-24'
M	pom.xml
Deleted branch master (was f1a6dd5).
From https://github.com/entando-k8s/entando-k8s-app-controller
 * [new branch]      master     -> master

Showing logs for build [32mentando-k8s-entando-k8s-app-con-btcdg-1[0m stage [32mfrom-build-pack[0m and container [32mstep-build-mvn-verify-pr[0m
  % Total    % Received % Xferd  Average Speed   Time    Time     Time  Current
                                 Dload  Upload   Total   Spent    Left  Speed
  0     0    0     0    0     0      0      0 --:--:-- --:--:-- --:--:--     0 11  1867    0     0  100   218      0    313 --:--:-- --:--:-- --:--:--   315100  1867  100  1649  100   218   2373    313 --:--:-- --:--:-- --:--:--  2386
{
  "url": "https://api.github.com/repos/entando-k8s/entando-k8s-app-controller/statuses/f1a6dd591efde83615f81ea397bf75079d775976",
  "avatar_url": "https://avatars2.githubusercontent.com/u/57885396?v=4",
  "id": 11431675564,
  "node_id": "MDEzOlN0YXR1c0NvbnRleHQxMTQzMTY3NTU2NA==",
  "state": "pending",
  "description": "Pre-deployment tests pending!",
  "target_url": "https://entando-k8s.github.io/devops-results/entando-k8s-app-controller/PR-24/surefire-report.html",
  "context": "Pre-deployment tests",
  "created_at": "2020-11-23T14:13:18Z",
  "updated_at": "2020-11-23T14:13:18Z",
  "creator": {
    "login": "entando-**",
    "id": 57885396,
    "node_id": "MDQ6VXNlcjU3ODg1Mzk2",
    "avatar_url": "https://avatars2.githubusercontent.com/u/57885396?v=4",
    "gravatar_id": "",
    "url": "https://api.github.com/users/entando-**",
    "html_url": "https://github.com/entando-**",
    "followers_url": "https://api.github.com/users/entando-**/followers",
    "following_url": "https://api.github.com/users/entando-**/following{/other_user}",
    "gists_url": "https://api.github.com/users/entando-**/gists{/gist_id}",
    "starred_url": "https://api.github.com/users/entando-**/starred{/owner}{/repo}",
    "subscriptions_url": "https://api.github.com/users/entando-**/subscriptions",
    "organizations_url": "https://api.github.com/users/entando-**/orgs",
    "repos_url": "https://api.github.com/users/entando-**/repos",
    "events_url": "https://api.github.com/users/entando-**/events{/privacy}",
    "received_events_url": "https://api.github.com/users/entando-**/received_events",
    "type": "User",
    "site_*****": *****
  }
}
  % Total    % Received % Xferd  Average Speed   Time    Time     Time  Current
                                 Dload  Upload   Total   Spent    Left  Speed
{
  "url": "https://api.github.com/repos/entando-k8s/entando-k8s-app-controller/statuses/f1a6dd591efde83615f81ea397bf75079d775976",
  "avatar_url": "https://avatars2.githubusercontent.com/u/57885396?v=4",
  "id": 11431675697,
  "node_id": "MDEzOlN0YXR1c0NvbnRleHQxMTQzMTY3NTY5Nw==",
  "state": "pending",
  "description": "Post-deployment tests pending!",
  "target_url": "https://entando-k8s.github.io/devops-results/entando-k8s-app-controller/PR-24/failsafe-report.html",
  "context": "Post-deployment tests",
  "created_at": "2020-11-23T14:13:19Z",
  "updated_at": "2020-11-23T14:13:19Z",
  "creator": {
    "login": "entando-**",
    "id": 57885396,
    "node_id": "MDQ6VXNlcjU3ODg1Mzk2",
    "avatar_url": "https://avatars2.githubusercontent.com/u/57885396?v=4",
    "gravatar_id": "",
    "url": "https://api.github.com/users/entando-**",
    "html_url": "https://github.com/entando-**",
    "followers_url": "https://api.github.com/users/entando-**/followers",
    "following_url": "https://api.github.com/users/entando-**/following{/other_user}",
    "gists_url": "https://api.github.com/users/entando-**/gists{/gist_id}",
    "starred_url": "https://api.github.com/users/entando-**/starred{/owner}{/repo}",
    "subscriptions_url": "https://api.github.com/users/entando-**/subscriptions",
    "organizations_url": "https://api.github.com/users/entando-**/orgs",
    "repos_url": "https://api.github.com/users/entando-**/repos",
    "events_url": "https://api.github.com/users/entando-**/events{/privacy}",
    "received_events_url": "https://api.github.com/users/entando-**/received_events",
    "type": "User",
    "site_*****": *****
  }
}
  0     0    0     0    0     0      0      0 --:--:-- --:--:-- --:--:--     0100  1871  100  1651  100   220   2730    363 --:--:-- --:--:-- --:--:--  2733
  % Total    % Received % Xferd  Average Speed   Time    Time     Time  Current
                                 Dload  Upload   Total   Spent    Left  Speed
{
  "url": "https://api.github.com/repos/entando-k8s/entando-k8s-app-controller/statuses/f1a6dd591efde83615f81ea397bf75079d775976",
  "avatar_url": "https://avatars2.githubusercontent.com/u/57885396?v=4",
  "id": 11431675849,
  "node_id": "MDEzOlN0YXR1c0NvbnRleHQxMTQzMTY3NTg0OQ==",
  "state": "pending",
  "description": "Checkstyle pending!",
  "target_url": "https://entando-k8s.github.io/devops-results/entando-k8s-app-controller/PR-24/checkstyle.html",
  "context": "Checkstyle",
  "created_at": "2020-11-23T14:13:20Z",
  "updated_at": "2020-11-23T14:13:20Z",
  "creator": {
    "login": "entando-**",
    "id": 57885396,
    "node_id": "MDQ6VXNlcjU3ODg1Mzk2",
    "avatar_url": "https://avatars2.githubusercontent.com/u/57885396?v=4",
    "gravatar_id": "",
    "url": "https://api.github.com/users/entando-**",
    "html_url": "https://github.com/entando-**",
    "followers_url": "https://api.github.com/users/entando-**/followers",
    "following_url": "https://api.github.com/users/entando-**/following{/other_user}",
    "gists_url": "https://api.github.com/users/**********/gists{/gist_id}",
    "starred_url": "https://api.github.com/users/entando-**/starred{/owner}{/repo}",
    "subscriptions_url": "https://api.github.com/users/entando-**/subscriptions",
    "organizations_url": "https://api.github.com/users/entando-**/orgs",
    "repos_url": "https://api.github.com/users/entando-**/repos",
    "events_url": "https://api.github.com/users/entando-**/events{/privacy}",
    "received_events_url": "https://api.github.com/users/entando-**/received_events",
    "type": "User",
    "site_*****": *****
  }
}
  0     0    0     0    0     0      0      0 --:--:-- --:--:-- --:--:--     0  0     0    0     0    0     0      0      0 --:--:-- --:--:-- --:--:--     0100  1817  100  1624  100   193   2265    269 --:--:-- --:--:-- --:--:--  2264
  % Total    % Received % Xferd  Average Speed   Time    Time     Time  Current
                                 Dload  Upload   Total   Spent    Left  Speed
{
  "url": "https://api.github.com/repos/entando-k8s/entando-k8s-app-controller/statuses/f1a6dd591efde83615f81ea397bf75079d775976",
  "avatar_url": "https://avatars2.githubusercontent.com/u/57885396?v=4",
  "id": 11431676019,
  "node_id": "MDEzOlN0YXR1c0NvbnRleHQxMTQzMTY3NjAxOQ==",
  "state": "pending",
  "description": "OWASP CVE pending!",
  "target_url": "https://entando-k8s.github.io/devops-results/entando-k8s-app-controller/PR-24/dependency-check-report.html",
  "context": "OWASP CVE",
  "created_at": "2020-11-23T14:13:20Z",
  "updated_at": "2020-11-23T14:13:20Z",
  "creator": {
    "login": "entando-**",
    "id": 57885396,
    "node_id": "MDQ6VXNlcjU3ODg1Mzk2",
    "avatar_url": "https://avatars2.githubusercontent.com/u/57885396?v=4",
    "gravatar_id": "",
    "url": "https://api.github.com/users/entando-**",
    "html_url": "https://github.com/entando-**",
    "followers_url": "https://api.github.com/users/entando-**/followers",
    "following_url": "https://api.github.com/users/entando-**/following{/other_user}",
    "gists_url": "https://api.github.com/users/entando-**/gists{/gist_id}",
    "starred_url": "https://api.github.com/users/entando-**/starred{/owner}{/repo}",
    "subscriptions_url": "https://api.github.com/users/entando-**/subscriptions",
    "organizations_url": "https://api.github.com/users/entando-**/orgs",
    "repos_url": "https://api.github.com/users/entando-**/repos",
    "events_url": "https://api.github.com/users/entando-**/events{/privacy}",
    "received_events_url": "https://api.github.com/users/entando-**/received_events",
    "type": "User",
    "site_*****": *****
  }
}
  0     0    0     0    0     0      0      0 --:--:-- --:--:-- --:--:--     0 11  1839    0     0  100   204      0    237 --:--:-- --:--:-- --:--:--   237100  1839  100  1635  100   204   1900    237 --:--:-- --:--:-- --:--:--  1898
Picked up _JAVA_OPTIONS: -XX:+UnlockExperimentalVMOptions -Dsun.zip.disableMemoryMapping=true -XX:+UseParallelGC -XX:MinHeapFreeRatio=5 -XX:MaxHeapFreeRatio=10 -XX:GCTimeRatio=4 -XX:AdaptiveSizePolicyWeight=90 -Xms1000m -Xmx12000m
[INFO] Scanning for projects...
[WARNING] 
[WARNING] Some problems were encountered while building the effective model for org.entando:entando-k8s-app-controller:jar:0.0.0-SNAPSHOT-PR-24-1
[WARNING] 'dependencyManagement.dependencies.dependency.(groupId:artifactId:type:classifier)' must be unique: org.yaml:snakeyaml:jar -> version 1.27 vs ${snakeyaml.version} @ org.entando:entando-quarkus-parent:6.2.8, /home/jenkins/.mvnrepository/org/entando/entando-quarkus-parent/6.2.8/entando-quarkus-parent-6.2.8.pom, line 283, column 25
[WARNING] 
[WARNING] It is highly recommended to fix these problems because they threaten the stability of your build.
[WARNING] 
[WARNING] For this reason, future Maven versions might no longer support building such malformed projects.
[WARNING] 
[INFO] 
[INFO] ---------------< org.entando:entando-k8s-app-controller >---------------
[INFO] Building Entando K8S Controller for Entando App Deployments 0.0.0-SNAPSHOT-PR-24-1
[INFO] --------------------------------[ jar ]---------------------------------
[INFO] 
[INFO] --- maven-checkstyle-plugin:3.1.1:check (validate) @ entando-k8s-app-controller ---
[INFO] Starting audit...
Audit done.
[INFO] You have 0 Checkstyle violations.
[INFO] 
[INFO] --- maven-checkstyle-plugin:3.1.1:checkstyle (validate) @ entando-k8s-app-controller ---
[INFO] Starting audit...
Audit done.
[INFO] 
[INFO] --- jacoco-maven-plugin:0.8.5:prepare-agent (prepare-agent) @ entando-k8s-app-controller ---
[INFO] argLine set to -javaagent:/home/jenkins/.mvnrepository/org/jacoco/org.jacoco.agent/0.8.5/org.jacoco.agent-0.8.5-runtime.jar=destfile=/workspace/source/target/jacoco.e**c
[INFO] 
[INFO] --- maven-resources-plugin:2.6:resources (default-resources) @ entando-k8s-app-controller ---
[INFO] Using 'UTF-8' encoding to copy filtered resources.
[INFO] Copying 3 resources
[INFO] 
[INFO] --- maven-compiler-plugin:3.8.1:compile (default-compile) @ entando-k8s-app-controller ---
[INFO] Changes detected - recompiling the module!
[INFO] Compiling 8 source files to /workspace/source/target/classes
[INFO] 
[INFO] --- maven-resources-plugin:2.6:testResources (default-testResources) @ entando-k8s-app-controller ---
[INFO] Using 'UTF-8' encoding to copy filtered resources.
[INFO] Copying 3 resources
[INFO] 
[INFO] --- maven-compiler-plugin:3.8.1:testCompile (default-testCompile) @ entando-k8s-app-controller ---
[INFO] Changes detected - recompiling the module!
[INFO] Compiling 12 source files to /workspace/source/target/test-classes
[INFO] 
[INFO] --- maven-surefire-plugin:3.0.0-M1:test (default-test) @ entando-k8s-app-controller ---
[INFO] 
[INFO] -------------------------------------------------------
[INFO]  T E S T S
[INFO] -------------------------------------------------------
[INFO] Running org.entando.kubernetes.controller.app.inprocesstests.DeployEntandoDbTest
[INFO] Tests run: 5, Failures: 0, Errors: 0, Skipped: 0, Time elapsed: 5.065 s - in org.entando.kubernetes.controller.app.inprocesstests.DeployEntandoDbTest
[INFO] Running org.entando.kubernetes.controller.app.inprocesstests.DeployEntandoServiceTest
[INFO] Tests run: 4, Failures: 0, Errors: 0, Skipped: 0, Time elapsed: 1.773 s - in org.entando.kubernetes.controller.app.inprocesstests.DeployEntandoServiceTest
[INFO] Running org.entando.kubernetes.controller.app.inprocesstests.DeployEntandoOnExternalDbTest
[INFO] Tests run: 2, Failures: 0, Errors: 0, Skipped: 0, Time elapsed: 0.9 s - in org.entando.kubernetes.controller.app.inprocesstests.DeployEntandoOnExternalDbTest
[INFO] Running org.entando.kubernetes.controller.app.inprocesstests.DeployEntandoDbConsumerTest
[INFO] Tests run: 1, Failures: 0, Errors: 0, Skipped: 0, Time elapsed: 0.043 s - in org.entando.kubernetes.controller.app.inprocesstests.DeployEntandoDbConsumerTest
[INFO] Running org.entando.kubernetes.controller.app.inprocesstests.DeployEntandoWithEmbeddedDbTest
[INFO] Tests run: 2, Failures: 0, Errors: 0, Skipped: 0, Time elapsed: 0.737 s - in org.entando.kubernetes.controller.app.inprocesstests.DeployEntandoWithEmbeddedDbTest
[INFO] 
[INFO] Results:
[INFO] 
[INFO] Tests run: 14, Failures: 0, Errors: 0, Skipped: 0
[INFO] 
[INFO] 
[INFO] --- maven-jar-plugin:3.2.0:jar (default-jar) @ entando-k8s-app-controller ---
[INFO] Building jar: /workspace/source/target/entando-k8s-app-controller-0.0.0-SNAPSHOT-PR-24-1.jar
[INFO] 
[INFO] --- maven-jar-plugin:3.2.0:test-jar (build-test-jar) @ entando-k8s-app-controller ---
[INFO] Building jar: /workspace/source/target/entando-k8s-app-controller-0.0.0-SNAPSHOT-PR-24-1-tests.jar
[INFO] 
[INFO] --- quarkus-maven-plugin:1.2.0.Final:build (default) @ entando-k8s-app-controller ---
[WARNING] [io.quarkus.creator.curator.Curator] These dependencies are not recommended:
	- jakarta.xml.bind:jakarta.xml.bind-api should be replaced by org.jboss.spec.javax.xml.bind:jboss-jaxb-api_2.3_spec
	- javax.activation:activation should be replaced by com.sun.activation:jakarta.activation
You might end up with two different versions of the same classes or with an artifact you shouldn't have in your classpath.
[INFO] [org.jboss.threads] JBoss Threads version 3.0.0.Final
[INFO] [io.quarkus.deployment.pkg.steps.JarResultBuildStep] Building thin jar: /workspace/source/target/entando-k8s-app-controller-0.0.0-SNAPSHOT-PR-24-1-runner.jar
[INFO] [io.quarkus.deployment.QuarkusAugmentor] Quarkus augmentation completed in 1609ms
[INFO] 
[INFO] --- maven-surefire-report-plugin:3.0.0-M4:failsafe-report-only (integration-tests) @ entando-k8s-app-controller ---
[INFO] 
[INFO] --- dependency-check-maven:5.3.2:aggregate (default) @ entando-k8s-app-controller ---
[INFO] 

Dependency-Check is an open source tool performing a best effort analysis of 3rd party dependencies; ***** positives and ***** negatives may exist in the analysis performed by the tool. Use of the tool and the reporting provided constitutes acceptance for use in an AS IS condition, and there are NO warranties, implied or otherwise, with regard to the analysis or its use. Any use of the tool and the reporting provided is at the userâ€™s risk. In no event shall the copyright holder or OWASP be held liable for any damages whatsoever arising out of or in connection with the use of this tool, the analysis performed, or the resulting report.


[INFO] Analysis Started
[INFO] Finished Archive Analyzer (0 seconds)
[INFO] Finished File Name Analyzer (0 seconds)
[INFO] Finished Jar Analyzer (1 seconds)
[INFO] Finished Dependency Merging Analyzer (0 seconds)
[INFO] Finished Version Filter Analyzer (0 seconds)
[INFO] Finished Hint Analyzer (0 seconds)
[INFO] Created CPE Index (2 seconds)
[INFO] Finished CPE Analyzer (3 seconds)
[INFO] Finished False Positive Analyzer (0 seconds)
[INFO] Finished NVD CVE Analyzer (0 seconds)
[INFO] Finished Sonatype OSS Index Analyzer (1 seconds)
[INFO] Finished Vulnerability Suppression Analyzer (0 seconds)
[INFO] Finished Dependency Bundling Analyzer (0 seconds)
[INFO] Analysis Complete (8 seconds)
[INFO] 
[INFO] --- jacoco-maven-plugin:0.8.5:report (report) @ entando-k8s-app-controller ---
[INFO] Loading e**cution data file /workspace/source/target/jacoco.e**c
[INFO] Analyzed bundle 'Entando K8S Controller for Entando App Deployments' with 9 classes
[INFO] 
[INFO] --- maven-surefire-report-plugin:3.0.0-M4:report-only (unit-tests) @ entando-k8s-app-controller ---
[WARNING] Unable to locate Test Source XRef to link to - DISABLED
[INFO] 
[INFO] --- maven-install-plugin:2.4:install (default-install) @ entando-k8s-app-controller ---
[INFO] Installing /workspace/source/target/entando-k8s-app-controller-0.0.0-SNAPSHOT-PR-24-1.jar to /home/jenkins/.mvnrepository/org/entando/entando-k8s-app-controller/0.0.0-SNAPSHOT-PR-24-1/entando-k8s-app-controller-0.0.0-SNAPSHOT-PR-24-1.jar
[INFO] Installing /workspace/source/pom.xml to /home/jenkins/.mvnrepository/org/entando/entando-k8s-app-controller/0.0.0-SNAPSHOT-PR-24-1/entando-k8s-app-controller-0.0.0-SNAPSHOT-PR-24-1.pom
[INFO] Installing /workspace/source/target/entando-k8s-app-controller-0.0.0-SNAPSHOT-PR-24-1-tests.jar to /home/jenkins/.mvnrepository/org/entando/entando-k8s-app-controller/0.0.0-SNAPSHOT-PR-24-1/entando-k8s-app-controller-0.0.0-SNAPSHOT-PR-24-1-tests.jar
[INFO] 
[INFO] ---------------< org.entando:entando-k8s-app-controller >---------------
[INFO] Building Entando K8S Controller for Entando App Deployments 0.0.0-SNAPSHOT-PR-24-1
[INFO] --------------------------------[ jar ]---------------------------------
[INFO] 
[INFO] --- sonar-maven-plugin:3.7.0.1746:sonar (default-cli) @ entando-k8s-app-controller ---
[INFO] User cache: /****/.sonar/cache
[INFO] SonarQube version: 8.0.0
[INFO] Default locale: "en_US", source code encoding: "UTF-8"
[INFO] Load global settings
[INFO] Load global settings (done) | time=251ms
[INFO] Server id: 1BD809FA-AWHW8ct9-T_TB3XqouNu
[INFO] User cache: /****/.sonar/cache
[INFO] Load/download plugins
[INFO] Load plugins index
[INFO] Load plugins index (done) | time=86ms
[INFO] Load/download plugins (done) | time=22327ms
[INFO] Loaded core extensions: developer-scanner
[INFO] JavaScript/TypeScript frontend is enabled
[INFO] Load project settings for component key: 'entando-k8s_entando-k8s-app-controller'
[INFO] Load project settings for component key: 'entando-k8s_entando-k8s-app-controller' (done) | time=35ms
[INFO] Process project properties
[INFO] E**cute project builders
[INFO] E**cute project builders (done) | time=3ms
[INFO] Project key: entando-k8s_entando-k8s-app-controller
[INFO] Base dir: /workspace/source
[INFO] Working dir: /workspace/source/target/sonar
[INFO] Load project branches
[INFO] Load project branches (done) | time=26ms
[INFO] Check ALM binding of project 'entando-k8s_entando-k8s-app-controller'
[INFO] Detected project binding: BOUND
[INFO] Check ALM binding of project 'entando-k8s_entando-k8s-app-controller' (done) | time=24ms
[INFO] Load project pull requests
[INFO] Load project pull requests (done) | time=38ms
[INFO] Load branch configuration
[INFO] Load branch configuration (done) | time=572ms
[INFO] Load quality profiles
[INFO] Load quality profiles (done) | time=66ms
[INFO] Load active rules
[INFO] Load active rules (done) | time=1424ms
[INFO] Organization key: entando-k8s
[INFO] Pull request 24 for merge into master from ENG-1533_server_not_boud_to_localhost
[INFO] SCM collecting changed files in the branch
[WARNING] Exception caught during e**cution of command '[/usr/local/git/bin/git, config, --******, --edit]' in '/usr/local/git/bin', return code '128', error message 'fatal: Invalid path '/usr/local/git/etc': No such file or directory
'
[INFO] SCM collecting changed files in the branch (done) | time=321ms
[INFO] Indexing files...
[INFO] Project configuration:
[INFO] 21 files inde**d
[INFO] 0 files ignored because of scm ignore settings
[INFO] Quality profile for java: Sonar way
[INFO] Quality profile for xml: Sonar way
[INFO] ------------- Run sensors on module Entando K8S Controller for Entando App Deployments
[INFO] JavaScript/TypeScript frontend is enabled
[INFO] Load metrics repository
[INFO] Load metrics repository (done) | time=28ms
[INFO] Sensor JavaSquidSensor [java]
[INFO] Configured Java source version (sonar.java.source): 8
[INFO] JavaClasspath initialization
[INFO] JavaClasspath initialization (done) | time=14ms
[INFO] JavaTestClasspath initialization
[INFO] JavaTestClasspath initialization (done) | time=2ms
[INFO] Java Main Files AST scan
[INFO] 8 source files to be analyzed
[INFO] 8/8 source files have been analyzed
[INFO] Java Main Files AST scan (done) | time=3586ms
[INFO] Java Test Files AST scan
[INFO] 12 source files to be analyzed
[INFO] 12/12 source files have been analyzed
[INFO] Java Test Files AST scan (done) | time=1659ms
[INFO] Java Generated Files AST scan
[INFO] 0 source files to be analyzed
[INFO] Java Generated Files AST scan (done) | time=1ms
[INFO] 0/0 source files have been analyzed
[INFO] Sensor JavaSquidSensor [java] (done) | time=5443ms
[INFO] Sensor SonarCSS Rules [cssfamily]
[INFO] No CSS, PHP, HTML or VueJS files are found in the project. CSS analysis is skipped.
[INFO] Sensor SonarCSS Rules [cssfamily] (done) | time=1ms
[INFO] Sensor C# Properties [csharp]
[INFO] Sensor C# Properties [csharp] (done) | time=1ms
[INFO] Sensor Import of Checkstyle issues [java]
[INFO] Importing /workspace/source/target/checkstyle-result.xml
[INFO] Sensor Import of Checkstyle issues [java] (done) | time=76ms
[INFO] Sensor SurefireSensor [java]
[INFO] parsing [/workspace/source/target/surefire-reports]
[INFO] Sensor SurefireSensor [java] (done) | time=61ms
[INFO] Sensor JavaXmlSensor [java]
[INFO] 1 source files to be analyzed
[INFO] Sensor JavaXmlSensor [java] (done) | time=287ms
[INFO] 1/1 source files have been analyzed
[INFO] Sensor HTML [web]
[INFO] Sensor HTML [web] (done) | time=7ms
[INFO] Sensor XML Sensor [xml]
[INFO] 1 source files to be analyzed
[INFO] 1/1 source files have been analyzed
[INFO] Sensor XML Sensor [xml] (done) | time=186ms
[INFO] Sensor VB.NET Properties [vbnet]
[INFO] Sensor VB.NET Properties [vbnet] (done) | time=2ms
[INFO] Sensor JaCoCo XML Report Importer [jacoco]
[INFO] Importing 1 report(s). Turn your logs in debug mode in order to see the exhaustive list.
[INFO] Sensor JaCoCo XML Report Importer [jacoco] (done) | time=33ms
[INFO] Sensor ThymeLeaf template sensor [securityjavafrontend]
[INFO] Sensor ThymeLeaf template sensor [securityjavafrontend] (done) | time=4ms
[INFO] Sensor JavaSecuritySensor [security]
[INFO] Reading type hierarchy from: /workspace/source/target/sonar/ucfg2/java
[INFO] Read 82 type definitions
[INFO] Reading UCFGs from: /workspace/source/target/sonar/ucfg2/java
[INFO] 14:15:01.487063 Building Type propagation graph
[INFO] 14:15:01.502775 Running Tarjan on 284 nodes
[INFO] 14:15:01.507655 Tarjan found 284 components
[INFO] 14:15:01.515106 Variable type analysis: done
[INFO] 14:15:01.520067 Building Type propagation graph
[INFO] 14:15:01.529889 Running Tarjan on 284 nodes
[INFO] 14:15:01.531673 Tarjan found 284 components
[INFO] 14:15:01.533286 Variable type analysis: done
[INFO] Analyzing 83 ucfgs to detect vulnerabilities.
[INFO] All rules entrypoints : 0 Retained UCFGs : 0
[INFO] rule: S5131, entrypoints: 0
[INFO] rule: S5131 done
[INFO] rule: S3649, entrypoints: 0
[INFO] rule: S3649 done
[INFO] rule: S2076, entrypoints: 0
[INFO] rule: S2076 done
[INFO] rule: S2091, entrypoints: 0
[INFO] rule: S2091 done
[INFO] rule: S2078, entrypoints: 0
[INFO] rule: S2078 done
[INFO] rule: S2631, entrypoints: 0
[INFO] rule: S2631 done
[INFO] rule: S5135, entrypoints: 0
[INFO] rule: S5135 done
[INFO] rule: S2083, entrypoints: 0
[INFO] rule: S2083 done
[INFO] rule: S5167, entrypoints: 0
[INFO] rule: S5167 done
[INFO] rule: S5144, entrypoints: 0
[INFO] rule: S5144 done
[INFO] rule: S5145, entrypoints: 0
[INFO] rule: S5145 done
[INFO] rule: S5146, entrypoints: 0
[INFO] rule: S5146 done
[INFO] rule: S5334, entrypoints: 0
[INFO] rule: S5334 done
[INFO] Sensor JavaSecuritySensor [security] (done) | time=688ms
[INFO] Sensor CSharpSecuritySensor [security]
[INFO] Reading type hierarchy from: /workspace/source/target/ucfg_cs2
[INFO] Read 0 type definitions
[INFO] Reading UCFGs from: /workspace/source/target/ucfg_cs2
[INFO] No UCFGs have been included for analysis.
[INFO] Sensor CSharpSecuritySensor [security] (done) | time=2ms
[INFO] Sensor PhpSecuritySensor [security]
[INFO] Reading type hierarchy from: /workspace/source/target/sonar/ucfg2/php
[INFO] Read 0 type definitions
[INFO] Reading UCFGs from: /workspace/source/target/sonar/ucfg2/php
[INFO] No UCFGs have been included for analysis.
[INFO] Sensor PhpSecuritySensor [security] (done) | time=2ms
[INFO] Sensor PythonSecuritySensor [security]
[INFO] Reading type hierarchy from: /workspace/source/target/sonar/ucfg2/python
[INFO] Read 0 type definitions
[INFO] Reading UCFGs from: /workspace/source/target/sonar/ucfg2/python
[INFO] No UCFGs have been included for analysis.
[INFO] Sensor PythonSecuritySensor [security] (done) | time=1ms
[INFO] Sensor JsSecuritySensor [security]
[INFO] Reading type hierarchy from: /workspace/source/target/sonar/ucfg2/js
[INFO] Read 0 type definitions
[INFO] Reading UCFGs from: /workspace/source/target/sonar/ucfg2/js
[INFO] No UCFGs have been included for analysis.
[INFO] Sensor JsSecuritySensor [security] (done) | time=1ms
[INFO] ------------- Run sensors on project
[INFO] Sensor Zero Coverage Sensor
[INFO] Sensor Zero Coverage Sensor (done) | time=1ms
[INFO] Sensor Java CPD Block Inde**r
[INFO] Sensor Java CPD Block Inde**r (done) | time=91ms
[INFO] SCM Publisher SCM provider for this project is: git
[INFO] SCM Publisher 3 source files to be analyzed
[INFO] SCM Publisher 2/3 source files have been analyzed (done) | time=202ms
[WARNING] Missing blame information for the following files:
[WARNING]   * pom.xml
[WARNING] This may lead to missing/broken features in SonarCloud
[INFO] CPD E**cutor 1 file had no CPD blocks
[INFO] CPD E**cutor Calculating CPD for 7 files
[INFO] CPD E**cutor CPD calculation finished (done) | time=19ms
[INFO] SCM writing changed lines
[INFO] SCM writing changed lines (done) | time=76ms
[INFO] Analysis report generated in 465ms, dir size=244 KB
[INFO] Analysis report compressed in 45ms, zip size=66 KB
[INFO] Analysis report uploaded in 105ms
[INFO] ANALYSIS SUCCESSFUL, you can find the results at: https://sonarcloud.io/dashboard?id=entando-k8s_entando-k8s-app-controller&pullRequest=24
[INFO] Note that you will be able to access the updated dashboard once the server has processed the submitted analysis report
[INFO] More about the report processing at https://sonarcloud.io/api/ce/task?id=AXX1dT4D5JdLflr5-WNT
[INFO] Analysis total time: 13.947 s
[INFO] ------------------------------------------------------------------------
[INFO] BUILD SUCCESS
[INFO] ------------------------------------------------------------------------
[INFO] Total time:  01:39 min
[INFO] Finished at: 2020-11-23T14:15:03Z
[INFO] ------------------------------------------------------------------------
Picked up _JAVA_OPTIONS: -XX:+UnlockExperimentalVMOptions -Dsun.zip.disableMemoryMapping=true -XX:+UseParallelGC -XX:MinHeapFreeRatio=5 -XX:MaxHeapFreeRatio=10 -XX:GCTimeRatio=4 -XX:AdaptiveSizePolicyWeight=90 -Xms1000m -Xmx12000m
[INFO] Scanning for projects...
[WARNING] 
[WARNING] Some problems were encountered while building the effective model for org.entando:entando-k8s-app-controller:jar:0.0.0-SNAPSHOT-PR-24-1
[WARNING] 'dependencyManagement.dependencies.dependency.(groupId:artifactId:type:classifier)' must be unique: org.yaml:snakeyaml:jar -> version 1.27 vs ${snakeyaml.version} @ org.entando:entando-quarkus-parent:6.2.8, /home/jenkins/.mvnrepository/org/entando/entando-quarkus-parent/6.2.8/entando-quarkus-parent-6.2.8.pom, line 283, column 25
[WARNING] 
[WARNING] It is highly recommended to fix these problems because they threaten the stability of your build.
[WARNING] 
[WARNING] For this reason, future Maven versions might no longer support building such malformed projects.
[WARNING] 
[INFO] 
[INFO] ---------------< org.entando:entando-k8s-app-controller >---------------
[INFO] Building Entando K8S Controller for Entando App Deployments 0.0.0-SNAPSHOT-PR-24-1
[INFO] --------------------------------[ jar ]---------------------------------
[INFO] 
[INFO] --- maven-site-plugin:3.9.0:site (default-site) @ entando-k8s-app-controller ---
[INFO] configuring report plugin org.apache.maven.plugins:maven-project-info-reports-plugin:3.0.0
[INFO] 9 reports configured for maven-project-info-reports-plugin:3.0.0: dependency-info, distribution-management, index, ci-management, issue-management, licenses, plugins, scm, summary
[INFO] Rendering site with default locale English (en)
[WARNING] Unable to find a URL to the parent project. The parent menu will NOT be added.
[INFO] Relativizing decoration links with respect to localized project URL: https://central.entando.com
[INFO] Rendering content with org.apache.maven.skins:maven-default-skin:jar:1.3 skin.
[INFO] Generating "Dependency Information" report --- maven-project-info-reports-plugin:3.0.0:dependency-info
[INFO] Generating "About" report         --- maven-project-info-reports-plugin:3.0.0:index
[INFO] Generating "Issue Management" report --- maven-project-info-reports-plugin:3.0.0:issue-management
[INFO] Generating "Licenses" report      --- maven-project-info-reports-plugin:3.0.0:licenses
[INFO] Generating "Plugins" report       --- maven-project-info-reports-plugin:3.0.0:plugins
[INFO] Generating "Source Code Management" report --- maven-project-info-reports-plugin:3.0.0:scm
[INFO] Generating "Summary" report       --- maven-project-info-reports-plugin:3.0.0:summary
[INFO] ------------------------------------------------------------------------
[INFO] BUILD SUCCESS
[INFO] ------------------------------------------------------------------------
[INFO] Total time:  18.796 s
[INFO] Finished at: 2020-11-23T14:15:23Z
[INFO] ------------------------------------------------------------------------
shallow cloning https://github.com/entando-k8s/devops-results.git branch gh-pages
ran git init in /tmp/jenkins-x-collect857724740
ran git add remote origin https://github.com/entando-k8s/devops-results.git in /tmp/jenkins-x-collect857724740
ran git fetch origin --depth=1 gh-pages in dir /tmp/jenkins-x-collect857724740
Publishing https://raw.githubusercontent.com/entando-k8s/devops-results/gh-pages/entando-k8s-app-controller/PR-24/checkstyle.html
Publishing https://raw.githubusercontent.com/entando-k8s/devops-results/gh-pages/entando-k8s-app-controller/PR-24/checkstyle.rss
Publishing https://raw.githubusercontent.com/entando-k8s/devops-results/gh-pages/entando-k8s-app-controller/PR-24/css/maven-base.css
Publishing https://raw.githubusercontent.com/entando-k8s/devops-results/gh-pages/entando-k8s-app-controller/PR-24/css/maven-theme.css
Publishing https://raw.githubusercontent.com/entando-k8s/devops-results/gh-pages/entando-k8s-app-controller/PR-24/css/print.css
Publishing https://raw.githubusercontent.com/entando-k8s/devops-results/gh-pages/entando-k8s-app-controller/PR-24/css/site.css
Publishing https://raw.githubusercontent.com/entando-k8s/devops-results/gh-pages/entando-k8s-app-controller/PR-24/dependency-check-junit.xml
Publishing https://raw.githubusercontent.com/entando-k8s/devops-results/gh-pages/entando-k8s-app-controller/PR-24/dependency-check-report.html
Publishing https://raw.githubusercontent.com/entando-k8s/devops-results/gh-pages/entando-k8s-app-controller/PR-24/dependency-check-report.xml
Publishing https://raw.githubusercontent.com/entando-k8s/devops-results/gh-pages/entando-k8s-app-controller/PR-24/dependency-info.html
Publishing https://raw.githubusercontent.com/entando-k8s/devops-results/gh-pages/entando-k8s-app-controller/PR-24/images/collapsed.gif
Publishing https://raw.githubusercontent.com/entando-k8s/devops-results/gh-pages/entando-k8s-app-controller/PR-24/images/expanded.gif
Publishing https://raw.githubusercontent.com/entando-k8s/devops-results/gh-pages/entando-k8s-app-controller/PR-24/images/external.png
Publishing https://raw.githubusercontent.com/entando-k8s/devops-results/gh-pages/entando-k8s-app-controller/PR-24/images/icon_error_sml.gif
Publishing https://raw.githubusercontent.com/entando-k8s/devops-results/gh-pages/entando-k8s-app-controller/PR-24/images/icon_info_sml.gif
Publishing https://raw.githubusercontent.com/entando-k8s/devops-results/gh-pages/entando-k8s-app-controller/PR-24/images/icon_success_sml.gif
Publishing https://raw.githubusercontent.com/entando-k8s/devops-results/gh-pages/entando-k8s-app-controller/PR-24/images/icon_warning_sml.gif
Publishing https://raw.githubusercontent.com/entando-k8s/devops-results/gh-pages/entando-k8s-app-controller/PR-24/images/logos/build-by-maven-black.png
Publishing https://raw.githubusercontent.com/entando-k8s/devops-results/gh-pages/entando-k8s-app-controller/PR-24/images/logos/build-by-maven-white.png
Publishing https://raw.githubusercontent.com/entando-k8s/devops-results/gh-pages/entando-k8s-app-controller/PR-24/images/logos/maven-feather.png
Publishing https://raw.githubusercontent.com/entando-k8s/devops-results/gh-pages/entando-k8s-app-controller/PR-24/images/newwindow.png
Publishing https://raw.githubusercontent.com/entando-k8s/devops-results/gh-pages/entando-k8s-app-controller/PR-24/images/rss.png
Publishing https://raw.githubusercontent.com/entando-k8s/devops-results/gh-pages/entando-k8s-app-controller/PR-24/index.html
Publishing https://raw.githubusercontent.com/entando-k8s/devops-results/gh-pages/entando-k8s-app-controller/PR-24/issue-management.html
Publishing https://raw.githubusercontent.com/entando-k8s/devops-results/gh-pages/entando-k8s-app-controller/PR-24/jacoco/index.html
Publishing https://raw.githubusercontent.com/entando-k8s/devops-results/gh-pages/entando-k8s-app-controller/PR-24/jacoco/jacoco-resources/branchfc.gif
Publishing https://raw.githubusercontent.com/entando-k8s/devops-results/gh-pages/entando-k8s-app-controller/PR-24/jacoco/jacoco-resources/branchnc.gif
Publishing https://raw.githubusercontent.com/entando-k8s/devops-results/gh-pages/entando-k8s-app-controller/PR-24/jacoco/jacoco-resources/branchpc.gif
Publishing https://raw.githubusercontent.com/entando-k8s/devops-results/gh-pages/entando-k8s-app-controller/PR-24/jacoco/jacoco-resources/bundle.gif
Publishing https://raw.githubusercontent.com/entando-k8s/devops-results/gh-pages/entando-k8s-app-controller/PR-24/jacoco/jacoco-resources/class.gif
Publishing https://raw.githubusercontent.com/entando-k8s/devops-results/gh-pages/entando-k8s-app-controller/PR-24/jacoco/jacoco-resources/down.gif
Publishing https://raw.githubusercontent.com/entando-k8s/devops-results/gh-pages/entando-k8s-app-controller/PR-24/jacoco/jacoco-resources/greenbar.gif
Publishing https://raw.githubusercontent.com/entando-k8s/devops-results/gh-pages/entando-k8s-app-controller/PR-24/jacoco/jacoco-resources/group.gif
Publishing https://raw.githubusercontent.com/entando-k8s/devops-results/gh-pages/entando-k8s-app-controller/PR-24/jacoco/jacoco-resources/method.gif
Publishing https://raw.githubusercontent.com/entando-k8s/devops-results/gh-pages/entando-k8s-app-controller/PR-24/jacoco/jacoco-resources/package.gif
Publishing https://raw.githubusercontent.com/entando-k8s/devops-results/gh-pages/entando-k8s-app-controller/PR-24/jacoco/jacoco-resources/prettify.css
Publishing https://raw.githubusercontent.com/entando-k8s/devops-results/gh-pages/entando-k8s-app-controller/PR-24/jacoco/jacoco-resources/prettify.js
Publishing https://raw.githubusercontent.com/entando-k8s/devops-results/gh-pages/entando-k8s-app-controller/PR-24/jacoco/jacoco-resources/redbar.gif
Publishing https://raw.githubusercontent.com/entando-k8s/devops-results/gh-pages/entando-k8s-app-controller/PR-24/jacoco/jacoco-resources/report.css
Publishing https://raw.githubusercontent.com/entando-k8s/devops-results/gh-pages/entando-k8s-app-controller/PR-24/jacoco/jacoco-resources/report.gif
Publishing https://raw.githubusercontent.com/entando-k8s/devops-results/gh-pages/entando-k8s-app-controller/PR-24/jacoco/jacoco-resources/session.gif
Publishing https://raw.githubusercontent.com/entando-k8s/devops-results/gh-pages/entando-k8s-app-controller/PR-24/jacoco/jacoco-resources/sort.gif
Publishing https://raw.githubusercontent.com/entando-k8s/devops-results/gh-pages/entando-k8s-app-controller/PR-24/jacoco/jacoco-resources/sort.js
Publishing https://raw.githubusercontent.com/entando-k8s/devops-results/gh-pages/entando-k8s-app-controller/PR-24/jacoco/jacoco-resources/source.gif
Publishing https://raw.githubusercontent.com/entando-k8s/devops-results/gh-pages/entando-k8s-app-controller/PR-24/jacoco/jacoco-resources/up.gif
Publishing https://raw.githubusercontent.com/entando-k8s/devops-results/gh-pages/entando-k8s-app-controller/PR-24/jacoco/jacoco-sessions.html
Publishing https://raw.githubusercontent.com/entando-k8s/devops-results/gh-pages/entando-k8s-app-controller/PR-24/jacoco/jacoco.csv
Publishing https://raw.githubusercontent.com/entando-k8s/devops-results/gh-pages/entando-k8s-app-controller/PR-24/jacoco/jacoco.xml
Publishing https://raw.githubusercontent.com/entando-k8s/devops-results/gh-pages/entando-k8s-app-controller/PR-24/jacoco/org.entando.kubernetes.controller.app/AppBuilderDeployableContainer.html
Publishing https://raw.githubusercontent.com/entando-k8s/devops-results/gh-pages/entando-k8s-app-controller/PR-24/jacoco/org.entando.kubernetes.controller.app/AppBuilderDeployableContainer.java.html
Publishing https://raw.githubusercontent.com/entando-k8s/devops-results/gh-pages/entando-k8s-app-controller/PR-24/jacoco/org.entando.kubernetes.controller.app/ComponentManagerDeployableContainer.html
Publishing https://raw.githubusercontent.com/entando-k8s/devops-results/gh-pages/entando-k8s-app-controller/PR-24/jacoco/org.entando.kubernetes.controller.app/ComponentManagerDeployableContainer.java.html
Publishing https://raw.githubusercontent.com/entando-k8s/devops-results/gh-pages/entando-k8s-app-controller/PR-24/jacoco/org.entando.kubernetes.controller.app/EntandoAppController.html
Publishing https://raw.githubusercontent.com/entando-k8s/devops-results/gh-pages/entando-k8s-app-controller/PR-24/jacoco/org.entando.kubernetes.controller.app/EntandoAppController.java.html
Publishing https://raw.githubusercontent.com/entando-k8s/devops-results/gh-pages/entando-k8s-app-controller/PR-24/jacoco/org.entando.kubernetes.controller.app/EntandoAppDeployableContainer.html
Publishing https://raw.githubusercontent.com/entando-k8s/devops-results/gh-pages/entando-k8s-app-controller/PR-24/jacoco/org.entando.kubernetes.controller.app/EntandoAppDeployableContainer.java.html
Publishing https://raw.githubusercontent.com/entando-k8s/devops-results/gh-pages/entando-k8s-app-controller/PR-24/jacoco/org.entando.kubernetes.controller.app/EntandoAppDeploymentResult.html
Publishing https://raw.githubusercontent.com/entando-k8s/devops-results/gh-pages/entando-k8s-app-controller/PR-24/jacoco/org.entando.kubernetes.controller.app/EntandoAppDeploymentResult.java.html
Publishing https://raw.githubusercontent.com/entando-k8s/devops-results/gh-pages/entando-k8s-app-controller/PR-24/jacoco/org.entando.kubernetes.controller.app/EntandoAppServerDeployable.html
Publishing https://raw.githubusercontent.com/entando-k8s/devops-results/gh-pages/entando-k8s-app-controller/PR-24/jacoco/org.entando.kubernetes.controller.app/EntandoAppServerDeployable.java.html
Publishing https://raw.githubusercontent.com/entando-k8s/devops-results/gh-pages/entando-k8s-app-controller/PR-24/jacoco/org.entando.kubernetes.controller.app/EntandoDatabaseConsumingContainer$EntandoAppDatabasePopulator.html
Publishing https://raw.githubusercontent.com/entando-k8s/devops-results/gh-pages/entando-k8s-app-controller/PR-24/jacoco/org.entando.kubernetes.controller.app/EntandoDatabaseConsumingContainer.html
Publishing https://raw.githubusercontent.com/entando-k8s/devops-results/gh-pages/entando-k8s-app-controller/PR-24/jacoco/org.entando.kubernetes.controller.app/EntandoDatabaseConsumingContainer.java.html
Publishing https://raw.githubusercontent.com/entando-k8s/devops-results/gh-pages/entando-k8s-app-controller/PR-24/jacoco/org.entando.kubernetes.controller.app/JbossDatasourceValidation.html
Publishing https://raw.githubusercontent.com/entando-k8s/devops-results/gh-pages/entando-k8s-app-controller/PR-24/jacoco/org.entando.kubernetes.controller.app/JbossDatasourceValidation.java.html
Publishing https://raw.githubusercontent.com/entando-k8s/devops-results/gh-pages/entando-k8s-app-controller/PR-24/jacoco/org.entando.kubernetes.controller.app/index.html
Publishing https://raw.githubusercontent.com/entando-k8s/devops-results/gh-pages/entando-k8s-app-controller/PR-24/jacoco/org.entando.kubernetes.controller.app/index.source.html
Publishing https://raw.githubusercontent.com/entando-k8s/devops-results/gh-pages/entando-k8s-app-controller/PR-24/licenses.html
Publishing https://raw.githubusercontent.com/entando-k8s/devops-results/gh-pages/entando-k8s-app-controller/PR-24/plugins.html
Publishing https://raw.githubusercontent.com/entando-k8s/devops-results/gh-pages/entando-k8s-app-controller/PR-24/project-info.html
Publishing https://raw.githubusercontent.com/entando-k8s/devops-results/gh-pages/entando-k8s-app-controller/PR-24/scm.html
Publishing https://raw.githubusercontent.com/entando-k8s/devops-results/gh-pages/entando-k8s-app-controller/PR-24/summary.html
Publishing https://raw.githubusercontent.com/entando-k8s/devops-results/gh-pages/entando-k8s-app-controller/PR-24/surefire-report.html
stashed: https://raw.githubusercontent.com/entando-k8s/devops-results/gh-pages/entando-k8s-app-controller/PR-24/checkstyle.html
stashed: https://raw.githubusercontent.com/entando-k8s/devops-results/gh-pages/entando-k8s-app-controller/PR-24/checkstyle.rss
stashed: https://raw.githubusercontent.com/entando-k8s/devops-results/gh-pages/entando-k8s-app-controller/PR-24/css/maven-base.css
stashed: https://raw.githubusercontent.com/entando-k8s/devops-results/gh-pages/entando-k8s-app-controller/PR-24/css/maven-theme.css
stashed: https://raw.githubusercontent.com/entando-k8s/devops-results/gh-pages/entando-k8s-app-controller/PR-24/css/print.css
stashed: https://raw.githubusercontent.com/entando-k8s/devops-results/gh-pages/entando-k8s-app-controller/PR-24/css/site.css
stashed: https://raw.githubusercontent.com/entando-k8s/devops-results/gh-pages/entando-k8s-app-controller/PR-24/dependency-check-junit.xml
stashed: https://raw.githubusercontent.com/entando-k8s/devops-results/gh-pages/entando-k8s-app-controller/PR-24/dependency-check-report.html
stashed: https://raw.githubusercontent.com/entando-k8s/devops-results/gh-pages/entando-k8s-app-controller/PR-24/dependency-check-report.xml
stashed: https://raw.githubusercontent.com/entando-k8s/devops-results/gh-pages/entando-k8s-app-controller/PR-24/dependency-info.html
stashed: https://raw.githubusercontent.com/entando-k8s/devops-results/gh-pages/entando-k8s-app-controller/PR-24/images/collapsed.gif
stashed: https://raw.githubusercontent.com/entando-k8s/devops-results/gh-pages/entando-k8s-app-controller/PR-24/images/expanded.gif
stashed: https://raw.githubusercontent.com/entando-k8s/devops-results/gh-pages/entando-k8s-app-controller/PR-24/images/external.png
stashed: https://raw.githubusercontent.com/entando-k8s/devops-results/gh-pages/entando-k8s-app-controller/PR-24/images/icon_error_sml.gif
stashed: https://raw.githubusercontent.com/entando-k8s/devops-results/gh-pages/entando-k8s-app-controller/PR-24/images/icon_info_sml.gif
stashed: https://raw.githubusercontent.com/entando-k8s/devops-results/gh-pages/entando-k8s-app-controller/PR-24/images/icon_success_sml.gif
stashed: https://raw.githubusercontent.com/entando-k8s/devops-results/gh-pages/entando-k8s-app-controller/PR-24/images/icon_warning_sml.gif
stashed: https://raw.githubusercontent.com/entando-k8s/devops-results/gh-pages/entando-k8s-app-controller/PR-24/images/logos/build-by-maven-black.png
stashed: https://raw.githubusercontent.com/entando-k8s/devops-results/gh-pages/entando-k8s-app-controller/PR-24/images/logos/build-by-maven-white.png
stashed: https://raw.githubusercontent.com/entando-k8s/devops-results/gh-pages/entando-k8s-app-controller/PR-24/images/logos/maven-feather.png
stashed: https://raw.githubusercontent.com/entando-k8s/devops-results/gh-pages/entando-k8s-app-controller/PR-24/images/newwindow.png
stashed: https://raw.githubusercontent.com/entando-k8s/devops-results/gh-pages/entando-k8s-app-controller/PR-24/images/rss.png
stashed: https://raw.githubusercontent.com/entando-k8s/devops-results/gh-pages/entando-k8s-app-controller/PR-24/index.html
stashed: https://raw.githubusercontent.com/entando-k8s/devops-results/gh-pages/entando-k8s-app-controller/PR-24/issue-management.html
stashed: https://raw.githubusercontent.com/entando-k8s/devops-results/gh-pages/entando-k8s-app-controller/PR-24/jacoco/index.html
stashed: https://raw.githubusercontent.com/entando-k8s/devops-results/gh-pages/entando-k8s-app-controller/PR-24/jacoco/jacoco-resources/branchfc.gif
stashed: https://raw.githubusercontent.com/entando-k8s/devops-results/gh-pages/entando-k8s-app-controller/PR-24/jacoco/jacoco-resources/branchnc.gif
stashed: https://raw.githubusercontent.com/entando-k8s/devops-results/gh-pages/entando-k8s-app-controller/PR-24/jacoco/jacoco-resources/branchpc.gif
stashed: https://raw.githubusercontent.com/entando-k8s/devops-results/gh-pages/entando-k8s-app-controller/PR-24/jacoco/jacoco-resources/bundle.gif
stashed: https://raw.githubusercontent.com/entando-k8s/devops-results/gh-pages/entando-k8s-app-controller/PR-24/jacoco/jacoco-resources/class.gif
stashed: https://raw.githubusercontent.com/entando-k8s/devops-results/gh-pages/entando-k8s-app-controller/PR-24/jacoco/jacoco-resources/down.gif
stashed: https://raw.githubusercontent.com/entando-k8s/devops-results/gh-pages/entando-k8s-app-controller/PR-24/jacoco/jacoco-resources/greenbar.gif
stashed: https://raw.githubusercontent.com/entando-k8s/devops-results/gh-pages/entando-k8s-app-controller/PR-24/jacoco/jacoco-resources/group.gif
stashed: https://raw.githubusercontent.com/entando-k8s/devops-results/gh-pages/entando-k8s-app-controller/PR-24/jacoco/jacoco-resources/method.gif
stashed: https://raw.githubusercontent.com/entando-k8s/devops-results/gh-pages/entando-k8s-app-controller/PR-24/jacoco/jacoco-resources/package.gif
stashed: https://raw.githubusercontent.com/entando-k8s/devops-results/gh-pages/entando-k8s-app-controller/PR-24/jacoco/jacoco-resources/prettify.css
stashed: https://raw.githubusercontent.com/entando-k8s/devops-results/gh-pages/entando-k8s-app-controller/PR-24/jacoco/jacoco-resources/prettify.js
stashed: https://raw.githubusercontent.com/entando-k8s/devops-results/gh-pages/entando-k8s-app-controller/PR-24/jacoco/jacoco-resources/redbar.gif
stashed: https://raw.githubusercontent.com/entando-k8s/devops-results/gh-pages/entando-k8s-app-controller/PR-24/jacoco/jacoco-resources/report.css
stashed: https://raw.githubusercontent.com/entando-k8s/devops-results/gh-pages/entando-k8s-app-controller/PR-24/jacoco/jacoco-resources/report.gif
stashed: https://raw.githubusercontent.com/entando-k8s/devops-results/gh-pages/entando-k8s-app-controller/PR-24/jacoco/jacoco-resources/session.gif
stashed: https://raw.githubusercontent.com/entando-k8s/devops-results/gh-pages/entando-k8s-app-controller/PR-24/jacoco/jacoco-resources/sort.gif
stashed: https://raw.githubusercontent.com/entando-k8s/devops-results/gh-pages/entando-k8s-app-controller/PR-24/jacoco/jacoco-resources/sort.js
stashed: https://raw.githubusercontent.com/entando-k8s/devops-results/gh-pages/entando-k8s-app-controller/PR-24/jacoco/jacoco-resources/source.gif
stashed: https://raw.githubusercontent.com/entando-k8s/devops-results/gh-pages/entando-k8s-app-controller/PR-24/jacoco/jacoco-resources/up.gif
stashed: https://raw.githubusercontent.com/entando-k8s/devops-results/gh-pages/entando-k8s-app-controller/PR-24/jacoco/jacoco-sessions.html
stashed: https://raw.githubusercontent.com/entando-k8s/devops-results/gh-pages/entando-k8s-app-controller/PR-24/jacoco/jacoco.csv
stashed: https://raw.githubusercontent.com/entando-k8s/devops-results/gh-pages/entando-k8s-app-controller/PR-24/jacoco/jacoco.xml
stashed: https://raw.githubusercontent.com/entando-k8s/devops-results/gh-pages/entando-k8s-app-controller/PR-24/jacoco/org.entando.kubernetes.controller.app/AppBuilderDeployableContainer.html
stashed: https://raw.githubusercontent.com/entando-k8s/devops-results/gh-pages/entando-k8s-app-controller/PR-24/jacoco/org.entando.kubernetes.controller.app/AppBuilderDeployableContainer.java.html
stashed: https://raw.githubusercontent.com/entando-k8s/devops-results/gh-pages/entando-k8s-app-controller/PR-24/jacoco/org.entando.kubernetes.controller.app/ComponentManagerDeployableContainer.html
stashed: https://raw.githubusercontent.com/entando-k8s/devops-results/gh-pages/entando-k8s-app-controller/PR-24/jacoco/org.entando.kubernetes.controller.app/ComponentManagerDeployableContainer.java.html
stashed: https://raw.githubusercontent.com/entando-k8s/devops-results/gh-pages/entando-k8s-app-controller/PR-24/jacoco/org.entando.kubernetes.controller.app/EntandoAppController.html
stashed: https://raw.githubusercontent.com/entando-k8s/devops-results/gh-pages/entando-k8s-app-controller/PR-24/jacoco/org.entando.kubernetes.controller.app/EntandoAppController.java.html
stashed: https://raw.githubusercontent.com/entando-k8s/devops-results/gh-pages/entando-k8s-app-controller/PR-24/jacoco/org.entando.kubernetes.controller.app/EntandoAppDeployableContainer.html
stashed: https://raw.githubusercontent.com/entando-k8s/devops-results/gh-pages/entando-k8s-app-controller/PR-24/jacoco/org.entando.kubernetes.controller.app/EntandoAppDeployableContainer.java.html
stashed: https://raw.githubusercontent.com/entando-k8s/devops-results/gh-pages/entando-k8s-app-controller/PR-24/jacoco/org.entando.kubernetes.controller.app/EntandoAppDeploymentResult.html
stashed: https://raw.githubusercontent.com/entando-k8s/devops-results/gh-pages/entando-k8s-app-controller/PR-24/jacoco/org.entando.kubernetes.controller.app/EntandoAppDeploymentResult.java.html
stashed: https://raw.githubusercontent.com/entando-k8s/devops-results/gh-pages/entando-k8s-app-controller/PR-24/jacoco/org.entando.kubernetes.controller.app/EntandoAppServerDeployable.html
stashed: https://raw.githubusercontent.com/entando-k8s/devops-results/gh-pages/entando-k8s-app-controller/PR-24/jacoco/org.entando.kubernetes.controller.app/EntandoAppServerDeployable.java.html
stashed: https://raw.githubusercontent.com/entando-k8s/devops-results/gh-pages/entando-k8s-app-controller/PR-24/jacoco/org.entando.kubernetes.controller.app/EntandoDatabaseConsumingContainer$EntandoAppDatabasePopulator.html
stashed: https://raw.githubusercontent.com/entando-k8s/devops-results/gh-pages/entando-k8s-app-controller/PR-24/jacoco/org.entando.kubernetes.controller.app/EntandoDatabaseConsumingContainer.html
stashed: https://raw.githubusercontent.com/entando-k8s/devops-results/gh-pages/entando-k8s-app-controller/PR-24/jacoco/org.entando.kubernetes.controller.app/EntandoDatabaseConsumingContainer.java.html
stashed: https://raw.githubusercontent.com/entando-k8s/devops-results/gh-pages/entando-k8s-app-controller/PR-24/jacoco/org.entando.kubernetes.controller.app/JbossDatasourceValidation.html
stashed: https://raw.githubusercontent.com/entando-k8s/devops-results/gh-pages/entando-k8s-app-controller/PR-24/jacoco/org.entando.kubernetes.controller.app/JbossDatasourceValidation.java.html
stashed: https://raw.githubusercontent.com/entando-k8s/devops-results/gh-pages/entando-k8s-app-controller/PR-24/jacoco/org.entando.kubernetes.controller.app/index.html
stashed: https://raw.githubusercontent.com/entando-k8s/devops-results/gh-pages/entando-k8s-app-controller/PR-24/jacoco/org.entando.kubernetes.controller.app/index.source.html
stashed: https://raw.githubusercontent.com/entando-k8s/devops-results/gh-pages/entando-k8s-app-controller/PR-24/licenses.html
stashed: https://raw.githubusercontent.com/entando-k8s/devops-results/gh-pages/entando-k8s-app-controller/PR-24/plugins.html
stashed: https://raw.githubusercontent.com/entando-k8s/devops-results/gh-pages/entando-k8s-app-controller/PR-24/project-info.html
stashed: https://raw.githubusercontent.com/entando-k8s/devops-results/gh-pages/entando-k8s-app-controller/PR-24/scm.html
stashed: https://raw.githubusercontent.com/entando-k8s/devops-results/gh-pages/entando-k8s-app-controller/PR-24/summary.html
stashed: https://raw.githubusercontent.com/entando-k8s/devops-results/gh-pages/entando-k8s-app-controller/PR-24/surefire-report.html
error: etcdserver: request is too large
  % Total    % Received % Xferd  Average Speed   Time    Time     Time  Current
                                 Dload  Upload   Total   Spent    Left  Speed
  0     0    0     0    0     0      0      0 --:--:-- --:--:-- --:--:--     0 11  1867    0     0  100   218      0    368 --:--:-- --:--:-- --:--:--   368100  1867  100  1649  100   218   2790    368 --:--:-- --:--:-- --:--:--  2790
{
  "url": "https://api.github.com/repos/entando-k8s/entando-k8s-app-controller/statuses/f1a6dd591efde83615f81ea397bf75079d775976",
  "avatar_url": "https://avatars2.githubusercontent.com/u/57885396?v=4",
  "id": 11431703065,
  "node_id": "MDEzOlN0YXR1c0NvbnRleHQxMTQzMTcwMzA2NQ==",
  "state": "success",
  "description": "Pre-deployment tests success!",
  "target_url": "https://entando-k8s.github.io/devops-results/entando-k8s-app-controller/PR-24/surefire-report.html",
  "context": "Pre-deployment tests",
  "created_at": "2020-11-23T14:15:45Z",
  "updated_at": "2020-11-23T14:15:45Z",
  "creator": {
    "login": "entando-**",
    "id": 57885396,
    "node_id": "MDQ6VXNlcjU3ODg1Mzk2",
    "avatar_url": "https://avatars2.githubusercontent.com/u/57885396?v=4",
    "gravatar_id": "",
    "url": "https://api.github.com/users/entando-**",
    "html_url": "https://github.com/entando-**",
    "followers_url": "https://api.github.com/users/entando-**/followers",
    "following_url": "https://api.github.com/users/entando-**/following{/other_user}",
    "gists_url": "https://api.github.com/users/entando-**/gists{/gist_id}",
    "starred_url": "https://api.github.com/users/entando-**/starred{/owner}{/repo}",
    "subscriptions_url": "https://api.github.com/users/entando-**/subscriptions",
    "organizations_url": "https://api.github.com/users/entando-**/orgs",
    "repos_url": "https://api.github.com/users/entando-**/repos",
    "events_url": "https://api.github.com/users/entando-**/events{/privacy}",
    "received_events_url": "https://api.github.com/users/entando-**/received_events",
    "type": "User",
    "site_*****": *****
  }
}
  % Total    % Received % Xferd  Average Speed   Time    Time     Time  Current
                                 Dload  Upload   Total   Spent    Left  Speed
  0     0    0     0    0     0      0      0 --:--:-- --:--:-- --:--:--     0 10  1817    0     0  100   193      0    291 --:--:-- --:--:-- --:--:--   291100  1817  100  1624  100   193   2447    290 --:--:-- --:--:-- --:--:--  2456
{
  "url": "https://api.github.com/repos/entando-k8s/entando-k8s-app-controller/statuses/f1a6dd591efde83615f81ea397bf75079d775976",
  "avatar_url": "https://avatars2.githubusercontent.com/u/57885396?v=4",
  "id": 11431703202,
  "node_id": "MDEzOlN0YXR1c0NvbnRleHQxMTQzMTcwMzIwMg==",
  "state": "success",
  "description": "Checkstyle success!",
  "target_url": "https://entando-k8s.github.io/devops-results/entando-k8s-app-controller/PR-24/checkstyle.html",
  "context": "Checkstyle",
  "created_at": "2020-11-23T14:15:46Z",
  "updated_at": "2020-11-23T14:15:46Z",
  "creator": {
    "login": "entando-**",
    "id": 57885396,
    "node_id": "MDQ6VXNlcjU3ODg1Mzk2",
    "avatar_url": "https://avatars2.githubusercontent.com/u/57885396?v=4",
    "gravatar_id": "",
    "url": "https://api.github.com/users/entando-**",
    "html_url": "https://github.com/entando-**",
    "followers_url": "https://api.github.com/users/entando-**/followers",
    "following_url": "https://api.github.com/users/entando-**/following{/other_user}",
    "gists_url": "https://api.github.com/users/entando-**/gists{/gist_id}",
    "starred_url": "https://api.github.com/users/entando-**/starred{/owner}{/repo}",
    "subscriptions_url": "https://api.github.com/users/entando-**/subscriptions",
    "organizations_url": "https://api.github.com/users/entando-**/orgs",
    "repos_url": "https://api.github.com/users/entando-**/repos",
    "events_url": "https://api.github.com/users/entando-**/events{/privacy}",
    "received_events_url": "https://api.github.com/users/entando-**/received_events",
    "type": "User",
    "site_*****": *****
  }
}
  % Total    % Received % Xferd  Average Speed   Time    Time     Time  Current
                                 Dload  Upload   Total   Spent    Left  Speed
{
  "url": "https://api.github.com/repos/entando-k8s/entando-k8s-app-controller/statuses/f1a6dd591efde83615f81ea397bf75079d775976",
  "avatar_url": "https://avatars2.githubusercontent.com/u/57885396?v=4",
  "id": 11431703357,
  "node_id": "MDEzOlN0YXR1c0NvbnRleHQxMTQzMTcwMzM1Nw==",
  "state": "success",
  "description": "OWASP CVE success!",
  "target_url": "https://entando-k8s.github.io/devops-results/entando-k8s-app-controller/PR-24/dependency-check-report.html",
  "context": "OWASP CVE",
  "created_at": "2020-11-23T14:15:47Z",
  "updated_at": "2020-11-23T14:15:47Z",
  "creator": {
    "login": "entando-**",
    "id": 57885396,
    "node_id": "MDQ6VXNlcjU3ODg1Mzk2",
    "avatar_url": "https://avatars2.githubusercontent.com/u/57885396?v=4",
    "gravatar_id": "",
    "url": "https://api.github.com/users/entando-**",
    "html_url": "https://github.com/entando-**",
    "followers_url": "https://api.github.com/users/entando-**/followers",
    "following_url": "https://api.github.com/users/entando-**/following{/other_user}",
    "gists_url": "https://api.github.com/users/entando-**/gists{/gist_id}",
    "starred_url": "https://api.github.com/users/entando-**/starred{/owner}{/repo}",
    "subscriptions_url": "https://api.github.com/users/entando-**/subscriptions",
    "organizations_url": "https://api.github.com/users/entando-**/orgs",
    "repos_url": "https://api.github.com/users/entando-**/repos",
    "events_url": "https://api.github.com/users/entando-**/events{/privacy}",
    "received_events_url": "https://api.github.com/users/entando-**/received_events",
    "type": "User",
    "site_*****": *****
  }
}
Congratulations! No build failures found for entando-k8s-app-controller-PR-24.
  0     0    0     0    0     0      0      0 --:--:-- --:--:-- --:--:--     0100  1839  100  1635  100   204   2401    299 --:--:-- --:--:-- --:--:--  2422

Showing logs for build [32mentando-k8s-entando-k8s-app-con-btcdg-1[0m stage [32mfrom-build-pack[0m and container [32mstep-build-container-build[0m
Generating tags...
 - entando/entando-k8s-app-controller -> docker.io/entando/entando-k8s-app-controller:0.0.0-SNAPSHOT-PR-24-1
Checking cache...
 - entando/entando-k8s-app-controller: Not found. Building
Building [entando/entando-k8s-app-controller]...
Sending build context to Docker daemon  551.4kBSending build context to Docker daemon  3.847MBSending build context to Docker daemon  7.117MBSending build context to Docker daemon  11.02MBSending build context to Docker daemon  14.84MBSending build context to Docker daemon  22.64MBSending build context to Docker daemon  24.31MBSending build context to Docker daemon  25.42MBSending build context to Docker daemon  25.98MBSending build context to Docker daemon  27.07MBSending build context to Docker daemon  28.18MBSending build context to Docker daemon  29.83MBSending build context to Docker daemon  33.17MBSending build context to Docker daemon  36.44MBSending build context to Docker daemon  38.09MBSending build context to Docker daemon  40.06MB
Step 1/6 : FROM fabric8/java-alpine-openjdk8-jre
 ---> 6383f0513235
Step 2/6 : ENV JAVA_OPTIONS "-Dquarkus.http.host=0.0.0.0 -Djava.util.logging.manager=org.jboss.logmanager.LogManager"
 ---> Using cache
 ---> 781f0699f0f0
Step 3/6 : ENV AB_ENABLED jmx_exporter
 ---> Using cache
 ---> 3d03a75b86f8
Step 4/6 : COPY target/lib/* /deployments/lib/
 ---> 9f8cf607cc3d
Step 5/6 : COPY target/*-runner.jar /deployments/app.jar
 ---> 4b2805d4cc44
Step 6/6 : ENTRYPOINT /deployments/run-java.sh
 ---> Running in 1c68d3203e54
 ---> ba0ee4c83be2
Successfully built ba0ee4c83be2
The push refers to a repository [docker.io/entando/entando-k8s-app-controller]
6c0f6fc2312f: Preparing
87abcf3f293d: Preparing
a37d6baa8a5e: Preparing
4246c252be29: Preparing
bbc6d89e45a1: Preparing
6a8968c88953: Preparing
c11f0dd7f64f: Preparing
081a861c7ecd: Preparing
df5b415aa3df: Preparing
77cae8ab23bf: Preparing
6a8968c88953: Waiting
c11f0dd7f64f: Waiting
081a861c7ecd: Waiting
df5b415aa3df: Waiting
77cae8ab23bf: Waiting
a37d6baa8a5e: Layer already exists
4246c252be29: Layer already exists
bbc6d89e45a1: Layer already exists
6a8968c88953: Layer already exists
c11f0dd7f64f: Layer already exists
081a861c7ecd: Layer already exists
77cae8ab23bf: Layer already exists
df5b415aa3df: Layer already exists
6c0f6fc2312f: Pushed
87abcf3f293d: Pushed
0.0.0-SNAPSHOT-PR-24-1: digest: sha256:cab21ed713c25e0729f72db060e39e9d65ae385373f2e9615f4239da51f3e2d0 size: 2410
There is a new version (1.16.0) of Skaffold available. Download it at https://storage.googleapis.com/skaffold/releases/latest/skaffold-linux-amd64


Showing logs for build [32mentando-k8s-entando-k8s-app-con-btcdg-1[0m stage [32mfrom-build-pack[0m and container [32mstep-postbuild-post-build[0m
no CVE provider running in the current ** namespace so skip adding image to be analysed

Showing logs for build [32mentando-k8s-entando-k8s-app-con-btcdg-1[0m stage [32mfrom-build-pack[0m and container [32mstep-promote-make-preview[0m
sed -i -e "s/version:.*/version: 0.0.0-SNAPSHOT-PR-24-1/" Chart.yaml
sed -i -e "s/version:.*/version: 0.0.0-SNAPSHOT-PR-24-1/" ../*/Chart.yaml
sed -i -e "s|repository:.*|repository: docker.io\/entando\/entando-k8s-keycloak-controller|" values.yaml
sed -i -e "s/tag:.*/tag: 0.0.0-SNAPSHOT-PR-24-1/" values.yaml
echo "  version: 0.0.0-SNAPSHOT-PR-24-1" >> requirements.yaml
** step helm build
WARNING: No $CHART_REPOSITORY defined so using the default value of: http://jenkins-x-chartmuseum:8080
Adding missing Helm repo: storage.googleapis.com https://storage.googleapis.com/chartmuseum.jenkins-x.io
Successfully added Helm repository storage.googleapis.com.
Adding missing Helm repo: jenkins-x-chartmuseum http://jenkins-x-chartmuseum:8080
Successfully added Helm repository jenkins-x-chartmuseum.
WARNING: No $CHART_REPOSITORY defined so using the default value of: http://jenkins-x-chartmuseum:8080

Showing logs for build [32mentando-k8s-entando-k8s-app-con-btcdg-1[0m stage [32mfrom-build-pack[0m and container [32mstep-promote-jx-preview[0m
Creating a preview
Found commit author match for: ampie with email address: ampie.private@gmail.com
Created environment entando-k8s-app-controller-acpr24
Namespace entando-k8s-app-controller-acpr24 created 
expose:
  Annotations:
    helm.sh/hook: post-install,post-upgrade
    helm.sh/hook-delete-policy: hook-succeeded
  config:
    domain: *************
    exposer: Ingress
    http: "true"
preview:
  image:
    repository: docker.io/entando/entando-k8s-app-controller
    tag: 0.0.0-SNAPSHOT-PR-24-1

WARNING: Could not find the service URL in namespace entando-k8s-app-controller-acpr24 for names : Timed out after 1m0s, last error: %!s(<nil>)
Updating PipelineActivities entando-k8s-entando-k8s-app-controller-pr-24-1 which has status Running
WARNING: Failed to find the service entando-k8s-app-controller : failed to find service entando-k8s-app-controller in namespace entando-k8s-app-controller-acpr24: services "entando-k8s-app-controller" not found

Showing logs for build [32mentando-k8s-entando-k8s-app-con-btcdg-1[0m stage [32mfrom-build-pack[0m and container [32mstep-promote-run-post-deployment-tests[0m
Picked up _JAVA_OPTIONS: -XX:+UnlockExperimentalVMOptions -Dsun.zip.disableMemoryMapping=true -XX:+UseParallelGC -XX:MinHeapFreeRatio=5 -XX:MaxHeapFreeRatio=10 -XX:GCTimeRatio=4 -XX:AdaptiveSizePolicyWeight=90 -Xms1000m -Xmx12000m
[INFO] Scanning for projects...
[WARNING] 
[WARNING] Some problems were encountered while building the effective model for org.entando:entando-k8s-app-controller:jar:0.0.0-SNAPSHOT-PR-24-1
[WARNING] 'dependencyManagement.dependencies.dependency.(groupId:artifactId:type:classifier)' must be unique: org.yaml:snakeyaml:jar -> version 1.27 vs ${snakeyaml.version} @ org.entando:entando-quarkus-parent:6.2.8, /home/jenkins/.mvnrepository/org/entando/entando-quarkus-parent/6.2.8/entando-quarkus-parent-6.2.8.pom, line 283, column 25
[WARNING] 
[WARNING] It is highly recommended to fix these problems because they threaten the stability of your build.
[WARNING] 
[WARNING] For this reason, future Maven versions might no longer support building such malformed projects.
[WARNING] 
[INFO] 
[INFO] ---------------< org.entando:entando-k8s-app-controller >---------------
[INFO] Building Entando K8S Controller for Entando App Deployments 0.0.0-SNAPSHOT-PR-24-1
[INFO] --------------------------------[ jar ]---------------------------------
[INFO] 
[INFO] --- maven-resources-plugin:2.6:resources (default-resources) @ entando-k8s-app-controller ---
[INFO] Using 'UTF-8' encoding to copy filtered resources.
[INFO] Copying 3 resources
[INFO] 
[INFO] --- maven-compiler-plugin:3.8.1:compile (default-compile) @ entando-k8s-app-controller ---
[INFO] Nothing to compile - all classes are up to date
[INFO] 
[INFO] --- maven-resources-plugin:2.6:testResources (default-testResources) @ entando-k8s-app-controller ---
[INFO] Using 'UTF-8' encoding to copy filtered resources.
[INFO] Copying 3 resources
[INFO] 
[INFO] --- maven-compiler-plugin:3.8.1:testCompile (default-testCompile) @ entando-k8s-app-controller ---
[INFO] Nothing to compile - all classes are up to date
[INFO] 
[INFO] --- maven-surefire-plugin:3.0.0-M1:test (default-test) @ entando-k8s-app-controller ---
[INFO] Tests are skipped.
[INFO] 
[INFO] --- maven-jar-plugin:3.2.0:jar (default-jar) @ entando-k8s-app-controller ---
[INFO] 
[INFO] --- maven-jar-plugin:3.2.0:test-jar (build-test-jar) @ entando-k8s-app-controller ---
[INFO] 
[INFO] --- maven-failsafe-plugin:3.0.0-M4:integration-test (run-tests) @ entando-k8s-app-controller ---
[INFO] 
[INFO] -------------------------------------------------------
[INFO]  T E S T S
[INFO] -------------------------------------------------------
[INFO] Running org.entando.kubernetes.controller.app.interprocesstests.AddEntandoAppWithExternalPostgresqlDatabaseIT
Nov 23, 2020 2:18:35 PM org.entando.kubernetes.controller.integrationtest.support.DeletionWaiter lambda$deleteSingleItem$2
WARNING: Deleting pods  entando-k8s-app-controller-acpr24/pg-test
Nov 23, 2020 2:18:39 PM org.entando.kubernetes.controller.integrationtest.support.DeletionWaiter lambda$deleteSingleItem$2
WARNING: Deleting pods  entando-k8s-app-controller-acpr24/pg-test
Nov 23, 2020 2:18:39 PM org.entando.kubernetes.controller.integrationtest.support.DeletionWaiter lambda$deleteSingleItem$2
WARNING: Deleting entandodatabaseservices  entando-k8s-app-controller-acpr24/my-external-db-acpr24
Nov 23, 2020 2:18:40 PM org.entando.kubernetes.controller.integrationtest.support.DeletionWaiter lambda$deleteSingleItem$2
WARNING: Deleting secrets  entando-k8s-app-controller-acpr24/test-secret
ADDED:PodStatus(conditions=[PodCondition(lastProbeTime=null, lastTransitionTime=2020-11-23T14:18:40Z, message=null, reason=null, status=True, type=PodScheduled, additionalProperties={})], containerStatuses=[], ephemeralContainerStatuses=[], hostIP=null, initContainerStatuses=[], message=null, nominatedNodeName=null, phase=Pending, podIP=null, podIPs=[], qosClass=BestEffort, reason=null, startTime=null, additionalProperties={})
MODIFIED:PodStatus(conditions=[PodCondition(lastProbeTime=null, lastTransitionTime=2020-11-23T14:18:40Z, message=null, reason=null, status=True, type=Initialized, additionalProperties={}), PodCondition(lastProbeTime=null, lastTransitionTime=2020-11-23T14:18:40Z, message=containers with unready status: [pg-container], reason=ContainersNotReady, status=False, type=Ready, additionalProperties={}), PodCondition(lastProbeTime=null, lastTransitionTime=null, message=containers with unready status: [pg-container], reason=ContainersNotReady, status=False, type=ContainersReady, additionalProperties={}), PodCondition(lastProbeTime=null, lastTransitionTime=2020-11-23T14:18:40Z, message=null, reason=null, status=True, type=PodScheduled, additionalProperties={})], containerStatuses=[ContainerStatus(containerID=null, image=centos/********ql-96-centos7:latest, imageID=, lastState=ContainerState(running=null, terminated=null, waiting=null, additionalProperties={}), name=pg-container, ready=*****, restartCount=0, started=null, state=ContainerState(running=null, terminated=null, waiting=ContainerStateWaiting(message=null, reason=ContainerCreating, additionalProperties={}), additionalProperties={}), additionalProperties={})], ephemeralContainerStatuses=[], hostIP=54.36.53.206, initContainerStatuses=[], message=null, nominatedNodeName=null, phase=Pending, podIP=null, podIPs=[], qosClass=BestEffort, reason=null, startTime=2020-11-23T14:18:40Z, additionalProperties={})
MODIFIED:PodStatus(conditions=[PodCondition(lastProbeTime=null, lastTransitionTime=2020-11-23T14:18:40Z, message=null, reason=null, status=True, type=Initialized, additionalProperties={}), PodCondition(lastProbeTime=null, lastTransitionTime=2020-11-23T14:18:40Z, message=containers with unready status: [pg-container], reason=ContainersNotReady, status=False, type=Ready, additionalProperties={}), PodCondition(lastProbeTime=null, lastTransitionTime=null, message=containers with unready status: [pg-container], reason=ContainersNotReady, status=False, type=ContainersReady, additionalProperties={}), PodCondition(lastProbeTime=null, lastTransitionTime=2020-11-23T14:18:40Z, message=null, reason=null, status=True, type=PodScheduled, additionalProperties={})], containerStatuses=[ContainerStatus(containerID=docker://b2ecfeaf750a873ccfae69d6c677651e94923d8c2a99f2608ce2d80e107bf94f, image=docker.io/centos/********ql-96-centos7:latest, imageID=docker-pullable://docker.io/centos/********ql-96-centos7@sha256:b681d78125361519180a6ac05242c296f8906c11eab7e207b5ca9a89b6344392, lastState=ContainerState(running=null, terminated=null, waiting=null, additionalProperties={}), name=pg-container, ready=*****, restartCount=0, started=null, state=ContainerState(running=ContainerStateRunning(startedAt=2020-11-23T14:18:50Z, additionalProperties={}), terminated=null, waiting=null, additionalProperties={}), additionalProperties={})], ephemeralContainerStatuses=[], hostIP=54.36.53.206, initContainerStatuses=[], message=null, nominatedNodeName=null, phase=Running, podIP=10.128.1.231, podIPs=[], qosClass=BestEffort, reason=null, startTime=2020-11-23T14:18:40Z, additionalProperties={})
MODIFIED:PodStatus(conditions=[PodCondition(lastProbeTime=null, lastTransitionTime=2020-11-23T14:18:40Z, message=null, reason=null, status=True, type=Initialized, additionalProperties={}), PodCondition(lastProbeTime=null, lastTransitionTime=2020-11-23T14:19:03Z, message=null, reason=null, status=True, type=Ready, additionalProperties={}), PodCondition(lastProbeTime=null, lastTransitionTime=null, message=null, reason=null, status=True, type=ContainersReady, additionalProperties={}), PodCondition(lastProbeTime=null, lastTransitionTime=2020-11-23T14:18:40Z, message=null, reason=null, status=True, type=PodScheduled, additionalProperties={})], containerStatuses=[ContainerStatus(containerID=docker://b2ecfeaf750a873ccfae69d6c677651e94923d8c2a99f2608ce2d80e107bf94f, image=docker.io/centos/********ql-96-centos7:latest, imageID=docker-pullable://docker.io/centos/********ql-96-centos7@sha256:b681d78125361519180a6ac05242c296f8906c11eab7e207b5ca9a89b6344392, lastState=ContainerState(running=null, terminated=null, waiting=null, additionalProperties={}), name=pg-container, ready=true, restartCount=0, started=null, state=ContainerState(running=ContainerStateRunning(startedAt=2020-11-23T14:18:50Z, additionalProperties={}), terminated=null, waiting=null, additionalProperties={}), additionalProperties={})], ephemeralContainerStatuses=[], hostIP=54.36.53.206, initContainerStatuses=[], message=null, nominatedNodeName=null, phase=Running, podIP=10.128.1.231, podIPs=[], qosClass=BestEffort, reason=null, startTime=2020-11-23T14:18:40Z, additionalProperties={})
Finished: pg-test
Nov 23, 2020 2:19:07 PM org.entando.kubernetes.controller.integrationtest.support.DeletionWaiter lambda$deleteSingleItem$2
WARNING: Deleting configmaps  entando-k8s-app-controller-acpr24/eci-entando-k8s-app-controller-acpr24-eti-acpr24-connection-config
javax.ws.rs.NotFoundException: HTTP 404 Not Found
!!!!!!!On EntandoApp add!!!!!!!!!
ADDED:PodStatus(conditions=[PodCondition(lastProbeTime=null, lastTransitionTime=2020-11-23T14:19:24Z, message=null, reason=null, status=True, type=PodScheduled, additionalProperties={})], containerStatuses=[], ephemeralContainerStatuses=[], hostIP=null, initContainerStatuses=[], message=null, nominatedNodeName=null, phase=Pending, podIP=null, podIPs=[], qosClass=BestEffort, reason=null, startTime=null, additionalProperties={})
MODIFIED:PodStatus(conditions=[PodCondition(lastProbeTime=null, lastTransitionTime=2020-11-23T14:19:26Z, message=containers with incomplete status: [test-entando-acpr24-portdb-schema-creation-job test-entando-acpr24-servdb-schema-creation-job test-entando-acpr24-server-db-population-job test-entando-acpr24-dedb-schema-creation-job], reason=ContainersNotInitialized, status=False, type=Initialized, additionalProperties={}), PodCondition(lastProbeTime=null, lastTransitionTime=2020-11-23T14:19:26Z, message=containers with unready status: [dummy], reason=ContainersNotReady, status=False, type=Ready, additionalProperties={}), PodCondition(lastProbeTime=null, lastTransitionTime=null, message=containers with unready status: [dummy], reason=ContainersNotReady, status=False, type=ContainersReady, additionalProperties={}), PodCondition(lastProbeTime=null, lastTransitionTime=2020-11-23T14:19:24Z, message=null, reason=null, status=True, type=PodScheduled, additionalProperties={})], containerStatuses=[ContainerStatus(containerID=null, image=docker.io/entando/busybox:latest, imageID=, lastState=ContainerState(running=null, terminated=null, waiting=null, additionalProperties={}), name=dummy, ready=*****, restartCount=0, started=null, state=ContainerState(running=null, terminated=null, waiting=ContainerStateWaiting(message=null, reason=PodInitializing, additionalProperties={}), additionalProperties={}), additionalProperties={})], ephemeralContainerStatuses=[], hostIP=54.36.53.206, initContainerStatuses=[ContainerStatus(containerID=null, image=docker.io/entando/entando-k8s-dbjob:6.1.4, imageID=, lastState=ContainerState(running=null, terminated=null, waiting=null, additionalProperties={}), name=test-entando-acpr24-portdb-schema-creation-job, ready=*****, restartCount=0, started=null, state=ContainerState(running=null, terminated=null, waiting=ContainerStateWaiting(message=null, reason=PodInitializing, additionalProperties={}), additionalProperties={}), additionalProperties={}), ContainerStatus(containerID=null, image=docker.io/entando/entando-k8s-dbjob:6.1.4, imageID=, lastState=ContainerState(running=null, terminated=null, waiting=null, additionalProperties={}), name=test-entando-acpr24-servdb-schema-creation-job, ready=*****, restartCount=0, started=null, state=ContainerState(running=null, terminated=null, waiting=ContainerStateWaiting(message=null, reason=PodInitializing, additionalProperties={}), additionalProperties={}), additionalProperties={}), ContainerStatus(containerID=null, image=docker.io/entando/entando-de-app-wildfly:6.3.0, imageID=, lastState=ContainerState(running=null, terminated=null, waiting=null, additionalProperties={}), name=test-entando-acpr24-server-db-population-job, ready=*****, restartCount=0, started=null, state=ContainerState(running=null, terminated=null, waiting=ContainerStateWaiting(message=null, reason=PodInitializing, additionalProperties={}), additionalProperties={}), additionalProperties={}), ContainerStatus(containerID=null, image=docker.io/entando/entando-k8s-dbjob:6.1.4, imageID=, lastState=ContainerState(running=null, terminated=null, waiting=null, additionalProperties={}), name=test-entando-acpr24-dedb-schema-creation-job, ready=*****, restartCount=0, started=null, state=ContainerState(running=null, terminated=null, waiting=ContainerStateWaiting(message=null, reason=PodInitializing, additionalProperties={}), additionalProperties={}), additionalProperties={})], message=null, nominatedNodeName=null, phase=Pending, podIP=null, podIPs=[], qosClass=BestEffort, reason=null, startTime=2020-11-23T14:19:26Z, additionalProperties={})
MODIFIED:PodStatus(conditions=[PodCondition(lastProbeTime=null, lastTransitionTime=2020-11-23T14:19:26Z, message=containers with incomplete status: [test-entando-acpr24-portdb-schema-creation-job test-entando-acpr24-servdb-schema-creation-job test-entando-acpr24-server-db-population-job test-entando-acpr24-dedb-schema-creation-job], reason=ContainersNotInitialized, status=False, type=Initialized, additionalProperties={}), PodCondition(lastProbeTime=null, lastTransitionTime=2020-11-23T14:19:26Z, message=containers with unready status: [dummy], reason=ContainersNotReady, status=False, type=Ready, additionalProperties={}), PodCondition(lastProbeTime=null, lastTransitionTime=null, message=containers with unready status: [dummy], reason=ContainersNotReady, status=False, type=ContainersReady, additionalProperties={}), PodCondition(lastProbeTime=null, lastTransitionTime=2020-11-23T14:19:24Z, message=null, reason=null, status=True, type=PodScheduled, additionalProperties={})], containerStatuses=[ContainerStatus(containerID=null, image=docker.io/entando/busybox:latest, imageID=, lastState=ContainerState(running=null, terminated=null, waiting=null, additionalProperties={}), name=dummy, ready=*****, restartCount=0, started=null, state=ContainerState(running=null, terminated=null, waiting=ContainerStateWaiting(message=null, reason=PodInitializing, additionalProperties={}), additionalProperties={}), additionalProperties={})], ephemeralContainerStatuses=[], hostIP=54.36.53.206, initContainerStatuses=[ContainerStatus(containerID=docker://648af1d1cde29d741fc6d68fd5f90629d36813e26b833840246d23c4af0dd174, image=docker.io/entando/entando-k8s-dbjob:6.1.4, imageID=docker-pullable://docker.io/entando/entando-k8s-dbjob@sha256:a571dc5f4f72668359ed7de82b06347ef103e91ac3fc9e381259fdfff417506a, lastState=ContainerState(running=null, terminated=null, waiting=null, additionalProperties={}), name=test-entando-acpr24-portdb-schema-creation-job, ready=*****, restartCount=0, started=null, state=ContainerState(running=ContainerStateRunning(startedAt=2020-11-23T14:19:35Z, additionalProperties={}), terminated=null, waiting=null, additionalProperties={}), additionalProperties={}), ContainerStatus(containerID=null, image=docker.io/entando/entando-k8s-dbjob:6.1.4, imageID=, lastState=ContainerState(running=null, terminated=null, waiting=null, additionalProperties={}), name=test-entando-acpr24-servdb-schema-creation-job, ready=*****, restartCount=0, started=null, state=ContainerState(running=null, terminated=null, waiting=ContainerStateWaiting(message=null, reason=PodInitializing, additionalProperties={}), additionalProperties={}), additionalProperties={}), ContainerStatus(containerID=null, image=docker.io/entando/entando-de-app-wildfly:6.3.0, imageID=, lastState=ContainerState(running=null, terminated=null, waiting=null, additionalProperties={}), name=test-entando-acpr24-server-db-population-job, ready=*****, restartCount=0, started=null, state=ContainerState(running=null, terminated=null, waiting=ContainerStateWaiting(message=null, reason=PodInitializing, additionalProperties={}), additionalProperties={}), additionalProperties={}), ContainerStatus(containerID=null, image=docker.io/entando/entando-k8s-dbjob:6.1.4, imageID=, lastState=ContainerState(running=null, terminated=null, waiting=null, additionalProperties={}), name=test-entando-acpr24-dedb-schema-creation-job, ready=*****, restartCount=0, started=null, state=ContainerState(running=null, terminated=null, waiting=ContainerStateWaiting(message=null, reason=PodInitializing, additionalProperties={}), additionalProperties={}), additionalProperties={})], message=null, nominatedNodeName=null, phase=Pending, podIP=10.128.1.233, podIPs=[], qosClass=BestEffort, reason=null, startTime=2020-11-23T14:19:26Z, additionalProperties={})
MODIFIED:PodStatus(conditions=[PodCondition(lastProbeTime=null, lastTransitionTime=2020-11-23T14:19:26Z, message=containers with incomplete status: [test-entando-acpr24-servdb-schema-creation-job test-entando-acpr24-server-db-population-job test-entando-acpr24-dedb-schema-creation-job], reason=ContainersNotInitialized, status=False, type=Initialized, additionalProperties={}), PodCondition(lastProbeTime=null, lastTransitionTime=2020-11-23T14:19:26Z, message=containers with unready status: [dummy], reason=ContainersNotReady, status=False, type=Ready, additionalProperties={}), PodCondition(lastProbeTime=null, lastTransitionTime=null, message=containers with unready status: [dummy], reason=ContainersNotReady, status=False, type=ContainersReady, additionalProperties={}), PodCondition(lastProbeTime=null, lastTransitionTime=2020-11-23T14:19:24Z, message=null, reason=null, status=True, type=PodScheduled, additionalProperties={})], containerStatuses=[ContainerStatus(containerID=null, image=docker.io/entando/busybox:latest, imageID=, lastState=ContainerState(running=null, terminated=null, waiting=null, additionalProperties={}), name=dummy, ready=*****, restartCount=0, started=null, state=ContainerState(running=null, terminated=null, waiting=ContainerStateWaiting(message=null, reason=PodInitializing, additionalProperties={}), additionalProperties={}), additionalProperties={})], ephemeralContainerStatuses=[], hostIP=54.36.53.206, initContainerStatuses=[ContainerStatus(containerID=docker://648af1d1cde29d741fc6d68fd5f90629d36813e26b833840246d23c4af0dd174, image=docker.io/entando/entando-k8s-dbjob:6.1.4, imageID=docker-pullable://docker.io/entando/entando-k8s-dbjob@sha256:a571dc5f4f72668359ed7de82b06347ef103e91ac3fc9e381259fdfff417506a, lastState=ContainerState(running=null, terminated=null, waiting=null, additionalProperties={}), name=test-entando-acpr24-portdb-schema-creation-job, ready=true, restartCount=0, started=null, state=ContainerState(running=null, terminated=ContainerStateTerminated(containerID=docker://648af1d1cde29d741fc6d68fd5f90629d36813e26b833840246d23c4af0dd174, exitCode=0, finishedAt=2020-11-23T14:19:49Z, message=null, reason=Completed, signal=null, startedAt=2020-11-23T14:19:35Z, additionalProperties={}), waiting=null, additionalProperties={}), additionalProperties={}), ContainerStatus(containerID=null, image=docker.io/entando/entando-k8s-dbjob:6.1.4, imageID=, lastState=ContainerState(running=null, terminated=null, waiting=null, additionalProperties={}), name=test-entando-acpr24-servdb-schema-creation-job, ready=*****, restartCount=0, started=null, state=ContainerState(running=null, terminated=null, waiting=ContainerStateWaiting(message=null, reason=PodInitializing, additionalProperties={}), additionalProperties={}), additionalProperties={}), ContainerStatus(containerID=null, image=docker.io/entando/entando-de-app-wildfly:6.3.0, imageID=, lastState=ContainerState(running=null, terminated=null, waiting=null, additionalProperties={}), name=test-entando-acpr24-server-db-population-job, ready=*****, restartCount=0, started=null, state=ContainerState(running=null, terminated=null, waiting=ContainerStateWaiting(message=null, reason=PodInitializing, additionalProperties={}), additionalProperties={}), additionalProperties={}), ContainerStatus(containerID=null, image=docker.io/entando/entando-k8s-dbjob:6.1.4, imageID=, lastState=ContainerState(running=null, terminated=null, waiting=null, additionalProperties={}), name=test-entando-acpr24-dedb-schema-creation-job, ready=*****, restartCount=0, started=null, state=ContainerState(running=null, terminated=null, waiting=ContainerStateWaiting(message=null, reason=PodInitializing, additionalProperties={}), additionalProperties={}), additionalProperties={})], message=null, nominatedNodeName=null, phase=Pending, podIP=10.128.1.233, podIPs=[], qosClass=BestEffort, reason=null, startTime=2020-11-23T14:19:26Z, additionalProperties={})
MODIFIED:PodStatus(conditions=[PodCondition(lastProbeTime=null, lastTransitionTime=2020-11-23T14:19:26Z, message=containers with incomplete status: [test-entando-acpr24-server-db-population-job test-entando-acpr24-dedb-schema-creation-job], reason=ContainersNotInitialized, status=False, type=Initialized, additionalProperties={}), PodCondition(lastProbeTime=null, lastTransitionTime=2020-11-23T14:19:26Z, message=containers with unready status: [dummy], reason=ContainersNotReady, status=False, type=Ready, additionalProperties={}), PodCondition(lastProbeTime=null, lastTransitionTime=null, message=containers with unready status: [dummy], reason=ContainersNotReady, status=False, type=ContainersReady, additionalProperties={}), PodCondition(lastProbeTime=null, lastTransitionTime=2020-11-23T14:19:24Z, message=null, reason=null, status=True, type=PodScheduled, additionalProperties={})], containerStatuses=[ContainerStatus(containerID=null, image=docker.io/entando/busybox:latest, imageID=, lastState=ContainerState(running=null, terminated=null, waiting=null, additionalProperties={}), name=dummy, ready=*****, restartCount=0, started=null, state=ContainerState(running=null, terminated=null, waiting=ContainerStateWaiting(message=null, reason=PodInitializing, additionalProperties={}), additionalProperties={}), additionalProperties={})], ephemeralContainerStatuses=[], hostIP=54.36.53.206, initContainerStatuses=[ContainerStatus(containerID=docker://648af1d1cde29d741fc6d68fd5f90629d36813e26b833840246d23c4af0dd174, image=docker.io/entando/entando-k8s-dbjob:6.1.4, imageID=docker-pullable://docker.io/entando/entando-k8s-dbjob@sha256:a571dc5f4f72668359ed7de82b06347ef103e91ac3fc9e381259fdfff417506a, lastState=ContainerState(running=null, terminated=null, waiting=null, additionalProperties={}), name=test-entando-acpr24-portdb-schema-creation-job, ready=true, restartCount=0, started=null, state=ContainerState(running=null, terminated=ContainerStateTerminated(containerID=docker://648af1d1cde29d741fc6d68fd5f90629d36813e26b833840246d23c4af0dd174, exitCode=0, finishedAt=2020-11-23T14:19:49Z, message=null, reason=Completed, signal=null, startedAt=2020-11-23T14:19:35Z, additionalProperties={}), waiting=null, additionalProperties={}), additionalProperties={}), ContainerStatus(containerID=docker://123d081d53369b751325a34036c5e56360465e066b00c45f619fc9dcd110574f, image=docker.io/entando/entando-k8s-dbjob:6.1.4, imageID=docker-pullable://docker.io/entando/entando-k8s-dbjob@sha256:a571dc5f4f72668359ed7de82b06347ef103e91ac3fc9e381259fdfff417506a, lastState=ContainerState(running=null, terminated=null, waiting=null, additionalProperties={}), name=test-entando-acpr24-servdb-schema-creation-job, ready=true, restartCount=0, started=null, state=ContainerState(running=null, terminated=ContainerStateTerminated(containerID=docker://123d081d53369b751325a34036c5e56360465e066b00c45f619fc9dcd110574f, exitCode=0, finishedAt=2020-11-23T14:20:03Z, message=null, reason=Completed, signal=null, startedAt=2020-11-23T14:20:00Z, additionalProperties={}), waiting=null, additionalProperties={}), additionalProperties={}), ContainerStatus(containerID=null, image=docker.io/entando/entando-de-app-wildfly:6.3.0, imageID=, lastState=ContainerState(running=null, terminated=null, waiting=null, additionalProperties={}), name=test-entando-acpr24-server-db-population-job, ready=*****, restartCount=0, started=null, state=ContainerState(running=null, terminated=null, waiting=ContainerStateWaiting(message=null, reason=PodInitializing, additionalProperties={}), additionalProperties={}), additionalProperties={}), ContainerStatus(containerID=null, image=docker.io/entando/entando-k8s-dbjob:6.1.4, imageID=, lastState=ContainerState(running=null, terminated=null, waiting=null, additionalProperties={}), name=test-entando-acpr24-dedb-schema-creation-job, ready=*****, restartCount=0, started=null, state=ContainerState(running=null, terminated=null, waiting=ContainerStateWaiting(message=null, reason=PodInitializing, additionalProperties={}), additionalProperties={}), additionalProperties={})], message=nu
ll, nominatedNodeName=null, phase=Pending, podIP=10.128.1.233, podIPs=[], qosClass=BestEffort, reason=null, startTime=2020-11-23T14:19:26Z, additionalProperties={})
MODIFIED:PodStatus(conditions=[PodCondition(lastProbeTime=null, lastTransitionTime=2020-11-23T14:19:26Z, message=containers with incomplete status: [test-entando-acpr24-server-db-population-job test-entando-acpr24-dedb-schema-creation-job], reason=ContainersNotInitialized, status=False, type=Initialized, additionalProperties={}), PodCondition(lastProbeTime=null, lastTransitionTime=2020-11-23T14:19:26Z, message=containers with unready status: [dummy], reason=ContainersNotReady, status=False, type=Ready, additionalProperties={}), PodCondition(lastProbeTime=null, lastTransitionTime=null, message=containers with unready status: [dummy], reason=ContainersNotReady, status=False, type=ContainersReady, additionalProperties={}), PodCondition(lastProbeTime=null, lastTransitionTime=2020-11-23T14:19:24Z, message=null, reason=null, status=True, type=PodScheduled, additionalProperties={})], containerStatuses=[ContainerStatus(containerID=null, image=docker.io/entando/busybox:latest, imageID=, lastState=ContainerState(running=null, terminated=null, waiting=null, additionalProperties={}), name=dummy, ready=*****, restartCount=0, started=null, state=ContainerState(running=null, terminated=null, waiting=ContainerStateWaiting(message=null, reason=PodInitializing, additionalProperties={}), additionalProperties={}), additionalProperties={})], ephemeralContainerStatuses=[], hostIP=54.36.53.206, initContainerStatuses=[ContainerStatus(containerID=docker://648af1d1cde29d741fc6d68fd5f90629d36813e26b833840246d23c4af0dd174, image=docker.io/entando/entando-k8s-dbjob:6.1.4, imageID=docker-pullable://docker.io/entando/entando-k8s-dbjob@sha256:a571dc5f4f72668359ed7de82b06347ef103e91ac3fc9e381259fdfff417506a, lastState=ContainerState(running=null, terminated=null, waiting=null, additionalProperties={}), name=test-entando-acpr24-portdb-schema-creation-job, ready=true, restartCount=0, started=null, state=ContainerState(running=null, terminated=ContainerStateTerminated(containerID=docker://648af1d1cde29d741fc6d68fd5f90629d36813e26b833840246d23c4af0dd174, exitCode=0, finishedAt=2020-11-23T14:19:49Z, message=null, reason=Completed, signal=null, startedAt=2020-11-23T14:19:35Z, additionalProperties={}), waiting=null, additionalProperties={}), additionalProperties={}), ContainerStatus(containerID=docker://123d081d53369b751325a34036c5e56360465e066b00c45f619fc9dcd110574f, image=docker.io/entando/entando-k8s-dbjob:6.1.4, imageID=docker-pullable://docker.io/entando/entando-k8s-dbjob@sha256:a571dc5f4f72668359ed7de82b06347ef103e91ac3fc9e381259fdfff417506a, lastState=ContainerState(running=null, terminated=null, waiting=null, additionalProperties={}), name=test-entando-acpr24-servdb-schema-creation-job, ready=true, restartCount=0, started=null, state=ContainerState(running=null, terminated=ContainerStateTerminated(containerID=docker://123d081d53369b751325a34036c5e56360465e066b00c45f619fc9dcd110574f, exitCode=0, finishedAt=2020-11-23T14:20:03Z, message=null, reason=Completed, signal=null, startedAt=2020-11-23T14:20:00Z, additionalProperties={}), waiting=null, additionalProperties={}), additionalProperties={}), ContainerStatus(containerID=docker://2cf6b7ae08dfe51eab8eb9dcef698e313bd338faf38b991169a5dde4c4444708, image=docker.io/entando/entando-de-app-wildfly:6.3.0, imageID=docker-pullable://docker.io/entando/entando-de-app-wildfly@sha256:a5c1d2a62b6e41822565205aa679fabf5ff5af7ca455096f7da79dc9e7f19221, lastState=ContainerState(running=null, terminated=null, waiting=null, additionalProperties={}), name=test-entando-acpr24-server-db-population-job, ready=*****, restartCount=0, started=null, state=ContainerState(running=ContainerStateRunning(startedAt=2020-11-23T14:20:10Z, additionalProperties={}), terminated=null, waiting=null, additionalProperties={}), additionalProperties={}), ContainerStatus(containerID=null, image=docker.io/entando/entando-k8s-dbjob:6.1.4, imageID=, lastState=ContainerState(running=null, terminated=null, waiting=null, additionalProperties={}), name=test-entando-acpr24-dedb-schema-creation-job, ready=*****, restartCount=0, started=null, state=ContainerS
tate(running=null, terminated=null, waiting=ContainerStateWaiting(message=null, reason=PodInitializing, additionalProperties={}), additionalProperties={}), additionalProperties={})], message=null, nominatedNodeName=null, phase=Pending, podIP=10.128.1.233, podIPs=[], qosClass=BestEffort, reason=null, startTime=2020-11-23T14:19:26Z, additionalProperties={})
MODIFIED:PodStatus(conditions=[PodCondition(lastProbeTime=null, lastTransitionTime=2020-11-23T14:21:42Z, message=null, reason=null, status=True, type=Initialized, additionalProperties={}), PodCondition(lastProbeTime=null, lastTransitionTime=2020-11-23T14:19:26Z, message=containers with unready status: [dummy], reason=ContainersNotReady, status=False, type=Ready, additionalProperties={}), PodCondition(lastProbeTime=null, lastTransitionTime=null, message=containers with unready status: [dummy], reason=ContainersNotReady, status=False, type=ContainersReady, additionalProperties={}), PodCondition(lastProbeTime=null, lastTransitionTime=2020-11-23T14:19:24Z, message=null, reason=null, status=True, type=PodScheduled, additionalProperties={})], containerStatuses=[ContainerStatus(containerID=null, image=docker.io/entando/busybox:latest, imageID=, lastState=ContainerState(running=null, terminated=null, waiting=null, additionalProperties={}), name=dummy, ready=*****, restartCount=0, started=null, state=ContainerState(running=null, terminated=null, waiting=ContainerStateWaiting(message=null, reason=PodInitializing, additionalProperties={}), additionalProperties={}), additionalProperties={})], ephemeralContainerStatuses=[], hostIP=54.36.53.206, initContainerStatuses=[ContainerStatus(containerID=docker://648af1d1cde29d741fc6d68fd5f90629d36813e26b833840246d23c4af0dd174, image=docker.io/entando/entando-k8s-dbjob:6.1.4, imageID=docker-pullable://docker.io/entando/entando-k8s-dbjob@sha256:a571dc5f4f72668359ed7de82b06347ef103e91ac3fc9e381259fdfff417506a, lastState=ContainerState(running=null, terminated=null, waiting=null, additionalProperties={}), name=test-entando-acpr24-portdb-schema-creation-job, ready=true, restartCount=0, started=null, state=ContainerState(running=null, terminated=ContainerStateTerminated(containerID=docker://648af1d1cde29d741fc6d68fd5f90629d36813e26b833840246d23c4af0dd174, exitCode=0, finishedAt=2020-11-23T14:19:49Z, message=null, reason=Completed, signal=null, startedAt=2020-11-23T14:19:35Z, additionalProperties={}), waiting=null, additionalProperties={}), additionalProperties={}), ContainerStatus(containerID=docker://123d081d53369b751325a34036c5e56360465e066b00c45f619fc9dcd110574f, image=docker.io/entando/entando-k8s-dbjob:6.1.4, imageID=docker-pullable://docker.io/entando/entando-k8s-dbjob@sha256:a571dc5f4f72668359ed7de82b06347ef103e91ac3fc9e381259fdfff417506a, lastState=ContainerState(running=null, terminated=null, waiting=null, additionalProperties={}), name=test-entando-acpr24-servdb-schema-creation-job, ready=true, restartCount=0, started=null, state=ContainerState(running=null, terminated=ContainerStateTerminated(containerID=docker://123d081d53369b751325a34036c5e56360465e066b00c45f619fc9dcd110574f, exitCode=0, finishedAt=2020-11-23T14:20:03Z, message=null, reason=Completed, signal=null, startedAt=2020-11-23T14:20:00Z, additionalProperties={}), waiting=null, additionalProperties={}), additionalProperties={}), ContainerStatus(containerID=docker://2cf6b7ae08dfe51eab8eb9dcef698e313bd338faf38b991169a5dde4c4444708, image=docker.io/entando/entando-de-app-wildfly:6.3.0, imageID=docker-pullable://docker.io/entando/entando-de-app-wildfly@sha256:a5c1d2a62b6e41822565205aa679fabf5ff5af7ca455096f7da79dc9e7f19221, lastState=ContainerState(running=null, terminated=null, waiting=null, additionalProperties={}), name=test-entando-acpr24-server-db-population-job, ready=true, restartCount=0, started=null, state=ContainerState(running=null, terminated=ContainerStateTerminated(containerID=docker://2cf6b7ae08dfe51eab8eb9dcef698e313bd338faf38b991169a5dde4c4444708, exitCode=0, finishedAt=2020-11-23T14:21:25Z, message=null, reason=Completed, signal=null, startedAt=2020-11-23T14:20:10Z, additionalProperties={}), waiting=null, additionalProperties={}), additionalProperties={}), ContainerStatus(containerID=docker://22759f2b38cac97982274d5bb5ab176e0de3375668be7a6453f1b93534c1f202, image=docker.io/entando/entando-k8s-dbjob:6.1.4, imageID=docker-pullable://docker.io/entando/entando-k8s-dbjob@sha256:a571dc5f4f72668359ed7de82b06347ef103e91ac3
fc9e381259fdfff417506a, lastState=ContainerState(running=null, terminated=null, waiting=null, additionalProperties={}), name=test-entando-acpr24-dedb-schema-creation-job, ready=true, restartCount=0, started=null, state=ContainerState(running=null, terminated=ContainerStateTerminated(containerID=docker://22759f2b38cac97982274d5bb5ab176e0de3375668be7a6453f1b93534c1f202, exitCode=0, finishedAt=2020-11-23T14:21:39Z, message=null, reason=Completed, signal=null, startedAt=2020-11-23T14:21:37Z, additionalProperties={}), waiting=null, additionalProperties={}), additionalProperties={})], message=null, nominatedNodeName=null, phase=Pending, podIP=10.128.1.233, podIPs=[], qosClass=BestEffort, reason=null, startTime=2020-11-23T14:19:26Z, additionalProperties={})
MODIFIED:PodStatus(conditions=[PodCondition(lastProbeTime=null, lastTransitionTime=2020-11-23T14:21:42Z, message=null, reason=PodCompleted, status=True, type=Initialized, additionalProperties={}), PodCondition(lastProbeTime=null, lastTransitionTime=2020-11-23T14:19:26Z, message=null, reason=PodCompleted, status=False, type=Ready, additionalProperties={}), PodCondition(lastProbeTime=null, lastTransitionTime=null, message=null, reason=PodCompleted, status=False, type=ContainersReady, additionalProperties={}), PodCondition(lastProbeTime=null, lastTransitionTime=2020-11-23T14:19:24Z, message=null, reason=null, status=True, type=PodScheduled, additionalProperties={})], containerStatuses=[ContainerStatus(containerID=docker://0b9e18e6eab9493db4cd0a545a5017331a9880b1fa919264e60c90e34633b04f, image=docker.io/entando/busybox:latest, imageID=docker-pullable://docker.io/entando/busybox@sha256:400ee2ed939df769d4681023810d2e4fb9479b8401d97003c710d0e20f7c49c6, lastState=ContainerState(running=null, terminated=null, waiting=null, additionalProperties={}), name=dummy, ready=*****, restartCount=0, started=null, state=ContainerState(running=null, terminated=ContainerStateTerminated(containerID=docker://0b9e18e6eab9493db4cd0a545a5017331a9880b1fa919264e60c90e34633b04f, exitCode=0, finishedAt=2020-11-23T14:21:44Z, message=null, reason=Completed, signal=null, startedAt=2020-11-23T14:21:44Z, additionalProperties={}), waiting=null, additionalProperties={}), additionalProperties={})], ephemeralContainerStatuses=[], hostIP=54.36.53.206, initContainerStatuses=[ContainerStatus(containerID=docker://648af1d1cde29d741fc6d68fd5f90629d36813e26b833840246d23c4af0dd174, image=docker.io/entando/entando-k8s-dbjob:6.1.4, imageID=docker-pullable://docker.io/entando/entando-k8s-dbjob@sha256:a571dc5f4f72668359ed7de82b06347ef103e91ac3fc9e381259fdfff417506a, lastState=ContainerState(running=null, terminated=null, waiting=null, additionalProperties={}), name=test-entando-acpr24-portdb-schema-creation-job, ready=true, restartCount=0, started=null, state=ContainerState(running=null, terminated=ContainerStateTerminated(containerID=docker://648af1d1cde29d741fc6d68fd5f90629d36813e26b833840246d23c4af0dd174, exitCode=0, finishedAt=2020-11-23T14:19:49Z, message=null, reason=Completed, signal=null, startedAt=2020-11-23T14:19:35Z, additionalProperties={}), waiting=null, additionalProperties={}), additionalProperties={}), ContainerStatus(containerID=docker://123d081d53369b751325a34036c5e56360465e066b00c45f619fc9dcd110574f, image=docker.io/entando/entando-k8s-dbjob:6.1.4, imageID=docker-pullable://docker.io/entando/entando-k8s-dbjob@sha256:a571dc5f4f72668359ed7de82b06347ef103e91ac3fc9e381259fdfff417506a, lastState=ContainerState(running=null, terminated=null, waiting=null, additionalProperties={}), name=test-entando-acpr24-servdb-schema-creation-job, ready=true, restartCount=0, started=null, state=ContainerState(running=null, terminated=ContainerStateTerminated(containerID=docker://123d081d53369b751325a34036c5e56360465e066b00c45f619fc9dcd110574f, exitCode=0, finishedAt=2020-11-23T14:20:03Z, message=null, reason=Completed, signal=null, startedAt=2020-11-23T14:20:00Z, additionalProperties={}), waiting=null, additionalProperties={}), additionalProperties={}), ContainerStatus(containerID=docker://2cf6b7ae08dfe51eab8eb9dcef698e313bd338faf38b991169a5dde4c4444708, image=docker.io/entando/entando-de-app-wildfly:6.3.0, imageID=docker-pullable://docker.io/entando/entando-de-app-wildfly@sha256:a5c1d2a62b6e41822565205aa679fabf5ff5af7ca455096f7da79dc9e7f19221, lastState=ContainerState(running=null, terminated=null, waiting=null, additionalProperties={}), name=test-entando-acpr24-server-db-population-job, ready=true, restartCount=0, started=null, state=ContainerState(running=null, terminated=ContainerStateTerminated(containerID=docker://2cf6b7ae08dfe51eab8eb9dcef698e313bd338faf38b991169a5dde4c4444708, exitCode=0, finishedAt=2020-11-23T14:21:25Z, message=null, reason=Completed, signal=null, startedAt=2020-11-23T14:20:10Z, additionalProperties={}), waiting=null, additionalProperties={}), addit
ionalProperties={}), ContainerStatus(containerID=docker://22759f2b38cac97982274d5bb5ab176e0de3375668be7a6453f1b93534c1f202, image=docker.io/entando/entando-k8s-dbjob:6.1.4, imageID=docker-pullable://docker.io/entando/entando-k8s-dbjob@sha256:a571dc5f4f72668359ed7de82b06347ef103e91ac3fc9e381259fdfff417506a, lastState=ContainerState(running=null, terminated=null, waiting=null, additionalProperties={}), name=test-entando-acpr24-dedb-schema-creation-job, ready=true, restartCount=0, started=null, state=ContainerState(running=null, terminated=ContainerStateTerminated(containerID=docker://22759f2b38cac97982274d5bb5ab176e0de3375668be7a6453f1b93534c1f202, exitCode=0, finishedAt=2020-11-23T14:21:39Z, message=null, reason=Completed, signal=null, startedAt=2020-11-23T14:21:37Z, additionalProperties={}), waiting=null, additionalProperties={}), additionalProperties={})], message=null, nominatedNodeName=null, phase=Succeeded, podIP=10.128.1.233, podIPs=[], qosClass=BestEffort, reason=null, startTime=2020-11-23T14:19:26Z, additionalProperties={})
Finished: test-entando-acpr24-db-preparation-job-a7d016a9-f
ADDED:PodStatus(conditions=[PodCondition(lastProbeTime=null, lastTransitionTime=2020-11-23T14:22:33Z, message=null, reason=null, status=True, type=PodScheduled, additionalProperties={})], containerStatuses=[], ephemeralContainerStatuses=[], hostIP=null, initContainerStatuses=[], message=null, nominatedNodeName=null, phase=Pending, podIP=null, podIPs=[], qosClass=Burstable, reason=null, startTime=null, additionalProperties={})
MODIFIED:PodStatus(conditions=[PodCondition(lastProbeTime=null, lastTransitionTime=2020-11-23T14:22:34Z, message=null, reason=null, status=True, type=Initialized, additionalProperties={}), PodCondition(lastProbeTime=null, lastTransitionTime=2020-11-23T14:22:34Z, message=containers with unready status: [server-container de-container appbuilder-container], reason=ContainersNotReady, status=False, type=Ready, additionalProperties={}), PodCondition(lastProbeTime=null, lastTransitionTime=null, message=containers with unready status: [server-container de-container appbuilder-container], reason=ContainersNotReady, status=False, type=ContainersReady, additionalProperties={}), PodCondition(lastProbeTime=null, lastTransitionTime=2020-11-23T14:22:33Z, message=null, reason=null, status=True, type=PodScheduled, additionalProperties={})], containerStatuses=[ContainerStatus(containerID=null, image=docker.io/entando/app-builder:6.1.174, imageID=, lastState=ContainerState(running=null, terminated=null, waiting=null, additionalProperties={}), name=appbuilder-container, ready=*****, restartCount=0, started=null, state=ContainerState(running=null, terminated=null, waiting=ContainerStateWaiting(message=null, reason=ContainerCreating, additionalProperties={}), additionalProperties={}), additionalProperties={}), ContainerStatus(containerID=null, image=docker.io/entando/entando-component-manager:6.2.27, imageID=, lastState=ContainerState(running=null, terminated=null, waiting=null, additionalProperties={}), name=de-container, ready=*****, restartCount=0, started=null, state=ContainerState(running=null, terminated=null, waiting=ContainerStateWaiting(message=null, reason=ContainerCreating, additionalProperties={}), additionalProperties={}), additionalProperties={}), ContainerStatus(containerID=null, image=docker.io/entando/entando-de-app-wildfly:6.3.0, imageID=, lastState=ContainerState(running=null, terminated=null, waiting=null, additionalProperties={}), name=server-container, ready=*****, restartCount=0, started=null, state=ContainerState(running=null, terminated=null, waiting=ContainerStateWaiting(message=null, reason=ContainerCreating, additionalProperties={}), additionalProperties={}), additionalProperties={})], ephemeralContainerStatuses=[], hostIP=54.36.53.206, initContainerStatuses=[], message=null, nominatedNodeName=null, phase=Pending, podIP=null, podIPs=[], qosClass=Burstable, reason=null, startTime=2020-11-23T14:22:34Z, additionalProperties={})
MODIFIED:PodStatus(conditions=[PodCondition(lastProbeTime=null, lastTransitionTime=2020-11-23T14:22:34Z, message=null, reason=null, status=True, type=Initialized, additionalProperties={}), PodCondition(lastProbeTime=null, lastTransitionTime=2020-11-23T14:22:34Z, message=containers with unready status: [server-container de-container appbuilder-container], reason=ContainersNotReady, status=False, type=Ready, additionalProperties={}), PodCondition(lastProbeTime=null, lastTransitionTime=null, message=containers with unready status: [server-container de-container appbuilder-container], reason=ContainersNotReady, status=False, type=ContainersReady, additionalProperties={}), PodCondition(lastProbeTime=null, lastTransitionTime=2020-11-23T14:22:33Z, message=null, reason=null, status=True, type=PodScheduled, additionalProperties={})], containerStatuses=[ContainerStatus(containerID=docker://6a4a36505ba0960a75a7f893b247ba4f9123877f5d130b4d260815cd1db93759, image=docker.io/entando/app-builder:6.1.174, imageID=docker-pullable://docker.io/entando/app-builder@sha256:a938a89f84e9d717a808bc160da87eedc19c4a6d21da492d41254759bd5a7d3f, lastState=ContainerState(running=null, terminated=null, waiting=null, additionalProperties={}), name=appbuilder-container, ready=*****, restartCount=0, started=null, state=ContainerState(running=ContainerStateRunning(startedAt=2020-11-23T14:23:06Z, additionalProperties={}), terminated=null, waiting=null, additionalProperties={}), additionalProperties={}), ContainerStatus(containerID=docker://90eb116d630cc7789774d3fc6b0f291e21db23436cb2486395f90c5ca604805c, image=docker.io/entando/entando-component-manager:6.2.27, imageID=docker-pullable://docker.io/entando/entando-component-manager@sha256:8a4a4818b463f1b510b060870fb1e41fdfea1c30a33f67cec06d1cc1ade1708d, lastState=ContainerState(running=null, terminated=null, waiting=null, additionalProperties={}), name=de-container, ready=*****, restartCount=0, started=null, state=ContainerState(running=ContainerStateRunning(startedAt=2020-11-23T14:23:04Z, additionalProperties={}), terminated=null, waiting=null, additionalProperties={}), additionalProperties={}), ContainerStatus(containerID=docker://8864f616303dbc5a45632bf739fd1748411ff9c9affb8d0873d01a8851864977, image=docker.io/entando/entando-de-app-wildfly:6.3.0, imageID=docker-pullable://docker.io/entando/entando-de-app-wildfly@sha256:a5c1d2a62b6e41822565205aa679fabf5ff5af7ca455096f7da79dc9e7f19221, lastState=ContainerState(running=null, terminated=null, waiting=null, additionalProperties={}), name=server-container, ready=*****, restartCount=0, started=null, state=ContainerState(running=ContainerStateRunning(startedAt=2020-11-23T14:22:58Z, additionalProperties={}), terminated=null, waiting=null, additionalProperties={}), additionalProperties={})], ephemeralContainerStatuses=[], hostIP=54.36.53.206, initContainerStatuses=[], message=null, nominatedNodeName=null, phase=Running, podIP=10.128.1.251, podIPs=[], qosClass=Burstable, reason=null, startTime=2020-11-23T14:22:34Z, additionalProperties={})
MODIFIED:PodStatus(conditions=[PodCondition(lastProbeTime=null, lastTransitionTime=2020-11-23T14:22:34Z, message=null, reason=null, status=True, type=Initialized, additionalProperties={}), PodCondition(lastProbeTime=null, lastTransitionTime=2020-11-23T14:22:34Z, message=containers with unready status: [server-container de-container], reason=ContainersNotReady, status=False, type=Ready, additionalProperties={}), PodCondition(lastProbeTime=null, lastTransitionTime=null, message=containers with unready status: [server-container de-container], reason=ContainersNotReady, status=False, type=ContainersReady, additionalProperties={}), PodCondition(lastProbeTime=null, lastTransitionTime=2020-11-23T14:22:33Z, message=null, reason=null, status=True, type=PodScheduled, additionalProperties={})], containerStatuses=[ContainerStatus(containerID=docker://6a4a36505ba0960a75a7f893b247ba4f9123877f5d130b4d260815cd1db93759, image=docker.io/entando/app-builder:6.1.174, imageID=docker-pullable://docker.io/entando/app-builder@sha256:a938a89f84e9d717a808bc160da87eedc19c4a6d21da492d41254759bd5a7d3f, lastState=ContainerState(running=null, terminated=null, waiting=null, additionalProperties={}), name=appbuilder-container, ready=true, restartCount=0, started=null, state=ContainerState(running=ContainerStateRunning(startedAt=2020-11-23T14:23:06Z, additionalProperties={}), terminated=null, waiting=null, additionalProperties={}), additionalProperties={}), ContainerStatus(containerID=docker://90eb116d630cc7789774d3fc6b0f291e21db23436cb2486395f90c5ca604805c, image=docker.io/entando/entando-component-manager:6.2.27, imageID=docker-pullable://docker.io/entando/entando-component-manager@sha256:8a4a4818b463f1b510b060870fb1e41fdfea1c30a33f67cec06d1cc1ade1708d, lastState=ContainerState(running=null, terminated=null, waiting=null, additionalProperties={}), name=de-container, ready=*****, restartCount=0, started=null, state=ContainerState(running=ContainerStateRunning(startedAt=2020-11-23T14:23:04Z, additionalProperties={}), terminated=null, waiting=null, additionalProperties={}), additionalProperties={}), ContainerStatus(containerID=docker://8864f616303dbc5a45632bf739fd1748411ff9c9affb8d0873d01a8851864977, image=docker.io/entando/entando-de-app-wildfly:6.3.0, imageID=docker-pullable://docker.io/entando/entando-de-app-wildfly@sha256:a5c1d2a62b6e41822565205aa679fabf5ff5af7ca455096f7da79dc9e7f19221, lastState=ContainerState(running=null, terminated=null, waiting=null, additionalProperties={}), name=server-container, ready=*****, restartCount=0, started=null, state=ContainerState(running=ContainerStateRunning(startedAt=2020-11-23T14:22:58Z, additionalProperties={}), terminated=null, waiting=null, additionalProperties={}), additionalProperties={})], ephemeralContainerStatuses=[], hostIP=54.36.53.206, initContainerStatuses=[], message=null, nominatedNodeName=null, phase=Running, podIP=10.128.1.251, podIPs=[], qosClass=Burstable, reason=null, startTime=2020-11-23T14:22:34Z, additionalProperties={})
MODIFIED:PodStatus(conditions=[PodCondition(lastProbeTime=null, lastTransitionTime=2020-11-23T14:22:34Z, message=null, reason=null, status=True, type=Initialized, additionalProperties={}), PodCondition(lastProbeTime=null, lastTransitionTime=2020-11-23T14:24:38Z, message=null, reason=null, status=True, type=Ready, additionalProperties={}), PodCondition(lastProbeTime=null, lastTransitionTime=null, message=null, reason=null, status=True, type=ContainersReady, additionalProperties={}), PodCondition(lastProbeTime=null, lastTransitionTime=2020-11-23T14:22:33Z, message=null, reason=null, status=True, type=PodScheduled, additionalProperties={})], containerStatuses=[ContainerStatus(containerID=docker://6a4a36505ba0960a75a7f893b247ba4f9123877f5d130b4d260815cd1db93759, image=docker.io/entando/app-builder:6.1.174, imageID=docker-pullable://docker.io/entando/app-builder@sha256:a938a89f84e9d717a808bc160da87eedc19c4a6d21da492d41254759bd5a7d3f, lastState=ContainerState(running=null, terminated=null, waiting=null, additionalProperties={}), name=appbuilder-container, ready=true, restartCount=0, started=null, state=ContainerState(running=ContainerStateRunning(startedAt=2020-11-23T14:23:06Z, additionalProperties={}), terminated=null, waiting=null, additionalProperties={}), additionalProperties={}), ContainerStatus(containerID=docker://90eb116d630cc7789774d3fc6b0f291e21db23436cb2486395f90c5ca604805c, image=docker.io/entando/entando-component-manager:6.2.27, imageID=docker-pullable://docker.io/entando/entando-component-manager@sha256:8a4a4818b463f1b510b060870fb1e41fdfea1c30a33f67cec06d1cc1ade1708d, lastState=ContainerState(running=null, terminated=null, waiting=null, additionalProperties={}), name=de-container, ready=true, restartCount=0, started=null, state=ContainerState(running=ContainerStateRunning(startedAt=2020-11-23T14:23:04Z, additionalProperties={}), terminated=null, waiting=null, additionalProperties={}), additionalProperties={}), ContainerStatus(containerID=docker://8864f616303dbc5a45632bf739fd1748411ff9c9affb8d0873d01a8851864977, image=docker.io/entando/entando-de-app-wildfly:6.3.0, imageID=docker-pullable://docker.io/entando/entando-de-app-wildfly@sha256:a5c1d2a62b6e41822565205aa679fabf5ff5af7ca455096f7da79dc9e7f19221, lastState=ContainerState(running=null, terminated=null, waiting=null, additionalProperties={}), name=server-container, ready=true, restartCount=0, started=null, state=ContainerState(running=ContainerStateRunning(startedAt=2020-11-23T14:22:58Z, additionalProperties={}), terminated=null, waiting=null, additionalProperties={}), additionalProperties={})], ephemeralContainerStatuses=[], hostIP=54.36.53.206, initContainerStatuses=[], message=null, nominatedNodeName=null, phase=Running, podIP=10.128.1.251, podIPs=[], qosClass=Burstable, reason=null, startTime=2020-11-23T14:22:34Z, additionalProperties={})
Finished: test-entando-acpr24-server-deployment-7bc68bd6f5-kf7g4
200:null
Nov 23, 2020 2:24:48 PM org.entando.kubernetes.controller.integrationtest.support.DeletionWaiter lambda$deleteSingleItem$2
WARNING: Deleting deployments  entando-k8s-app-controller-acpr24/test-entando-acpr24-server-deployment to zero
Nov 23, 2020 2:24:49 PM org.entando.kubernetes.controller.integrationtest.support.DeletionWaiter lambda$deleteSingleItem$2
WARNING: Deleting deployments  entando-k8s-app-controller-acpr24/test-entando-acpr24-server-deployment
Nov 23, 2020 2:24:49 PM org.entando.kubernetes.controller.integrationtest.support.DeletionWaiter lambda$deleteSingleItem$2
WARNING: Deleting pods  entando-k8s-app-controller-acpr24/test-entando-acpr24-db-preparation-job-a7d016a9-f
Nov 23, 2020 2:24:49 PM org.entando.kubernetes.controller.integrationtest.support.DeletionWaiter lambda$deleteSingleItem$2
WARNING: Deleting pods  entando-k8s-app-controller-acpr24/test-entando-acpr24-deployer-3dptqxl3fu
Nov 23, 2020 2:24:50 PM org.entando.kubernetes.controller.integrationtest.support.DeletionWaiter lambda$deleteSingleItem$2
WARNING: Deleting pods  entando-k8s-app-controller-acpr24/test-entando-acpr24-server-deployment-7bc68bd6f5-kf7g4
Nov 23, 2020 2:24:50 PM org.entando.kubernetes.controller.integrationtest.support.DeletionWaiter lambda$deleteSingleItem$2
WARNING: Deleting configmaps  entando-k8s-app-controller-acpr24/eci-entando-k8s-app-controller-acpr24-eti-acpr24-connection-config
Deleting KeycloakClient entando-web
Deleting KeycloakClient test-entando-acpr24-de
Deleting KeycloakClient test-entando-acpr24-server
!!!!!!!On EntandoApp add!!!!!!!!!
ADDED:PodStatus(conditions=[PodCondition(lastProbeTime=null, lastTransitionTime=2020-11-23T14:25:13Z, message=null, reason=null, status=True, type=PodScheduled, additionalProperties={})], containerStatuses=[], ephemeralContainerStatuses=[], hostIP=null, initContainerStatuses=[], message=null, nominatedNodeName=null, phase=Pending, podIP=null, podIPs=[], qosClass=BestEffort, reason=null, startTime=null, additionalProperties={})
MODIFIED:PodStatus(conditions=[PodCondition(lastProbeTime=null, lastTransitionTime=2020-11-23T14:25:14Z, message=containers with incomplete status: [test-entando-acpr24-portdb-schema-creation-job test-entando-acpr24-servdb-schema-creation-job test-entando-acpr24-server-db-population-job test-entando-acpr24-dedb-schema-creation-job], reason=ContainersNotInitialized, status=False, type=Initialized, additionalProperties={}), PodCondition(lastProbeTime=null, lastTransitionTime=2020-11-23T14:25:14Z, message=containers with unready status: [dummy], reason=ContainersNotReady, status=False, type=Ready, additionalProperties={}), PodCondition(lastProbeTime=null, lastTransitionTime=null, message=containers with unready status: [dummy], reason=ContainersNotReady, status=False, type=ContainersReady, additionalProperties={}), PodCondition(lastProbeTime=null, lastTransitionTime=2020-11-23T14:25:13Z, message=null, reason=null, status=True, type=PodScheduled, additionalProperties={})], containerStatuses=[ContainerStatus(containerID=null, image=docker.io/entando/busybox:latest, imageID=, lastState=ContainerState(running=null, terminated=null, waiting=null, additionalProperties={}), name=dummy, ready=*****, restartCount=0, started=null, state=ContainerState(running=null, terminated=null, waiting=ContainerStateWaiting(message=null, reason=PodInitializing, additionalProperties={}), additionalProperties={}), additionalProperties={})], ephemeralContainerStatuses=[], hostIP=54.36.53.206, initContainerStatuses=[ContainerStatus(containerID=null, image=docker.io/entando/entando-k8s-dbjob:6.1.4, imageID=, lastState=ContainerState(running=null, terminated=null, waiting=null, additionalProperties={}), name=test-entando-acpr24-portdb-schema-creation-job, ready=*****, restartCount=0, started=null, state=ContainerState(running=null, terminated=null, waiting=ContainerStateWaiting(message=null, reason=PodInitializing, additionalProperties={}), additionalProperties={}), additionalProperties={}), ContainerStatus(containerID=null, image=docker.io/entando/entando-k8s-dbjob:6.1.4, imageID=, lastState=ContainerState(running=null, terminated=null, waiting=null, additionalProperties={}), name=test-entando-acpr24-servdb-schema-creation-job, ready=*****, restartCount=0, started=null, state=ContainerState(running=null, terminated=null, waiting=ContainerStateWaiting(message=null, reason=PodInitializing, additionalProperties={}), additionalProperties={}), additionalProperties={}), ContainerStatus(containerID=null, image=docker.io/entando/entando-de-app-wildfly:6.3.0, imageID=, lastState=ContainerState(running=null, terminated=null, waiting=null, additionalProperties={}), name=test-entando-acpr24-server-db-population-job, ready=*****, restartCount=0, started=null, state=ContainerState(running=null, terminated=null, waiting=ContainerStateWaiting(message=null, reason=PodInitializing, additionalProperties={}), additionalProperties={}), additionalProperties={}), ContainerStatus(containerID=null, image=docker.io/entando/entando-k8s-dbjob:6.1.4, imageID=, lastState=ContainerState(running=null, terminated=null, waiting=null, additionalProperties={}), name=test-entando-acpr24-dedb-schema-creation-job, ready=*****, restartCount=0, started=null, state=ContainerState(running=null, terminated=null, waiting=ContainerStateWaiting(message=null, reason=PodInitializing, additionalProperties={}), additionalProperties={}), additionalProperties={})], message=null, nominatedNodeName=null, phase=Pending, podIP=null, podIPs=[], qosClass=BestEffort, reason=null, startTime=2020-11-23T14:25:14Z, additionalProperties={})
MODIFIED:PodStatus(conditions=[PodCondition(lastProbeTime=null, lastTransitionTime=2020-11-23T14:25:14Z, message=containers with incomplete status: [test-entando-acpr24-portdb-schema-creation-job test-entando-acpr24-servdb-schema-creation-job test-entando-acpr24-server-db-population-job test-entando-acpr24-dedb-schema-creation-job], reason=ContainersNotInitialized, status=False, type=Initialized, additionalProperties={}), PodCondition(lastProbeTime=null, lastTransitionTime=2020-11-23T14:25:14Z, message=containers with unready status: [dummy], reason=ContainersNotReady, status=False, type=Ready, additionalProperties={}), PodCondition(lastProbeTime=null, lastTransitionTime=null, message=containers with unready status: [dummy], reason=ContainersNotReady, status=False, type=ContainersReady, additionalProperties={}), PodCondition(lastProbeTime=null, lastTransitionTime=2020-11-23T14:25:13Z, message=null, reason=null, status=True, type=PodScheduled, additionalProperties={})], containerStatuses=[ContainerStatus(containerID=null, image=docker.io/entando/busybox:latest, imageID=, lastState=ContainerState(running=null, terminated=null, waiting=null, additionalProperties={}), name=dummy, ready=*****, restartCount=0, started=null, state=ContainerState(running=null, terminated=null, waiting=ContainerStateWaiting(message=null, reason=PodInitializing, additionalProperties={}), additionalProperties={}), additionalProperties={})], ephemeralContainerStatuses=[], hostIP=54.36.53.206, initContainerStatuses=[ContainerStatus(containerID=docker://38116ccc955a6116b1de652635e9df7bca4221e12004656ed61229463736ca17, image=docker.io/entando/entando-k8s-dbjob:6.1.4, imageID=docker-pullable://docker.io/entando/entando-k8s-dbjob@sha256:a571dc5f4f72668359ed7de82b06347ef103e91ac3fc9e381259fdfff417506a, lastState=ContainerState(running=null, terminated=null, waiting=null, additionalProperties={}), name=test-entando-acpr24-portdb-schema-creation-job, ready=*****, restartCount=0, started=null, state=ContainerState(running=ContainerStateRunning(startedAt=2020-11-23T14:25:43Z, additionalProperties={}), terminated=null, waiting=null, additionalProperties={}), additionalProperties={}), ContainerStatus(containerID=null, image=docker.io/entando/entando-k8s-dbjob:6.1.4, imageID=, lastState=ContainerState(running=null, terminated=null, waiting=null, additionalProperties={}), name=test-entando-acpr24-servdb-schema-creation-job, ready=*****, restartCount=0, started=null, state=ContainerState(running=null, terminated=null, waiting=ContainerStateWaiting(message=null, reason=PodInitializing, additionalProperties={}), additionalProperties={}), additionalProperties={}), ContainerStatus(containerID=null, image=docker.io/entando/entando-de-app-wildfly:6.3.0, imageID=, lastState=ContainerState(running=null, terminated=null, waiting=null, additionalProperties={}), name=test-entando-acpr24-server-db-population-job, ready=*****, restartCount=0, started=null, state=ContainerState(running=null, terminated=null, waiting=ContainerStateWaiting(message=null, reason=PodInitializing, additionalProperties={}), additionalProperties={}), additionalProperties={}), ContainerStatus(containerID=null, image=docker.io/entando/entando-k8s-dbjob:6.1.4, imageID=, lastState=ContainerState(running=null, terminated=null, waiting=null, additionalProperties={}), name=test-entando-acpr24-dedb-schema-creation-job, ready=*****, restartCount=0, started=null, state=ContainerState(running=null, terminated=null, waiting=ContainerStateWaiting(message=null, reason=PodInitializing, additionalProperties={}), additionalProperties={}), additionalProperties={})], message=null, nominatedNodeName=null, phase=Pending, podIP=10.128.0.9, podIPs=[], qosClass=BestEffort, reason=null, startTime=2020-11-23T14:25:14Z, additionalProperties={})
MODIFIED:PodStatus(conditions=[PodCondition(lastProbeTime=null, lastTransitionTime=2020-11-23T14:25:14Z, message=containers with incomplete status: [test-entando-acpr24-server-db-population-job test-entando-acpr24-dedb-schema-creation-job], reason=ContainersNotInitialized, status=False, type=Initialized, additionalProperties={}), PodCondition(lastProbeTime=null, lastTransitionTime=2020-11-23T14:25:14Z, message=containers with unready status: [dummy], reason=ContainersNotReady, status=False, type=Ready, additionalProperties={}), PodCondition(lastProbeTime=null, lastTransitionTime=null, message=containers with unready status: [dummy], reason=ContainersNotReady, status=False, type=ContainersReady, additionalProperties={}), PodCondition(lastProbeTime=null, lastTransitionTime=2020-11-23T14:25:13Z, message=null, reason=null, status=True, type=PodScheduled, additionalProperties={})], containerStatuses=[ContainerStatus(containerID=null, image=docker.io/entando/busybox:latest, imageID=, lastState=ContainerState(running=null, terminated=null, waiting=null, additionalProperties={}), name=dummy, ready=*****, restartCount=0, started=null, state=ContainerState(running=null, terminated=null, waiting=ContainerStateWaiting(message=null, reason=PodInitializing, additionalProperties={}), additionalProperties={}), additionalProperties={})], ephemeralContainerStatuses=[], hostIP=54.36.53.206, initContainerStatuses=[ContainerStatus(containerID=docker://38116ccc955a6116b1de652635e9df7bca4221e12004656ed61229463736ca17, image=docker.io/entando/entando-k8s-dbjob:6.1.4, imageID=docker-pullable://docker.io/entando/entando-k8s-dbjob@sha256:a571dc5f4f72668359ed7de82b06347ef103e91ac3fc9e381259fdfff417506a, lastState=ContainerState(running=null, terminated=null, waiting=null, additionalProperties={}), name=test-entando-acpr24-portdb-schema-creation-job, ready=true, restartCount=0, started=null, state=ContainerState(running=null, terminated=ContainerStateTerminated(containerID=docker://38116ccc955a6116b1de652635e9df7bca4221e12004656ed61229463736ca17, exitCode=0, finishedAt=2020-11-23T14:25:45Z, message=null, reason=Completed, signal=null, startedAt=2020-11-23T14:25:43Z, additionalProperties={}), waiting=null, additionalProperties={}), additionalProperties={}), ContainerStatus(containerID=docker://7de39613bc5380486ef1e3139520b502c05a12f6db2bf011011f5569c431222d, image=docker.io/entando/entando-k8s-dbjob:6.1.4, imageID=docker-pullable://docker.io/entando/entando-k8s-dbjob@sha256:a571dc5f4f72668359ed7de82b06347ef103e91ac3fc9e381259fdfff417506a, lastState=ContainerState(running=null, terminated=null, waiting=null, additionalProperties={}), name=test-entando-acpr24-servdb-schema-creation-job, ready=true, restartCount=0, started=null, state=ContainerState(running=null, terminated=ContainerStateTerminated(containerID=docker://7de39613bc5380486ef1e3139520b502c05a12f6db2bf011011f5569c431222d, exitCode=0, finishedAt=2020-11-23T14:25:52Z, message=null, reason=Completed, signal=null, startedAt=2020-11-23T14:25:50Z, additionalProperties={}), waiting=null, additionalProperties={}), additionalProperties={}), ContainerStatus(containerID=null, image=docker.io/entando/entando-de-app-wildfly:6.3.0, imageID=, lastState=ContainerState(running=null, terminated=null, waiting=null, additionalProperties={}), name=test-entando-acpr24-server-db-population-job, ready=*****, restartCount=0, started=null, state=ContainerState(running=null, terminated=null, waiting=ContainerStateWaiting(message=null, reason=PodInitializing, additionalProperties={}), additionalProperties={}), additionalProperties={}), ContainerStatus(containerID=null, image=docker.io/entando/entando-k8s-dbjob:6.1.4, imageID=, lastState=ContainerState(running=null, terminated=null, waiting=null, additionalProperties={}), name=test-entando-acpr24-dedb-schema-creation-job, ready=*****, restartCount=0, started=null, state=ContainerState(running=null, terminated=null, waiting=ContainerStateWaiting(message=null, reason=PodInitializing, additionalProperties={}), additionalProperties={}), additionalProperties={})], message=nu
ll, nominatedNodeName=null, phase=Pending, podIP=10.128.0.9, podIPs=[], qosClass=BestEffort, reason=null, startTime=2020-11-23T14:25:14Z, additionalProperties={})
MODIFIED:PodStatus(conditions=[PodCondition(lastProbeTime=null, lastTransitionTime=2020-11-23T14:25:14Z, message=containers with incomplete status: [test-entando-acpr24-server-db-population-job test-entando-acpr24-dedb-schema-creation-job], reason=ContainersNotInitialized, status=False, type=Initialized, additionalProperties={}), PodCondition(lastProbeTime=null, lastTransitionTime=2020-11-23T14:25:14Z, message=containers with unready status: [dummy], reason=ContainersNotReady, status=False, type=Ready, additionalProperties={}), PodCondition(lastProbeTime=null, lastTransitionTime=null, message=containers with unready status: [dummy], reason=ContainersNotReady, status=False, type=ContainersReady, additionalProperties={}), PodCondition(lastProbeTime=null, lastTransitionTime=2020-11-23T14:25:13Z, message=null, reason=null, status=True, type=PodScheduled, additionalProperties={})], containerStatuses=[ContainerStatus(containerID=null, image=docker.io/entando/busybox:latest, imageID=, lastState=ContainerState(running=null, terminated=null, waiting=null, additionalProperties={}), name=dummy, ready=*****, restartCount=0, started=null, state=ContainerState(running=null, terminated=null, waiting=ContainerStateWaiting(message=null, reason=PodInitializing, additionalProperties={}), additionalProperties={}), additionalProperties={})], ephemeralContainerStatuses=[], hostIP=54.36.53.206, initContainerStatuses=[ContainerStatus(containerID=docker://38116ccc955a6116b1de652635e9df7bca4221e12004656ed61229463736ca17, image=docker.io/entando/entando-k8s-dbjob:6.1.4, imageID=docker-pullable://docker.io/entando/entando-k8s-dbjob@sha256:a571dc5f4f72668359ed7de82b06347ef103e91ac3fc9e381259fdfff417506a, lastState=ContainerState(running=null, terminated=null, waiting=null, additionalProperties={}), name=test-entando-acpr24-portdb-schema-creation-job, ready=true, restartCount=0, started=null, state=ContainerState(running=null, terminated=ContainerStateTerminated(containerID=docker://38116ccc955a6116b1de652635e9df7bca4221e12004656ed61229463736ca17, exitCode=0, finishedAt=2020-11-23T14:25:45Z, message=null, reason=Completed, signal=null, startedAt=2020-11-23T14:25:43Z, additionalProperties={}), waiting=null, additionalProperties={}), additionalProperties={}), ContainerStatus(containerID=docker://7de39613bc5380486ef1e3139520b502c05a12f6db2bf011011f5569c431222d, image=docker.io/entando/entando-k8s-dbjob:6.1.4, imageID=docker-pullable://docker.io/entando/entando-k8s-dbjob@sha256:a571dc5f4f72668359ed7de82b06347ef103e91ac3fc9e381259fdfff417506a, lastState=ContainerState(running=null, terminated=null, waiting=null, additionalProperties={}), name=test-entando-acpr24-servdb-schema-creation-job, ready=true, restartCount=0, started=null, state=ContainerState(running=null, terminated=ContainerStateTerminated(containerID=docker://7de39613bc5380486ef1e3139520b502c05a12f6db2bf011011f5569c431222d, exitCode=0, finishedAt=2020-11-23T14:25:52Z, message=null, reason=Completed, signal=null, startedAt=2020-11-23T14:25:50Z, additionalProperties={}), waiting=null, additionalProperties={}), additionalProperties={}), ContainerStatus(containerID=docker://d55d99e248e9190e32b9690d63daad750f5f71747f62cd5c478d7ac0aa9df64d, image=docker.io/entando/entando-de-app-wildfly:6.3.0, imageID=docker-pullable://docker.io/entando/entando-de-app-wildfly@sha256:a5c1d2a62b6e41822565205aa679fabf5ff5af7ca455096f7da79dc9e7f19221, lastState=ContainerState(running=null, terminated=null, waiting=null, additionalProperties={}), name=test-entando-acpr24-server-db-population-job, ready=*****, restartCount=0, started=null, state=ContainerState(running=ContainerStateRunning(startedAt=2020-11-23T14:26:00Z, additionalProperties={}), terminated=null, waiting=null, additionalProperties={}), additionalProperties={}), ContainerStatus(containerID=null, image=docker.io/entando/entando-k8s-dbjob:6.1.4, imageID=, lastState=ContainerState(running=null, terminated=null, waiting=null, additionalProperties={}), name=test-entando-acpr24-dedb-schema-creation-job, ready=*****, restartCount=0, started=null, state=ContainerS
tate(running=null, terminated=null, waiting=ContainerStateWaiting(message=null, reason=PodInitializing, additionalProperties={}), additionalProperties={}), additionalProperties={})], message=null, nominatedNodeName=null, phase=Pending, podIP=10.128.0.9, podIPs=[], qosClass=BestEffort, reason=null, startTime=2020-11-23T14:25:14Z, additionalProperties={})
MODIFIED:PodStatus(conditions=[PodCondition(lastProbeTime=null, lastTransitionTime=2020-11-23T14:25:14Z, message=containers with incomplete status: [test-entando-acpr24-dedb-schema-creation-job], reason=ContainersNotInitialized, status=False, type=Initialized, additionalProperties={}), PodCondition(lastProbeTime=null, lastTransitionTime=2020-11-23T14:25:14Z, message=containers with unready status: [dummy], reason=ContainersNotReady, status=False, type=Ready, additionalProperties={}), PodCondition(lastProbeTime=null, lastTransitionTime=null, message=containers with unready status: [dummy], reason=ContainersNotReady, status=False, type=ContainersReady, additionalProperties={}), PodCondition(lastProbeTime=null, lastTransitionTime=2020-11-23T14:25:13Z, message=null, reason=null, status=True, type=PodScheduled, additionalProperties={})], containerStatuses=[ContainerStatus(containerID=null, image=docker.io/entando/busybox:latest, imageID=, lastState=ContainerState(running=null, terminated=null, waiting=null, additionalProperties={}), name=dummy, ready=*****, restartCount=0, started=null, state=ContainerState(running=null, terminated=null, waiting=ContainerStateWaiting(message=null, reason=PodInitializing, additionalProperties={}), additionalProperties={}), additionalProperties={})], ephemeralContainerStatuses=[], hostIP=54.36.53.206, initContainerStatuses=[ContainerStatus(containerID=docker://38116ccc955a6116b1de652635e9df7bca4221e12004656ed61229463736ca17, image=docker.io/entando/entando-k8s-dbjob:6.1.4, imageID=docker-pullable://docker.io/entando/entando-k8s-dbjob@sha256:a571dc5f4f72668359ed7de82b06347ef103e91ac3fc9e381259fdfff417506a, lastState=ContainerState(running=null, terminated=null, waiting=null, additionalProperties={}), name=test-entando-acpr24-portdb-schema-creation-job, ready=true, restartCount=0, started=null, state=ContainerState(running=null, terminated=ContainerStateTerminated(containerID=docker://38116ccc955a6116b1de652635e9df7bca4221e12004656ed61229463736ca17, exitCode=0, finishedAt=2020-11-23T14:25:45Z, message=null, reason=Completed, signal=null, startedAt=2020-11-23T14:25:43Z, additionalProperties={}), waiting=null, additionalProperties={}), additionalProperties={}), ContainerStatus(containerID=docker://7de39613bc5380486ef1e3139520b502c05a12f6db2bf011011f5569c431222d, image=docker.io/entando/entando-k8s-dbjob:6.1.4, imageID=docker-pullable://docker.io/entando/entando-k8s-dbjob@sha256:a571dc5f4f72668359ed7de82b06347ef103e91ac3fc9e381259fdfff417506a, lastState=ContainerState(running=null, terminated=null, waiting=null, additionalProperties={}), name=test-entando-acpr24-servdb-schema-creation-job, ready=true, restartCount=0, started=null, state=ContainerState(running=null, terminated=ContainerStateTerminated(containerID=docker://7de39613bc5380486ef1e3139520b502c05a12f6db2bf011011f5569c431222d, exitCode=0, finishedAt=2020-11-23T14:25:52Z, message=null, reason=Completed, signal=null, startedAt=2020-11-23T14:25:50Z, additionalProperties={}), waiting=null, additionalProperties={}), additionalProperties={}), ContainerStatus(containerID=docker://d55d99e248e9190e32b9690d63daad750f5f71747f62cd5c478d7ac0aa9df64d, image=docker.io/entando/entando-de-app-wildfly:6.3.0, imageID=docker-pullable://docker.io/entando/entando-de-app-wildfly@sha256:a5c1d2a62b6e41822565205aa679fabf5ff5af7ca455096f7da79dc9e7f19221, lastState=ContainerState(running=null, terminated=null, waiting=null, additionalProperties={}), name=test-entando-acpr24-server-db-population-job, ready=true, restartCount=0, started=null, state=ContainerState(running=null, terminated=ContainerStateTerminated(containerID=docker://d55d99e248e9190e32b9690d63daad750f5f71747f62cd5c478d7ac0aa9df64d, exitCode=0, finishedAt=2020-11-23T14:27:01Z, message=null, reason=Completed, signal=null, startedAt=2020-11-23T14:26:00Z, additionalProperties={}), waiting=null, additionalProperties={}), additionalProperties={}), ContainerStatus(containerID=null, image=docker.io/entando/entando-k8s-dbjob:6.1.4, imageID=, lastState=ContainerState(running=null, terminated=null, waiting=null, ad
ditionalProperties={}), name=test-entando-acpr24-dedb-schema-creation-job, ready=*****, restartCount=0, started=null, state=ContainerState(running=null, terminated=null, waiting=ContainerStateWaiting(message=null, reason=PodInitializing, additionalProperties={}), additionalProperties={}), additionalProperties={})], message=null, nominatedNodeName=null, phase=Pending, podIP=10.128.0.9, podIPs=[], qosClass=BestEffort, reason=null, startTime=2020-11-23T14:25:14Z, additionalProperties={})
MODIFIED:PodStatus(conditions=[PodCondition(lastProbeTime=null, lastTransitionTime=2020-11-23T14:25:14Z, message=containers with incomplete status: [test-entando-acpr24-dedb-schema-creation-job], reason=ContainersNotInitialized, status=False, type=Initialized, additionalProperties={}), PodCondition(lastProbeTime=null, lastTransitionTime=2020-11-23T14:25:14Z, message=containers with unready status: [dummy], reason=ContainersNotReady, status=False, type=Ready, additionalProperties={}), PodCondition(lastProbeTime=null, lastTransitionTime=null, message=containers with unready status: [dummy], reason=ContainersNotReady, status=False, type=ContainersReady, additionalProperties={}), PodCondition(lastProbeTime=null, lastTransitionTime=2020-11-23T14:25:13Z, message=null, reason=null, status=True, type=PodScheduled, additionalProperties={})], containerStatuses=[ContainerStatus(containerID=null, image=docker.io/entando/busybox:latest, imageID=, lastState=ContainerState(running=null, terminated=null, waiting=null, additionalProperties={}), name=dummy, ready=*****, restartCount=0, started=null, state=ContainerState(running=null, terminated=null, waiting=ContainerStateWaiting(message=null, reason=PodInitializing, additionalProperties={}), additionalProperties={}), additionalProperties={})], ephemeralContainerStatuses=[], hostIP=54.36.53.206, initContainerStatuses=[ContainerStatus(containerID=docker://38116ccc955a6116b1de652635e9df7bca4221e12004656ed61229463736ca17, image=docker.io/entando/entando-k8s-dbjob:6.1.4, imageID=docker-pullable://docker.io/entando/entando-k8s-dbjob@sha256:a571dc5f4f72668359ed7de82b06347ef103e91ac3fc9e381259fdfff417506a, lastState=ContainerState(running=null, terminated=null, waiting=null, additionalProperties={}), name=test-entando-acpr24-portdb-schema-creation-job, ready=true, restartCount=0, started=null, state=ContainerState(running=null, terminated=ContainerStateTerminated(containerID=docker://38116ccc955a6116b1de652635e9df7bca4221e12004656ed61229463736ca17, exitCode=0, finishedAt=2020-11-23T14:25:45Z, message=null, reason=Completed, signal=null, startedAt=2020-11-23T14:25:43Z, additionalProperties={}), waiting=null, additionalProperties={}), additionalProperties={}), ContainerStatus(containerID=docker://7de39613bc5380486ef1e3139520b502c05a12f6db2bf011011f5569c431222d, image=docker.io/entando/entando-k8s-dbjob:6.1.4, imageID=docker-pullable://docker.io/entando/entando-k8s-dbjob@sha256:a571dc5f4f72668359ed7de82b06347ef103e91ac3fc9e381259fdfff417506a, lastState=ContainerState(running=null, terminated=null, waiting=null, additionalProperties={}), name=test-entando-acpr24-servdb-schema-creation-job, ready=true, restartCount=0, started=null, state=ContainerState(running=null, terminated=ContainerStateTerminated(containerID=docker://7de39613bc5380486ef1e3139520b502c05a12f6db2bf011011f5569c431222d, exitCode=0, finishedAt=2020-11-23T14:25:52Z, message=null, reason=Completed, signal=null, startedAt=2020-11-23T14:25:50Z, additionalProperties={}), waiting=null, additionalProperties={}), additionalProperties={}), ContainerStatus(containerID=docker://d55d99e248e9190e32b9690d63daad750f5f71747f62cd5c478d7ac0aa9df64d, image=docker.io/entando/entando-de-app-wildfly:6.3.0, imageID=docker-pullable://docker.io/entando/entando-de-app-wildfly@sha256:a5c1d2a62b6e41822565205aa679fabf5ff5af7ca455096f7da79dc9e7f19221, lastState=ContainerState(running=null, terminated=null, waiting=null, additionalProperties={}), name=test-entando-acpr24-server-db-population-job, ready=true, restartCount=0, started=null, state=ContainerState(running=null, terminated=ContainerStateTerminated(containerID=docker://d55d99e248e9190e32b9690d63daad750f5f71747f62cd5c478d7ac0aa9df64d, exitCode=0, finishedAt=2020-11-23T14:27:01Z, message=null, reason=Completed, signal=null, startedAt=2020-11-23T14:26:00Z, additionalProperties={}), waiting=null, additionalProperties={}), additionalProperties={}), ContainerStatus(containerID=docker://03f7670d935cd00a02bc2ef7f51a9a2c7180c614f29a8905b9cf8cd550c60552, image=docker.io/entando/entando-k8s-dbjob:6.1.4, imageID=docke
r-pullable://docker.io/entando/entando-k8s-dbjob@sha256:a571dc5f4f72668359ed7de82b06347ef103e91ac3fc9e381259fdfff417506a, lastState=ContainerState(running=null, terminated=null, waiting=null, additionalProperties={}), name=test-entando-acpr24-dedb-schema-creation-job, ready=*****, restartCount=0, started=null, state=ContainerState(running=ContainerStateRunning(startedAt=2020-11-23T14:27:10Z, additionalProperties={}), terminated=null, waiting=null, additionalProperties={}), additionalProperties={})], message=null, nominatedNodeName=null, phase=Pending, podIP=10.128.0.9, podIPs=[], qosClass=BestEffort, reason=null, startTime=2020-11-23T14:25:14Z, additionalProperties={})
MODIFIED:PodStatus(conditions=[PodCondition(lastProbeTime=null, lastTransitionTime=2020-11-23T14:27:16Z, message=null, reason=null, status=True, type=Initialized, additionalProperties={}), PodCondition(lastProbeTime=null, lastTransitionTime=2020-11-23T14:25:14Z, message=containers with unready status: [dummy], reason=ContainersNotReady, status=False, type=Ready, additionalProperties={}), PodCondition(lastProbeTime=null, lastTransitionTime=null, message=containers with unready status: [dummy], reason=ContainersNotReady, status=False, type=ContainersReady, additionalProperties={}), PodCondition(lastProbeTime=null, lastTransitionTime=2020-11-23T14:25:13Z, message=null, reason=null, status=True, type=PodScheduled, additionalProperties={})], containerStatuses=[ContainerStatus(containerID=null, image=docker.io/entando/busybox:latest, imageID=, lastState=ContainerState(running=null, terminated=null, waiting=null, additionalProperties={}), name=dummy, ready=*****, restartCount=0, started=null, state=ContainerState(running=null, terminated=null, waiting=ContainerStateWaiting(message=null, reason=PodInitializing, additionalProperties={}), additionalProperties={}), additionalProperties={})], ephemeralContainerStatuses=[], hostIP=54.36.53.206, initContainerStatuses=[ContainerStatus(containerID=docker://38116ccc955a6116b1de652635e9df7bca4221e12004656ed61229463736ca17, image=docker.io/entando/entando-k8s-dbjob:6.1.4, imageID=docker-pullable://docker.io/entando/entando-k8s-dbjob@sha256:a571dc5f4f72668359ed7de82b06347ef103e91ac3fc9e381259fdfff417506a, lastState=ContainerState(running=null, terminated=null, waiting=null, additionalProperties={}), name=test-entando-acpr24-portdb-schema-creation-job, ready=true, restartCount=0, started=null, state=ContainerState(running=null, terminated=ContainerStateTerminated(containerID=docker://38116ccc955a6116b1de652635e9df7bca4221e12004656ed61229463736ca17, exitCode=0, finishedAt=2020-11-23T14:25:45Z, message=null, reason=Completed, signal=null, startedAt=2020-11-23T14:25:43Z, additionalProperties={}), waiting=null, additionalProperties={}), additionalProperties={}), ContainerStatus(containerID=docker://7de39613bc5380486ef1e3139520b502c05a12f6db2bf011011f5569c431222d, image=docker.io/entando/entando-k8s-dbjob:6.1.4, imageID=docker-pullable://docker.io/entando/entando-k8s-dbjob@sha256:a571dc5f4f72668359ed7de82b06347ef103e91ac3fc9e381259fdfff417506a, lastState=ContainerState(running=null, terminated=null, waiting=null, additionalProperties={}), name=test-entando-acpr24-servdb-schema-creation-job, ready=true, restartCount=0, started=null, state=ContainerState(running=null, terminated=ContainerStateTerminated(containerID=docker://7de39613bc5380486ef1e3139520b502c05a12f6db2bf011011f5569c431222d, exitCode=0, finishedAt=2020-11-23T14:25:52Z, message=null, reason=Completed, signal=null, startedAt=2020-11-23T14:25:50Z, additionalProperties={}), waiting=null, additionalProperties={}), additionalProperties={}), ContainerStatus(containerID=docker://d55d99e248e9190e32b9690d63daad750f5f71747f62cd5c478d7ac0aa9df64d, image=docker.io/entando/entando-de-app-wildfly:6.3.0, imageID=docker-pullable://docker.io/entando/entando-de-app-wildfly@sha256:a5c1d2a62b6e41822565205aa679fabf5ff5af7ca455096f7da79dc9e7f19221, lastState=ContainerState(running=null, terminated=null, waiting=null, additionalProperties={}), name=test-entando-acpr24-server-db-population-job, ready=true, restartCount=0, started=null, state=ContainerState(running=null, terminated=ContainerStateTerminated(containerID=docker://d55d99e248e9190e32b9690d63daad750f5f71747f62cd5c478d7ac0aa9df64d, exitCode=0, finishedAt=2020-11-23T14:27:01Z, message=null, reason=Completed, signal=null, startedAt=2020-11-23T14:26:00Z, additionalProperties={}), waiting=null, additionalProperties={}), additionalProperties={}), ContainerStatus(containerID=docker://03f7670d935cd00a02bc2ef7f51a9a2c7180c614f29a8905b9cf8cd550c60552, image=docker.io/entando/entando-k8s-dbjob:6.1.4, imageID=docker-pullable://docker.io/entando/entando-k8s-dbjob@sha256:a571dc5f4f72668359ed7de82b06347ef103e91ac3
fc9e381259fdfff417506a, lastState=ContainerState(running=null, terminated=null, waiting=null, additionalProperties={}), name=test-entando-acpr24-dedb-schema-creation-job, ready=true, restartCount=0, started=null, state=ContainerState(running=null, terminated=ContainerStateTerminated(containerID=docker://03f7670d935cd00a02bc2ef7f51a9a2c7180c614f29a8905b9cf8cd550c60552, exitCode=0, finishedAt=2020-11-23T14:27:14Z, message=null, reason=Completed, signal=null, startedAt=2020-11-23T14:27:10Z, additionalProperties={}), waiting=null, additionalProperties={}), additionalProperties={})], message=null, nominatedNodeName=null, phase=Pending, podIP=10.128.0.9, podIPs=[], qosClass=BestEffort, reason=null, startTime=2020-11-23T14:25:14Z, additionalProperties={})
MODIFIED:PodStatus(conditions=[PodCondition(lastProbeTime=null, lastTransitionTime=2020-11-23T14:27:16Z, message=null, reason=PodCompleted, status=True, type=Initialized, additionalProperties={}), PodCondition(lastProbeTime=null, lastTransitionTime=2020-11-23T14:25:14Z, message=null, reason=PodCompleted, status=False, type=Ready, additionalProperties={}), PodCondition(lastProbeTime=null, lastTransitionTime=null, message=null, reason=PodCompleted, status=False, type=ContainersReady, additionalProperties={}), PodCondition(lastProbeTime=null, lastTransitionTime=2020-11-23T14:25:13Z, message=null, reason=null, status=True, type=PodScheduled, additionalProperties={})], containerStatuses=[ContainerStatus(containerID=docker://e709a21e0ade38566d23aa4b9873214fed6a21ee7eff737ca53576f1f3ebbf5a, image=docker.io/entando/busybox:latest, imageID=docker-pullable://docker.io/entando/busybox@sha256:400ee2ed939df769d4681023810d2e4fb9479b8401d97003c710d0e20f7c49c6, lastState=ContainerState(running=null, terminated=null, waiting=null, additionalProperties={}), name=dummy, ready=*****, restartCount=0, started=null, state=ContainerState(running=null, terminated=ContainerStateTerminated(containerID=docker://e709a21e0ade38566d23aa4b9873214fed6a21ee7eff737ca53576f1f3ebbf5a, exitCode=0, finishedAt=2020-11-23T14:27:18Z, message=null, reason=Completed, signal=null, startedAt=2020-11-23T14:27:18Z, additionalProperties={}), waiting=null, additionalProperties={}), additionalProperties={})], ephemeralContainerStatuses=[], hostIP=54.36.53.206, initContainerStatuses=[ContainerStatus(containerID=docker://38116ccc955a6116b1de652635e9df7bca4221e12004656ed61229463736ca17, image=docker.io/entando/entando-k8s-dbjob:6.1.4, imageID=docker-pullable://docker.io/entando/entando-k8s-dbjob@sha256:a571dc5f4f72668359ed7de82b06347ef103e91ac3fc9e381259fdfff417506a, lastState=ContainerState(running=null, terminated=null, waiting=null, additionalProperties={}), name=test-entando-acpr24-portdb-schema-creation-job, ready=true, restartCount=0, started=null, state=ContainerState(running=null, terminated=ContainerStateTerminated(containerID=docker://38116ccc955a6116b1de652635e9df7bca4221e12004656ed61229463736ca17, exitCode=0, finishedAt=2020-11-23T14:25:45Z, message=null, reason=Completed, signal=null, startedAt=2020-11-23T14:25:43Z, additionalProperties={}), waiting=null, additionalProperties={}), additionalProperties={}), ContainerStatus(containerID=docker://7de39613bc5380486ef1e3139520b502c05a12f6db2bf011011f5569c431222d, image=docker.io/entando/entando-k8s-dbjob:6.1.4, imageID=docker-pullable://docker.io/entando/entando-k8s-dbjob@sha256:a571dc5f4f72668359ed7de82b06347ef103e91ac3fc9e381259fdfff417506a, lastState=ContainerState(running=null, terminated=null, waiting=null, additionalProperties={}), name=test-entando-acpr24-servdb-schema-creation-job, ready=true, restartCount=0, started=null, state=ContainerState(running=null, terminated=ContainerStateTerminated(containerID=docker://7de39613bc5380486ef1e3139520b502c05a12f6db2bf011011f5569c431222d, exitCode=0, finishedAt=2020-11-23T14:25:52Z, message=null, reason=Completed, signal=null, startedAt=2020-11-23T14:25:50Z, additionalProperties={}), waiting=null, additionalProperties={}), additionalProperties={}), ContainerStatus(containerID=docker://d55d99e248e9190e32b9690d63daad750f5f71747f62cd5c478d7ac0aa9df64d, image=docker.io/entando/entando-de-app-wildfly:6.3.0, imageID=docker-pullable://docker.io/entando/entando-de-app-wildfly@sha256:a5c1d2a62b6e41822565205aa679fabf5ff5af7ca455096f7da79dc9e7f19221, lastState=ContainerState(running=null, terminated=null, waiting=null, additionalProperties={}), name=test-entando-acpr24-server-db-population-job, ready=true, restartCount=0, started=null, state=ContainerState(running=null, terminated=ContainerStateTerminated(containerID=docker://d55d99e248e9190e32b9690d63daad750f5f71747f62cd5c478d7ac0aa9df64d, exitCode=0, finishedAt=2020-11-23T14:27:01Z, message=null, reason=Completed, signal=null, startedAt=2020-11-23T14:26:00Z, additionalProperties={}), waiting=null, additionalProperties={}), addit
ionalProperties={}), ContainerStatus(containerID=docker://03f7670d935cd00a02bc2ef7f51a9a2c7180c614f29a8905b9cf8cd550c60552, image=docker.io/entando/entando-k8s-dbjob:6.1.4, imageID=docker-pullable://docker.io/entando/entando-k8s-dbjob@sha256:a571dc5f4f72668359ed7de82b06347ef103e91ac3fc9e381259fdfff417506a, lastState=ContainerState(running=null, terminated=null, waiting=null, additionalProperties={}), name=test-entando-acpr24-dedb-schema-creation-job, ready=true, restartCount=0, started=null, state=ContainerState(running=null, terminated=ContainerStateTerminated(containerID=docker://03f7670d935cd00a02bc2ef7f51a9a2c7180c614f29a8905b9cf8cd550c60552, exitCode=0, finishedAt=2020-11-23T14:27:14Z, message=null, reason=Completed, signal=null, startedAt=2020-11-23T14:27:10Z, additionalProperties={}), waiting=null, additionalProperties={}), additionalProperties={})], message=null, nominatedNodeName=null, phase=Succeeded, podIP=10.128.0.9, podIPs=[], qosClass=BestEffort, reason=null, startTime=2020-11-23T14:25:14Z, additionalProperties={})
Finished: test-entando-acpr24-db-preparation-job-73706090-3
ADDED:PodStatus(conditions=[PodCondition(lastProbeTime=null, lastTransitionTime=2020-11-23T14:27:25Z, message=null, reason=null, status=True, type=PodScheduled, additionalProperties={})], containerStatuses=[], ephemeralContainerStatuses=[], hostIP=null, initContainerStatuses=[], message=null, nominatedNodeName=null, phase=Pending, podIP=null, podIPs=[], qosClass=Burstable, reason=null, startTime=null, additionalProperties={})
MODIFIED:PodStatus(conditions=[PodCondition(lastProbeTime=null, lastTransitionTime=2020-11-23T14:27:26Z, message=null, reason=null, status=True, type=Initialized, additionalProperties={}), PodCondition(lastProbeTime=null, lastTransitionTime=2020-11-23T14:27:26Z, message=containers with unready status: [server-container de-container appbuilder-container], reason=ContainersNotReady, status=False, type=Ready, additionalProperties={}), PodCondition(lastProbeTime=null, lastTransitionTime=null, message=containers with unready status: [server-container de-container appbuilder-container], reason=ContainersNotReady, status=False, type=ContainersReady, additionalProperties={}), PodCondition(lastProbeTime=null, lastTransitionTime=2020-11-23T14:27:25Z, message=null, reason=null, status=True, type=PodScheduled, additionalProperties={})], containerStatuses=[ContainerStatus(containerID=null, image=docker.io/entando/app-builder:6.1.174, imageID=, lastState=ContainerState(running=null, terminated=null, waiting=null, additionalProperties={}), name=appbuilder-container, ready=*****, restartCount=0, started=null, state=ContainerState(running=null, terminated=null, waiting=ContainerStateWaiting(message=null, reason=ContainerCreating, additionalProperties={}), additionalProperties={}), additionalProperties={}), ContainerStatus(containerID=null, image=docker.io/entando/entando-component-manager:6.2.27, imageID=, lastState=ContainerState(running=null, terminated=null, waiting=null, additionalProperties={}), name=de-container, ready=*****, restartCount=0, started=null, state=ContainerState(running=null, terminated=null, waiting=ContainerStateWaiting(message=null, reason=ContainerCreating, additionalProperties={}), additionalProperties={}), additionalProperties={}), ContainerStatus(containerID=null, image=docker.io/entando/entando-de-app-wildfly:6.3.0, imageID=, lastState=ContainerState(running=null, terminated=null, waiting=null, additionalProperties={}), name=server-container, ready=*****, restartCount=0, started=null, state=ContainerState(running=null, terminated=null, waiting=ContainerStateWaiting(message=null, reason=ContainerCreating, additionalProperties={}), additionalProperties={}), additionalProperties={})], ephemeralContainerStatuses=[], hostIP=54.36.53.206, initContainerStatuses=[], message=null, nominatedNodeName=null, phase=Pending, podIP=null, podIPs=[], qosClass=Burstable, reason=null, startTime=2020-11-23T14:27:26Z, additionalProperties={})
MODIFIED:PodStatus(conditions=[PodCondition(lastProbeTime=null, lastTransitionTime=2020-11-23T14:27:26Z, message=null, reason=null, status=True, type=Initialized, additionalProperties={}), PodCondition(lastProbeTime=null, lastTransitionTime=2020-11-23T14:27:26Z, message=containers with unready status: [server-container de-container appbuilder-container], reason=ContainersNotReady, status=False, type=Ready, additionalProperties={}), PodCondition(lastProbeTime=null, lastTransitionTime=null, message=containers with unready status: [server-container de-container appbuilder-container], reason=ContainersNotReady, status=False, type=ContainersReady, additionalProperties={}), PodCondition(lastProbeTime=null, lastTransitionTime=2020-11-23T14:27:25Z, message=null, reason=null, status=True, type=PodScheduled, additionalProperties={})], containerStatuses=[ContainerStatus(containerID=docker://2b94a6358479ed16307cb1dbb3ef9e5b670eb285cec7a50972500ea30d2bd276, image=docker.io/entando/app-builder:6.1.174, imageID=docker-pullable://docker.io/entando/app-builder@sha256:a938a89f84e9d717a808bc160da87eedc19c4a6d21da492d41254759bd5a7d3f, lastState=ContainerState(running=null, terminated=null, waiting=null, additionalProperties={}), name=appbuilder-container, ready=*****, restartCount=0, started=null, state=ContainerState(running=ContainerStateRunning(startedAt=2020-11-23T14:27:36Z, additionalProperties={}), terminated=null, waiting=null, additionalProperties={}), additionalProperties={}), ContainerStatus(containerID=docker://27e7b7000d664116c445f273d997947b86669b62a100860b9a327125bf7ed741, image=docker.io/entando/entando-component-manager:6.2.27, imageID=docker-pullable://docker.io/entando/entando-component-manager@sha256:8a4a4818b463f1b510b060870fb1e41fdfea1c30a33f67cec06d1cc1ade1708d, lastState=ContainerState(running=null, terminated=null, waiting=null, additionalProperties={}), name=de-container, ready=*****, restartCount=0, started=null, state=ContainerState(running=ContainerStateRunning(startedAt=2020-11-23T14:27:34Z, additionalProperties={}), terminated=null, waiting=null, additionalProperties={}), additionalProperties={}), ContainerStatus(containerID=docker://0fe3ab0ec8536b50f173b3407dff72284020dd5573d37b467de0cad10104050f, image=docker.io/entando/entando-de-app-wildfly:6.3.0, imageID=docker-pullable://docker.io/entando/entando-de-app-wildfly@sha256:a5c1d2a62b6e41822565205aa679fabf5ff5af7ca455096f7da79dc9e7f19221, lastState=ContainerState(running=null, terminated=null, waiting=null, additionalProperties={}), name=server-container, ready=*****, restartCount=0, started=null, state=ContainerState(running=ContainerStateRunning(startedAt=2020-11-23T14:27:31Z, additionalProperties={}), terminated=null, waiting=null, additionalProperties={}), additionalProperties={})], ephemeralContainerStatuses=[], hostIP=54.36.53.206, initContainerStatuses=[], message=null, nominatedNodeName=null, phase=Running, podIP=10.128.0.11, podIPs=[], qosClass=Burstable, reason=null, startTime=2020-11-23T14:27:26Z, additionalProperties={})
MODIFIED:PodStatus(conditions=[PodCondition(lastProbeTime=null, lastTransitionTime=2020-11-23T14:27:26Z, message=null, reason=null, status=True, type=Initialized, additionalProperties={}), PodCondition(lastProbeTime=null, lastTransitionTime=2020-11-23T14:27:26Z, message=containers with unready status: [server-container de-container], reason=ContainersNotReady, status=False, type=Ready, additionalProperties={}), PodCondition(lastProbeTime=null, lastTransitionTime=null, message=containers with unready status: [server-container de-container], reason=ContainersNotReady, status=False, type=ContainersReady, additionalProperties={}), PodCondition(lastProbeTime=null, lastTransitionTime=2020-11-23T14:27:25Z, message=null, reason=null, status=True, type=PodScheduled, additionalProperties={})], containerStatuses=[ContainerStatus(containerID=docker://2b94a6358479ed16307cb1dbb3ef9e5b670eb285cec7a50972500ea30d2bd276, image=docker.io/entando/app-builder:6.1.174, imageID=docker-pullable://docker.io/entando/app-builder@sha256:a938a89f84e9d717a808bc160da87eedc19c4a6d21da492d41254759bd5a7d3f, lastState=ContainerState(running=null, terminated=null, waiting=null, additionalProperties={}), name=appbuilder-container, ready=true, restartCount=0, started=null, state=ContainerState(running=ContainerStateRunning(startedAt=2020-11-23T14:27:36Z, additionalProperties={}), terminated=null, waiting=null, additionalProperties={}), additionalProperties={}), ContainerStatus(containerID=docker://27e7b7000d664116c445f273d997947b86669b62a100860b9a327125bf7ed741, image=docker.io/entando/entando-component-manager:6.2.27, imageID=docker-pullable://docker.io/entando/entando-component-manager@sha256:8a4a4818b463f1b510b060870fb1e41fdfea1c30a33f67cec06d1cc1ade1708d, lastState=ContainerState(running=null, terminated=null, waiting=null, additionalProperties={}), name=de-container, ready=*****, restartCount=0, started=null, state=ContainerState(running=ContainerStateRunning(startedAt=2020-11-23T14:27:34Z, additionalProperties={}), terminated=null, waiting=null, additionalProperties={}), additionalProperties={}), ContainerStatus(containerID=docker://0fe3ab0ec8536b50f173b3407dff72284020dd5573d37b467de0cad10104050f, image=docker.io/entando/entando-de-app-wildfly:6.3.0, imageID=docker-pullable://docker.io/entando/entando-de-app-wildfly@sha256:a5c1d2a62b6e41822565205aa679fabf5ff5af7ca455096f7da79dc9e7f19221, lastState=ContainerState(running=null, terminated=null, waiting=null, additionalProperties={}), name=server-container, ready=*****, restartCount=0, started=null, state=ContainerState(running=ContainerStateRunning(startedAt=2020-11-23T14:27:31Z, additionalProperties={}), terminated=null, waiting=null, additionalProperties={}), additionalProperties={})], ephemeralContainerStatuses=[], hostIP=54.36.53.206, initContainerStatuses=[], message=null, nominatedNodeName=null, phase=Running, podIP=10.128.0.11, podIPs=[], qosClass=Burstable, reason=null, startTime=2020-11-23T14:27:26Z, additionalProperties={})
MODIFIED:PodStatus(conditions=[PodCondition(lastProbeTime=null, lastTransitionTime=2020-11-23T14:27:26Z, message=null, reason=null, status=True, type=Initialized, additionalProperties={}), PodCondition(lastProbeTime=null, lastTransitionTime=2020-11-23T14:27:26Z, message=containers with unready status: [server-container], reason=ContainersNotReady, status=False, type=Ready, additionalProperties={}), PodCondition(lastProbeTime=null, lastTransitionTime=null, message=containers with unready status: [server-container], reason=ContainersNotReady, status=False, type=ContainersReady, additionalProperties={}), PodCondition(lastProbeTime=null, lastTransitionTime=2020-11-23T14:27:25Z, message=null, reason=null, status=True, type=PodScheduled, additionalProperties={})], containerStatuses=[ContainerStatus(containerID=docker://2b94a6358479ed16307cb1dbb3ef9e5b670eb285cec7a50972500ea30d2bd276, image=docker.io/entando/app-builder:6.1.174, imageID=docker-pullable://docker.io/entando/app-builder@sha256:a938a89f84e9d717a808bc160da87eedc19c4a6d21da492d41254759bd5a7d3f, lastState=ContainerState(running=null, terminated=null, waiting=null, additionalProperties={}), name=appbuilder-container, ready=true, restartCount=0, started=null, state=ContainerState(running=ContainerStateRunning(startedAt=2020-11-23T14:27:36Z, additionalProperties={}), terminated=null, waiting=null, additionalProperties={}), additionalProperties={}), ContainerStatus(containerID=docker://27e7b7000d664116c445f273d997947b86669b62a100860b9a327125bf7ed741, image=docker.io/entando/entando-component-manager:6.2.27, imageID=docker-pullable://docker.io/entando/entando-component-manager@sha256:8a4a4818b463f1b510b060870fb1e41fdfea1c30a33f67cec06d1cc1ade1708d, lastState=ContainerState(running=null, terminated=null, waiting=null, additionalProperties={}), name=de-container, ready=true, restartCount=0, started=null, state=ContainerState(running=ContainerStateRunning(startedAt=2020-11-23T14:27:34Z, additionalProperties={}), terminated=null, waiting=null, additionalProperties={}), additionalProperties={}), ContainerStatus(containerID=docker://0fe3ab0ec8536b50f173b3407dff72284020dd5573d37b467de0cad10104050f, image=docker.io/entando/entando-de-app-wildfly:6.3.0, imageID=docker-pullable://docker.io/entando/entando-de-app-wildfly@sha256:a5c1d2a62b6e41822565205aa679fabf5ff5af7ca455096f7da79dc9e7f19221, lastState=ContainerState(running=null, terminated=null, waiting=null, additionalProperties={}), name=server-container, ready=*****, restartCount=0, started=null, state=ContainerState(running=ContainerStateRunning(startedAt=2020-11-23T14:27:31Z, additionalProperties={}), terminated=null, waiting=null, additionalProperties={}), additionalProperties={})], ephemeralContainerStatuses=[], hostIP=54.36.53.206, initContainerStatuses=[], message=null, nominatedNodeName=null, phase=Running, podIP=10.128.0.11, podIPs=[], qosClass=Burstable, reason=null, startTime=2020-11-23T14:27:26Z, additionalProperties={})
MODIFIED:PodStatus(conditions=[PodCondition(lastProbeTime=null, lastTransitionTime=2020-11-23T14:27:26Z, message=null, reason=null, status=True, type=Initialized, additionalProperties={}), PodCondition(lastProbeTime=null, lastTransitionTime=2020-11-23T14:29:06Z, message=null, reason=null, status=True, type=Ready, additionalProperties={}), PodCondition(lastProbeTime=null, lastTransitionTime=null, message=null, reason=null, status=True, type=ContainersReady, additionalProperties={}), PodCondition(lastProbeTime=null, lastTransitionTime=2020-11-23T14:27:25Z, message=null, reason=null, status=True, type=PodScheduled, additionalProperties={})], containerStatuses=[ContainerStatus(containerID=docker://2b94a6358479ed16307cb1dbb3ef9e5b670eb285cec7a50972500ea30d2bd276, image=docker.io/entando/app-builder:6.1.174, imageID=docker-pullable://docker.io/entando/app-builder@sha256:a938a89f84e9d717a808bc160da87eedc19c4a6d21da492d41254759bd5a7d3f, lastState=ContainerState(running=null, terminated=null, waiting=null, additionalProperties={}), name=appbuilder-container, ready=true, restartCount=0, started=null, state=ContainerState(running=ContainerStateRunning(startedAt=2020-11-23T14:27:36Z, additionalProperties={}), terminated=null, waiting=null, additionalProperties={}), additionalProperties={}), ContainerStatus(containerID=docker://27e7b7000d664116c445f273d997947b86669b62a100860b9a327125bf7ed741, image=docker.io/entando/entando-component-manager:6.2.27, imageID=docker-pullable://docker.io/entando/entando-component-manager@sha256:8a4a4818b463f1b510b060870fb1e41fdfea1c30a33f67cec06d1cc1ade1708d, lastState=ContainerState(running=null, terminated=null, waiting=null, additionalProperties={}), name=de-container, ready=true, restartCount=0, started=null, state=ContainerState(running=ContainerStateRunning(startedAt=2020-11-23T14:27:34Z, additionalProperties={}), terminated=null, waiting=null, additionalProperties={}), additionalProperties={}), ContainerStatus(containerID=docker://0fe3ab0ec8536b50f173b3407dff72284020dd5573d37b467de0cad10104050f, image=docker.io/entando/entando-de-app-wildfly:6.3.0, imageID=docker-pullable://docker.io/entando/entando-de-app-wildfly@sha256:a5c1d2a62b6e41822565205aa679fabf5ff5af7ca455096f7da79dc9e7f19221, lastState=ContainerState(running=null, terminated=null, waiting=null, additionalProperties={}), name=server-container, ready=true, restartCount=0, started=null, state=ContainerState(running=ContainerStateRunning(startedAt=2020-11-23T14:27:31Z, additionalProperties={}), terminated=null, waiting=null, additionalProperties={}), additionalProperties={})], ephemeralContainerStatuses=[], hostIP=54.36.53.206, initContainerStatuses=[], message=null, nominatedNodeName=null, phase=Running, podIP=10.128.0.11, podIPs=[], qosClass=Burstable, reason=null, startTime=2020-11-23T14:27:26Z, additionalProperties={})
Finished: test-entando-acpr24-server-deployment-6669b8d6c4-sgtgf
200:null
[INFO] Tests run: 1, Failures: 0, Errors: 0, Skipped: 0, Time elapsed: 639.06 s - in org.entando.kubernetes.controller.app.interprocesstests.AddEntandoAppWithExternalPostgresqlDatabaseIT
[INFO] Running org.entando.kubernetes.controller.app.interprocesstests.AddEntandoAppWithContainerizedDatabaseIT
Nov 23, 2020 2:29:12 PM org.entando.kubernetes.controller.integrationtest.support.DeletionWaiter lambda$deleteSingleItem$2
WARNING: Deleting deployments  entando-k8s-app-controller-acpr24/test-entando-acpr24-server-deployment to zero
Nov 23, 2020 2:29:12 PM org.entando.kubernetes.controller.integrationtest.support.DeletionWaiter lambda$deleteSingleItem$2
WARNING: Deleting deployments  entando-k8s-app-controller-acpr24/test-entando-acpr24-server-deployment
Nov 23, 2020 2:29:12 PM org.entando.kubernetes.controller.integrationtest.support.DeletionWaiter lambda$deleteSingleItem$2
WARNING: Deleting pods  entando-k8s-app-controller-acpr24/test-entando-acpr24-db-preparation-job-73706090-3
Nov 23, 2020 2:29:13 PM org.entando.kubernetes.controller.integrationtest.support.DeletionWaiter lambda$deleteSingleItem$2
WARNING: Deleting pods  entando-k8s-app-controller-acpr24/test-entando-acpr24-deployer-xzplhsgplg
Nov 23, 2020 2:29:13 PM org.entando.kubernetes.controller.integrationtest.support.DeletionWaiter lambda$deleteSingleItem$2
WARNING: Deleting pods  entando-k8s-app-controller-acpr24/test-entando-acpr24-server-deployment-6669b8d6c4-sgtgf
Nov 23, 2020 2:29:13 PM org.entando.kubernetes.controller.integrationtest.support.DeletionWaiter lambda$deleteSingleItem$2
WARNING: Deleting pods  entando-k8s-app-controller-acpr24/pg-test
Nov 23, 2020 2:29:15 PM org.entando.kubernetes.controller.integrationtest.support.DeletionWaiter lambda$deleteSingleItem$2
WARNING: Deleting configmaps  entando-k8s-app-controller-acpr24/eci-entando-k8s-app-controller-acpr24-eti-acpr24-connection-config
javax.ws.rs.NotFoundException: HTTP 404 Not Found
!!!!!!!On EntandoApp add!!!!!!!!!
ADDED:PodStatus(conditions=[PodCondition(lastProbeTime=null, lastTransitionTime=2020-11-23T14:29:39Z, message=null, reason=null, status=True, type=PodScheduled, additionalProperties={})], containerStatuses=[], ephemeralContainerStatuses=[], hostIP=null, initContainerStatuses=[], message=null, nominatedNodeName=null, phase=Pending, podIP=null, podIPs=[], qosClass=Burstable, reason=null, startTime=null, additionalProperties={})
MODIFIED:PodStatus(conditions=[PodCondition(lastProbeTime=null, lastTransitionTime=2020-11-23T14:29:41Z, message=null, reason=null, status=True, type=Initialized, additionalProperties={}), PodCondition(lastProbeTime=null, lastTransitionTime=2020-11-23T14:29:41Z, message=containers with unready status: [db-container], reason=ContainersNotReady, status=False, type=Ready, additionalProperties={}), PodCondition(lastProbeTime=null, lastTransitionTime=null, message=containers with unready status: [db-container], reason=ContainersNotReady, status=False, type=ContainersReady, additionalProperties={}), PodCondition(lastProbeTime=null, lastTransitionTime=2020-11-23T14:29:39Z, message=null, reason=null, status=True, type=PodScheduled, additionalProperties={})], containerStatuses=[ContainerStatus(containerID=null, image=docker.io/entando/********ql-96-centos7:latest, imageID=, lastState=ContainerState(running=null, terminated=null, waiting=null, additionalProperties={}), name=db-container, ready=*****, restartCount=0, started=null, state=ContainerState(running=null, terminated=null, waiting=ContainerStateWaiting(message=null, reason=ContainerCreating, additionalProperties={}), additionalProperties={}), additionalProperties={})], ephemeralContainerStatuses=[], hostIP=54.36.53.206, initContainerStatuses=[], message=null, nominatedNodeName=null, phase=Pending, podIP=null, podIPs=[], qosClass=Burstable, reason=null, startTime=2020-11-23T14:29:41Z, additionalProperties={})
MODIFIED:PodStatus(conditions=[PodCondition(lastProbeTime=null, lastTransitionTime=2020-11-23T14:29:41Z, message=null, reason=null, status=True, type=Initialized, additionalProperties={}), PodCondition(lastProbeTime=null, lastTransitionTime=2020-11-23T14:29:41Z, message=containers with unready status: [db-container], reason=ContainersNotReady, status=False, type=Ready, additionalProperties={}), PodCondition(lastProbeTime=null, lastTransitionTime=null, message=containers with unready status: [db-container], reason=ContainersNotReady, status=False, type=ContainersReady, additionalProperties={}), PodCondition(lastProbeTime=null, lastTransitionTime=2020-11-23T14:29:39Z, message=null, reason=null, status=True, type=PodScheduled, additionalProperties={})], containerStatuses=[ContainerStatus(containerID=docker://90665a5f4c5b2d4d4fa5639f9d6fc5218e684ff33288b14b042ad264d3ab4b51, image=docker.io/entando/********ql-96-centos7:latest, imageID=docker-pullable://docker.io/centos/********ql-96-centos7@sha256:f574a3f9048a68c9e1e7277009bc1123f81bdbffd1e15f875d84bbb30ff7d62a, lastState=ContainerState(running=null, terminated=null, waiting=null, additionalProperties={}), name=db-container, ready=*****, restartCount=0, started=null, state=ContainerState(running=ContainerStateRunning(startedAt=2020-11-23T14:29:54Z, additionalProperties={}), terminated=null, waiting=null, additionalProperties={}), additionalProperties={})], ephemeralContainerStatuses=[], hostIP=54.36.53.206, initContainerStatuses=[], message=null, nominatedNodeName=null, phase=Running, podIP=10.128.0.16, podIPs=[], qosClass=Burstable, reason=null, startTime=2020-11-23T14:29:41Z, additionalProperties={})
MODIFIED:PodStatus(conditions=[PodCondition(lastProbeTime=null, lastTransitionTime=2020-11-23T14:29:41Z, message=null, reason=null, status=True, type=Initialized, additionalProperties={}), PodCondition(lastProbeTime=null, lastTransitionTime=2020-11-23T14:29:41Z, message=containers with unready status: [db-container], reason=ContainersNotReady, status=False, type=Ready, additionalProperties={}), PodCondition(lastProbeTime=null, lastTransitionTime=null, message=containers with unready status: [db-container], reason=ContainersNotReady, status=False, type=ContainersReady, additionalProperties={}), PodCondition(lastProbeTime=null, lastTransitionTime=2020-11-23T14:29:39Z, message=null, reason=null, status=True, type=PodScheduled, additionalProperties={})], containerStatuses=[ContainerStatus(containerID=docker://90665a5f4c5b2d4d4fa5639f9d6fc5218e684ff33288b14b042ad264d3ab4b51, image=docker.io/entando/********ql-96-centos7:latest, imageID=docker-pullable://docker.io/centos/********ql-96-centos7@sha256:f574a3f9048a68c9e1e7277009bc1123f81bdbffd1e15f875d84bbb30ff7d62a, lastState=ContainerState(running=null, terminated=null, waiting=null, additionalProperties={}), name=db-container, ready=*****, restartCount=0, started=null, state=ContainerState(running=null, terminated=ContainerStateTerminated(containerID=docker://90665a5f4c5b2d4d4fa5639f9d6fc5218e684ff33288b14b042ad264d3ab4b51, exitCode=1, finishedAt=2020-11-23T14:30:02Z, message=null, reason=Error, signal=null, startedAt=2020-11-23T14:29:54Z, additionalProperties={}), waiting=null, additionalProperties={}), additionalProperties={})], ephemeralContainerStatuses=[], hostIP=54.36.53.206, initContainerStatuses=[], message=null, nominatedNodeName=null, phase=Running, podIP=10.128.0.16, podIPs=[], qosClass=Burstable, reason=null, startTime=2020-11-23T14:29:41Z, additionalProperties={})
Finished: test-entando-acpr24-db-deployment-7cb868456c-9jrdt
[ERROR] Tests run: 1, Failures: 0, Errors: 1, Skipped: 0, Time elapsed: 54.482 s <<< FAILURE! - in org.entando.kubernetes.controller.app.interprocesstests.AddEntandoAppWithContainerizedDatabaseIT
[ERROR] org.entando.kubernetes.controller.app.interprocesstests.AddEntandoAppWithContainerizedDatabaseIT.create  Time elapsed: 53.2 s  <<< ERROR!
java.lang.IllegalStateException: Error during COMPLETED
	at org.entando.kubernetes.controller.app.interprocesstests.AddEntandoAppWithContainerizedDatabaseIT.create(AddEntandoAppWithContainerizedDatabaseIT.java:62)

[INFO] 
[INFO] Results:
[INFO] 
[ERROR] Errors: 
[ERROR]   AddEntandoAppWithContainerizedDatabaseIT.create:62->AddEntandoAppBaseIT.createAndWaitForApp:81 Â» IllegalState
[INFO] 
[ERROR] Tests run: 2, Failures: 0, Errors: 1, Skipped: 0
[INFO] 
[INFO] 
[INFO] --- maven-surefire-report-plugin:3.0.0-M4:failsafe-report-only (integration-tests) @ entando-k8s-app-controller ---
[WARNING] Unable to locate Test Source XRef to link to - DISABLED
[INFO] 
[INFO] --- maven-surefire-report-plugin:3.0.0-M4:report-only (unit-tests) @ entando-k8s-app-controller ---
[WARNING] Unable to locate Test Source XRef to link to - DISABLED
[INFO] 
[INFO] --- maven-failsafe-plugin:3.0.0-M4:verify (run-tests) @ entando-k8s-app-controller ---
[ERROR] There are test failures.

Please refer to /workspace/source/target/failsafe-reports for the individual test results.
Please refer to dump files (if any exist) [date].dump, [date]-***Run[N].dump and [date].dumpstream.
[INFO] 
[INFO] --- maven-site-plugin:3.9.0:site (default-site) @ entando-k8s-app-controller ---
[INFO] configuring report plugin org.apache.maven.plugins:maven-project-info-reports-plugin:3.0.0
[INFO] 9 reports configured for maven-project-info-reports-plugin:3.0.0: dependency-info, distribution-management, index, ci-management, issue-management, licenses, plugins, scm, summary
[INFO] Rendering site with default locale English (en)
[WARNING] Unable to find a URL to the parent project. The parent menu will NOT be added.
[INFO] Relativizing decoration links with respect to localized project URL: https://central.entando.com
[INFO] Rendering content with org.apache.maven.skins:maven-default-skin:jar:1.3 skin.
[INFO] Generating "Dependency Information" report --- maven-project-info-reports-plugin:3.0.0:dependency-info
[INFO] Generating "About" report         --- maven-project-info-reports-plugin:3.0.0:index
[INFO] Generating "Issue Management" report --- maven-project-info-reports-plugin:3.0.0:issue-management
[INFO] Generating "Licenses" report      --- maven-project-info-reports-plugin:3.0.0:licenses
[INFO] Generating "Plugins" report       --- maven-project-info-reports-plugin:3.0.0:plugins
[INFO] Generating "Source Code Management" report --- maven-project-info-reports-plugin:3.0.0:scm
[INFO] Generating "Summary" report       --- maven-project-info-reports-plugin:3.0.0:summary
[INFO] ------------------------------------------------------------------------
[INFO] BUILD SUCCESS
[INFO] ------------------------------------------------------------------------
[INFO] Total time:  11:51 min
[INFO] Finished at: 2020-11-23T14:30:11Z
[INFO] ------------------------------------------------------------------------
shallow cloning https://github.com/entando-k8s/devops-results.git branch gh-pages
ran git init in /tmp/jenkins-x-collect727732111
ran git add remote origin https://github.com/entando-k8s/devops-results.git in /tmp/jenkins-x-collect727732111
ran git fetch origin --depth=1 gh-pages in dir /tmp/jenkins-x-collect727732111
Publishing https://raw.githubusercontent.com/entando-k8s/devops-results/gh-pages/entando-k8s-app-controller/PR-24/failsafe-report.html
stashed: https://raw.githubusercontent.com/entando-k8s/devops-results/gh-pages/entando-k8s-app-controller/PR-24/failsafe-report.html
error: etcdserver: request is too large
Post-deployment tests failed for entando-k8s-app-controller-PR-24.
  % Total    % Received % Xferd  Average Speed   Time    Time     Time  Current
                                 Dload  Upload   Total   Spent    Left  Speed
  0     0    0     0    0     0      0      0 --:--:-- --:--:-- --:--:--     0  0     0    0     0    0     0      0      0 --:--:-- --:--:-- --:--:--     0100  1871  100  1651  100   220   1708    227 --:--:-- --:--:-- --:--:--  1714
{
  "url": "https://api.github.com/repos/entando-k8s/entando-k8s-app-controller/statuses/f1a6dd591efde83615f81ea397bf75079d775976",
  "avatar_url": "https://avatars2.githubusercontent.com/u/57885396?v=4",
  "id": 11431873455,
  "node_id": "MDEzOlN0YXR1c0NvbnRleHQxMTQzMTg3MzQ1NQ==",
  "state": "failure",
  "description": "Post-deployment tests failure!",
  "target_url": "https://entando-k8s.github.io/devops-results/entando-k8s-app-controller/PR-24/failsafe-report.html",
  "context": "Post-deployment tests",
  "created_at": "2020-11-23T14:30:33Z",
  "updated_at": "2020-11-23T14:30:33Z",
  "creator": {
    "login": "entando-**",
    "id": 57885396,
    "node_id": "MDQ6VXNlcjU3ODg1Mzk2",
    "avatar_url": "https://avatars2.githubusercontent.com/u/57885396?v=4",
    "gravatar_id": "",
    "url": "https://api.github.com/users/entando-**",
    "html_url": "https://github.com/entando-**",
    "followers_url": "https://api.github.com/users/entando-**/followers",
    "following_url": "https://api.github.com/users/entando-**/following{/other_user}",
    "gists_url": "https://api.github.com/users/entando-**/gists{/gist_id}",
    "starred_url": "https://api.github.com/users/entando-**/starred{/owner}{/repo}",
    "subscriptions_url": "https://api.github.com/users/entando-**/subscriptions",
    "organizations_url": "https://api.github.com/users/entando-**/orgs",
    "repos_url": "https://api.github.com/users/entando-**/repos",
    "events_url": "https://api.github.com/users/entando-**/events{/privacy}",
    "received_events_url": "https://api.github.com/users/entando-**/received_events",
    "type": "User",
    "site_*****": *****
  }
}
[31m
Pipeline failed on stage 'from-build-pack' : container 'step-promote-run-post-deployment-tests'. The execution of the pipeline has stopped.[0m
