
Showing logs for build [32mentando-k8s-entando-k8s-keycloa-l76dw-3[0m stage [32mfrom-build-pack[0m and container [32mstep-credential-initializer-9sm8p[0m
{"level":"warn","ts":1610642057.1492305,"logger":"fallback-logger","caller":"logging/config.go:69","msg":"Fetch GitHub commit ID from kodata failed: \"ref: refs/heads/0.8.0-**-support-backwards-incompats\" is not a valid GitHub commit ID"}
{"level":"info","ts":1610642057.163358,"logger":"fallback-logger","caller":"creds-init/main.go:40","msg":"Credentials initialized."}

Showing logs for build [32mentando-k8s-entando-k8s-keycloa-l76dw-3[0m stage [32mfrom-build-pack[0m and container [32mstep-working-dir-initializer-fkj7t[0m
{"level":"warn","ts":1610642058.5265276,"logger":"fallback-logger","caller":"logging/config.go:69","msg":"Fetch GitHub commit ID from kodata failed: open /var/run/ko/HEAD: no such file or directory"}
{"level":"info","ts":1610642058.5657668,"logger":"fallback-logger","caller":"bash/main.go:64","msg":"Successfully e**cuted command \"sh -c mkdir -p /workspace/source\"; output "}

Showing logs for build [32mentando-k8s-entando-k8s-keycloa-l76dw-3[0m stage [32mfrom-build-pack[0m and container [32mstep-place-tools[0m

Showing logs for build [32mentando-k8s-entando-k8s-keycloa-l76dw-3[0m stage [32mfrom-build-pack[0m and container [32mstep-git-source-entando-k8s-entando-k8s-keycloa-pl992[0m
{"level":"warn","ts":1610642172.4089205,"logger":"fallback-logger","caller":"logging/config.go:69","msg":"Fetch GitHub commit ID from kodata failed: \"ref: refs/heads/0.8.0-**-support-backwards-incompats\" is not a valid GitHub commit ID"}
{"level":"info","ts":1610642173.916867,"logger":"fallback-logger","caller":"git/git.go:103","msg":"Successfully cloned https://github.com/entando-k8s/entando-k8s-keycloak-controller.git @ master in path /workspace/source"}

Showing logs for build [32mentando-k8s-entando-k8s-keycloa-l76dw-3[0m stage [32mfrom-build-pack[0m and container [32mstep-git-merge[0m
Using SHAs from PULL_REFS=master:0c4e5392d086e7ec59f5096083caed87fbd091d2,21:600e493bdb1c4644a285a627fcbf1c5f1b8f7516
DEBUG: ran git fetch --unshallow origin 600e493bdb1c4644a285a627fcbf1c5f1b8f7516: 0c4e5392d086e7ec59f5096083caed87fbd091d2: in 
DEBUG: ran git checkout master in 
DEBUG: ran git reset --hard 0c4e5392d086e7ec59f5096083caed87fbd091d2 in 
DEBUG: ran clean --force -d . in 
DEBUG: ran git merge 600e493bdb1c4644a285a627fcbf1c5f1b8f7516 in 
Merged SHA 600e493bdb1c4644a285a627fcbf1c5f1b8f7516 with commit message 'ENG-1737 fi**d dockerfiles' into base branch master
Merged SHA 10b9a33fb56eba1ec6577d8d9ea35987711b42b7 with commit message 'ENG-1737 checkstyle' into base branch master
Merged SHA d826e825b2c731c3ac36dc5c86d7f48e544ba320 with commit message 'ENG-1737 specifying migrated RELATED_IMAGES' into base branch master
Merged SHA 3a6009c2681926585b4fa774142473a02be7b6b9 with commit message 'ENG-1737 specifying migrated RELATED_IMAGES' into base branch master
Merged SHA aefb2fdbdc33ea5cd5456d1fc24516b50962c826 with commit message 'ENG-1737 implemented support for the Entando RedHat SSO image' into base branch master
Merged SHA 00bbec12ff982ba863bb9f605be8fb8aa36e87b3 with commit message 'ENG-1628 support for RedHat SSO' into base branch master

Showing logs for build [32mentando-k8s-entando-k8s-keycloa-l76dw-3[0m stage [32mfrom-build-pack[0m and container [32mstep-build-set-version[0m
Picked up _JAVA_OPTIONS: -XX:+UnlockExperimentalVMOptions -Dsun.zip.disableMemoryMapping=**** -XX:+UseParallelGC -XX:MinHeapFreeRatio=5 -XX:MaxHeapFreeRatio=10 -XX:GCTimeRatio=4 -XX:AdaptiveSizePolicyWeight=90 -Xms1000m -Xmx12000m
[INFO] Scanning for projects...
[INFO] 
[INFO] ------------< org.entando:entando-k8s-keycloak-controller >-------------
[INFO] Building Entando K8S Controller for Keycloak 6.2.0-SNAPSHOT
[INFO] --------------------------------[ jar ]---------------------------------
[INFO] 
[INFO] --- versions-maven-plugin:2.8.1:set (default-cli) @ entando-k8s-keycloak-controller ---
[INFO] Local aggregation ****: /workspace/source
[INFO] Processing change of org.entando:entando-k8s-keycloak-controller:6.2.0-SNAPSHOT -> 0.0.0-SNAPSHOT-PR-21-3
[INFO] Processing org.entando:entando-k8s-keycloak-controller
[INFO]     Updating project org.entando:entando-k8s-keycloak-controller
[INFO]         from version 6.2.0-SNAPSHOT to 0.0.0-SNAPSHOT-PR-21-3
[INFO] 
[INFO] ------------------------------------------------------------------------
[INFO] BUILD SUCCESS
[INFO] ------------------------------------------------------------------------
[INFO] Total time:  8.632 s
[INFO] Finished at: 2021-01-14T16:36:27Z
[INFO] ------------------------------------------------------------------------

Showing logs for build [32mentando-k8s-entando-k8s-keycloa-l76dw-3[0m stage [32mfrom-build-pack[0m and container [32mstep-build-fix-git-for-sonar[0m
Switched to a new branch 'PR-21'
M	pom.xml
Deleted branch master (was 600e493).
From https://github.com/entando-k8s/entando-k8s-keycloak-controller
 * [new branch]      master     -> master
 * [new tag]         v6.0.24    -> v6.0.24
 * [new tag]         v6.0.31    -> v6.0.31

Showing logs for build [32mentando-k8s-entando-k8s-keycloa-l76dw-3[0m stage [32mfrom-build-pack[0m and container [32mstep-build-mvn-verify-pr[0m
  % Total    % Received % Xferd  Average Speed   Time    Time     Time  Current
                                 Dload  Upload   Total   Spent    Left  Speed
  0     0    0     0    0     0      0      0 --:--:-- --:--:-- --:--:--     0  0     0    0     0    0     0      0      0 --:--:-- --:--:-- --:--:--     0100  1882  100  1659  100   223   1800    242 --:--:-- --:--:-- --:--:--  1805
{
  "url": "https://api.github.com/repos/entando-k8s/entando-k8s-keycloak-controller/statuses/600e493bdb1c4644a285a627fcbf1c5f1b8f7516",
  "avatar_url": "https://avatars2.githubusercontent.com/u/57885396?v=4",
  "id": 11860160342,
  "node_id": "MDEzOlN0YXR1c0NvbnRleHQxMTg2MDE2MDM0Mg==",
  "state": "pending",
  "description": "Pre-deployment tests pending!",
  "target_url": "https://entando-k8s.github.io/devops-results/entando-k8s-keycloak-controller/PR-21/surefire-report.html",
  "context": "Pre-deployment tests",
  "created_at": "2021-01-14T16:36:30Z",
  "updated_at": "2021-01-14T16:36:30Z",
  "creator": {
    "login": "entando-**",
    "id": 57885396,
    "node_id": "MDQ6VXNlcjU3ODg1Mzk2",
    "avatar_url": "https://avatars2.githubusercontent.com/u/57885396?v=4",
    "gravatar_id": "",
    "url": "https://api.github.com/users/entando-**",
    "html_url": "https://github.com/entando-**",
    "followers_url": "https://api.github.com/users/entando-**/followers",
    "following_url": "https://api.github.com/users/entando-**/following{/other_user}",
    "gists_url": "https://api.github.com/users/entando-**/gists{/gist_id}",
    "starred_url": "https://api.github.com/users/**********/starred{/owner}{/repo}",
    "subscriptions_url": "https://api.github.com/users/entando-**/subscriptions",
    "organizations_url": "https://api.github.com/users/entando-**/orgs",
    "repos_url": "https://api.github.com/users/entando-**/repos",
    "events_url": "https://api.github.com/users/entando-**/events{/privacy}",
    "received_events_url": "https://api.github.com/users/entando-**/received_events",
    "type": "User",
    "site_*****": false
  }
}
  % Total    % Received % Xferd  Average Speed   Time    Time     Time  Current
                                 Dload  Upload   Total   Spent    Left  Speed
  0     0    0     0    0     0      0      0 --:--:-- --:--:-- --:--:--     0 11  1886    0     0  100   225      0    324 --:--:-- --:--:-- --:--:--   324100  1886  100  1661  100   225   2391    323 --:--:-- --:--:-- --:--:--  2389
{
  "url": "https://api.github.com/repos/entando-k8s/entando-k8s-keycloak-controller/statuses/600e493bdb1c4644a285a627fcbf1c5f1b8f7516",
  "avatar_url": "https://avatars2.githubusercontent.com/u/57885396?v=4",
  "id": 11860160478,
  "node_id": "MDEzOlN0YXR1c0NvbnRleHQxMTg2MDE2MDQ3OA==",
  "state": "pending",
  "description": "Post-deployment tests pending!",
  "target_url": "https://entando-k8s.github.io/devops-results/entando-k8s-keycloak-controller/PR-21/failsafe-report.html",
  "context": "Post-deployment tests",
  "created_at": "2021-01-14T16:36:30Z",
  "updated_at": "2021-01-14T16:36:30Z",
  "creator": {
    "login": "entando-**",
    "id": 57885396,
    "node_id": "MDQ6VXNlcjU3ODg1Mzk2",
    "avatar_url": "https://avatars2.githubusercontent.com/u/57885396?v=4",
    "gravatar_id": "",
    "url": "https://api.github.com/users/**********",
    "html_url": "https://github.com/entando-**",
    "followers_url": "https://api.github.com/users/entando-**/followers",
    "following_url": "https://api.github.com/users/entando-**/following{/other_user}",
    "gists_url": "https://api.github.com/users/entando-**/gists{/gist_id}",
    "starred_url": "https://api.github.com/users/entando-**/starred{/owner}{/repo}",
    "subscriptions_url": "https://api.github.com/users/entando-**/subscriptions",
    "organizations_url": "https://api.github.com/users/entando-**/orgs",
    "repos_url": "https://api.github.com/users/entando-**/repos",
    "events_url": "https://api.github.com/users/entando-**/events{/privacy}",
    "received_events_url": "https://api.github.com/users/entando-**/received_events",
    "type": "User",
    "site_*****": false
  }
}
  % Total    % Received % Xferd  Average Speed   Time    Time     Time  Current
                                 Dload  Upload   Total   Spent    Left  Speed
  0     0    0     0    0     0      0      0 --:--:-- --:--:-- --:--:--     0100  1832  100  1634  100   198   2568    311 --:--:-- --:--:-- --:--:--  2573
{
  "url": "https://api.github.com/repos/entando-k8s/entando-k8s-keycloak-controller/statuses/600e493bdb1c4644a285a627fcbf1c5f1b8f7516",
  "avatar_url": "https://avatars2.githubusercontent.com/u/57885396?v=4",
  "id": 11860160646,
  "node_id": "MDEzOlN0YXR1c0NvbnRleHQxMTg2MDE2MDY0Ng==",
  "state": "pending",
  "description": "Checkstyle pending!",
  "target_url": "https://entando-k8s.github.io/devops-results/entando-k8s-keycloak-controller/PR-21/checkstyle.html",
  "context": "Checkstyle",
  "created_at": "2021-01-14T16:36:31Z",
  "updated_at": "2021-01-14T16:36:31Z",
  "creator": {
    "login": "entando-**",
    "id": 57885396,
    "node_id": "MDQ6VXNlcjU3ODg1Mzk2",
    "avatar_url": "https://avatars2.githubusercontent.com/u/57885396?v=4",
    "gravatar_id": "",
    "url": "https://api.github.com/users/entando-**",
    "html_url": "https://github.com/entando-**",
    "followers_url": "https://api.github.com/users/entando-**/followers",
    "following_url": "https://api.github.com/users/**********/following{/other_user}",
    "gists_url": "https://api.github.com/users/entando-**/gists{/gist_id}",
    "starred_url": "https://api.github.com/users/entando-**/starred{/owner}{/repo}",
    "subscriptions_url": "https://api.github.com/users/entando-**/subscriptions",
    "organizations_url": "https://api.github.com/users/entando-**/orgs",
    "repos_url": "https://api.github.com/users/entando-**/repos",
    "events_url": "https://api.github.com/users/entando-**/events{/privacy}",
    "received_events_url": "https://api.github.com/users/entando-**/received_events",
    "type": "User",
    "site_*****": false
  }
}
  % Total    % Received % Xferd  Average Speed   Time    Time     Time  Current
                                 Dload  Upload   Total   Spent    Left  Speed
  0     0    0     0    0     0      0      0 --:--:-- --:--:-- --:--:--     0  0     0    0     0    0     0      0      0 --:--:-- --:--:-- --:--:--     0100  1854  100  1645  100   209   2537    322 --:--:-- --:--:-- --:--:--  2534
{
  "url": "https://api.github.com/repos/entando-k8s/entando-k8s-keycloak-controller/statuses/600e493bdb1c4644a285a627fcbf1c5f1b8f7516",
  "avatar_url": "https://avatars2.githubusercontent.com/u/57885396?v=4",
  "id": 11860160828,
  "node_id": "MDEzOlN0YXR1c0NvbnRleHQxMTg2MDE2MDgyOA==",
  "state": "pending",
  "description": "OWASP CVE pending!",
  "target_url": "https://entando-k8s.github.io/devops-results/entando-k8s-keycloak-controller/PR-21/dependency-check-report.html",
  "context": "OWASP CVE",
  "created_at": "2021-01-14T16:36:32Z",
  "updated_at": "2021-01-14T16:36:32Z",
  "creator": {
    "login": "entando-**",
    "id": 57885396,
    "node_id": "MDQ6VXNlcjU3ODg1Mzk2",
    "avatar_url": "https://avatars2.githubusercontent.com/u/57885396?v=4",
    "gravatar_id": "",
    "url": "https://api.github.com/users/entando-**",
    "html_url": "https://github.com/entando-**",
    "followers_url": "https://api.github.com/users/entando-**/followers",
    "following_url": "https://api.github.com/users/**********/following{/other_user}",
    "gists_url": "https://api.github.com/users/entando-**/gists{/gist_id}",
    "starred_url": "https://api.github.com/users/entando-**/starred{/owner}{/repo}",
    "subscriptions_url": "https://api.github.com/users/entando-**/subscriptions",
    "organizations_url": "https://api.github.com/users/entando-**/orgs",
    "repos_url": "https://api.github.com/users/entando-**/repos",
    "events_url": "https://api.github.com/users/entando-**/events{/privacy}",
    "received_events_url": "https://api.github.com/users/entando-**/received_events",
    "type": "User",
    "site_*****": false
  }
}
Picked up _JAVA_OPTIONS: -XX:+UnlockExperimentalVMOptions -Dsun.zip.disableMemoryMapping=**** -XX:+UseParallelGC -XX:MinHeapFreeRatio=5 -XX:MaxHeapFreeRatio=10 -XX:GCTimeRatio=4 -XX:AdaptiveSizePolicyWeight=90 -Xms1000m -Xmx12000m
[INFO] Scanning for projects...
[INFO] 
[INFO] ------------< org.entando:entando-k8s-keycloak-controller >-------------
[INFO] Building Entando K8S Controller for Keycloak 0.0.0-SNAPSHOT-PR-21-3
[INFO] --------------------------------[ jar ]---------------------------------
[INFO] 
[INFO] --- maven-checkstyle-plugin:3.1.1:check (validate) @ entando-k8s-keycloak-controller ---
[INFO] Starting audit...
Audit done.
[INFO] You have 0 Checkstyle violations.
[INFO] 
[INFO] --- maven-checkstyle-plugin:3.1.1:checkstyle (validate) @ entando-k8s-keycloak-controller ---
[INFO] Starting audit...
Audit done.
[INFO] 
[INFO] --- jacoco-maven-plugin:0.8.5:prepare-agent (prepare-agent) @ entando-k8s-keycloak-controller ---
[INFO] argLine set to -javaagent:/home/jenkins/.mvnrepository/org/jacoco/org.jacoco.agent/0.8.5/org.jacoco.agent-0.8.5-runtime.jar=destfile=/workspace/source/target/jacoco.e**c
[INFO] 
[INFO] --- maven-resources-plugin:2.6:resources (default-resources) @ entando-k8s-keycloak-controller ---
[INFO] Using 'UTF-8' encoding to copy filtered resources.
[INFO] Copying 4 resources
[INFO] 
[INFO] --- maven-compiler-plugin:3.8.1:compile (default-compile) @ entando-k8s-keycloak-controller ---
[INFO] Changes detected - recompiling the module!
[INFO] Compiling 5 source files to /workspace/source/target/classes
[INFO] 
[INFO] --- maven-resources-plugin:2.6:testResources (default-testResources) @ entando-k8s-keycloak-controller ---
[INFO] Using 'UTF-8' encoding to copy filtered resources.
[INFO] Copying 6 resources
[INFO] 
[INFO] --- maven-compiler-plugin:3.8.1:testCompile (default-testCompile) @ entando-k8s-keycloak-controller ---
[INFO] Changes detected - recompiling the module!
[INFO] Compiling 7 source files to /workspace/source/target/test-classes
[INFO] 
[INFO] --- maven-surefire-plugin:3.0.0-M1:test (default-test) @ entando-k8s-keycloak-controller ---
[INFO] 
[INFO] -------------------------------------------------------
[INFO]  T E S T S
[INFO] -------------------------------------------------------
[INFO] Running org.entando.kubernetes.controller.keycloakserver.inprocesstests.DeployKeycloakOnExternalDatabaseTest
Jan 14, 2021 4:36:57 PM org.entando.kubernetes.controller.keycloakserver.EntandoKeycloakServerController ensureKeycloakRealm
SEVERE: Attempting to log into Keycloak at http://my-keycloak-server-service.my-keycloak-namespace.svc.cluster.local:8080/auth
Jan 14, 2021 4:36:58 PM org.entando.kubernetes.controller.keycloakserver.EntandoKeycloakServerController ensureKeycloakRealm
SEVERE: Attempting to log into Keycloak at http://my-keycloak-server-service.my-keycloak-namespace.svc.cluster.local:8080/auth
[INFO] Tests run: 2, Failures: 0, Errors: 0, Skipped: 0, Time elapsed: 5.375 s - in org.entando.kubernetes.controller.keycloakserver.inprocesstests.DeployKeycloakOnExternalDatabaseTest
[INFO] Running org.entando.kubernetes.controller.keycloakserver.inprocesstests.DeployKeycloakServiceTest
Jan 14, 2021 4:36:59 PM org.entando.kubernetes.controller.keycloakserver.EntandoKeycloakServerController ensureKeycloakRealm
SEVERE: Attempting to log into Keycloak at http://my-keycloak-server-service.my-keycloak-namespace.svc.cluster.local:8080/auth
Jan 14, 2021 4:37:01 PM org.entando.kubernetes.controller.keycloakserver.EntandoKeycloakServerController ensureKeycloakRealm
SEVERE: Attempting to log into Keycloak at http://my-keycloak-server-service.my-keycloak-namespace.svc.cluster.local:8080/auth
Jan 14, 2021 4:37:02 PM org.entando.kubernetes.controller.keycloakserver.EntandoKeycloakServerController ensureKeycloakRealm
SEVERE: Attempting to log into Keycloak at http://my-keycloak-server-service.my-keycloak-namespace.svc.cluster.local:8080/auth
Jan 14, 2021 4:37:04 PM org.entando.kubernetes.controller.keycloakserver.EntandoKeycloakServerController ensureKeycloakRealm
SEVERE: Attempting to log into Keycloak at http://my-keycloak-server-service.my-keycloak-namespace.svc.cluster.local:8080/auth
Jan 14, 2021 4:37:05 PM org.entando.kubernetes.controller.keycloakserver.EntandoKeycloakServerController ensureKeycloakRealm
SEVERE: Attempting to log into Keycloak at http://my-keycloak-server-service.my-keycloak-namespace.svc.cluster.local:8080/auth
Jan 14, 2021 4:37:07 PM org.entando.kubernetes.controller.keycloakserver.EntandoKeycloakServerController ensureKeycloakRealm
SEVERE: Attempting to log into Keycloak at http://my-keycloak-server-service.my-keycloak-namespace.svc.cluster.local:8080/auth
Jan 14, 2021 4:37:08 PM org.entando.kubernetes.controller.keycloakserver.EntandoKeycloakServerController ensureKeycloakRealm
SEVERE: Attempting to log into Keycloak at http://my-keycloak-server-service.my-keycloak-namespace.svc.cluster.local:8080/auth
[INFO] Tests run: 7, Failures: 0, Errors: 0, Skipped: 0, Time elapsed: 10.26 s - in org.entando.kubernetes.controller.keycloakserver.inprocesstests.DeployKeycloakServiceTest
[INFO] Running org.entando.kubernetes.controller.keycloakserver.inprocesstests.DeployKeycloakWithContainerizedDatabaseTest
Jan 14, 2021 4:37:09 PM org.entando.kubernetes.controller.keycloakserver.EntandoKeycloakServerController ensureKeycloakRealm
SEVERE: Attempting to log into Keycloak at http://my-keycloak-server-service.my-keycloak-namespace.svc.cluster.local:8080/auth
Jan 14, 2021 4:37:10 PM org.entando.kubernetes.controller.keycloakserver.EntandoKeycloakServerController ensureKeycloakRealm
SEVERE: Attempting to log into Keycloak at http://my-keycloak-server-service.my-keycloak-namespace.svc.cluster.local:8080/auth
[INFO] Tests run: 2, Failures: 0, Errors: 0, Skipped: 0, Time elapsed: 1.82 s - in org.entando.kubernetes.controller.keycloakserver.inprocesstests.DeployKeycloakWithContainerizedDatabaseTest
[INFO] 
[INFO] Results:
[INFO] 
[INFO] Tests run: 11, Failures: 0, Errors: 0, Skipped: 0
[INFO] 
[INFO] 
[INFO] --- maven-jar-plugin:3.2.0:jar (default-jar) @ entando-k8s-keycloak-controller ---
[INFO] Building jar: /workspace/source/target/entando-k8s-keycloak-controller-0.0.0-SNAPSHOT-PR-21-3.jar
[INFO] 
[INFO] --- maven-jar-plugin:3.2.0:test-jar (build-test-jar) @ entando-k8s-keycloak-controller ---
[INFO] Building jar: /workspace/source/target/entando-k8s-keycloak-controller-0.0.0-SNAPSHOT-PR-21-3-tests.jar
[INFO] 
[INFO] --- maven-javadoc-plugin:3.2.0:jar (attach-javadocs) @ entando-k8s-keycloak-controller ---
[INFO] No previous run data found, generating javadoc.
[INFO] 
Loading source files for package org.entando.kubernetes.controller.keycloakserver...
Constructing Javadoc information...
Standard Doclet version 11.0.6
Building tree for all the packages and classes...
Generating /workspace/source/target/apidocs/org/entando/kubernetes/controller/keycloakserver/EntandoKeycloakHelper.html...
Generating /workspace/source/target/apidocs/org/entando/kubernetes/controller/keycloakserver/EntandoKeycloakServerController.html...
Generating /workspace/source/target/apidocs/org/entando/kubernetes/controller/keycloakserver/KeycloakDeployable.html...
Generating /workspace/source/target/apidocs/org/entando/kubernetes/controller/keycloakserver/KeycloakDeployableContainer.html...
Generating /workspace/source/target/apidocs/org/entando/kubernetes/controller/keycloakserver/KeycloakServiceDeploymentResult.html...
Generating /workspace/source/target/apidocs/org/entando/kubernetes/controller/keycloakserver/package-summary.html...
Generating /workspace/source/target/apidocs/org/entando/kubernetes/controller/keycloakserver/package-tree.html...
Generating /workspace/source/target/apidocs/constant-values.html...
Generating /workspace/source/target/apidocs/org/entando/kubernetes/controller/keycloakserver/class-use/EntandoKeycloakHelper.html...
Generating /workspace/source/target/apidocs/org/entando/kubernetes/controller/keycloakserver/class-use/KeycloakServiceDeploymentResult.html...
Generating /workspace/source/target/apidocs/org/entando/kubernetes/controller/keycloakserver/class-use/KeycloakDeployableContainer.html...
Generating /workspace/source/target/apidocs/org/entando/kubernetes/controller/keycloakserver/class-use/KeycloakDeployable.html...
Generating /workspace/source/target/apidocs/org/entando/kubernetes/controller/keycloakserver/class-use/EntandoKeycloakServerController.html...
Generating /workspace/source/target/apidocs/org/entando/kubernetes/controller/keycloakserver/package-use.html...
Building index for all the packages and classes...
Generating /workspace/source/target/apidocs/overview-tree.html...
Generating /workspace/source/target/apidocs/index-all.html...
Building index for all classes...
Generating /workspace/source/target/apidocs/allclasses-index.html...
Generating /workspace/source/target/apidocs/allpackages-index.html...
Generating /workspace/source/target/apidocs/deprecated-list.html...
Building index for all classes...
Generating /workspace/source/target/apidocs/allclasses.html...
Generating /workspace/source/target/apidocs/allclasses.html...
Generating /workspace/source/target/apidocs/index.html...
Generating /workspace/source/target/apidocs/help-doc.html...
[INFO] Building jar: /workspace/source/target/entando-k8s-keycloak-controller-0.0.0-SNAPSHOT-PR-21-3-javadoc.jar
[INFO] 
[INFO] --- quarkus-maven-plugin:1.2.0.Final:build (default) @ entando-k8s-keycloak-controller ---
[WARNING] [io.quarkus.creator.curator.Curator] These dependencies are not recommended:
	- javax.servlet:javax.servlet-api should be replaced by jakarta.servlet:jakarta.servlet-api
You might end up with two different versions of the same classes or with an artifact you shouldn't have in your classpath.
[INFO] [org.jboss.threads] JBoss Threads version 3.0.0.Final
[INFO] [io.quarkus.deployment.pkg.steps.JarResultBuildStep] Building thin jar: /workspace/source/target/entando-k8s-keycloak-controller-0.0.0-SNAPSHOT-PR-21-3-runner.jar
[INFO] [io.quarkus.deployment.QuarkusAugmentor] Quarkus augmentation completed in 1513ms
[INFO] 
[INFO] --- maven-surefire-report-plugin:3.0.0-M4:failsafe-report-only (integration-tests) @ entando-k8s-keycloak-controller ---
[INFO] 
[INFO] --- dependency-check-maven:6.0.3:aggregate (default) @ entando-k8s-keycloak-controller ---
[INFO] Checking for updates
[INFO] Skipping NVD check since last check was within 4 hours.
[INFO] Check for updates complete (57 ms)
[INFO] 

Dependency-Check is an open source tool performing a best effort analysis of 3rd party dependencies; false positives and false negatives may exist in the analysis performed by the tool. Use of the tool and the reporting provided constitutes acceptance for use in an AS IS condition, and there are NO warranties, implied or otherwise, with regard to the analysis or its use. Any use of the tool and the reporting provided is at the userâ€™s risk. In no event shall the copyright holder or OWASP be held liable for any damages whatsoever arising out of or in connection with the use of this tool, the analysis performed, or the resulting report.


[INFO] Analysis Started
[INFO] Finished Archive Analyzer (0 seconds)
[INFO] Finished File Name Analyzer (0 seconds)
[INFO] Finished Jar Analyzer (0 seconds)
[INFO] Finished Dependency Merging Analyzer (0 seconds)
[INFO] Finished Version Filter Analyzer (0 seconds)
[INFO] Finished Hint Analyzer (0 seconds)
[INFO] Created CPE Index (2 seconds)
[INFO] Finished CPE Analyzer (4 seconds)
[INFO] Finished False Positive Analyzer (0 seconds)
[INFO] Finished NVD CVE Analyzer (0 seconds)
[INFO] Finished Sonatype OSS Index Analyzer (2 seconds)
[INFO] Finished Vulnerability Suppression Analyzer (0 seconds)
[INFO] Finished Dependency Bundling Analyzer (0 seconds)
[INFO] Analysis Complete (8 seconds)
[INFO] 
[INFO] --- jacoco-maven-plugin:0.8.5:report (report) @ entando-k8s-keycloak-controller ---
[INFO] Loading e**cution data file /workspace/source/target/jacoco.e**c
[INFO] Analyzed bundle 'Entando K8S Controller for Keycloak' with 5 classes
[INFO] 
[INFO] --- maven-surefire-report-plugin:3.0.0-M4:report-only (unit-tests) @ entando-k8s-keycloak-controller ---
[WARNING] Unable to locate Test Source XRef to link to - DISABLED
[INFO] 
[INFO] --- maven-install-plugin:2.4:install (default-install) @ entando-k8s-keycloak-controller ---
[INFO] Installing /workspace/source/target/entando-k8s-keycloak-controller-0.0.0-SNAPSHOT-PR-21-3.jar to /home/jenkins/.mvnrepository/org/entando/entando-k8s-keycloak-controller/0.0.0-SNAPSHOT-PR-21-3/entando-k8s-keycloak-controller-0.0.0-SNAPSHOT-PR-21-3.jar
[INFO] Installing /workspace/source/pom.xml to /home/jenkins/.mvnrepository/org/entando/entando-k8s-keycloak-controller/0.0.0-SNAPSHOT-PR-21-3/entando-k8s-keycloak-controller-0.0.0-SNAPSHOT-PR-21-3.pom
[INFO] Installing /workspace/source/target/entando-k8s-keycloak-controller-0.0.0-SNAPSHOT-PR-21-3-tests.jar to /home/jenkins/.mvnrepository/org/entando/entando-k8s-keycloak-controller/0.0.0-SNAPSHOT-PR-21-3/entando-k8s-keycloak-controller-0.0.0-SNAPSHOT-PR-21-3-tests.jar
[INFO] Installing /workspace/source/target/entando-k8s-keycloak-controller-0.0.0-SNAPSHOT-PR-21-3-javadoc.jar to /home/jenkins/.mvnrepository/org/entando/entando-k8s-keycloak-controller/0.0.0-SNAPSHOT-PR-21-3/entando-k8s-keycloak-controller-0.0.0-SNAPSHOT-PR-21-3-javadoc.jar
[INFO] 
[INFO] --- maven-deploy-plugin:2.8.2:deploy (default-deploy) @ entando-k8s-keycloak-controller ---
[INFO] Using alternate deployment repository local-nexus::default::http://nexus/repository/maven-releases/
[INFO] 
[INFO] ------------< org.entando:entando-k8s-keycloak-controller >-------------
[INFO] Building Entando K8S Controller for Keycloak 0.0.0-SNAPSHOT-PR-21-3
[INFO] --------------------------------[ jar ]---------------------------------
[INFO] 
[INFO] --- sonar-maven-plugin:3.7.0.1746:sonar (default-cli) @ entando-k8s-keycloak-controller ---
[INFO] User cache: /****/.sonar/cache
[INFO] SonarQube version: 8.5.0
[INFO] Default locale: "en_US", source code encoding: "UTF-8"
[INFO] Load global settings
[INFO] Load global settings (done) | time=216ms
[INFO] Server id: 1BD809FA-AWHW8ct9-T_TB3XqouNu
[INFO] User cache: /****/.sonar/cache
[INFO] Load/download plugins
[INFO] Load plugins index
[INFO] Load plugins index (done) | time=81ms
[INFO] Load/download plugins (done) | time=21222ms
[INFO] Loaded core extensions: developer-scanner
[INFO] JavaScript/TypeScript frontend is enabled
[INFO] Load project settings for component key: 'entando-k8s_entando-k8s-keycloak-controller'
[INFO] Load project settings for component key: 'entando-k8s_entando-k8s-keycloak-controller' (done) | time=33ms
[INFO] Process project properties
[INFO] E**cute project builders
[INFO] E**cute project builders (done) | time=2ms
[INFO] Project key: entando-k8s_entando-k8s-keycloak-controller
[INFO] Base dir: /workspace/source
[INFO] Working dir: /workspace/source/target/sonar
[INFO] Load project branches
[INFO] Load project branches (done) | time=25ms
[INFO] Check ALM binding of project 'entando-k8s_entando-k8s-keycloak-controller'
[INFO] Detected project binding: BOUND
[INFO] Check ALM binding of project 'entando-k8s_entando-k8s-keycloak-controller' (done) | time=30ms
[INFO] Load project pull requests
[INFO] Load project pull requests (done) | time=87ms
[INFO] Load branch configuration
[INFO] Load branch configuration (done) | time=684ms
[INFO] Load quality profiles
[INFO] Load quality profiles (done) | time=65ms
[INFO] Load active rules
[INFO] Load active rules (done) | time=1427ms
[INFO] Organization key: entando-k8s
[INFO] Pull request 21 for merge into master from ENG-1737_redhat_certification
[INFO] SCM collecting changed files in the branch
[WARNING] Exception caught during e**cution of command '[/usr/local/git/bin/git, config, --******, --edit]' in '/usr/local/git/bin', return code '128', error message 'fatal: Invalid path '/usr/local/git/etc': No such file or directory
'
[INFO] SCM collecting changed files in the branch (done) | time=390ms
[INFO] Indexing files...
[INFO] Project configuration:
[INFO] 13 files inde**d
[INFO] 0 files ignored because of scm ignore settings
[INFO] Quality profile for java: Sonar way
[INFO] Quality profile for xml: Sonar way
[INFO] ------------- Run sensors on module Entando K8S Controller for Keycloak
[INFO] JavaScript/TypeScript frontend is enabled
[INFO] Load metrics repository
[INFO] Load metrics repository (done) | time=29ms
[INFO] Sensor JavaSquidSensor [java]
[INFO] Configured Java source version (sonar.java.source): 8
[INFO] JavaClasspath initialization
[INFO] JavaClasspath initialization (done) | time=20ms
[INFO] JavaTestClasspath initialization
[INFO] JavaTestClasspath initialization (done) | time=4ms
[INFO] Java Main Files AST scan
[INFO] 5 source files to be analyzed
[INFO] 5/5 source files have been analyzed
[INFO] Java Main Files AST scan (done) | time=4026ms
[INFO] Java Test Files AST scan
[INFO] 7 source files to be analyzed
[INFO] Java Test Files AST scan (done) | time=1166ms
[INFO] Java Generated Files AST scan
[INFO] 0 source files to be analyzed
[INFO] Java Generated Files AST scan (done) | time=2ms
[INFO] 7/7 source files have been analyzed
[INFO] Sensor JavaSquidSensor [java] (done) | time=5672ms
[INFO] 0/0 source files have been analyzed
[INFO] Sensor SonarCSS Rules [cssfamily]
[INFO] No CSS, PHP, HTML or VueJS files are found in the project. CSS analysis is skipped.
[INFO] Sensor SonarCSS Rules [cssfamily] (done) | time=1ms
[INFO] Sensor C# Properties [csharp]
[INFO] Sensor C# Properties [csharp] (done) | time=2ms
[INFO] Sensor Import of Checkstyle issues [java]
[INFO] Importing /workspace/source/target/checkstyle-result.xml
[INFO] Sensor Import of Checkstyle issues [java] (done) | time=77ms
[INFO] Sensor SurefireSensor [java]
[INFO] parsing [/workspace/source/target/surefire-reports]
[INFO] Sensor SurefireSensor [java] (done) | time=48ms
[INFO] Sensor JavaXmlSensor [java]
[INFO] 1 source files to be analyzed
[INFO] Sensor JavaXmlSensor [java] (done) | time=227ms
[INFO] 1/1 source files have been analyzed
[INFO] Sensor HTML [web]
[INFO] Sensor HTML [web] (done) | time=5ms
[INFO] Sensor XML Sensor [xml]
[INFO] 1 source files to be analyzed
[INFO] Sensor XML Sensor [xml] (done) | time=179ms
[INFO] Sensor VB.NET Properties [vbnet]
[INFO] Sensor VB.NET Properties [vbnet] (done) | time=1ms
[INFO] Sensor JaCoCo XML Report Importer [jacoco]
[INFO] 1/1 source files have been analyzed
[INFO] Importing 1 report(s). Turn your logs in debug mode in order to see the exhaustive list.
[INFO] Sensor JaCoCo XML Report Importer [jacoco] (done) | time=49ms
[INFO] Sensor ThymeLeaf template sensor [securityjavafrontend]
[INFO] Sensor ThymeLeaf template sensor [securityjavafrontend] (done) | time=2ms
[INFO] Sensor JavaSecuritySensor [security]
[INFO] Reading type hierarchy from: /workspace/source/target/sonar/ucfg2/java
[INFO] Read 103 type definitions
[INFO] Reading UCFGs from: /workspace/source/target/sonar/ucfg2/java
[INFO] 16:38:12.3285 Building Runtime Type propagation graph
[INFO] 16:38:12.340666 Running Tarjan on 195 nodes
[INFO] 16:38:12.34334 Tarjan found 195 components
[INFO] 16:38:12.346306 Variable type analysis: done
[INFO] 16:38:12.347018 Building Runtime Type propagation graph
[INFO] 16:38:12.3537 Running Tarjan on 195 nodes
[INFO] 16:38:12.354704 Tarjan found 195 components
[INFO] 16:38:12.355572 Variable type analysis: done
[INFO] Analyzing 46 ucfgs to detect vulnerabilities.
[INFO] All rules entrypoints : 0 Retained UCFGs : 0
[INFO] rule: S5131, entrypoints: 0
[INFO] rule: S5131 done
[INFO] rule: S3649, entrypoints: 0
[INFO] rule: S3649 done
[INFO] rule: S2076, entrypoints: 0
[INFO] rule: S2076 done
[INFO] rule: S2091, entrypoints: 0
[INFO] rule: S2091 done
[INFO] rule: S2078, entrypoints: 0
[INFO] rule: S2078 done
[INFO] rule: S2631, entrypoints: 0
[INFO] rule: S2631 done
[INFO] rule: S5135, entrypoints: 0
[INFO] rule: S5135 done
[INFO] rule: S2083, entrypoints: 0
[INFO] rule: S2083 done
[INFO] rule: S5167, entrypoints: 0
[INFO] rule: S5167 done
[INFO] rule: S5144, entrypoints: 0
[INFO] rule: S5144 done
[INFO] rule: S5145, entrypoints: 0
[INFO] rule: S5145 done
[INFO] rule: S5146, entrypoints: 0
[INFO] rule: S5146 done
[INFO] rule: S5334, entrypoints: 0
[INFO] rule: S5334 done
[INFO] Sensor JavaSecuritySensor [security] (done) | time=487ms
[INFO] Sensor CSharpSecuritySensor [security]
[INFO] Reading type hierarchy from: /workspace/source/target/ucfg_cs2
[INFO] Read 0 type definitions
[INFO] Reading UCFGs from: /workspace/source/target/ucfg_cs2
[INFO] No UCFGs have been included for analysis.
[INFO] Sensor CSharpSecuritySensor [security] (done) | time=1ms
[INFO] Sensor PhpSecuritySensor [security]
[INFO] Reading type hierarchy from: /workspace/source/target/sonar/ucfg2/php
[INFO] Read 0 type definitions
[INFO] Reading UCFGs from: /workspace/source/target/sonar/ucfg2/php
[INFO] No UCFGs have been included for analysis.
[INFO] Sensor PhpSecuritySensor [security] (done) | time=1ms
[INFO] Sensor PythonSecuritySensor [security]
[INFO] Reading type hierarchy from: /workspace/source/target/sonar/ucfg2/python
[INFO] Read 0 type definitions
[INFO] Reading UCFGs from: /workspace/source/target/sonar/ucfg2/python
[INFO] No UCFGs have been included for analysis.
[INFO] Sensor PythonSecuritySensor [security] (done) | time=1ms
[INFO] Sensor JsSecuritySensor [security]
[INFO] Reading type hierarchy from: /workspace/source/target/sonar/ucfg2/js
[INFO] Read 0 type definitions
[INFO] Reading UCFGs from: /workspace/source/target/sonar/ucfg2/js
[INFO] No UCFGs have been included for analysis.
[INFO] Sensor JsSecuritySensor [security] (done) | time=1ms
[INFO] ------------- Run sensors on project
[INFO] Sensor Zero Coverage Sensor
[INFO] Sensor Zero Coverage Sensor (done) | time=1ms
[INFO] Sensor Java CPD Block Inde**r
[INFO] Sensor Java CPD Block Inde**r (done) | time=41ms
[INFO] SCM Publisher SCM provider for this project is: git
[INFO] SCM Publisher 12 source files to be analyzed
[INFO] SCM Publisher 11/12 source files have been analyzed (done) | time=150ms
[WARNING] Missing blame information for the following files:
[WARNING]   * pom.xml
[WARNING] This may lead to missing/broken features in SonarCloud
[INFO] CPD E**cutor 1 file had no CPD blocks
[INFO] CPD E**cutor Calculating CPD for 4 files
[INFO] CPD E**cutor CPD calculation finished (done) | time=14ms
[INFO] SCM writing changed lines
[INFO] SCM writing changed lines (done) | time=120ms
[INFO] Analysis report generated in 229ms, dir size=331 KB
[INFO] Analysis report compressed in 39ms, zip size=97 KB
[INFO] Analysis report uploaded in 132ms
[INFO] ANALYSIS SUCCESSFUL, you can find the results at: https://sonarcloud.io/dashboard?id=entando-k8s_entando-k8s-keycloak-controller&pullRequest=21
[INFO] Note that you will be able to access the updated dashboard once the server has processed the submitted analysis report
[INFO] More about the report processing at https://sonarcloud.io/api/ce/task?id=AXcBwwHOxf2FyVAmnCuU
[INFO] Analysis total time: 13.627 s
[INFO] ------------------------------------------------------------------------
[INFO] BUILD SUCCESS
[INFO] ------------------------------------------------------------------------
[INFO] Total time:  01:38 min
[INFO] Finished at: 2021-01-14T16:38:13Z
[INFO] ------------------------------------------------------------------------
Picked up _JAVA_OPTIONS: -XX:+UnlockExperimentalVMOptions -Dsun.zip.disableMemoryMapping=**** -XX:+UseParallelGC -XX:MinHeapFreeRatio=5 -XX:MaxHeapFreeRatio=10 -XX:GCTimeRatio=4 -XX:AdaptiveSizePolicyWeight=90 -Xms1000m -Xmx12000m
[INFO] Scanning for projects...
[INFO] 
[INFO] ------------< org.entando:entando-k8s-keycloak-controller >-------------
[INFO] Building Entando K8S Controller for Keycloak 0.0.0-SNAPSHOT-PR-21-3
[INFO] --------------------------------[ jar ]---------------------------------
[INFO] 
[INFO] --- maven-site-plugin:3.9.0:site (default-site) @ entando-k8s-keycloak-controller ---
[INFO] configuring report plugin org.apache.maven.plugins:maven-project-info-reports-plugin:3.0.0
[INFO] 9 reports configured for maven-project-info-reports-plugin:3.0.0: dependency-info, distribution-management, index, ci-management, issue-management, licenses, plugins, scm, summary
[INFO] Rendering site with default locale English (en)
[WARNING] Unable to find a URL to the parent project. The parent menu will NOT be added.
[INFO] Relativizing decoration links with respect to localized project URL: https://central.entando.com
[INFO] Rendering content with org.apache.maven.skins:maven-default-skin:jar:1.3 skin.
[INFO] Generating "Dependency Information" report --- maven-project-info-reports-plugin:3.0.0:dependency-info
[INFO] Generating "About" report         --- maven-project-info-reports-plugin:3.0.0:index
[INFO] Generating "Issue Management" report --- maven-project-info-reports-plugin:3.0.0:issue-management
[INFO] Generating "Licenses" report      --- maven-project-info-reports-plugin:3.0.0:licenses
[INFO] Generating "Plugins" report       --- maven-project-info-reports-plugin:3.0.0:plugins
[INFO] Generating "Source Code Management" report --- maven-project-info-reports-plugin:3.0.0:scm
[INFO] Generating "Summary" report       --- maven-project-info-reports-plugin:3.0.0:summary
[INFO] ------------------------------------------------------------------------
[INFO] BUILD SUCCESS
[INFO] ------------------------------------------------------------------------
[INFO] Total time:  8.715 s
[INFO] Finished at: 2021-01-14T16:38:23Z
[INFO] ------------------------------------------------------------------------
shallow cloning https://github.com/entando-k8s/devops-results.git branch gh-pages
ran git init in /tmp/jenkins-x-collect489678540
ran git add remote origin https://github.com/entando-k8s/devops-results.git in /tmp/jenkins-x-collect489678540
ran git fetch origin --depth=1 gh-pages in dir /tmp/jenkins-x-collect489678540
Publishing https://raw.githubusercontent.com/entando-k8s/devops-results/gh-pages/entando-k8s-keycloak-controller/PR-21/checkstyle.html
Publishing https://raw.githubusercontent.com/entando-k8s/devops-results/gh-pages/entando-k8s-keycloak-controller/PR-21/checkstyle.rss
Publishing https://raw.githubusercontent.com/entando-k8s/devops-results/gh-pages/entando-k8s-keycloak-controller/PR-21/css/maven-base.css
Publishing https://raw.githubusercontent.com/entando-k8s/devops-results/gh-pages/entando-k8s-keycloak-controller/PR-21/css/maven-theme.css
Publishing https://raw.githubusercontent.com/entando-k8s/devops-results/gh-pages/entando-k8s-keycloak-controller/PR-21/css/print.css
Publishing https://raw.githubusercontent.com/entando-k8s/devops-results/gh-pages/entando-k8s-keycloak-controller/PR-21/css/site.css
Publishing https://raw.githubusercontent.com/entando-k8s/devops-results/gh-pages/entando-k8s-keycloak-controller/PR-21/dependency-check-junit.xml
Publishing https://raw.githubusercontent.com/entando-k8s/devops-results/gh-pages/entando-k8s-keycloak-controller/PR-21/dependency-check-report.html
Publishing https://raw.githubusercontent.com/entando-k8s/devops-results/gh-pages/entando-k8s-keycloak-controller/PR-21/dependency-check-report.xml
Publishing https://raw.githubusercontent.com/entando-k8s/devops-results/gh-pages/entando-k8s-keycloak-controller/PR-21/dependency-info.html
Publishing https://raw.githubusercontent.com/entando-k8s/devops-results/gh-pages/entando-k8s-keycloak-controller/PR-21/images/collapsed.gif
Publishing https://raw.githubusercontent.com/entando-k8s/devops-results/gh-pages/entando-k8s-keycloak-controller/PR-21/images/expanded.gif
Publishing https://raw.githubusercontent.com/entando-k8s/devops-results/gh-pages/entando-k8s-keycloak-controller/PR-21/images/external.png
Publishing https://raw.githubusercontent.com/entando-k8s/devops-results/gh-pages/entando-k8s-keycloak-controller/PR-21/images/icon_error_sml.gif
Publishing https://raw.githubusercontent.com/entando-k8s/devops-results/gh-pages/entando-k8s-keycloak-controller/PR-21/images/icon_info_sml.gif
Publishing https://raw.githubusercontent.com/entando-k8s/devops-results/gh-pages/entando-k8s-keycloak-controller/PR-21/images/icon_success_sml.gif
Publishing https://raw.githubusercontent.com/entando-k8s/devops-results/gh-pages/entando-k8s-keycloak-controller/PR-21/images/icon_warning_sml.gif
Publishing https://raw.githubusercontent.com/entando-k8s/devops-results/gh-pages/entando-k8s-keycloak-controller/PR-21/images/logos/build-by-maven-black.png
Publishing https://raw.githubusercontent.com/entando-k8s/devops-results/gh-pages/entando-k8s-keycloak-controller/PR-21/images/logos/build-by-maven-white.png
Publishing https://raw.githubusercontent.com/entando-k8s/devops-results/gh-pages/entando-k8s-keycloak-controller/PR-21/images/logos/maven-feather.png
Publishing https://raw.githubusercontent.com/entando-k8s/devops-results/gh-pages/entando-k8s-keycloak-controller/PR-21/images/newwindow.png
Publishing https://raw.githubusercontent.com/entando-k8s/devops-results/gh-pages/entando-k8s-keycloak-controller/PR-21/images/rss.png
Publishing https://raw.githubusercontent.com/entando-k8s/devops-results/gh-pages/entando-k8s-keycloak-controller/PR-21/index.html
Publishing https://raw.githubusercontent.com/entando-k8s/devops-results/gh-pages/entando-k8s-keycloak-controller/PR-21/issue-management.html
Publishing https://raw.githubusercontent.com/entando-k8s/devops-results/gh-pages/entando-k8s-keycloak-controller/PR-21/jacoco/index.html
Publishing https://raw.githubusercontent.com/entando-k8s/devops-results/gh-pages/entando-k8s-keycloak-controller/PR-21/jacoco/jacoco-resources/branchfc.gif
Publishing https://raw.githubusercontent.com/entando-k8s/devops-results/gh-pages/entando-k8s-keycloak-controller/PR-21/jacoco/jacoco-resources/branchnc.gif
Publishing https://raw.githubusercontent.com/entando-k8s/devops-results/gh-pages/entando-k8s-keycloak-controller/PR-21/jacoco/jacoco-resources/branchpc.gif
Publishing https://raw.githubusercontent.com/entando-k8s/devops-results/gh-pages/entando-k8s-keycloak-controller/PR-21/jacoco/jacoco-resources/bundle.gif
Publishing https://raw.githubusercontent.com/entando-k8s/devops-results/gh-pages/entando-k8s-keycloak-controller/PR-21/jacoco/jacoco-resources/class.gif
Publishing https://raw.githubusercontent.com/entando-k8s/devops-results/gh-pages/entando-k8s-keycloak-controller/PR-21/jacoco/jacoco-resources/down.gif
Publishing https://raw.githubusercontent.com/entando-k8s/devops-results/gh-pages/entando-k8s-keycloak-controller/PR-21/jacoco/jacoco-resources/greenbar.gif
Publishing https://raw.githubusercontent.com/entando-k8s/devops-results/gh-pages/entando-k8s-keycloak-controller/PR-21/jacoco/jacoco-resources/group.gif
Publishing https://raw.githubusercontent.com/entando-k8s/devops-results/gh-pages/entando-k8s-keycloak-controller/PR-21/jacoco/jacoco-resources/method.gif
Publishing https://raw.githubusercontent.com/entando-k8s/devops-results/gh-pages/entando-k8s-keycloak-controller/PR-21/jacoco/jacoco-resources/package.gif
Publishing https://raw.githubusercontent.com/entando-k8s/devops-results/gh-pages/entando-k8s-keycloak-controller/PR-21/jacoco/jacoco-resources/prettify.css
Publishing https://raw.githubusercontent.com/entando-k8s/devops-results/gh-pages/entando-k8s-keycloak-controller/PR-21/jacoco/jacoco-resources/prettify.js
Publishing https://raw.githubusercontent.com/entando-k8s/devops-results/gh-pages/entando-k8s-keycloak-controller/PR-21/jacoco/jacoco-resources/redbar.gif
Publishing https://raw.githubusercontent.com/entando-k8s/devops-results/gh-pages/entando-k8s-keycloak-controller/PR-21/jacoco/jacoco-resources/report.css
Publishing https://raw.githubusercontent.com/entando-k8s/devops-results/gh-pages/entando-k8s-keycloak-controller/PR-21/jacoco/jacoco-resources/report.gif
Publishing https://raw.githubusercontent.com/entando-k8s/devops-results/gh-pages/entando-k8s-keycloak-controller/PR-21/jacoco/jacoco-resources/session.gif
Publishing https://raw.githubusercontent.com/entando-k8s/devops-results/gh-pages/entando-k8s-keycloak-controller/PR-21/jacoco/jacoco-resources/sort.gif
Publishing https://raw.githubusercontent.com/entando-k8s/devops-results/gh-pages/entando-k8s-keycloak-controller/PR-21/jacoco/jacoco-resources/sort.js
Publishing https://raw.githubusercontent.com/entando-k8s/devops-results/gh-pages/entando-k8s-keycloak-controller/PR-21/jacoco/jacoco-resources/source.gif
Publishing https://raw.githubusercontent.com/entando-k8s/devops-results/gh-pages/entando-k8s-keycloak-controller/PR-21/jacoco/jacoco-resources/up.gif
Publishing https://raw.githubusercontent.com/entando-k8s/devops-results/gh-pages/entando-k8s-keycloak-controller/PR-21/jacoco/jacoco-sessions.html
Publishing https://raw.githubusercontent.com/entando-k8s/devops-results/gh-pages/entando-k8s-keycloak-controller/PR-21/jacoco/jacoco.csv
Publishing https://raw.githubusercontent.com/entando-k8s/devops-results/gh-pages/entando-k8s-keycloak-controller/PR-21/jacoco/jacoco.xml
Publishing https://raw.githubusercontent.com/entando-k8s/devops-results/gh-pages/entando-k8s-keycloak-controller/PR-21/jacoco/org.entando.kubernetes.controller.keycloakserver/EntandoKeycloakHelper.html
Publishing https://raw.githubusercontent.com/entando-k8s/devops-results/gh-pages/entando-k8s-keycloak-controller/PR-21/jacoco/org.entando.kubernetes.controller.keycloakserver/EntandoKeycloakHelper.java.html
Publishing https://raw.githubusercontent.com/entando-k8s/devops-results/gh-pages/entando-k8s-keycloak-controller/PR-21/jacoco/org.entando.kubernetes.controller.keycloakserver/EntandoKeycloakServerController.html
Publishing https://raw.githubusercontent.com/entando-k8s/devops-results/gh-pages/entando-k8s-keycloak-controller/PR-21/jacoco/org.entando.kubernetes.controller.keycloakserver/EntandoKeycloakServerController.java.html
Publishing https://raw.githubusercontent.com/entando-k8s/devops-results/gh-pages/entando-k8s-keycloak-controller/PR-21/jacoco/org.entando.kubernetes.controller.keycloakserver/KeycloakDeployable.html
Publishing https://raw.githubusercontent.com/entando-k8s/devops-results/gh-pages/entando-k8s-keycloak-controller/PR-21/jacoco/org.entando.kubernetes.controller.keycloakserver/KeycloakDeployable.java.html
Publishing https://raw.githubusercontent.com/entando-k8s/devops-results/gh-pages/entando-k8s-keycloak-controller/PR-21/jacoco/org.entando.kubernetes.controller.keycloakserver/KeycloakDeployableContainer.html
Publishing https://raw.githubusercontent.com/entando-k8s/devops-results/gh-pages/entando-k8s-keycloak-controller/PR-21/jacoco/org.entando.kubernetes.controller.keycloakserver/KeycloakDeployableContainer.java.html
Publishing https://raw.githubusercontent.com/entando-k8s/devops-results/gh-pages/entando-k8s-keycloak-controller/PR-21/jacoco/org.entando.kubernetes.controller.keycloakserver/KeycloakServiceDeploymentResult.html
Publishing https://raw.githubusercontent.com/entando-k8s/devops-results/gh-pages/entando-k8s-keycloak-controller/PR-21/jacoco/org.entando.kubernetes.controller.keycloakserver/KeycloakServiceDeploymentResult.java.html
Publishing https://raw.githubusercontent.com/entando-k8s/devops-results/gh-pages/entando-k8s-keycloak-controller/PR-21/jacoco/org.entando.kubernetes.controller.keycloakserver/index.html
Publishing https://raw.githubusercontent.com/entando-k8s/devops-results/gh-pages/entando-k8s-keycloak-controller/PR-21/jacoco/org.entando.kubernetes.controller.keycloakserver/index.source.html
Publishing https://raw.githubusercontent.com/entando-k8s/devops-results/gh-pages/entando-k8s-keycloak-controller/PR-21/licenses.html
Publishing https://raw.githubusercontent.com/entando-k8s/devops-results/gh-pages/entando-k8s-keycloak-controller/PR-21/plugins.html
Publishing https://raw.githubusercontent.com/entando-k8s/devops-results/gh-pages/entando-k8s-keycloak-controller/PR-21/project-info.html
Publishing https://raw.githubusercontent.com/entando-k8s/devops-results/gh-pages/entando-k8s-keycloak-controller/PR-21/scm.html
Publishing https://raw.githubusercontent.com/entando-k8s/devops-results/gh-pages/entando-k8s-keycloak-controller/PR-21/summary.html
Publishing https://raw.githubusercontent.com/entando-k8s/devops-results/gh-pages/entando-k8s-keycloak-controller/PR-21/surefire-report.html
stashed: https://raw.githubusercontent.com/entando-k8s/devops-results/gh-pages/entando-k8s-keycloak-controller/PR-21/checkstyle.html
stashed: https://raw.githubusercontent.com/entando-k8s/devops-results/gh-pages/entando-k8s-keycloak-controller/PR-21/checkstyle.rss
stashed: https://raw.githubusercontent.com/entando-k8s/devops-results/gh-pages/entando-k8s-keycloak-controller/PR-21/css/maven-base.css
stashed: https://raw.githubusercontent.com/entando-k8s/devops-results/gh-pages/entando-k8s-keycloak-controller/PR-21/css/maven-theme.css
stashed: https://raw.githubusercontent.com/entando-k8s/devops-results/gh-pages/entando-k8s-keycloak-controller/PR-21/css/print.css
stashed: https://raw.githubusercontent.com/entando-k8s/devops-results/gh-pages/entando-k8s-keycloak-controller/PR-21/css/site.css
stashed: https://raw.githubusercontent.com/entando-k8s/devops-results/gh-pages/entando-k8s-keycloak-controller/PR-21/dependency-check-junit.xml
stashed: https://raw.githubusercontent.com/entando-k8s/devops-results/gh-pages/entando-k8s-keycloak-controller/PR-21/dependency-check-report.html
stashed: https://raw.githubusercontent.com/entando-k8s/devops-results/gh-pages/entando-k8s-keycloak-controller/PR-21/dependency-check-report.xml
stashed: https://raw.githubusercontent.com/entando-k8s/devops-results/gh-pages/entando-k8s-keycloak-controller/PR-21/dependency-info.html
stashed: https://raw.githubusercontent.com/entando-k8s/devops-results/gh-pages/entando-k8s-keycloak-controller/PR-21/images/collapsed.gif
stashed: https://raw.githubusercontent.com/entando-k8s/devops-results/gh-pages/entando-k8s-keycloak-controller/PR-21/images/expanded.gif
stashed: https://raw.githubusercontent.com/entando-k8s/devops-results/gh-pages/entando-k8s-keycloak-controller/PR-21/images/external.png
stashed: https://raw.githubusercontent.com/entando-k8s/devops-results/gh-pages/entando-k8s-keycloak-controller/PR-21/images/icon_error_sml.gif
stashed: https://raw.githubusercontent.com/entando-k8s/devops-results/gh-pages/entando-k8s-keycloak-controller/PR-21/images/icon_info_sml.gif
stashed: https://raw.githubusercontent.com/entando-k8s/devops-results/gh-pages/entando-k8s-keycloak-controller/PR-21/images/icon_success_sml.gif
stashed: https://raw.githubusercontent.com/entando-k8s/devops-results/gh-pages/entando-k8s-keycloak-controller/PR-21/images/icon_warning_sml.gif
stashed: https://raw.githubusercontent.com/entando-k8s/devops-results/gh-pages/entando-k8s-keycloak-controller/PR-21/images/logos/build-by-maven-black.png
stashed: https://raw.githubusercontent.com/entando-k8s/devops-results/gh-pages/entando-k8s-keycloak-controller/PR-21/images/logos/build-by-maven-white.png
stashed: https://raw.githubusercontent.com/entando-k8s/devops-results/gh-pages/entando-k8s-keycloak-controller/PR-21/images/logos/maven-feather.png
stashed: https://raw.githubusercontent.com/entando-k8s/devops-results/gh-pages/entando-k8s-keycloak-controller/PR-21/images/newwindow.png
stashed: https://raw.githubusercontent.com/entando-k8s/devops-results/gh-pages/entando-k8s-keycloak-controller/PR-21/images/rss.png
stashed: https://raw.githubusercontent.com/entando-k8s/devops-results/gh-pages/entando-k8s-keycloak-controller/PR-21/index.html
stashed: https://raw.githubusercontent.com/entando-k8s/devops-results/gh-pages/entando-k8s-keycloak-controller/PR-21/issue-management.html
stashed: https://raw.githubusercontent.com/entando-k8s/devops-results/gh-pages/entando-k8s-keycloak-controller/PR-21/jacoco/index.html
stashed: https://raw.githubusercontent.com/entando-k8s/devops-results/gh-pages/entando-k8s-keycloak-controller/PR-21/jacoco/jacoco-resources/branchfc.gif
stashed: https://raw.githubusercontent.com/entando-k8s/devops-results/gh-pages/entando-k8s-keycloak-controller/PR-21/jacoco/jacoco-resources/branchnc.gif
stashed: https://raw.githubusercontent.com/entando-k8s/devops-results/gh-pages/entando-k8s-keycloak-controller/PR-21/jacoco/jacoco-resources/branchpc.gif
stashed: https://raw.githubusercontent.com/entando-k8s/devops-results/gh-pages/entando-k8s-keycloak-controller/PR-21/jacoco/jacoco-resources/bundle.gif
stashed: https://raw.githubusercontent.com/entando-k8s/devops-results/gh-pages/entando-k8s-keycloak-controller/PR-21/jacoco/jacoco-resources/class.gif
stashed: https://raw.githubusercontent.com/entando-k8s/devops-results/gh-pages/entando-k8s-keycloak-controller/PR-21/jacoco/jacoco-resources/down.gif
stashed: https://raw.githubusercontent.com/entando-k8s/devops-results/gh-pages/entando-k8s-keycloak-controller/PR-21/jacoco/jacoco-resources/greenbar.gif
stashed: https://raw.githubusercontent.com/entando-k8s/devops-results/gh-pages/entando-k8s-keycloak-controller/PR-21/jacoco/jacoco-resources/group.gif
stashed: https://raw.githubusercontent.com/entando-k8s/devops-results/gh-pages/entando-k8s-keycloak-controller/PR-21/jacoco/jacoco-resources/method.gif
stashed: https://raw.githubusercontent.com/entando-k8s/devops-results/gh-pages/entando-k8s-keycloak-controller/PR-21/jacoco/jacoco-resources/package.gif
stashed: https://raw.githubusercontent.com/entando-k8s/devops-results/gh-pages/entando-k8s-keycloak-controller/PR-21/jacoco/jacoco-resources/prettify.css
stashed: https://raw.githubusercontent.com/entando-k8s/devops-results/gh-pages/entando-k8s-keycloak-controller/PR-21/jacoco/jacoco-resources/prettify.js
stashed: https://raw.githubusercontent.com/entando-k8s/devops-results/gh-pages/entando-k8s-keycloak-controller/PR-21/jacoco/jacoco-resources/redbar.gif
stashed: https://raw.githubusercontent.com/entando-k8s/devops-results/gh-pages/entando-k8s-keycloak-controller/PR-21/jacoco/jacoco-resources/report.css
stashed: https://raw.githubusercontent.com/entando-k8s/devops-results/gh-pages/entando-k8s-keycloak-controller/PR-21/jacoco/jacoco-resources/report.gif
stashed: https://raw.githubusercontent.com/entando-k8s/devops-results/gh-pages/entando-k8s-keycloak-controller/PR-21/jacoco/jacoco-resources/session.gif
stashed: https://raw.githubusercontent.com/entando-k8s/devops-results/gh-pages/entando-k8s-keycloak-controller/PR-21/jacoco/jacoco-resources/sort.gif
stashed: https://raw.githubusercontent.com/entando-k8s/devops-results/gh-pages/entando-k8s-keycloak-controller/PR-21/jacoco/jacoco-resources/sort.js
stashed: https://raw.githubusercontent.com/entando-k8s/devops-results/gh-pages/entando-k8s-keycloak-controller/PR-21/jacoco/jacoco-resources/source.gif
stashed: https://raw.githubusercontent.com/entando-k8s/devops-results/gh-pages/entando-k8s-keycloak-controller/PR-21/jacoco/jacoco-resources/up.gif
stashed: https://raw.githubusercontent.com/entando-k8s/devops-results/gh-pages/entando-k8s-keycloak-controller/PR-21/jacoco/jacoco-sessions.html
stashed: https://raw.githubusercontent.com/entando-k8s/devops-results/gh-pages/entando-k8s-keycloak-controller/PR-21/jacoco/jacoco.csv
stashed: https://raw.githubusercontent.com/entando-k8s/devops-results/gh-pages/entando-k8s-keycloak-controller/PR-21/jacoco/jacoco.xml
stashed: https://raw.githubusercontent.com/entando-k8s/devops-results/gh-pages/entando-k8s-keycloak-controller/PR-21/jacoco/org.entando.kubernetes.controller.keycloakserver/EntandoKeycloakHelper.html
stashed: https://raw.githubusercontent.com/entando-k8s/devops-results/gh-pages/entando-k8s-keycloak-controller/PR-21/jacoco/org.entando.kubernetes.controller.keycloakserver/EntandoKeycloakHelper.java.html
stashed: https://raw.githubusercontent.com/entando-k8s/devops-results/gh-pages/entando-k8s-keycloak-controller/PR-21/jacoco/org.entando.kubernetes.controller.keycloakserver/EntandoKeycloakServerController.html
stashed: https://raw.githubusercontent.com/entando-k8s/devops-results/gh-pages/entando-k8s-keycloak-controller/PR-21/jacoco/org.entando.kubernetes.controller.keycloakserver/EntandoKeycloakServerController.java.html
stashed: https://raw.githubusercontent.com/entando-k8s/devops-results/gh-pages/entando-k8s-keycloak-controller/PR-21/jacoco/org.entando.kubernetes.controller.keycloakserver/KeycloakDeployable.html
stashed: https://raw.githubusercontent.com/entando-k8s/devops-results/gh-pages/entando-k8s-keycloak-controller/PR-21/jacoco/org.entando.kubernetes.controller.keycloakserver/KeycloakDeployable.java.html
stashed: https://raw.githubusercontent.com/entando-k8s/devops-results/gh-pages/entando-k8s-keycloak-controller/PR-21/jacoco/org.entando.kubernetes.controller.keycloakserver/KeycloakDeployableContainer.html
stashed: https://raw.githubusercontent.com/entando-k8s/devops-results/gh-pages/entando-k8s-keycloak-controller/PR-21/jacoco/org.entando.kubernetes.controller.keycloakserver/KeycloakDeployableContainer.java.html
stashed: https://raw.githubusercontent.com/entando-k8s/devops-results/gh-pages/entando-k8s-keycloak-controller/PR-21/jacoco/org.entando.kubernetes.controller.keycloakserver/KeycloakServiceDeploymentResult.html
stashed: https://raw.githubusercontent.com/entando-k8s/devops-results/gh-pages/entando-k8s-keycloak-controller/PR-21/jacoco/org.entando.kubernetes.controller.keycloakserver/KeycloakServiceDeploymentResult.java.html
stashed: https://raw.githubusercontent.com/entando-k8s/devops-results/gh-pages/entando-k8s-keycloak-controller/PR-21/jacoco/org.entando.kubernetes.controller.keycloakserver/index.html
stashed: https://raw.githubusercontent.com/entando-k8s/devops-results/gh-pages/entando-k8s-keycloak-controller/PR-21/jacoco/org.entando.kubernetes.controller.keycloakserver/index.source.html
stashed: https://raw.githubusercontent.com/entando-k8s/devops-results/gh-pages/entando-k8s-keycloak-controller/PR-21/licenses.html
stashed: https://raw.githubusercontent.com/entando-k8s/devops-results/gh-pages/entando-k8s-keycloak-controller/PR-21/plugins.html
stashed: https://raw.githubusercontent.com/entando-k8s/devops-results/gh-pages/entando-k8s-keycloak-controller/PR-21/project-info.html
stashed: https://raw.githubusercontent.com/entando-k8s/devops-results/gh-pages/entando-k8s-keycloak-controller/PR-21/scm.html
stashed: https://raw.githubusercontent.com/entando-k8s/devops-results/gh-pages/entando-k8s-keycloak-controller/PR-21/summary.html
stashed: https://raw.githubusercontent.com/entando-k8s/devops-results/gh-pages/entando-k8s-keycloak-controller/PR-21/surefire-report.html
error: etcdserver: request is too large
  % Total    % Received % Xferd  Average Speed   Time    Time     Time  Current
                                 Dload  Upload   Total   Spent    Left  Speed
  0     0    0     0    0     0      0      0 --:--:-- --:--:-- --:--:--     0100  1882  100  1659  100   223   2523    339 --:--:-- --:--:-- --:--:--  2525
{
  "url": "https://api.github.com/repos/entando-k8s/entando-k8s-keycloak-controller/statuses/600e493bdb1c4644a285a627fcbf1c5f1b8f7516",
  "avatar_url": "https://avatars2.githubusercontent.com/u/57885396?v=4",
  "id": 11860197988,
  "node_id": "MDEzOlN0YXR1c0NvbnRleHQxMTg2MDE5Nzk4OA==",
  "state": "success",
  "description": "Pre-deployment tests success!",
  "target_url": "https://entando-k8s.github.io/devops-results/entando-k8s-keycloak-controller/PR-21/surefire-report.html",
  "context": "Pre-deployment tests",
  "created_at": "2021-01-14T16:39:20Z",
  "updated_at": "2021-01-14T16:39:20Z",
  "creator": {
    "login": "entando-**",
    "id": 57885396,
    "node_id": "MDQ6VXNlcjU3ODg1Mzk2",
    "avatar_url": "https://avatars2.githubusercontent.com/u/57885396?v=4",
    "gravatar_id": "",
    "url": "https://api.github.com/users/entando-**",
    "html_url": "https://github.com/entando-**",
    "followers_url": "https://api.github.com/users/**********/followers",
    "following_url": "https://api.github.com/users/entando-**/following{/other_user}",
    "gists_url": "https://api.github.com/users/entando-**/gists{/gist_id}",
    "starred_url": "https://api.github.com/users/entando-**/starred{/owner}{/repo}",
    "subscriptions_url": "https://api.github.com/users/entando-**/subscriptions",
    "organizations_url": "https://api.github.com/users/entando-**/orgs",
    "repos_url": "https://api.github.com/users/entando-**/repos",
    "events_url": "https://api.github.com/users/entando-**/events{/privacy}",
    "received_events_url": "https://api.github.com/users/entando-**/received_events",
    "type": "User",
    "site_*****": false
  }
}
  % Total    % Received % Xferd  Average Speed   Time    Time     Time  Current
                                 Dload  Upload   Total   Spent    Left  Speed
{
  "url": "https://api.github.com/repos/entando-k8s/entando-k8s-keycloak-controller/statuses/600e493bdb1c4644a285a627fcbf1c5f1b8f7516",
  "avatar_url": "https://avatars2.githubusercontent.com/u/57885396?v=4",
  "id": 11860198137,
  "node_id": "MDEzOlN0YXR1c0NvbnRleHQxMTg2MDE5ODEzNw==",
  "state": "success",
  "description": "Checkstyle success!",
  "target_url": "https://entando-k8s.github.io/devops-results/entando-k8s-keycloak-controller/PR-21/checkstyle.html",
  "context": "Checkstyle",
  "created_at": "2021-01-14T16:39:20Z",
  "updated_at": "2021-01-14T16:39:20Z",
  "creator": {
    "login": "entando-**",
    "id": 57885396,
    "node_id": "MDQ6VXNlcjU3ODg1Mzk2",
    "avatar_url": "https://avatars2.githubusercontent.com/u/57885396?v=4",
    "gravatar_id": "",
    "url": "https://api.github.com/users/entando-**",
    "html_url": "https://github.com/entando-**",
    "followers_url": "https://api.github.com/users/entando-**/followers",
    "following_url": "https://api.github.com/users/**********/following{/other_user}",
    "gists_url": "https://api.github.com/users/**********/gists{/gist_id}",
    "starred_url": "https://api.github.com/users/entando-**/starred{/owner}{/repo}",
    "subscriptions_url": "https://api.github.com/users/entando-**/subscriptions",
    "organizations_url": "https://api.github.com/users/entando-**/orgs",
    "repos_url": "https://api.github.com/users/entando-**/repos",
    "events_url": "https://api.github.com/users/entando-**/events{/privacy}",
    "received_events_url": "https://api.github.com/users/entando-**/received_events",
    "type": "User",
    "site_*****": false
  }
}
  0     0    0     0    0     0      0      0 --:--:-- --:--:-- --:--:--     0  0     0    0     0    0     0      0      0 --:--:-- --:--:-- --:--:--     0100  1832  100  1634  100   198   2238    271 --:--:-- --:--:-- --:--:--  2238
  % Total    % Received % Xferd  Average Speed   Time    Time     Time  Current
                                 Dload  Upload   Total   Spent    Left  Speed
{
  "url": "https://api.github.com/repos/entando-k8s/entando-k8s-keycloak-controller/statuses/600e493bdb1c4644a285a627fcbf1c5f1b8f7516",
  "avatar_url": "https://avatars2.githubusercontent.com/u/57885396?v=4",
  "id": 11860198273,
  "node_id": "MDEzOlN0YXR1c0NvbnRleHQxMTg2MDE5ODI3Mw==",
  "state": "success",
  "description": "OWASP CVE success!",
  "target_url": "https://entando-k8s.github.io/devops-results/entando-k8s-keycloak-controller/PR-21/dependency-check-report.html",
  "context": "OWASP CVE",
  "created_at": "2021-01-14T16:39:21Z",
  "updated_at": "2021-01-14T16:39:21Z",
  "creator": {
    "login": "entando-**",
    "id": 57885396,
    "node_id": "MDQ6VXNlcjU3ODg1Mzk2",
    "avatar_url": "https://avatars2.githubusercontent.com/u/57885396?v=4",
    "gravatar_id": "",
    "url": "https://api.github.com/users/entando-**",
    "html_url": "https://github.com/entando-**",
    "followers_url": "https://api.github.com/users/entando-**/followers",
    "following_url": "https://api.github.com/users/entando-**/following{/other_user}",
    "gists_url": "https://api.github.com/users/entando-**/gists{/gist_id}",
    "starred_url": "https://api.github.com/users/entando-**/starred{/owner}{/repo}",
    "subscriptions_url": "https://api.github.com/users/entando-**/subscriptions",
    "organizations_url": "https://api.github.com/users/entando-**/orgs",
    "repos_url": "https://api.github.com/users/entando-**/repos",
    "events_url": "https://api.github.com/users/entando-**/events{/privacy}",
    "received_events_url": "https://api.github.com/users/entando-**/received_events",
    "type": "User",
    "site_*****": false
  }
}
  0     0    0     0    0     0      0      0 --:--:-- --:--:-- --:--:--     0 11  1854    0     0  100   209      0    332 --:--:-- --:--:-- --:--:--   332100  1854  100  1645  100   209   2616    332 --:--:-- --:--:-- --:--:--  2615
Congratulations! No build failures found for entando-k8s-keycloak-controller-PR-21.

Showing logs for build [32mentando-k8s-entando-k8s-keycloa-l76dw-3[0m stage [32mfrom-build-pack[0m and container [32mstep-build-container-build[0m
Generating tags...
 - entando/entando-k8s-keycloak-controller -> docker.io/entando/entando-k8s-keycloak-controller:0.0.0-SNAPSHOT-PR-21-3
Checking cache...
 - entando/entando-k8s-keycloak-controller: Not found. Building
Building [entando/entando-k8s-keycloak-controller]...
Sending build context to Docker daemon  534.5kBSending build context to Docker daemon  6.034MBSending build context to Docker daemon  13.21MBSending build context to Docker daemon  20.98MBSending build context to Docker daemon  27.03MBSending build context to Docker daemon  34.79MBSending build context to Docker daemon   41.8MBSending build context to Docker daemon  43.88MB
Step 1/9 : FROM fabric8/java-ubi-openjdk11-jdk
 ---> 2c1e34a951ba
Step 2/9 : ARG VERSION
 ---> Using cache
 ---> 8ff2b7f091ff
Step 3/9 : LABEL name "Entando K8S Keycloak Controller" vendor "Entando" version "v${VERSION}" release "6" summary "This container processes EntandoKeycloakServer custom resources." description "This is a run-to-completion container. It will deploy a Keycloak or RedHat SSO server to your cluster                    when it is e**cuted with environment variables that point to a new EntandoKeycloakServer.                    Subsequent e**cutions of this container against the same EntandoKeycloakServer will patch the exsiting                    deployment resources"
 ---> Running in 047f979d32af
 ---> de68acd3b0bd
Step 4/9 : ENV JAVA_OPTIONS "-Djava.util.logging.manager=org.jboss.logmanager.LogManager"
 ---> Running in f1f34819a758
 ---> 869b301a68ab
Step 5/9 : ENV AB_ENABLED jmx_exporter
 ---> Running in d61012b2fa49
 ---> 62301eff7a1c
Step 6/9 : COPY LICENSE /licences/entandol-lgpl.txt
 ---> 1882f950839e
Step 7/9 : COPY target/lib/* /deployments/lib/
 ---> 8578f7da0dfc
Step 8/9 : COPY target/*-runner.jar /deployments/app.jar
 ---> e7d6c8ca735b
Step 9/9 : ENTRYPOINT /deployments/run-java.sh
 ---> Running in d96df2aea616
 ---> 5ee030df8b4a
Successfully built 5ee030df8b4a
The push refers to a repository [docker.io/entando/entando-k8s-keycloak-controller]
642c8115e9e4: Preparing
2965d507b064: Preparing
1d4a347f56d0: Preparing
943a7fa5534b: Preparing
a96f62b50f06: Preparing
31dbb7ba3eaa: Preparing
0352bd717f81: Preparing
d0e90c560ab7: Preparing
8e46467f757e: Preparing
1b054d7b5a74: Preparing
93757f8ff483: Preparing
133b5003f6eb: Preparing
1776c40df06e: Preparing
31dbb7ba3eaa: Waiting
8e46467f757e: Waiting
1b054d7b5a74: Waiting
93757f8ff483: Waiting
0352bd717f81: Waiting
d0e90c560ab7: Waiting
133b5003f6eb: Waiting
1776c40df06e: Waiting
a96f62b50f06: Mounted from entando/entando-k8s-dbjob
943a7fa5534b: Mounted from entando/entando-k8s-dbjob
31dbb7ba3eaa: Mounted from entando/entando-k8s-dbjob
1d4a347f56d0: Pushed
642c8115e9e4: Pushed
0352bd717f81: Mounted from entando/entando-k8s-dbjob
d0e90c560ab7: Mounted from entando/entando-k8s-dbjob
8e46467f757e: Mounted from entando/entando-k8s-dbjob
93757f8ff483: Mounted from entando/entando-k8s-dbjob
133b5003f6eb: Mounted from entando/entando-k8s-dbjob
1b054d7b5a74: Mounted from entando/entando-k8s-dbjob
1776c40df06e: Mounted from entando/entando-k8s-dbjob
2965d507b064: Pushed
0.0.0-SNAPSHOT-PR-21-3: digest: sha256:8557e28e587e043407e1e1116e738d8c12d3d91dab8f2ba4fb3b14c52e5d67a0 size: 3036
There is a new version (1.17.2) of Skaffold available. Download it at https://storage.googleapis.com/skaffold/releases/latest/skaffold-linux-amd64


Showing logs for build [32mentando-k8s-entando-k8s-keycloa-l76dw-3[0m stage [32mfrom-build-pack[0m and container [32mstep-postbuild-post-build[0m
no CVE provider running in the current ** namespace so skip adding image to be analysed

Showing logs for build [32mentando-k8s-entando-k8s-keycloa-l76dw-3[0m stage [32mfrom-build-pack[0m and container [32mstep-promote-make-preview[0m
Creating /builder/home/.helm 
Creating /builder/home/.helm/repository 
Creating /builder/home/.helm/repository/cache 
Creating /builder/home/.helm/repository/local 
Creating /builder/home/.helm/plugins 
Creating /builder/home/.helm/starters 
Creating /builder/home/.helm/cache/archive 
Creating /builder/home/.helm/repository/repositories.yaml 
Adding stable repo with URL: https://charts.helm.sh/stable 
Adding local repo with URL: http://127.0.0.1:8879/charts 
$HELM_HOME has been configured at /builder/home/.helm.
Not installing Tiller due to 'client-only' flag having been set
sed -i -e "s/version:.*/version: 0.0.0-SNAPSHOT-PR-21-3/" Chart.yaml
sed -i -e "s/version:.*/version: 0.0.0-SNAPSHOT-PR-21-3/" ../*/Chart.yaml
sed -i -e "s|repository:.*|repository: docker.io\/entando\/entando-k8s-keycloak-controller|" values.yaml
sed -i -e "s/tag:.*/tag: 0.0.0-SNAPSHOT-PR-21-3/" values.yaml
echo "  version: 0.0.0-SNAPSHOT-PR-21-3" >> requirements.yaml
** step helm build
WARNING: No $CHART_REPOSITORY defined so using the default value of: http://jenkins-x-chartmuseum:8080
Adding missing Helm repo: storage.googleapis.com https://storage.googleapis.com/chartmuseum.jenkins-x.io
Successfully added Helm repository storage.googleapis.com.
Adding missing Helm repo: jenkins-x-chartmuseum http://jenkins-x-chartmuseum:8080
Successfully added Helm repository jenkins-x-chartmuseum.
WARNING: No $CHART_REPOSITORY defined so using the default value of: http://jenkins-x-chartmuseum:8080

Showing logs for build [32mentando-k8s-entando-k8s-keycloa-l76dw-3[0m stage [32mfrom-build-pack[0m and container [32mstep-promote-jx-preview[0m
Creating a preview
Found commit author match for: ampie with email address: ampie.private@gmail.com
Created environment entando-k8s-keycloak-controller-kcpr21
Namespace entando-k8s-keycloak-controller-kcpr21 created 
expose:
  Annotations:
    helm.sh/hook: post-install,post-upgrade
    helm.sh/hook-delete-policy: hook-succeeded
  config:
    domain: *************
    exposer: Ingress
    http: "****"
preview:
  image:
    repository: docker.io/entando/entando-k8s-keycloak-controller
    tag: 0.0.0-SNAPSHOT-PR-21-3

WARNING: Could not find the service URL in namespace entando-k8s-keycloak-controller-kcpr21 for names : Timed out after 1m0s, last error: %!s(<nil>)
Updating PipelineActivities entando-k8s-entando-k8s-keycloak-controller-pr-21-3 which has status Running
WARNING: Failed to find the service entando-k8s-keycloak-controller : failed to find service entando-k8s-keycloak-controller in namespace entando-k8s-keycloak-controller-kcpr21: services "entando-k8s-keycloak-controller" not found

Showing logs for build [32mentando-k8s-entando-k8s-keycloa-l76dw-3[0m stage [32mfrom-build-pack[0m and container [32mstep-promote-run-post-deployment-tests[0m
Picked up _JAVA_OPTIONS: -XX:+UnlockExperimentalVMOptions -Dsun.zip.disableMemoryMapping=**** -XX:+UseParallelGC -XX:MinHeapFreeRatio=5 -XX:MaxHeapFreeRatio=10 -XX:GCTimeRatio=4 -XX:AdaptiveSizePolicyWeight=90 -Xms1000m -Xmx12000m
[INFO] Scanning for projects...
[INFO] 
[INFO] ------------< org.entando:entando-k8s-keycloak-controller >-------------
[INFO] Building Entando K8S Controller for Keycloak 0.0.0-SNAPSHOT-PR-21-3
[INFO] --------------------------------[ jar ]---------------------------------
[INFO] 
[INFO] --- maven-resources-plugin:2.6:resources (default-resources) @ entando-k8s-keycloak-controller ---
[INFO] Using 'UTF-8' encoding to copy filtered resources.
[INFO] Copying 4 resources
[INFO] 
[INFO] --- maven-compiler-plugin:3.8.1:compile (default-compile) @ entando-k8s-keycloak-controller ---
[INFO] Nothing to compile - all classes are up to date
[INFO] 
[INFO] --- maven-resources-plugin:2.6:testResources (default-testResources) @ entando-k8s-keycloak-controller ---
[INFO] Using 'UTF-8' encoding to copy filtered resources.
[INFO] Copying 6 resources
[INFO] 
[INFO] --- maven-compiler-plugin:3.8.1:testCompile (default-testCompile) @ entando-k8s-keycloak-controller ---
[INFO] Nothing to compile - all classes are up to date
[INFO] 
[INFO] --- maven-surefire-plugin:3.0.0-M1:test (default-test) @ entando-k8s-keycloak-controller ---
[INFO] Tests are skipped.
[INFO] 
[INFO] --- maven-jar-plugin:3.2.0:jar (default-jar) @ entando-k8s-keycloak-controller ---
[INFO] 
[INFO] --- maven-jar-plugin:3.2.0:test-jar (build-test-jar) @ entando-k8s-keycloak-controller ---
[INFO] 
[INFO] --- maven-failsafe-plugin:3.0.0-M4:integration-test (run-tests) @ entando-k8s-keycloak-controller ---
[INFO] 
[INFO] -------------------------------------------------------
[INFO]  T E S T S
[INFO] -------------------------------------------------------
[INFO] Running org.entando.kubernetes.controller.keycloakserver.interprocesstests.AddEntandoKeycloakServerWithContainerizedDatabaseIT
Jan 14, 2021 4:41:58 PM org.entando.kubernetes.controller.integrationtest.support.DeletionWaiter lambda$deleteSingleItem$2
WARNING: Deleting pods  entando-k8s-keycloak-controller-kcpr21/pg-test
!!!!!!!On EntandoKeycloakServer add!!!!!!!!!
ADDED:PodStatus(conditions=[PodCondition(lastProbeTime=null, lastTransitionTime=2021-01-14T16:42:14Z, message=null, reason=null, status=True, type=PodScheduled, additionalProperties={})], containerStatuses=[], ephemeralContainerStatuses=[], hostIP=null, initContainerStatuses=[], message=null, nominatedNodeName=null, phase=Pending, podIP=null, podIPs=[], qosClass=Burstable, reason=null, startTime=null, additionalProperties={})
MODIFIED:PodStatus(conditions=[PodCondition(lastProbeTime=null, lastTransitionTime=2021-01-14T16:42:14Z, message=null, reason=null, status=True, type=Initialized, additionalProperties={}), PodCondition(lastProbeTime=null, lastTransitionTime=2021-01-14T16:42:14Z, message=containers with unready status: [db-container], reason=ContainersNotReady, status=False, type=Ready, additionalProperties={}), PodCondition(lastProbeTime=null, lastTransitionTime=null, message=containers with unready status: [db-container], reason=ContainersNotReady, status=False, type=ContainersReady, additionalProperties={}), PodCondition(lastProbeTime=null, lastTransitionTime=2021-01-14T16:42:14Z, message=null, reason=null, status=True, type=PodScheduled, additionalProperties={})], containerStatuses=[ContainerStatus(containerID=null, image=docker.io/entando/********ql-96-centos7:latest, imageID=, lastState=ContainerState(running=null, terminated=null, waiting=null, additionalProperties={}), name=db-container, ready=false, restartCount=0, started=null, state=ContainerState(running=null, terminated=null, waiting=ContainerStateWaiting(message=null, reason=ContainerCreating, additionalProperties={}), additionalProperties={}), additionalProperties={})], ephemeralContainerStatuses=[], hostIP=54.36.53.206, initContainerStatuses=[], message=null, nominatedNodeName=null, phase=Pending, podIP=null, podIPs=[], qosClass=Burstable, reason=null, startTime=2021-01-14T16:42:14Z, additionalProperties={})
MODIFIED:PodStatus(conditions=[PodCondition(lastProbeTime=null, lastTransitionTime=2021-01-14T16:42:14Z, message=null, reason=null, status=True, type=Initialized, additionalProperties={}), PodCondition(lastProbeTime=null, lastTransitionTime=2021-01-14T16:42:14Z, message=containers with unready status: [db-container], reason=ContainersNotReady, status=False, type=Ready, additionalProperties={}), PodCondition(lastProbeTime=null, lastTransitionTime=null, message=containers with unready status: [db-container], reason=ContainersNotReady, status=False, type=ContainersReady, additionalProperties={}), PodCondition(lastProbeTime=null, lastTransitionTime=2021-01-14T16:42:14Z, message=null, reason=null, status=True, type=PodScheduled, additionalProperties={})], containerStatuses=[ContainerStatus(containerID=docker://6a50b73a8f448024d383986bbba7197eb6626faf22f7d57318347fb827c77144, image=docker.io/entando/********ql-96-centos7:latest, imageID=docker-pullable://docker.io/entando/********ql-96-centos7@sha256:f574a3f9048a68c9e1e7277009bc1123f81bdbffd1e15f875d84bbb30ff7d62a, lastState=ContainerState(running=null, terminated=null, waiting=null, additionalProperties={}), name=db-container, ready=false, restartCount=0, started=null, state=ContainerState(running=ContainerStateRunning(startedAt=2021-01-14T16:42:30Z, additionalProperties={}), terminated=null, waiting=null, additionalProperties={}), additionalProperties={})], ephemeralContainerStatuses=[], hostIP=54.36.53.206, initContainerStatuses=[], message=null, nominatedNodeName=null, phase=Running, podIP=10.128.1.238, podIPs=[], qosClass=Burstable, reason=null, startTime=2021-01-14T16:42:14Z, additionalProperties={})
MODIFIED:PodStatus(conditions=[PodCondition(lastProbeTime=null, lastTransitionTime=2021-01-14T16:42:14Z, message=null, reason=null, status=True, type=Initialized, additionalProperties={}), PodCondition(lastProbeTime=null, lastTransitionTime=2021-01-14T16:42:51Z, message=null, reason=null, status=True, type=Ready, additionalProperties={}), PodCondition(lastProbeTime=null, lastTransitionTime=null, message=null, reason=null, status=True, type=ContainersReady, additionalProperties={}), PodCondition(lastProbeTime=null, lastTransitionTime=2021-01-14T16:42:14Z, message=null, reason=null, status=True, type=PodScheduled, additionalProperties={})], containerStatuses=[ContainerStatus(containerID=docker://6a50b73a8f448024d383986bbba7197eb6626faf22f7d57318347fb827c77144, image=docker.io/entando/********ql-96-centos7:latest, imageID=docker-pullable://docker.io/entando/********ql-96-centos7@sha256:f574a3f9048a68c9e1e7277009bc1123f81bdbffd1e15f875d84bbb30ff7d62a, lastState=ContainerState(running=null, terminated=null, waiting=null, additionalProperties={}), name=db-container, ready=****, restartCount=0, started=null, state=ContainerState(running=ContainerStateRunning(startedAt=2021-01-14T16:42:30Z, additionalProperties={}), terminated=null, waiting=null, additionalProperties={}), additionalProperties={})], ephemeralContainerStatuses=[], hostIP=54.36.53.206, initContainerStatuses=[], message=null, nominatedNodeName=null, phase=Running, podIP=10.128.1.238, podIPs=[], qosClass=Burstable, reason=null, startTime=2021-01-14T16:42:14Z, additionalProperties={})
Finished: test-keycloak-kcpr21-db-deployment-f4bd9f6c7-mnkh4
Jan 14, 2021 4:43:38 PM org.entando.kubernetes.controller.integrationtest.support.DeletionWaiter lambda$deleteSingleItem$2
WARNING: Deleting deployments  entando-k8s-keycloak-controller-kcpr21/test-keycloak-kcpr21-db-deployment to zero
Jan 14, 2021 4:43:38 PM org.entando.kubernetes.controller.integrationtest.support.DeletionWaiter lambda$deleteSingleItem$2
WARNING: Deleting deployments  entando-k8s-keycloak-controller-kcpr21/test-keycloak-kcpr21-db-deployment
Jan 14, 2021 4:43:38 PM org.entando.kubernetes.controller.integrationtest.support.DeletionWaiter lambda$deleteSingleItem$2
WARNING: Deleting deployments  entando-k8s-keycloak-controller-kcpr21/test-keycloak-kcpr21-server-deployment to zero
Jan 14, 2021 4:43:38 PM org.entando.kubernetes.controller.integrationtest.support.DeletionWaiter lambda$deleteSingleItem$2
WARNING: Deleting deployments  entando-k8s-keycloak-controller-kcpr21/test-keycloak-kcpr21-server-deployment
Jan 14, 2021 4:43:39 PM org.entando.kubernetes.controller.integrationtest.support.DeletionWaiter lambda$deleteSingleItem$2
WARNING: Deleting pods  entando-k8s-keycloak-controller-kcpr21/test-keycloak-kcpr21-db-deployment-f4bd9f6c7-mnkh4
Jan 14, 2021 4:43:39 PM org.entando.kubernetes.controller.integrationtest.support.DeletionWaiter lambda$deleteSingleItem$2
WARNING: Deleting pods  entando-k8s-keycloak-controller-kcpr21/test-keycloak-kcpr21-db-preparation-job-b36ba6aa-7
Jan 14, 2021 4:43:39 PM org.entando.kubernetes.controller.integrationtest.support.DeletionWaiter lambda$deleteSingleItem$2
WARNING: Deleting pods  entando-k8s-keycloak-controller-kcpr21/test-keycloak-kcpr21-deployer-yisytktant
Jan 14, 2021 4:43:39 PM org.entando.kubernetes.controller.integrationtest.support.DeletionWaiter lambda$deleteSingleItem$2
WARNING: Deleting pods  entando-k8s-keycloak-controller-kcpr21/test-keycloak-kcpr21-server-deployment-5b4c8f7877-92bnw
Jan 14, 2021 4:43:41 PM org.entando.kubernetes.controller.integrationtest.support.DeletionWaiter lambda$deleteSingleItem$2
WARNING: Deleting pods  entando-k8s-keycloak-controller-kcpr21/pg-test
!!!!!!!On EntandoKeycloakServer add!!!!!!!!!
ADDED:PodStatus(conditions=[PodCondition(lastProbeTime=null, lastTransitionTime=2021-01-14T16:43:52Z, message=null, reason=null, status=True, type=PodScheduled, additionalProperties={})], containerStatuses=[], ephemeralContainerStatuses=[], hostIP=null, initContainerStatuses=[], message=null, nominatedNodeName=null, phase=Pending, podIP=null, podIPs=[], qosClass=Burstable, reason=null, startTime=null, additionalProperties={})
MODIFIED:PodStatus(conditions=[PodCondition(lastProbeTime=null, lastTransitionTime=2021-01-14T16:43:52Z, message=null, reason=null, status=True, type=Initialized, additionalProperties={}), PodCondition(lastProbeTime=null, lastTransitionTime=2021-01-14T16:43:52Z, message=containers with unready status: [db-container], reason=ContainersNotReady, status=False, type=Ready, additionalProperties={}), PodCondition(lastProbeTime=null, lastTransitionTime=null, message=containers with unready status: [db-container], reason=ContainersNotReady, status=False, type=ContainersReady, additionalProperties={}), PodCondition(lastProbeTime=null, lastTransitionTime=2021-01-14T16:43:52Z, message=null, reason=null, status=True, type=PodScheduled, additionalProperties={})], containerStatuses=[ContainerStatus(containerID=null, image=docker.io/entando/********ql-96-centos7:latest, imageID=, lastState=ContainerState(running=null, terminated=null, waiting=null, additionalProperties={}), name=db-container, ready=false, restartCount=0, started=null, state=ContainerState(running=null, terminated=null, waiting=ContainerStateWaiting(message=null, reason=ContainerCreating, additionalProperties={}), additionalProperties={}), additionalProperties={})], ephemeralContainerStatuses=[], hostIP=54.36.53.206, initContainerStatuses=[], message=null, nominatedNodeName=null, phase=Pending, podIP=null, podIPs=[], qosClass=Burstable, reason=null, startTime=2021-01-14T16:43:52Z, additionalProperties={})
MODIFIED:PodStatus(conditions=[PodCondition(lastProbeTime=null, lastTransitionTime=2021-01-14T16:43:52Z, message=null, reason=null, status=True, type=Initialized, additionalProperties={}), PodCondition(lastProbeTime=null, lastTransitionTime=2021-01-14T16:43:52Z, message=containers with unready status: [db-container], reason=ContainersNotReady, status=False, type=Ready, additionalProperties={}), PodCondition(lastProbeTime=null, lastTransitionTime=null, message=containers with unready status: [db-container], reason=ContainersNotReady, status=False, type=ContainersReady, additionalProperties={}), PodCondition(lastProbeTime=null, lastTransitionTime=2021-01-14T16:43:52Z, message=null, reason=null, status=True, type=PodScheduled, additionalProperties={})], containerStatuses=[ContainerStatus(containerID=docker://0b99f7802690e95738e09aa69ce80d5fd59b9be83e33fa43da7e086eb464512c, image=docker.io/entando/********ql-96-centos7:latest, imageID=docker-pullable://docker.io/entando/********ql-96-centos7@sha256:f574a3f9048a68c9e1e7277009bc1123f81bdbffd1e15f875d84bbb30ff7d62a, lastState=ContainerState(running=null, terminated=null, waiting=null, additionalProperties={}), name=db-container, ready=false, restartCount=0, started=null, state=ContainerState(running=ContainerStateRunning(startedAt=2021-01-14T16:44:02Z, additionalProperties={}), terminated=null, waiting=null, additionalProperties={}), additionalProperties={})], ephemeralContainerStatuses=[], hostIP=54.36.53.206, initContainerStatuses=[], message=null, nominatedNodeName=null, phase=Running, podIP=10.128.1.246, podIPs=[], qosClass=Burstable, reason=null, startTime=2021-01-14T16:43:52Z, additionalProperties={})
MODIFIED:PodStatus(conditions=[PodCondition(lastProbeTime=null, lastTransitionTime=2021-01-14T16:43:52Z, message=null, reason=null, status=True, type=Initialized, additionalProperties={}), PodCondition(lastProbeTime=null, lastTransitionTime=2021-01-14T16:44:18Z, message=null, reason=null, status=True, type=Ready, additionalProperties={}), PodCondition(lastProbeTime=null, lastTransitionTime=null, message=null, reason=null, status=True, type=ContainersReady, additionalProperties={}), PodCondition(lastProbeTime=null, lastTransitionTime=2021-01-14T16:43:52Z, message=null, reason=null, status=True, type=PodScheduled, additionalProperties={})], containerStatuses=[ContainerStatus(containerID=docker://0b99f7802690e95738e09aa69ce80d5fd59b9be83e33fa43da7e086eb464512c, image=docker.io/entando/********ql-96-centos7:latest, imageID=docker-pullable://docker.io/entando/********ql-96-centos7@sha256:f574a3f9048a68c9e1e7277009bc1123f81bdbffd1e15f875d84bbb30ff7d62a, lastState=ContainerState(running=null, terminated=null, waiting=null, additionalProperties={}), name=db-container, ready=****, restartCount=0, started=null, state=ContainerState(running=ContainerStateRunning(startedAt=2021-01-14T16:44:02Z, additionalProperties={}), terminated=null, waiting=null, additionalProperties={}), additionalProperties={})], ephemeralContainerStatuses=[], hostIP=54.36.53.206, initContainerStatuses=[], message=null, nominatedNodeName=null, phase=Running, podIP=10.128.1.246, podIPs=[], qosClass=Burstable, reason=null, startTime=2021-01-14T16:43:52Z, additionalProperties={})
Finished: test-keycloak-kcpr21-db-deployment-f4bd9f6c7-khdf2
[ERROR] Tests run: 2, Failures: 0, Errors: 2, Skipped: 0, Time elapsed: 194.774 s <<< FAILURE! - in org.entando.kubernetes.controller.keycloakserver.interprocesstests.AddEntandoKeycloakServerWithContainerizedDatabaseIT
[ERROR] org.entando.kubernetes.controller.keycloakserver.interprocesstests.AddEntandoKeycloakServerWithContainerizedDatabaseIT.create(EntandoOperatorComplianceMode)[1]  Time elapsed: 100.709 s  <<< ERROR!
org.awaitility.core.ConditionTimeoutException: Condition with lambda expression in org.entando.kubernetes.controller.integrationtest.support.IntegrationTestHelperBase was not fulfilled within 45 seconds.
	at org.entando.kubernetes.controller.keycloakserver.interprocesstests.AddEntandoKeycloakServerWithContainerizedDatabaseIT.create(AddEntandoKeycloakServerWithContainerizedDatabaseIT.java:67)

[ERROR] org.entando.kubernetes.controller.keycloakserver.interprocesstests.AddEntandoKeycloakServerWithContainerizedDatabaseIT.create(EntandoOperatorComplianceMode)[2]  Time elapsed: 90.594 s  <<< ERROR!
org.awaitility.core.ConditionTimeoutException: Condition with lambda expression in org.entando.kubernetes.controller.integrationtest.support.IntegrationTestHelperBase was not fulfilled within 45 seconds.
	at org.entando.kubernetes.controller.keycloakserver.interprocesstests.AddEntandoKeycloakServerWithContainerizedDatabaseIT.create(AddEntandoKeycloakServerWithContainerizedDatabaseIT.java:67)

[INFO] 
[INFO] Results:
[INFO] 
[ERROR] Errors: 
[ERROR]   AddEntandoKeycloakServerWithContainerizedDatabaseIT.create:67 Â» ConditionTimeout
[ERROR]   AddEntandoKeycloakServerWithContainerizedDatabaseIT.create:67 Â» ConditionTimeout
[INFO] 
[ERROR] Tests run: 2, Failures: 0, Errors: 2, Skipped: 0
[INFO] 
[INFO] 
[INFO] --- maven-surefire-report-plugin:3.0.0-M4:failsafe-report-only (integration-tests) @ entando-k8s-keycloak-controller ---
[WARNING] Unable to locate Test Source XRef to link to - DISABLED
[INFO] 
[INFO] --- maven-surefire-report-plugin:3.0.0-M4:report-only (unit-tests) @ entando-k8s-keycloak-controller ---
[WARNING] Unable to locate Test Source XRef to link to - DISABLED
[INFO] 
[INFO] --- maven-failsafe-plugin:3.0.0-M4:verify (run-tests) @ entando-k8s-keycloak-controller ---
[ERROR] There are test failures.

Please refer to /workspace/source/target/failsafe-reports for the individual test results.
Please refer to dump files (if any exist) [date].dump, [date]-***Run[N].dump and [date].dumpstream.
[INFO] 
[INFO] --- maven-site-plugin:3.9.0:site (default-site) @ entando-k8s-keycloak-controller ---
[INFO] configuring report plugin org.apache.maven.plugins:maven-project-info-reports-plugin:3.0.0
[INFO] 9 reports configured for maven-project-info-reports-plugin:3.0.0: dependency-info, distribution-management, index, ci-management, issue-management, licenses, plugins, scm, summary
[INFO] Rendering site with default locale English (en)
[WARNING] Unable to find a URL to the parent project. The parent menu will NOT be added.
[INFO] Relativizing decoration links with respect to localized project URL: https://central.entando.com
[INFO] Rendering content with org.apache.maven.skins:maven-default-skin:jar:1.3 skin.
[INFO] Generating "Dependency Information" report --- maven-project-info-reports-plugin:3.0.0:dependency-info
[INFO] Generating "About" report         --- maven-project-info-reports-plugin:3.0.0:index
[INFO] Generating "Issue Management" report --- maven-project-info-reports-plugin:3.0.0:issue-management
[INFO] Generating "Licenses" report      --- maven-project-info-reports-plugin:3.0.0:licenses
[INFO] Generating "Plugins" report       --- maven-project-info-reports-plugin:3.0.0:plugins
[INFO] Generating "Source Code Management" report --- maven-project-info-reports-plugin:3.0.0:scm
[INFO] Generating "Summary" report       --- maven-project-info-reports-plugin:3.0.0:summary
[INFO] ------------------------------------------------------------------------
[INFO] BUILD SUCCESS
[INFO] ------------------------------------------------------------------------
[INFO] Total time:  03:25 min
[INFO] Finished at: 2021-01-14T16:45:13Z
[INFO] ------------------------------------------------------------------------
shallow cloning https://github.com/entando-k8s/devops-results.git branch gh-pages
ran git init in /tmp/jenkins-x-collect737315742
ran git add remote origin https://github.com/entando-k8s/devops-results.git in /tmp/jenkins-x-collect737315742
ran git fetch origin --depth=1 gh-pages in dir /tmp/jenkins-x-collect737315742
Publishing https://raw.githubusercontent.com/entando-k8s/devops-results/gh-pages/entando-k8s-keycloak-controller/PR-21/failsafe-report.html
stashed: https://raw.githubusercontent.com/entando-k8s/devops-results/gh-pages/entando-k8s-keycloak-controller/PR-21/failsafe-report.html
error: etcdserver: request is too large
Post-deployment tests failed for entando-k8s-keycloak-controller-PR-21.
  % Total    % Received % Xferd  Average Speed   Time    Time     Time  Current
                                 Dload  Upload   Total   Spent    Left  Speed
  0     0    0     0    0     0      0      0 --:--:-- --:--:-- --:--:--     0 11  1886    0     0  100   225      0    237 --:--:-- --:--:-- --:--:--   237100  1886  100  1661  100   225   1754    237 --:--:-- --:--:-- --:--:--  1753
{
  "url": "https://api.github.com/repos/entando-k8s/entando-k8s-keycloak-controller/statuses/600e493bdb1c4644a285a627fcbf1c5f1b8f7516",
  "avatar_url": "https://avatars2.githubusercontent.com/u/57885396?v=4",
  "id": 11860290033,
  "node_id": "MDEzOlN0YXR1c0NvbnRleHQxMTg2MDI5MDAzMw==",
  "state": "failure",
  "description": "Post-deployment tests failure!",
  "target_url": "https://entando-k8s.github.io/devops-results/entando-k8s-keycloak-controller/PR-21/failsafe-report.html",
  "context": "Post-deployment tests",
  "created_at": "2021-01-14T16:46:10Z",
  "updated_at": "2021-01-14T16:46:10Z",
  "creator": {
    "login": "entando-**",
    "id": 57885396,
    "node_id": "MDQ6VXNlcjU3ODg1Mzk2",
    "avatar_url": "https://avatars2.githubusercontent.com/u/57885396?v=4",
    "gravatar_id": "",
    "url": "https://api.github.com/users/entando-**",
    "html_url": "https://github.com/entando-**",
    "followers_url": "https://api.github.com/users/entando-**/followers",
    "following_url": "https://api.github.com/users/entando-**/following{/other_user}",
    "gists_url": "https://api.github.com/users/**********/gists{/gist_id}",
    "starred_url": "https://api.github.com/users/entando-**/starred{/owner}{/repo}",
    "subscriptions_url": "https://api.github.com/users/entando-**/subscriptions",
    "organizations_url": "https://api.github.com/users/entando-**/orgs",
    "repos_url": "https://api.github.com/users/entando-**/repos",
    "events_url": "https://api.github.com/users/entando-**/events{/privacy}",
    "received_events_url": "https://api.github.com/users/entando-**/received_events",
    "type": "User",
    "site_*****": false
  }
}
[31m
Pipeline failed on stage 'from-build-pack' : container 'step-promote-run-post-deployment-tests'. The execution of the pipeline has stopped.[0m
